[2024-02-03T23:09:32.837+0000] {processor.py:161} INFO - Started process (PID=46) to work on /home/airflow/.local/lib/python3.8/site-packages/airflow/example_dags/example_skip_dag.py
[2024-02-03T23:09:32.843+0000] {processor.py:830} INFO - Processing file /home/airflow/.local/lib/python3.8/site-packages/airflow/example_dags/example_skip_dag.py for tasks to queue
[2024-02-03T23:09:32.854+0000] {logging_mixin.py:188} INFO - [2024-02-03T23:09:32.853+0000] {dagbag.py:538} INFO - Filling up the DagBag from /home/airflow/.local/lib/python3.8/site-packages/airflow/example_dags/example_skip_dag.py
[2024-02-03T23:09:32.906+0000] {processor.py:840} INFO - DAG(s) 'example_skip_dag' retrieved from /home/airflow/.local/lib/python3.8/site-packages/airflow/example_dags/example_skip_dag.py
[2024-02-03T23:09:33.504+0000] {logging_mixin.py:188} INFO - [2024-02-03T23:09:33.504+0000] {dag.py:3036} INFO - Sync 1 DAGs
[2024-02-03T23:09:33.614+0000] {logging_mixin.py:188} INFO - [2024-02-03T23:09:33.614+0000] {dag.py:3823} INFO - Setting next_dagrun for example_skip_dag to 2024-02-02 00:00:00+00:00, run_after=2024-02-03 00:00:00+00:00
[2024-02-03T23:09:33.705+0000] {processor.py:183} INFO - Processing /home/airflow/.local/lib/python3.8/site-packages/airflow/example_dags/example_skip_dag.py took 0.886 seconds
[2024-02-03T23:10:04.541+0000] {processor.py:161} INFO - Started process (PID=101) to work on /home/airflow/.local/lib/python3.8/site-packages/airflow/example_dags/example_skip_dag.py
[2024-02-03T23:10:04.548+0000] {processor.py:830} INFO - Processing file /home/airflow/.local/lib/python3.8/site-packages/airflow/example_dags/example_skip_dag.py for tasks to queue
[2024-02-03T23:10:04.563+0000] {logging_mixin.py:188} INFO - [2024-02-03T23:10:04.553+0000] {dagbag.py:538} INFO - Filling up the DagBag from /home/airflow/.local/lib/python3.8/site-packages/airflow/example_dags/example_skip_dag.py
[2024-02-03T23:10:04.591+0000] {processor.py:840} INFO - DAG(s) 'example_skip_dag' retrieved from /home/airflow/.local/lib/python3.8/site-packages/airflow/example_dags/example_skip_dag.py
[2024-02-03T23:10:04.635+0000] {logging_mixin.py:188} INFO - [2024-02-03T23:10:04.634+0000] {dag.py:3036} INFO - Sync 1 DAGs
[2024-02-03T23:10:04.675+0000] {logging_mixin.py:188} INFO - [2024-02-03T23:10:04.675+0000] {dag.py:3823} INFO - Setting next_dagrun for example_skip_dag to 2024-02-02 00:00:00+00:00, run_after=2024-02-03 00:00:00+00:00
[2024-02-03T23:10:04.710+0000] {processor.py:183} INFO - Processing /home/airflow/.local/lib/python3.8/site-packages/airflow/example_dags/example_skip_dag.py took 0.180 seconds
[2024-02-03T23:10:34.982+0000] {processor.py:161} INFO - Started process (PID=156) to work on /home/airflow/.local/lib/python3.8/site-packages/airflow/example_dags/example_skip_dag.py
[2024-02-03T23:10:34.986+0000] {processor.py:830} INFO - Processing file /home/airflow/.local/lib/python3.8/site-packages/airflow/example_dags/example_skip_dag.py for tasks to queue
[2024-02-03T23:10:34.994+0000] {logging_mixin.py:188} INFO - [2024-02-03T23:10:34.993+0000] {dagbag.py:538} INFO - Filling up the DagBag from /home/airflow/.local/lib/python3.8/site-packages/airflow/example_dags/example_skip_dag.py
[2024-02-03T23:10:35.013+0000] {processor.py:840} INFO - DAG(s) 'example_skip_dag' retrieved from /home/airflow/.local/lib/python3.8/site-packages/airflow/example_dags/example_skip_dag.py
[2024-02-03T23:10:35.063+0000] {logging_mixin.py:188} INFO - [2024-02-03T23:10:35.063+0000] {dag.py:3036} INFO - Sync 1 DAGs
[2024-02-03T23:10:35.113+0000] {logging_mixin.py:188} INFO - [2024-02-03T23:10:35.113+0000] {dag.py:3823} INFO - Setting next_dagrun for example_skip_dag to 2024-02-02 00:00:00+00:00, run_after=2024-02-03 00:00:00+00:00
[2024-02-03T23:10:35.161+0000] {processor.py:183} INFO - Processing /home/airflow/.local/lib/python3.8/site-packages/airflow/example_dags/example_skip_dag.py took 0.187 seconds
[2024-02-03T23:11:05.663+0000] {processor.py:161} INFO - Started process (PID=210) to work on /home/airflow/.local/lib/python3.8/site-packages/airflow/example_dags/example_skip_dag.py
[2024-02-03T23:11:05.669+0000] {processor.py:830} INFO - Processing file /home/airflow/.local/lib/python3.8/site-packages/airflow/example_dags/example_skip_dag.py for tasks to queue
[2024-02-03T23:11:05.676+0000] {logging_mixin.py:188} INFO - [2024-02-03T23:11:05.676+0000] {dagbag.py:538} INFO - Filling up the DagBag from /home/airflow/.local/lib/python3.8/site-packages/airflow/example_dags/example_skip_dag.py
[2024-02-03T23:11:05.695+0000] {processor.py:840} INFO - DAG(s) 'example_skip_dag' retrieved from /home/airflow/.local/lib/python3.8/site-packages/airflow/example_dags/example_skip_dag.py
[2024-02-03T23:11:05.735+0000] {logging_mixin.py:188} INFO - [2024-02-03T23:11:05.735+0000] {dag.py:3036} INFO - Sync 1 DAGs
[2024-02-03T23:11:05.790+0000] {logging_mixin.py:188} INFO - [2024-02-03T23:11:05.790+0000] {dag.py:3823} INFO - Setting next_dagrun for example_skip_dag to 2024-02-02 00:00:00+00:00, run_after=2024-02-03 00:00:00+00:00
[2024-02-03T23:11:05.848+0000] {processor.py:183} INFO - Processing /home/airflow/.local/lib/python3.8/site-packages/airflow/example_dags/example_skip_dag.py took 0.194 seconds
[2024-02-03T23:11:36.571+0000] {processor.py:161} INFO - Started process (PID=265) to work on /home/airflow/.local/lib/python3.8/site-packages/airflow/example_dags/example_skip_dag.py
[2024-02-03T23:11:36.582+0000] {processor.py:830} INFO - Processing file /home/airflow/.local/lib/python3.8/site-packages/airflow/example_dags/example_skip_dag.py for tasks to queue
[2024-02-03T23:11:36.604+0000] {logging_mixin.py:188} INFO - [2024-02-03T23:11:36.603+0000] {dagbag.py:538} INFO - Filling up the DagBag from /home/airflow/.local/lib/python3.8/site-packages/airflow/example_dags/example_skip_dag.py
[2024-02-03T23:11:36.657+0000] {processor.py:840} INFO - DAG(s) 'example_skip_dag' retrieved from /home/airflow/.local/lib/python3.8/site-packages/airflow/example_dags/example_skip_dag.py
[2024-02-03T23:11:36.786+0000] {logging_mixin.py:188} INFO - [2024-02-03T23:11:36.786+0000] {dag.py:3036} INFO - Sync 1 DAGs
[2024-02-03T23:11:36.906+0000] {logging_mixin.py:188} INFO - [2024-02-03T23:11:36.905+0000] {dag.py:3823} INFO - Setting next_dagrun for example_skip_dag to 2024-02-02 00:00:00+00:00, run_after=2024-02-03 00:00:00+00:00
[2024-02-03T23:11:37.029+0000] {processor.py:183} INFO - Processing /home/airflow/.local/lib/python3.8/site-packages/airflow/example_dags/example_skip_dag.py took 0.485 seconds
[2024-02-03T23:12:07.966+0000] {processor.py:161} INFO - Started process (PID=319) to work on /home/airflow/.local/lib/python3.8/site-packages/airflow/example_dags/example_skip_dag.py
[2024-02-03T23:12:07.993+0000] {processor.py:830} INFO - Processing file /home/airflow/.local/lib/python3.8/site-packages/airflow/example_dags/example_skip_dag.py for tasks to queue
[2024-02-03T23:12:08.002+0000] {logging_mixin.py:188} INFO - [2024-02-03T23:12:08.001+0000] {dagbag.py:538} INFO - Filling up the DagBag from /home/airflow/.local/lib/python3.8/site-packages/airflow/example_dags/example_skip_dag.py
[2024-02-03T23:12:08.070+0000] {processor.py:840} INFO - DAG(s) 'example_skip_dag' retrieved from /home/airflow/.local/lib/python3.8/site-packages/airflow/example_dags/example_skip_dag.py
[2024-02-03T23:12:08.160+0000] {logging_mixin.py:188} INFO - [2024-02-03T23:12:08.151+0000] {dag.py:3036} INFO - Sync 1 DAGs
[2024-02-03T23:12:08.271+0000] {logging_mixin.py:188} INFO - [2024-02-03T23:12:08.271+0000] {dag.py:3823} INFO - Setting next_dagrun for example_skip_dag to 2024-02-02 00:00:00+00:00, run_after=2024-02-03 00:00:00+00:00
[2024-02-03T23:12:08.817+0000] {processor.py:183} INFO - Processing /home/airflow/.local/lib/python3.8/site-packages/airflow/example_dags/example_skip_dag.py took 0.881 seconds
[2024-02-03T23:12:39.639+0000] {processor.py:161} INFO - Started process (PID=374) to work on /home/airflow/.local/lib/python3.8/site-packages/airflow/example_dags/example_skip_dag.py
[2024-02-03T23:12:39.642+0000] {processor.py:830} INFO - Processing file /home/airflow/.local/lib/python3.8/site-packages/airflow/example_dags/example_skip_dag.py for tasks to queue
[2024-02-03T23:12:39.648+0000] {logging_mixin.py:188} INFO - [2024-02-03T23:12:39.647+0000] {dagbag.py:538} INFO - Filling up the DagBag from /home/airflow/.local/lib/python3.8/site-packages/airflow/example_dags/example_skip_dag.py
[2024-02-03T23:12:39.669+0000] {processor.py:840} INFO - DAG(s) 'example_skip_dag' retrieved from /home/airflow/.local/lib/python3.8/site-packages/airflow/example_dags/example_skip_dag.py
[2024-02-03T23:12:39.724+0000] {logging_mixin.py:188} INFO - [2024-02-03T23:12:39.724+0000] {dag.py:3036} INFO - Sync 1 DAGs
[2024-02-03T23:12:39.794+0000] {logging_mixin.py:188} INFO - [2024-02-03T23:12:39.793+0000] {dag.py:3823} INFO - Setting next_dagrun for example_skip_dag to 2024-02-02 00:00:00+00:00, run_after=2024-02-03 00:00:00+00:00
[2024-02-03T23:12:39.835+0000] {processor.py:183} INFO - Processing /home/airflow/.local/lib/python3.8/site-packages/airflow/example_dags/example_skip_dag.py took 0.202 seconds
[2024-02-03T23:13:10.671+0000] {processor.py:161} INFO - Started process (PID=436) to work on /home/airflow/.local/lib/python3.8/site-packages/airflow/example_dags/example_skip_dag.py
[2024-02-03T23:13:10.675+0000] {processor.py:830} INFO - Processing file /home/airflow/.local/lib/python3.8/site-packages/airflow/example_dags/example_skip_dag.py for tasks to queue
[2024-02-03T23:13:10.686+0000] {logging_mixin.py:188} INFO - [2024-02-03T23:13:10.682+0000] {dagbag.py:538} INFO - Filling up the DagBag from /home/airflow/.local/lib/python3.8/site-packages/airflow/example_dags/example_skip_dag.py
[2024-02-03T23:13:10.709+0000] {processor.py:840} INFO - DAG(s) 'example_skip_dag' retrieved from /home/airflow/.local/lib/python3.8/site-packages/airflow/example_dags/example_skip_dag.py
[2024-02-03T23:13:10.756+0000] {logging_mixin.py:188} INFO - [2024-02-03T23:13:10.756+0000] {dag.py:3036} INFO - Sync 1 DAGs
[2024-02-03T23:13:10.895+0000] {logging_mixin.py:188} INFO - [2024-02-03T23:13:10.895+0000] {dag.py:3823} INFO - Setting next_dagrun for example_skip_dag to 2024-02-02 00:00:00+00:00, run_after=2024-02-03 00:00:00+00:00
[2024-02-03T23:13:11.029+0000] {processor.py:183} INFO - Processing /home/airflow/.local/lib/python3.8/site-packages/airflow/example_dags/example_skip_dag.py took 0.368 seconds
[2024-02-03T23:13:41.416+0000] {processor.py:161} INFO - Started process (PID=491) to work on /home/airflow/.local/lib/python3.8/site-packages/airflow/example_dags/example_skip_dag.py
[2024-02-03T23:13:41.421+0000] {processor.py:830} INFO - Processing file /home/airflow/.local/lib/python3.8/site-packages/airflow/example_dags/example_skip_dag.py for tasks to queue
[2024-02-03T23:13:41.427+0000] {logging_mixin.py:188} INFO - [2024-02-03T23:13:41.425+0000] {dagbag.py:538} INFO - Filling up the DagBag from /home/airflow/.local/lib/python3.8/site-packages/airflow/example_dags/example_skip_dag.py
[2024-02-03T23:13:41.453+0000] {processor.py:840} INFO - DAG(s) 'example_skip_dag' retrieved from /home/airflow/.local/lib/python3.8/site-packages/airflow/example_dags/example_skip_dag.py
[2024-02-03T23:13:41.524+0000] {logging_mixin.py:188} INFO - [2024-02-03T23:13:41.524+0000] {dag.py:3036} INFO - Sync 1 DAGs
[2024-02-03T23:13:41.563+0000] {logging_mixin.py:188} INFO - [2024-02-03T23:13:41.562+0000] {dag.py:3823} INFO - Setting next_dagrun for example_skip_dag to 2024-02-02 00:00:00+00:00, run_after=2024-02-03 00:00:00+00:00
[2024-02-03T23:13:41.599+0000] {processor.py:183} INFO - Processing /home/airflow/.local/lib/python3.8/site-packages/airflow/example_dags/example_skip_dag.py took 0.223 seconds
[2024-02-03T23:14:11.764+0000] {processor.py:161} INFO - Started process (PID=546) to work on /home/airflow/.local/lib/python3.8/site-packages/airflow/example_dags/example_skip_dag.py
[2024-02-03T23:14:11.769+0000] {processor.py:830} INFO - Processing file /home/airflow/.local/lib/python3.8/site-packages/airflow/example_dags/example_skip_dag.py for tasks to queue
[2024-02-03T23:14:11.775+0000] {logging_mixin.py:188} INFO - [2024-02-03T23:14:11.774+0000] {dagbag.py:538} INFO - Filling up the DagBag from /home/airflow/.local/lib/python3.8/site-packages/airflow/example_dags/example_skip_dag.py
[2024-02-03T23:14:11.793+0000] {processor.py:840} INFO - DAG(s) 'example_skip_dag' retrieved from /home/airflow/.local/lib/python3.8/site-packages/airflow/example_dags/example_skip_dag.py
[2024-02-03T23:14:11.836+0000] {logging_mixin.py:188} INFO - [2024-02-03T23:14:11.836+0000] {dag.py:3036} INFO - Sync 1 DAGs
[2024-02-03T23:14:11.884+0000] {logging_mixin.py:188} INFO - [2024-02-03T23:14:11.883+0000] {dag.py:3823} INFO - Setting next_dagrun for example_skip_dag to 2024-02-02 00:00:00+00:00, run_after=2024-02-03 00:00:00+00:00
[2024-02-03T23:14:11.943+0000] {processor.py:183} INFO - Processing /home/airflow/.local/lib/python3.8/site-packages/airflow/example_dags/example_skip_dag.py took 0.186 seconds
[2024-02-03T23:14:42.287+0000] {processor.py:161} INFO - Started process (PID=601) to work on /home/airflow/.local/lib/python3.8/site-packages/airflow/example_dags/example_skip_dag.py
[2024-02-03T23:14:42.313+0000] {processor.py:830} INFO - Processing file /home/airflow/.local/lib/python3.8/site-packages/airflow/example_dags/example_skip_dag.py for tasks to queue
[2024-02-03T23:14:42.408+0000] {logging_mixin.py:188} INFO - [2024-02-03T23:14:42.404+0000] {dagbag.py:538} INFO - Filling up the DagBag from /home/airflow/.local/lib/python3.8/site-packages/airflow/example_dags/example_skip_dag.py
[2024-02-03T23:14:42.460+0000] {processor.py:840} INFO - DAG(s) 'example_skip_dag' retrieved from /home/airflow/.local/lib/python3.8/site-packages/airflow/example_dags/example_skip_dag.py
[2024-02-03T23:14:42.695+0000] {logging_mixin.py:188} INFO - [2024-02-03T23:14:42.695+0000] {dag.py:3036} INFO - Sync 1 DAGs
[2024-02-03T23:14:42.788+0000] {logging_mixin.py:188} INFO - [2024-02-03T23:14:42.787+0000] {dag.py:3823} INFO - Setting next_dagrun for example_skip_dag to 2024-02-02 00:00:00+00:00, run_after=2024-02-03 00:00:00+00:00
[2024-02-03T23:14:42.872+0000] {processor.py:183} INFO - Processing /home/airflow/.local/lib/python3.8/site-packages/airflow/example_dags/example_skip_dag.py took 0.625 seconds
[2024-02-03T23:15:13.158+0000] {processor.py:161} INFO - Started process (PID=656) to work on /home/airflow/.local/lib/python3.8/site-packages/airflow/example_dags/example_skip_dag.py
[2024-02-03T23:15:13.168+0000] {processor.py:830} INFO - Processing file /home/airflow/.local/lib/python3.8/site-packages/airflow/example_dags/example_skip_dag.py for tasks to queue
[2024-02-03T23:15:13.174+0000] {logging_mixin.py:188} INFO - [2024-02-03T23:15:13.173+0000] {dagbag.py:538} INFO - Filling up the DagBag from /home/airflow/.local/lib/python3.8/site-packages/airflow/example_dags/example_skip_dag.py
[2024-02-03T23:15:13.193+0000] {processor.py:840} INFO - DAG(s) 'example_skip_dag' retrieved from /home/airflow/.local/lib/python3.8/site-packages/airflow/example_dags/example_skip_dag.py
[2024-02-03T23:15:13.277+0000] {logging_mixin.py:188} INFO - [2024-02-03T23:15:13.276+0000] {dag.py:3036} INFO - Sync 1 DAGs
[2024-02-03T23:15:13.378+0000] {logging_mixin.py:188} INFO - [2024-02-03T23:15:13.378+0000] {dag.py:3823} INFO - Setting next_dagrun for example_skip_dag to 2024-02-02 00:00:00+00:00, run_after=2024-02-03 00:00:00+00:00
[2024-02-03T23:15:13.485+0000] {processor.py:183} INFO - Processing /home/airflow/.local/lib/python3.8/site-packages/airflow/example_dags/example_skip_dag.py took 0.345 seconds
[2024-02-03T23:15:44.178+0000] {processor.py:161} INFO - Started process (PID=711) to work on /home/airflow/.local/lib/python3.8/site-packages/airflow/example_dags/example_skip_dag.py
[2024-02-03T23:15:44.185+0000] {processor.py:830} INFO - Processing file /home/airflow/.local/lib/python3.8/site-packages/airflow/example_dags/example_skip_dag.py for tasks to queue
[2024-02-03T23:15:44.201+0000] {logging_mixin.py:188} INFO - [2024-02-03T23:15:44.199+0000] {dagbag.py:538} INFO - Filling up the DagBag from /home/airflow/.local/lib/python3.8/site-packages/airflow/example_dags/example_skip_dag.py
[2024-02-03T23:15:44.221+0000] {processor.py:840} INFO - DAG(s) 'example_skip_dag' retrieved from /home/airflow/.local/lib/python3.8/site-packages/airflow/example_dags/example_skip_dag.py
[2024-02-03T23:15:44.295+0000] {logging_mixin.py:188} INFO - [2024-02-03T23:15:44.295+0000] {dag.py:3036} INFO - Sync 1 DAGs
[2024-02-03T23:15:44.369+0000] {logging_mixin.py:188} INFO - [2024-02-03T23:15:44.369+0000] {dag.py:3823} INFO - Setting next_dagrun for example_skip_dag to 2024-02-02 00:00:00+00:00, run_after=2024-02-03 00:00:00+00:00
[2024-02-03T23:15:44.435+0000] {processor.py:183} INFO - Processing /home/airflow/.local/lib/python3.8/site-packages/airflow/example_dags/example_skip_dag.py took 0.267 seconds
[2024-02-03T23:16:14.787+0000] {processor.py:161} INFO - Started process (PID=766) to work on /home/airflow/.local/lib/python3.8/site-packages/airflow/example_dags/example_skip_dag.py
[2024-02-03T23:16:14.791+0000] {processor.py:830} INFO - Processing file /home/airflow/.local/lib/python3.8/site-packages/airflow/example_dags/example_skip_dag.py for tasks to queue
[2024-02-03T23:16:14.799+0000] {logging_mixin.py:188} INFO - [2024-02-03T23:16:14.798+0000] {dagbag.py:538} INFO - Filling up the DagBag from /home/airflow/.local/lib/python3.8/site-packages/airflow/example_dags/example_skip_dag.py
[2024-02-03T23:16:14.820+0000] {processor.py:840} INFO - DAG(s) 'example_skip_dag' retrieved from /home/airflow/.local/lib/python3.8/site-packages/airflow/example_dags/example_skip_dag.py
[2024-02-03T23:16:14.868+0000] {logging_mixin.py:188} INFO - [2024-02-03T23:16:14.868+0000] {dag.py:3036} INFO - Sync 1 DAGs
[2024-02-03T23:16:14.915+0000] {logging_mixin.py:188} INFO - [2024-02-03T23:16:14.915+0000] {dag.py:3823} INFO - Setting next_dagrun for example_skip_dag to 2024-02-02 00:00:00+00:00, run_after=2024-02-03 00:00:00+00:00
[2024-02-03T23:16:14.963+0000] {processor.py:183} INFO - Processing /home/airflow/.local/lib/python3.8/site-packages/airflow/example_dags/example_skip_dag.py took 0.186 seconds
[2024-02-03T23:16:45.864+0000] {processor.py:161} INFO - Started process (PID=821) to work on /home/airflow/.local/lib/python3.8/site-packages/airflow/example_dags/example_skip_dag.py
[2024-02-03T23:16:45.870+0000] {processor.py:830} INFO - Processing file /home/airflow/.local/lib/python3.8/site-packages/airflow/example_dags/example_skip_dag.py for tasks to queue
[2024-02-03T23:16:45.878+0000] {logging_mixin.py:188} INFO - [2024-02-03T23:16:45.877+0000] {dagbag.py:538} INFO - Filling up the DagBag from /home/airflow/.local/lib/python3.8/site-packages/airflow/example_dags/example_skip_dag.py
[2024-02-03T23:16:45.925+0000] {processor.py:840} INFO - DAG(s) 'example_skip_dag' retrieved from /home/airflow/.local/lib/python3.8/site-packages/airflow/example_dags/example_skip_dag.py
[2024-02-03T23:16:45.967+0000] {logging_mixin.py:188} INFO - [2024-02-03T23:16:45.967+0000] {dag.py:3036} INFO - Sync 1 DAGs
[2024-02-03T23:16:46.006+0000] {logging_mixin.py:188} INFO - [2024-02-03T23:16:46.006+0000] {dag.py:3823} INFO - Setting next_dagrun for example_skip_dag to 2024-02-02 00:00:00+00:00, run_after=2024-02-03 00:00:00+00:00
[2024-02-03T23:16:46.039+0000] {processor.py:183} INFO - Processing /home/airflow/.local/lib/python3.8/site-packages/airflow/example_dags/example_skip_dag.py took 0.182 seconds
[2024-02-03T23:17:16.938+0000] {processor.py:161} INFO - Started process (PID=877) to work on /home/airflow/.local/lib/python3.8/site-packages/airflow/example_dags/example_skip_dag.py
[2024-02-03T23:17:16.950+0000] {processor.py:830} INFO - Processing file /home/airflow/.local/lib/python3.8/site-packages/airflow/example_dags/example_skip_dag.py for tasks to queue
[2024-02-03T23:17:16.973+0000] {logging_mixin.py:188} INFO - [2024-02-03T23:17:16.973+0000] {dagbag.py:538} INFO - Filling up the DagBag from /home/airflow/.local/lib/python3.8/site-packages/airflow/example_dags/example_skip_dag.py
[2024-02-03T23:17:17.114+0000] {processor.py:840} INFO - DAG(s) 'example_skip_dag' retrieved from /home/airflow/.local/lib/python3.8/site-packages/airflow/example_dags/example_skip_dag.py
[2024-02-03T23:17:17.356+0000] {logging_mixin.py:188} INFO - [2024-02-03T23:17:17.356+0000] {dag.py:3036} INFO - Sync 1 DAGs
[2024-02-03T23:17:17.494+0000] {logging_mixin.py:188} INFO - [2024-02-03T23:17:17.494+0000] {dag.py:3823} INFO - Setting next_dagrun for example_skip_dag to 2024-02-02 00:00:00+00:00, run_after=2024-02-03 00:00:00+00:00
[2024-02-03T23:17:17.559+0000] {processor.py:183} INFO - Processing /home/airflow/.local/lib/python3.8/site-packages/airflow/example_dags/example_skip_dag.py took 0.642 seconds
