[2024-02-03T23:09:43.025+0000] {processor.py:161} INFO - Started process (PID=72) to work on /home/airflow/.local/lib/python3.8/site-packages/airflow/example_dags/example_task_group_decorator.py
[2024-02-03T23:09:43.032+0000] {processor.py:830} INFO - Processing file /home/airflow/.local/lib/python3.8/site-packages/airflow/example_dags/example_task_group_decorator.py for tasks to queue
[2024-02-03T23:09:43.041+0000] {logging_mixin.py:188} INFO - [2024-02-03T23:09:43.039+0000] {dagbag.py:538} INFO - Filling up the DagBag from /home/airflow/.local/lib/python3.8/site-packages/airflow/example_dags/example_task_group_decorator.py
[2024-02-03T23:09:43.141+0000] {processor.py:840} INFO - DAG(s) 'example_task_group_decorator' retrieved from /home/airflow/.local/lib/python3.8/site-packages/airflow/example_dags/example_task_group_decorator.py
[2024-02-03T23:09:43.528+0000] {logging_mixin.py:188} INFO - [2024-02-03T23:09:43.528+0000] {dag.py:3036} INFO - Sync 1 DAGs
[2024-02-03T23:09:43.574+0000] {logging_mixin.py:188} INFO - [2024-02-03T23:09:43.574+0000] {dag.py:3823} INFO - Setting next_dagrun for example_task_group_decorator to 2024-02-02 00:00:00+00:00, run_after=2024-02-03 00:00:00+00:00
[2024-02-03T23:09:43.640+0000] {processor.py:183} INFO - Processing /home/airflow/.local/lib/python3.8/site-packages/airflow/example_dags/example_task_group_decorator.py took 0.625 seconds
[2024-02-03T23:10:13.928+0000] {processor.py:161} INFO - Started process (PID=127) to work on /home/airflow/.local/lib/python3.8/site-packages/airflow/example_dags/example_task_group_decorator.py
[2024-02-03T23:10:13.932+0000] {processor.py:830} INFO - Processing file /home/airflow/.local/lib/python3.8/site-packages/airflow/example_dags/example_task_group_decorator.py for tasks to queue
[2024-02-03T23:10:13.938+0000] {logging_mixin.py:188} INFO - [2024-02-03T23:10:13.937+0000] {dagbag.py:538} INFO - Filling up the DagBag from /home/airflow/.local/lib/python3.8/site-packages/airflow/example_dags/example_task_group_decorator.py
[2024-02-03T23:10:13.960+0000] {processor.py:840} INFO - DAG(s) 'example_task_group_decorator' retrieved from /home/airflow/.local/lib/python3.8/site-packages/airflow/example_dags/example_task_group_decorator.py
[2024-02-03T23:10:13.999+0000] {logging_mixin.py:188} INFO - [2024-02-03T23:10:13.998+0000] {dag.py:3036} INFO - Sync 1 DAGs
[2024-02-03T23:10:14.030+0000] {logging_mixin.py:188} INFO - [2024-02-03T23:10:14.029+0000] {dag.py:3823} INFO - Setting next_dagrun for example_task_group_decorator to 2024-02-02 00:00:00+00:00, run_after=2024-02-03 00:00:00+00:00
[2024-02-03T23:10:14.057+0000] {processor.py:183} INFO - Processing /home/airflow/.local/lib/python3.8/site-packages/airflow/example_dags/example_task_group_decorator.py took 0.138 seconds
[2024-02-03T23:10:44.236+0000] {processor.py:161} INFO - Started process (PID=181) to work on /home/airflow/.local/lib/python3.8/site-packages/airflow/example_dags/example_task_group_decorator.py
[2024-02-03T23:10:44.239+0000] {processor.py:830} INFO - Processing file /home/airflow/.local/lib/python3.8/site-packages/airflow/example_dags/example_task_group_decorator.py for tasks to queue
[2024-02-03T23:10:44.243+0000] {logging_mixin.py:188} INFO - [2024-02-03T23:10:44.243+0000] {dagbag.py:538} INFO - Filling up the DagBag from /home/airflow/.local/lib/python3.8/site-packages/airflow/example_dags/example_task_group_decorator.py
[2024-02-03T23:10:44.265+0000] {processor.py:840} INFO - DAG(s) 'example_task_group_decorator' retrieved from /home/airflow/.local/lib/python3.8/site-packages/airflow/example_dags/example_task_group_decorator.py
[2024-02-03T23:10:44.302+0000] {logging_mixin.py:188} INFO - [2024-02-03T23:10:44.301+0000] {dag.py:3036} INFO - Sync 1 DAGs
[2024-02-03T23:10:44.334+0000] {logging_mixin.py:188} INFO - [2024-02-03T23:10:44.333+0000] {dag.py:3823} INFO - Setting next_dagrun for example_task_group_decorator to 2024-02-02 00:00:00+00:00, run_after=2024-02-03 00:00:00+00:00
[2024-02-03T23:10:44.363+0000] {processor.py:183} INFO - Processing /home/airflow/.local/lib/python3.8/site-packages/airflow/example_dags/example_task_group_decorator.py took 0.132 seconds
[2024-02-03T23:11:16.913+0000] {processor.py:161} INFO - Started process (PID=236) to work on /home/airflow/.local/lib/python3.8/site-packages/airflow/example_dags/example_task_group_decorator.py
[2024-02-03T23:11:16.923+0000] {processor.py:830} INFO - Processing file /home/airflow/.local/lib/python3.8/site-packages/airflow/example_dags/example_task_group_decorator.py for tasks to queue
[2024-02-03T23:11:16.937+0000] {logging_mixin.py:188} INFO - [2024-02-03T23:11:16.935+0000] {dagbag.py:538} INFO - Filling up the DagBag from /home/airflow/.local/lib/python3.8/site-packages/airflow/example_dags/example_task_group_decorator.py
[2024-02-03T23:11:16.989+0000] {processor.py:840} INFO - DAG(s) 'example_task_group_decorator' retrieved from /home/airflow/.local/lib/python3.8/site-packages/airflow/example_dags/example_task_group_decorator.py
[2024-02-03T23:11:17.055+0000] {logging_mixin.py:188} INFO - [2024-02-03T23:11:17.055+0000] {dag.py:3036} INFO - Sync 1 DAGs
[2024-02-03T23:11:17.113+0000] {logging_mixin.py:188} INFO - [2024-02-03T23:11:17.113+0000] {dag.py:3823} INFO - Setting next_dagrun for example_task_group_decorator to 2024-02-02 00:00:00+00:00, run_after=2024-02-03 00:00:00+00:00
[2024-02-03T23:11:17.163+0000] {processor.py:183} INFO - Processing /home/airflow/.local/lib/python3.8/site-packages/airflow/example_dags/example_task_group_decorator.py took 0.262 seconds
[2024-02-03T23:11:47.372+0000] {processor.py:161} INFO - Started process (PID=290) to work on /home/airflow/.local/lib/python3.8/site-packages/airflow/example_dags/example_task_group_decorator.py
[2024-02-03T23:11:47.376+0000] {processor.py:830} INFO - Processing file /home/airflow/.local/lib/python3.8/site-packages/airflow/example_dags/example_task_group_decorator.py for tasks to queue
[2024-02-03T23:11:47.382+0000] {logging_mixin.py:188} INFO - [2024-02-03T23:11:47.382+0000] {dagbag.py:538} INFO - Filling up the DagBag from /home/airflow/.local/lib/python3.8/site-packages/airflow/example_dags/example_task_group_decorator.py
[2024-02-03T23:11:47.409+0000] {processor.py:840} INFO - DAG(s) 'example_task_group_decorator' retrieved from /home/airflow/.local/lib/python3.8/site-packages/airflow/example_dags/example_task_group_decorator.py
[2024-02-03T23:11:47.466+0000] {logging_mixin.py:188} INFO - [2024-02-03T23:11:47.466+0000] {dag.py:3036} INFO - Sync 1 DAGs
[2024-02-03T23:11:47.512+0000] {logging_mixin.py:188} INFO - [2024-02-03T23:11:47.512+0000] {dag.py:3823} INFO - Setting next_dagrun for example_task_group_decorator to 2024-02-02 00:00:00+00:00, run_after=2024-02-03 00:00:00+00:00
[2024-02-03T23:11:47.552+0000] {processor.py:183} INFO - Processing /home/airflow/.local/lib/python3.8/site-packages/airflow/example_dags/example_task_group_decorator.py took 0.189 seconds
[2024-02-03T23:12:18.154+0000] {processor.py:161} INFO - Started process (PID=345) to work on /home/airflow/.local/lib/python3.8/site-packages/airflow/example_dags/example_task_group_decorator.py
[2024-02-03T23:12:18.157+0000] {processor.py:830} INFO - Processing file /home/airflow/.local/lib/python3.8/site-packages/airflow/example_dags/example_task_group_decorator.py for tasks to queue
[2024-02-03T23:12:18.162+0000] {logging_mixin.py:188} INFO - [2024-02-03T23:12:18.161+0000] {dagbag.py:538} INFO - Filling up the DagBag from /home/airflow/.local/lib/python3.8/site-packages/airflow/example_dags/example_task_group_decorator.py
[2024-02-03T23:12:18.186+0000] {processor.py:840} INFO - DAG(s) 'example_task_group_decorator' retrieved from /home/airflow/.local/lib/python3.8/site-packages/airflow/example_dags/example_task_group_decorator.py
[2024-02-03T23:12:18.228+0000] {logging_mixin.py:188} INFO - [2024-02-03T23:12:18.228+0000] {dag.py:3036} INFO - Sync 1 DAGs
[2024-02-03T23:12:18.266+0000] {logging_mixin.py:188} INFO - [2024-02-03T23:12:18.266+0000] {dag.py:3823} INFO - Setting next_dagrun for example_task_group_decorator to 2024-02-02 00:00:00+00:00, run_after=2024-02-03 00:00:00+00:00
[2024-02-03T23:12:18.302+0000] {processor.py:183} INFO - Processing /home/airflow/.local/lib/python3.8/site-packages/airflow/example_dags/example_task_group_decorator.py took 0.154 seconds
[2024-02-03T23:12:49.355+0000] {processor.py:161} INFO - Started process (PID=400) to work on /home/airflow/.local/lib/python3.8/site-packages/airflow/example_dags/example_task_group_decorator.py
[2024-02-03T23:12:49.358+0000] {processor.py:830} INFO - Processing file /home/airflow/.local/lib/python3.8/site-packages/airflow/example_dags/example_task_group_decorator.py for tasks to queue
[2024-02-03T23:12:49.368+0000] {logging_mixin.py:188} INFO - [2024-02-03T23:12:49.367+0000] {dagbag.py:538} INFO - Filling up the DagBag from /home/airflow/.local/lib/python3.8/site-packages/airflow/example_dags/example_task_group_decorator.py
[2024-02-03T23:12:49.430+0000] {processor.py:840} INFO - DAG(s) 'example_task_group_decorator' retrieved from /home/airflow/.local/lib/python3.8/site-packages/airflow/example_dags/example_task_group_decorator.py
[2024-02-03T23:12:49.507+0000] {logging_mixin.py:188} INFO - [2024-02-03T23:12:49.507+0000] {dag.py:3036} INFO - Sync 1 DAGs
[2024-02-03T23:12:49.552+0000] {logging_mixin.py:188} INFO - [2024-02-03T23:12:49.551+0000] {dag.py:3823} INFO - Setting next_dagrun for example_task_group_decorator to 2024-02-02 00:00:00+00:00, run_after=2024-02-03 00:00:00+00:00
[2024-02-03T23:12:49.603+0000] {processor.py:183} INFO - Processing /home/airflow/.local/lib/python3.8/site-packages/airflow/example_dags/example_task_group_decorator.py took 0.255 seconds
[2024-02-03T23:13:19.714+0000] {processor.py:161} INFO - Started process (PID=456) to work on /home/airflow/.local/lib/python3.8/site-packages/airflow/example_dags/example_task_group_decorator.py
[2024-02-03T23:13:19.718+0000] {processor.py:830} INFO - Processing file /home/airflow/.local/lib/python3.8/site-packages/airflow/example_dags/example_task_group_decorator.py for tasks to queue
[2024-02-03T23:13:19.724+0000] {logging_mixin.py:188} INFO - [2024-02-03T23:13:19.723+0000] {dagbag.py:538} INFO - Filling up the DagBag from /home/airflow/.local/lib/python3.8/site-packages/airflow/example_dags/example_task_group_decorator.py
[2024-02-03T23:13:19.749+0000] {processor.py:840} INFO - DAG(s) 'example_task_group_decorator' retrieved from /home/airflow/.local/lib/python3.8/site-packages/airflow/example_dags/example_task_group_decorator.py
[2024-02-03T23:13:19.792+0000] {logging_mixin.py:188} INFO - [2024-02-03T23:13:19.792+0000] {dag.py:3036} INFO - Sync 1 DAGs
[2024-02-03T23:13:19.846+0000] {logging_mixin.py:188} INFO - [2024-02-03T23:13:19.846+0000] {dag.py:3823} INFO - Setting next_dagrun for example_task_group_decorator to 2024-02-02 00:00:00+00:00, run_after=2024-02-03 00:00:00+00:00
[2024-02-03T23:13:19.900+0000] {processor.py:183} INFO - Processing /home/airflow/.local/lib/python3.8/site-packages/airflow/example_dags/example_task_group_decorator.py took 0.194 seconds
[2024-02-03T23:13:50.739+0000] {processor.py:161} INFO - Started process (PID=511) to work on /home/airflow/.local/lib/python3.8/site-packages/airflow/example_dags/example_task_group_decorator.py
[2024-02-03T23:13:50.743+0000] {processor.py:830} INFO - Processing file /home/airflow/.local/lib/python3.8/site-packages/airflow/example_dags/example_task_group_decorator.py for tasks to queue
[2024-02-03T23:13:50.748+0000] {logging_mixin.py:188} INFO - [2024-02-03T23:13:50.747+0000] {dagbag.py:538} INFO - Filling up the DagBag from /home/airflow/.local/lib/python3.8/site-packages/airflow/example_dags/example_task_group_decorator.py
[2024-02-03T23:13:50.774+0000] {processor.py:840} INFO - DAG(s) 'example_task_group_decorator' retrieved from /home/airflow/.local/lib/python3.8/site-packages/airflow/example_dags/example_task_group_decorator.py
[2024-02-03T23:13:50.811+0000] {logging_mixin.py:188} INFO - [2024-02-03T23:13:50.810+0000] {dag.py:3036} INFO - Sync 1 DAGs
[2024-02-03T23:13:50.850+0000] {logging_mixin.py:188} INFO - [2024-02-03T23:13:50.850+0000] {dag.py:3823} INFO - Setting next_dagrun for example_task_group_decorator to 2024-02-02 00:00:00+00:00, run_after=2024-02-03 00:00:00+00:00
[2024-02-03T23:13:50.885+0000] {processor.py:183} INFO - Processing /home/airflow/.local/lib/python3.8/site-packages/airflow/example_dags/example_task_group_decorator.py took 0.154 seconds
[2024-02-03T23:14:21.332+0000] {processor.py:161} INFO - Started process (PID=566) to work on /home/airflow/.local/lib/python3.8/site-packages/airflow/example_dags/example_task_group_decorator.py
[2024-02-03T23:14:21.336+0000] {processor.py:830} INFO - Processing file /home/airflow/.local/lib/python3.8/site-packages/airflow/example_dags/example_task_group_decorator.py for tasks to queue
[2024-02-03T23:14:21.344+0000] {logging_mixin.py:188} INFO - [2024-02-03T23:14:21.343+0000] {dagbag.py:538} INFO - Filling up the DagBag from /home/airflow/.local/lib/python3.8/site-packages/airflow/example_dags/example_task_group_decorator.py
[2024-02-03T23:14:21.384+0000] {processor.py:840} INFO - DAG(s) 'example_task_group_decorator' retrieved from /home/airflow/.local/lib/python3.8/site-packages/airflow/example_dags/example_task_group_decorator.py
[2024-02-03T23:14:21.445+0000] {logging_mixin.py:188} INFO - [2024-02-03T23:14:21.445+0000] {dag.py:3036} INFO - Sync 1 DAGs
[2024-02-03T23:14:21.480+0000] {logging_mixin.py:188} INFO - [2024-02-03T23:14:21.480+0000] {dag.py:3823} INFO - Setting next_dagrun for example_task_group_decorator to 2024-02-02 00:00:00+00:00, run_after=2024-02-03 00:00:00+00:00
[2024-02-03T23:14:21.519+0000] {processor.py:183} INFO - Processing /home/airflow/.local/lib/python3.8/site-packages/airflow/example_dags/example_task_group_decorator.py took 0.196 seconds
[2024-02-03T23:14:51.976+0000] {processor.py:161} INFO - Started process (PID=621) to work on /home/airflow/.local/lib/python3.8/site-packages/airflow/example_dags/example_task_group_decorator.py
[2024-02-03T23:14:51.981+0000] {processor.py:830} INFO - Processing file /home/airflow/.local/lib/python3.8/site-packages/airflow/example_dags/example_task_group_decorator.py for tasks to queue
[2024-02-03T23:14:51.987+0000] {logging_mixin.py:188} INFO - [2024-02-03T23:14:51.986+0000] {dagbag.py:538} INFO - Filling up the DagBag from /home/airflow/.local/lib/python3.8/site-packages/airflow/example_dags/example_task_group_decorator.py
[2024-02-03T23:14:52.010+0000] {processor.py:840} INFO - DAG(s) 'example_task_group_decorator' retrieved from /home/airflow/.local/lib/python3.8/site-packages/airflow/example_dags/example_task_group_decorator.py
[2024-02-03T23:14:52.053+0000] {logging_mixin.py:188} INFO - [2024-02-03T23:14:52.052+0000] {dag.py:3036} INFO - Sync 1 DAGs
[2024-02-03T23:14:52.143+0000] {logging_mixin.py:188} INFO - [2024-02-03T23:14:52.142+0000] {dag.py:3823} INFO - Setting next_dagrun for example_task_group_decorator to 2024-02-02 00:00:00+00:00, run_after=2024-02-03 00:00:00+00:00
[2024-02-03T23:14:52.210+0000] {processor.py:183} INFO - Processing /home/airflow/.local/lib/python3.8/site-packages/airflow/example_dags/example_task_group_decorator.py took 0.239 seconds
[2024-02-03T23:15:22.345+0000] {processor.py:161} INFO - Started process (PID=676) to work on /home/airflow/.local/lib/python3.8/site-packages/airflow/example_dags/example_task_group_decorator.py
[2024-02-03T23:15:22.351+0000] {processor.py:830} INFO - Processing file /home/airflow/.local/lib/python3.8/site-packages/airflow/example_dags/example_task_group_decorator.py for tasks to queue
[2024-02-03T23:15:22.358+0000] {logging_mixin.py:188} INFO - [2024-02-03T23:15:22.357+0000] {dagbag.py:538} INFO - Filling up the DagBag from /home/airflow/.local/lib/python3.8/site-packages/airflow/example_dags/example_task_group_decorator.py
[2024-02-03T23:15:22.387+0000] {processor.py:840} INFO - DAG(s) 'example_task_group_decorator' retrieved from /home/airflow/.local/lib/python3.8/site-packages/airflow/example_dags/example_task_group_decorator.py
[2024-02-03T23:15:22.428+0000] {logging_mixin.py:188} INFO - [2024-02-03T23:15:22.427+0000] {dag.py:3036} INFO - Sync 1 DAGs
[2024-02-03T23:15:22.457+0000] {logging_mixin.py:188} INFO - [2024-02-03T23:15:22.457+0000] {dag.py:3823} INFO - Setting next_dagrun for example_task_group_decorator to 2024-02-02 00:00:00+00:00, run_after=2024-02-03 00:00:00+00:00
[2024-02-03T23:15:22.502+0000] {processor.py:183} INFO - Processing /home/airflow/.local/lib/python3.8/site-packages/airflow/example_dags/example_task_group_decorator.py took 0.166 seconds
[2024-02-03T23:15:52.986+0000] {processor.py:161} INFO - Started process (PID=731) to work on /home/airflow/.local/lib/python3.8/site-packages/airflow/example_dags/example_task_group_decorator.py
[2024-02-03T23:15:52.990+0000] {processor.py:830} INFO - Processing file /home/airflow/.local/lib/python3.8/site-packages/airflow/example_dags/example_task_group_decorator.py for tasks to queue
[2024-02-03T23:15:52.996+0000] {logging_mixin.py:188} INFO - [2024-02-03T23:15:52.995+0000] {dagbag.py:538} INFO - Filling up the DagBag from /home/airflow/.local/lib/python3.8/site-packages/airflow/example_dags/example_task_group_decorator.py
[2024-02-03T23:15:53.051+0000] {processor.py:840} INFO - DAG(s) 'example_task_group_decorator' retrieved from /home/airflow/.local/lib/python3.8/site-packages/airflow/example_dags/example_task_group_decorator.py
[2024-02-03T23:15:53.090+0000] {logging_mixin.py:188} INFO - [2024-02-03T23:15:53.089+0000] {dag.py:3036} INFO - Sync 1 DAGs
[2024-02-03T23:15:53.124+0000] {logging_mixin.py:188} INFO - [2024-02-03T23:15:53.124+0000] {dag.py:3823} INFO - Setting next_dagrun for example_task_group_decorator to 2024-02-02 00:00:00+00:00, run_after=2024-02-03 00:00:00+00:00
[2024-02-03T23:15:53.169+0000] {processor.py:183} INFO - Processing /home/airflow/.local/lib/python3.8/site-packages/airflow/example_dags/example_task_group_decorator.py took 0.188 seconds
[2024-02-03T23:16:24.155+0000] {processor.py:161} INFO - Started process (PID=786) to work on /home/airflow/.local/lib/python3.8/site-packages/airflow/example_dags/example_task_group_decorator.py
[2024-02-03T23:16:24.160+0000] {processor.py:830} INFO - Processing file /home/airflow/.local/lib/python3.8/site-packages/airflow/example_dags/example_task_group_decorator.py for tasks to queue
[2024-02-03T23:16:24.166+0000] {logging_mixin.py:188} INFO - [2024-02-03T23:16:24.166+0000] {dagbag.py:538} INFO - Filling up the DagBag from /home/airflow/.local/lib/python3.8/site-packages/airflow/example_dags/example_task_group_decorator.py
[2024-02-03T23:16:24.194+0000] {processor.py:840} INFO - DAG(s) 'example_task_group_decorator' retrieved from /home/airflow/.local/lib/python3.8/site-packages/airflow/example_dags/example_task_group_decorator.py
[2024-02-03T23:16:24.234+0000] {logging_mixin.py:188} INFO - [2024-02-03T23:16:24.233+0000] {dag.py:3036} INFO - Sync 1 DAGs
[2024-02-03T23:16:24.270+0000] {logging_mixin.py:188} INFO - [2024-02-03T23:16:24.269+0000] {dag.py:3823} INFO - Setting next_dagrun for example_task_group_decorator to 2024-02-02 00:00:00+00:00, run_after=2024-02-03 00:00:00+00:00
[2024-02-03T23:16:24.303+0000] {processor.py:183} INFO - Processing /home/airflow/.local/lib/python3.8/site-packages/airflow/example_dags/example_task_group_decorator.py took 0.156 seconds
[2024-02-03T23:16:55.157+0000] {processor.py:161} INFO - Started process (PID=841) to work on /home/airflow/.local/lib/python3.8/site-packages/airflow/example_dags/example_task_group_decorator.py
[2024-02-03T23:16:55.163+0000] {processor.py:830} INFO - Processing file /home/airflow/.local/lib/python3.8/site-packages/airflow/example_dags/example_task_group_decorator.py for tasks to queue
[2024-02-03T23:16:55.172+0000] {logging_mixin.py:188} INFO - [2024-02-03T23:16:55.170+0000] {dagbag.py:538} INFO - Filling up the DagBag from /home/airflow/.local/lib/python3.8/site-packages/airflow/example_dags/example_task_group_decorator.py
[2024-02-03T23:16:55.208+0000] {processor.py:840} INFO - DAG(s) 'example_task_group_decorator' retrieved from /home/airflow/.local/lib/python3.8/site-packages/airflow/example_dags/example_task_group_decorator.py
[2024-02-03T23:16:55.253+0000] {logging_mixin.py:188} INFO - [2024-02-03T23:16:55.253+0000] {dag.py:3036} INFO - Sync 1 DAGs
[2024-02-03T23:16:55.299+0000] {logging_mixin.py:188} INFO - [2024-02-03T23:16:55.299+0000] {dag.py:3823} INFO - Setting next_dagrun for example_task_group_decorator to 2024-02-02 00:00:00+00:00, run_after=2024-02-03 00:00:00+00:00
[2024-02-03T23:16:55.338+0000] {processor.py:183} INFO - Processing /home/airflow/.local/lib/python3.8/site-packages/airflow/example_dags/example_task_group_decorator.py took 0.196 seconds
[2024-02-03T23:17:26.269+0000] {processor.py:161} INFO - Started process (PID=897) to work on /home/airflow/.local/lib/python3.8/site-packages/airflow/example_dags/example_task_group_decorator.py
[2024-02-03T23:17:26.273+0000] {processor.py:830} INFO - Processing file /home/airflow/.local/lib/python3.8/site-packages/airflow/example_dags/example_task_group_decorator.py for tasks to queue
[2024-02-03T23:17:26.283+0000] {logging_mixin.py:188} INFO - [2024-02-03T23:17:26.280+0000] {dagbag.py:538} INFO - Filling up the DagBag from /home/airflow/.local/lib/python3.8/site-packages/airflow/example_dags/example_task_group_decorator.py
[2024-02-03T23:17:26.315+0000] {processor.py:840} INFO - DAG(s) 'example_task_group_decorator' retrieved from /home/airflow/.local/lib/python3.8/site-packages/airflow/example_dags/example_task_group_decorator.py
[2024-02-03T23:17:26.437+0000] {logging_mixin.py:188} INFO - [2024-02-03T23:17:26.436+0000] {dag.py:3036} INFO - Sync 1 DAGs
[2024-02-03T23:17:26.808+0000] {logging_mixin.py:188} INFO - [2024-02-03T23:17:26.807+0000] {dag.py:3823} INFO - Setting next_dagrun for example_task_group_decorator to 2024-02-02 00:00:00+00:00, run_after=2024-02-03 00:00:00+00:00
[2024-02-03T23:17:26.972+0000] {processor.py:183} INFO - Processing /home/airflow/.local/lib/python3.8/site-packages/airflow/example_dags/example_task_group_decorator.py took 0.711 seconds
