[2024-02-03T23:09:26.212+0000] {processor.py:161} INFO - Started process (PID=36) to work on /home/airflow/.local/lib/python3.8/site-packages/airflow/example_dags/example_nested_branch_dag.py
[2024-02-03T23:09:26.269+0000] {processor.py:830} INFO - Processing file /home/airflow/.local/lib/python3.8/site-packages/airflow/example_dags/example_nested_branch_dag.py for tasks to queue
[2024-02-03T23:09:26.334+0000] {logging_mixin.py:188} INFO - [2024-02-03T23:09:26.333+0000] {dagbag.py:538} INFO - Filling up the DagBag from /home/airflow/.local/lib/python3.8/site-packages/airflow/example_dags/example_nested_branch_dag.py
[2024-02-03T23:09:26.684+0000] {processor.py:840} INFO - DAG(s) 'example_nested_branch_dag' retrieved from /home/airflow/.local/lib/python3.8/site-packages/airflow/example_dags/example_nested_branch_dag.py
[2024-02-03T23:09:28.014+0000] {logging_mixin.py:188} INFO - [2024-02-03T23:09:28.014+0000] {dag.py:3036} INFO - Sync 1 DAGs
[2024-02-03T23:09:28.102+0000] {logging_mixin.py:188} INFO - [2024-02-03T23:09:28.101+0000] {dag.py:3823} INFO - Setting next_dagrun for example_nested_branch_dag to 2024-02-02 00:00:00+00:00, run_after=2024-02-03 00:00:00+00:00
[2024-02-03T23:09:28.202+0000] {processor.py:183} INFO - Processing /home/airflow/.local/lib/python3.8/site-packages/airflow/example_dags/example_nested_branch_dag.py took 2.042 seconds
[2024-02-03T23:09:58.392+0000] {processor.py:161} INFO - Started process (PID=90) to work on /home/airflow/.local/lib/python3.8/site-packages/airflow/example_dags/example_nested_branch_dag.py
[2024-02-03T23:09:58.394+0000] {processor.py:830} INFO - Processing file /home/airflow/.local/lib/python3.8/site-packages/airflow/example_dags/example_nested_branch_dag.py for tasks to queue
[2024-02-03T23:09:58.401+0000] {logging_mixin.py:188} INFO - [2024-02-03T23:09:58.401+0000] {dagbag.py:538} INFO - Filling up the DagBag from /home/airflow/.local/lib/python3.8/site-packages/airflow/example_dags/example_nested_branch_dag.py
[2024-02-03T23:09:58.419+0000] {processor.py:840} INFO - DAG(s) 'example_nested_branch_dag' retrieved from /home/airflow/.local/lib/python3.8/site-packages/airflow/example_dags/example_nested_branch_dag.py
[2024-02-03T23:09:58.451+0000] {logging_mixin.py:188} INFO - [2024-02-03T23:09:58.451+0000] {dag.py:3036} INFO - Sync 1 DAGs
[2024-02-03T23:09:58.490+0000] {logging_mixin.py:188} INFO - [2024-02-03T23:09:58.490+0000] {dag.py:3823} INFO - Setting next_dagrun for example_nested_branch_dag to 2024-02-02 00:00:00+00:00, run_after=2024-02-03 00:00:00+00:00
[2024-02-03T23:09:58.517+0000] {processor.py:183} INFO - Processing /home/airflow/.local/lib/python3.8/site-packages/airflow/example_dags/example_nested_branch_dag.py took 0.130 seconds
[2024-02-03T23:10:28.557+0000] {processor.py:161} INFO - Started process (PID=145) to work on /home/airflow/.local/lib/python3.8/site-packages/airflow/example_dags/example_nested_branch_dag.py
[2024-02-03T23:10:28.560+0000] {processor.py:830} INFO - Processing file /home/airflow/.local/lib/python3.8/site-packages/airflow/example_dags/example_nested_branch_dag.py for tasks to queue
[2024-02-03T23:10:28.565+0000] {logging_mixin.py:188} INFO - [2024-02-03T23:10:28.565+0000] {dagbag.py:538} INFO - Filling up the DagBag from /home/airflow/.local/lib/python3.8/site-packages/airflow/example_dags/example_nested_branch_dag.py
[2024-02-03T23:10:28.582+0000] {processor.py:840} INFO - DAG(s) 'example_nested_branch_dag' retrieved from /home/airflow/.local/lib/python3.8/site-packages/airflow/example_dags/example_nested_branch_dag.py
[2024-02-03T23:10:28.617+0000] {logging_mixin.py:188} INFO - [2024-02-03T23:10:28.616+0000] {dag.py:3036} INFO - Sync 1 DAGs
[2024-02-03T23:10:28.649+0000] {logging_mixin.py:188} INFO - [2024-02-03T23:10:28.649+0000] {dag.py:3823} INFO - Setting next_dagrun for example_nested_branch_dag to 2024-02-02 00:00:00+00:00, run_after=2024-02-03 00:00:00+00:00
[2024-02-03T23:10:28.685+0000] {processor.py:183} INFO - Processing /home/airflow/.local/lib/python3.8/site-packages/airflow/example_dags/example_nested_branch_dag.py took 0.133 seconds
[2024-02-03T23:10:58.958+0000] {processor.py:161} INFO - Started process (PID=199) to work on /home/airflow/.local/lib/python3.8/site-packages/airflow/example_dags/example_nested_branch_dag.py
[2024-02-03T23:10:58.967+0000] {processor.py:830} INFO - Processing file /home/airflow/.local/lib/python3.8/site-packages/airflow/example_dags/example_nested_branch_dag.py for tasks to queue
[2024-02-03T23:10:58.981+0000] {logging_mixin.py:188} INFO - [2024-02-03T23:10:58.978+0000] {dagbag.py:538} INFO - Filling up the DagBag from /home/airflow/.local/lib/python3.8/site-packages/airflow/example_dags/example_nested_branch_dag.py
[2024-02-03T23:10:59.019+0000] {processor.py:840} INFO - DAG(s) 'example_nested_branch_dag' retrieved from /home/airflow/.local/lib/python3.8/site-packages/airflow/example_dags/example_nested_branch_dag.py
[2024-02-03T23:10:59.076+0000] {logging_mixin.py:188} INFO - [2024-02-03T23:10:59.076+0000] {dag.py:3036} INFO - Sync 1 DAGs
[2024-02-03T23:10:59.154+0000] {logging_mixin.py:188} INFO - [2024-02-03T23:10:59.154+0000] {dag.py:3823} INFO - Setting next_dagrun for example_nested_branch_dag to 2024-02-02 00:00:00+00:00, run_after=2024-02-03 00:00:00+00:00
[2024-02-03T23:10:59.238+0000] {processor.py:183} INFO - Processing /home/airflow/.local/lib/python3.8/site-packages/airflow/example_dags/example_nested_branch_dag.py took 0.285 seconds
[2024-02-03T23:11:29.501+0000] {processor.py:161} INFO - Started process (PID=254) to work on /home/airflow/.local/lib/python3.8/site-packages/airflow/example_dags/example_nested_branch_dag.py
[2024-02-03T23:11:29.504+0000] {processor.py:830} INFO - Processing file /home/airflow/.local/lib/python3.8/site-packages/airflow/example_dags/example_nested_branch_dag.py for tasks to queue
[2024-02-03T23:11:29.508+0000] {logging_mixin.py:188} INFO - [2024-02-03T23:11:29.508+0000] {dagbag.py:538} INFO - Filling up the DagBag from /home/airflow/.local/lib/python3.8/site-packages/airflow/example_dags/example_nested_branch_dag.py
[2024-02-03T23:11:29.525+0000] {processor.py:840} INFO - DAG(s) 'example_nested_branch_dag' retrieved from /home/airflow/.local/lib/python3.8/site-packages/airflow/example_dags/example_nested_branch_dag.py
[2024-02-03T23:11:29.557+0000] {logging_mixin.py:188} INFO - [2024-02-03T23:11:29.557+0000] {dag.py:3036} INFO - Sync 1 DAGs
[2024-02-03T23:11:29.589+0000] {logging_mixin.py:188} INFO - [2024-02-03T23:11:29.589+0000] {dag.py:3823} INFO - Setting next_dagrun for example_nested_branch_dag to 2024-02-02 00:00:00+00:00, run_after=2024-02-03 00:00:00+00:00
[2024-02-03T23:11:29.617+0000] {processor.py:183} INFO - Processing /home/airflow/.local/lib/python3.8/site-packages/airflow/example_dags/example_nested_branch_dag.py took 0.121 seconds
[2024-02-03T23:11:59.780+0000] {processor.py:161} INFO - Started process (PID=308) to work on /home/airflow/.local/lib/python3.8/site-packages/airflow/example_dags/example_nested_branch_dag.py
[2024-02-03T23:11:59.785+0000] {processor.py:830} INFO - Processing file /home/airflow/.local/lib/python3.8/site-packages/airflow/example_dags/example_nested_branch_dag.py for tasks to queue
[2024-02-03T23:11:59.790+0000] {logging_mixin.py:188} INFO - [2024-02-03T23:11:59.789+0000] {dagbag.py:538} INFO - Filling up the DagBag from /home/airflow/.local/lib/python3.8/site-packages/airflow/example_dags/example_nested_branch_dag.py
[2024-02-03T23:11:59.808+0000] {processor.py:840} INFO - DAG(s) 'example_nested_branch_dag' retrieved from /home/airflow/.local/lib/python3.8/site-packages/airflow/example_dags/example_nested_branch_dag.py
[2024-02-03T23:11:59.848+0000] {logging_mixin.py:188} INFO - [2024-02-03T23:11:59.848+0000] {dag.py:3036} INFO - Sync 1 DAGs
[2024-02-03T23:11:59.886+0000] {logging_mixin.py:188} INFO - [2024-02-03T23:11:59.885+0000] {dag.py:3823} INFO - Setting next_dagrun for example_nested_branch_dag to 2024-02-02 00:00:00+00:00, run_after=2024-02-03 00:00:00+00:00
[2024-02-03T23:11:59.919+0000] {processor.py:183} INFO - Processing /home/airflow/.local/lib/python3.8/site-packages/airflow/example_dags/example_nested_branch_dag.py took 0.145 seconds
[2024-02-03T23:12:30.513+0000] {processor.py:161} INFO - Started process (PID=363) to work on /home/airflow/.local/lib/python3.8/site-packages/airflow/example_dags/example_nested_branch_dag.py
[2024-02-03T23:12:30.517+0000] {processor.py:830} INFO - Processing file /home/airflow/.local/lib/python3.8/site-packages/airflow/example_dags/example_nested_branch_dag.py for tasks to queue
[2024-02-03T23:12:30.523+0000] {logging_mixin.py:188} INFO - [2024-02-03T23:12:30.522+0000] {dagbag.py:538} INFO - Filling up the DagBag from /home/airflow/.local/lib/python3.8/site-packages/airflow/example_dags/example_nested_branch_dag.py
[2024-02-03T23:12:30.540+0000] {processor.py:840} INFO - DAG(s) 'example_nested_branch_dag' retrieved from /home/airflow/.local/lib/python3.8/site-packages/airflow/example_dags/example_nested_branch_dag.py
[2024-02-03T23:12:30.588+0000] {logging_mixin.py:188} INFO - [2024-02-03T23:12:30.588+0000] {dag.py:3036} INFO - Sync 1 DAGs
[2024-02-03T23:12:30.631+0000] {logging_mixin.py:188} INFO - [2024-02-03T23:12:30.631+0000] {dag.py:3823} INFO - Setting next_dagrun for example_nested_branch_dag to 2024-02-02 00:00:00+00:00, run_after=2024-02-03 00:00:00+00:00
[2024-02-03T23:12:30.673+0000] {processor.py:183} INFO - Processing /home/airflow/.local/lib/python3.8/site-packages/airflow/example_dags/example_nested_branch_dag.py took 0.165 seconds
[2024-02-03T23:13:01.231+0000] {processor.py:161} INFO - Started process (PID=418) to work on /home/airflow/.local/lib/python3.8/site-packages/airflow/example_dags/example_nested_branch_dag.py
[2024-02-03T23:13:01.260+0000] {processor.py:830} INFO - Processing file /home/airflow/.local/lib/python3.8/site-packages/airflow/example_dags/example_nested_branch_dag.py for tasks to queue
[2024-02-03T23:13:01.270+0000] {logging_mixin.py:188} INFO - [2024-02-03T23:13:01.269+0000] {dagbag.py:538} INFO - Filling up the DagBag from /home/airflow/.local/lib/python3.8/site-packages/airflow/example_dags/example_nested_branch_dag.py
[2024-02-03T23:13:01.307+0000] {processor.py:840} INFO - DAG(s) 'example_nested_branch_dag' retrieved from /home/airflow/.local/lib/python3.8/site-packages/airflow/example_dags/example_nested_branch_dag.py
[2024-02-03T23:13:01.378+0000] {logging_mixin.py:188} INFO - [2024-02-03T23:13:01.378+0000] {dag.py:3036} INFO - Sync 1 DAGs
[2024-02-03T23:13:01.451+0000] {logging_mixin.py:188} INFO - [2024-02-03T23:13:01.451+0000] {dag.py:3823} INFO - Setting next_dagrun for example_nested_branch_dag to 2024-02-02 00:00:00+00:00, run_after=2024-02-03 00:00:00+00:00
[2024-02-03T23:13:01.508+0000] {processor.py:183} INFO - Processing /home/airflow/.local/lib/python3.8/site-packages/airflow/example_dags/example_nested_branch_dag.py took 0.314 seconds
[2024-02-03T23:13:31.806+0000] {processor.py:161} INFO - Started process (PID=474) to work on /home/airflow/.local/lib/python3.8/site-packages/airflow/example_dags/example_nested_branch_dag.py
[2024-02-03T23:13:31.823+0000] {processor.py:830} INFO - Processing file /home/airflow/.local/lib/python3.8/site-packages/airflow/example_dags/example_nested_branch_dag.py for tasks to queue
[2024-02-03T23:13:31.837+0000] {logging_mixin.py:188} INFO - [2024-02-03T23:13:31.835+0000] {dagbag.py:538} INFO - Filling up the DagBag from /home/airflow/.local/lib/python3.8/site-packages/airflow/example_dags/example_nested_branch_dag.py
[2024-02-03T23:13:31.878+0000] {processor.py:840} INFO - DAG(s) 'example_nested_branch_dag' retrieved from /home/airflow/.local/lib/python3.8/site-packages/airflow/example_dags/example_nested_branch_dag.py
[2024-02-03T23:13:31.923+0000] {logging_mixin.py:188} INFO - [2024-02-03T23:13:31.922+0000] {dag.py:3036} INFO - Sync 1 DAGs
[2024-02-03T23:13:31.979+0000] {logging_mixin.py:188} INFO - [2024-02-03T23:13:31.978+0000] {dag.py:3823} INFO - Setting next_dagrun for example_nested_branch_dag to 2024-02-02 00:00:00+00:00, run_after=2024-02-03 00:00:00+00:00
[2024-02-03T23:13:32.012+0000] {processor.py:183} INFO - Processing /home/airflow/.local/lib/python3.8/site-packages/airflow/example_dags/example_nested_branch_dag.py took 0.211 seconds
[2024-02-03T23:14:02.088+0000] {processor.py:161} INFO - Started process (PID=529) to work on /home/airflow/.local/lib/python3.8/site-packages/airflow/example_dags/example_nested_branch_dag.py
[2024-02-03T23:14:02.093+0000] {processor.py:830} INFO - Processing file /home/airflow/.local/lib/python3.8/site-packages/airflow/example_dags/example_nested_branch_dag.py for tasks to queue
[2024-02-03T23:14:02.100+0000] {logging_mixin.py:188} INFO - [2024-02-03T23:14:02.099+0000] {dagbag.py:538} INFO - Filling up the DagBag from /home/airflow/.local/lib/python3.8/site-packages/airflow/example_dags/example_nested_branch_dag.py
[2024-02-03T23:14:02.120+0000] {processor.py:840} INFO - DAG(s) 'example_nested_branch_dag' retrieved from /home/airflow/.local/lib/python3.8/site-packages/airflow/example_dags/example_nested_branch_dag.py
[2024-02-03T23:14:02.159+0000] {logging_mixin.py:188} INFO - [2024-02-03T23:14:02.158+0000] {dag.py:3036} INFO - Sync 1 DAGs
[2024-02-03T23:14:02.199+0000] {logging_mixin.py:188} INFO - [2024-02-03T23:14:02.199+0000] {dag.py:3823} INFO - Setting next_dagrun for example_nested_branch_dag to 2024-02-02 00:00:00+00:00, run_after=2024-02-03 00:00:00+00:00
[2024-02-03T23:14:02.233+0000] {processor.py:183} INFO - Processing /home/airflow/.local/lib/python3.8/site-packages/airflow/example_dags/example_nested_branch_dag.py took 0.152 seconds
[2024-02-03T23:14:32.668+0000] {processor.py:161} INFO - Started process (PID=582) to work on /home/airflow/.local/lib/python3.8/site-packages/airflow/example_dags/example_nested_branch_dag.py
[2024-02-03T23:14:32.673+0000] {processor.py:830} INFO - Processing file /home/airflow/.local/lib/python3.8/site-packages/airflow/example_dags/example_nested_branch_dag.py for tasks to queue
[2024-02-03T23:14:32.690+0000] {logging_mixin.py:188} INFO - [2024-02-03T23:14:32.690+0000] {dagbag.py:538} INFO - Filling up the DagBag from /home/airflow/.local/lib/python3.8/site-packages/airflow/example_dags/example_nested_branch_dag.py
[2024-02-03T23:14:32.719+0000] {processor.py:840} INFO - DAG(s) 'example_nested_branch_dag' retrieved from /home/airflow/.local/lib/python3.8/site-packages/airflow/example_dags/example_nested_branch_dag.py
[2024-02-03T23:14:32.772+0000] {logging_mixin.py:188} INFO - [2024-02-03T23:14:32.772+0000] {dag.py:3036} INFO - Sync 1 DAGs
[2024-02-03T23:14:32.828+0000] {logging_mixin.py:188} INFO - [2024-02-03T23:14:32.826+0000] {dag.py:3823} INFO - Setting next_dagrun for example_nested_branch_dag to 2024-02-02 00:00:00+00:00, run_after=2024-02-03 00:00:00+00:00
[2024-02-03T23:14:32.864+0000] {processor.py:183} INFO - Processing /home/airflow/.local/lib/python3.8/site-packages/airflow/example_dags/example_nested_branch_dag.py took 0.211 seconds
[2024-02-03T23:15:03.040+0000] {processor.py:161} INFO - Started process (PID=637) to work on /home/airflow/.local/lib/python3.8/site-packages/airflow/example_dags/example_nested_branch_dag.py
[2024-02-03T23:15:03.044+0000] {processor.py:830} INFO - Processing file /home/airflow/.local/lib/python3.8/site-packages/airflow/example_dags/example_nested_branch_dag.py for tasks to queue
[2024-02-03T23:15:03.048+0000] {logging_mixin.py:188} INFO - [2024-02-03T23:15:03.047+0000] {dagbag.py:538} INFO - Filling up the DagBag from /home/airflow/.local/lib/python3.8/site-packages/airflow/example_dags/example_nested_branch_dag.py
[2024-02-03T23:15:03.066+0000] {processor.py:840} INFO - DAG(s) 'example_nested_branch_dag' retrieved from /home/airflow/.local/lib/python3.8/site-packages/airflow/example_dags/example_nested_branch_dag.py
[2024-02-03T23:15:03.102+0000] {logging_mixin.py:188} INFO - [2024-02-03T23:15:03.102+0000] {dag.py:3036} INFO - Sync 1 DAGs
[2024-02-03T23:15:03.139+0000] {logging_mixin.py:188} INFO - [2024-02-03T23:15:03.139+0000] {dag.py:3823} INFO - Setting next_dagrun for example_nested_branch_dag to 2024-02-02 00:00:00+00:00, run_after=2024-02-03 00:00:00+00:00
[2024-02-03T23:15:03.170+0000] {processor.py:183} INFO - Processing /home/airflow/.local/lib/python3.8/site-packages/airflow/example_dags/example_nested_branch_dag.py took 0.136 seconds
[2024-02-03T23:15:33.235+0000] {processor.py:161} INFO - Started process (PID=692) to work on /home/airflow/.local/lib/python3.8/site-packages/airflow/example_dags/example_nested_branch_dag.py
[2024-02-03T23:15:33.239+0000] {processor.py:830} INFO - Processing file /home/airflow/.local/lib/python3.8/site-packages/airflow/example_dags/example_nested_branch_dag.py for tasks to queue
[2024-02-03T23:15:33.245+0000] {logging_mixin.py:188} INFO - [2024-02-03T23:15:33.244+0000] {dagbag.py:538} INFO - Filling up the DagBag from /home/airflow/.local/lib/python3.8/site-packages/airflow/example_dags/example_nested_branch_dag.py
[2024-02-03T23:15:33.273+0000] {processor.py:840} INFO - DAG(s) 'example_nested_branch_dag' retrieved from /home/airflow/.local/lib/python3.8/site-packages/airflow/example_dags/example_nested_branch_dag.py
[2024-02-03T23:15:33.320+0000] {logging_mixin.py:188} INFO - [2024-02-03T23:15:33.320+0000] {dag.py:3036} INFO - Sync 1 DAGs
[2024-02-03T23:15:33.359+0000] {logging_mixin.py:188} INFO - [2024-02-03T23:15:33.358+0000] {dag.py:3823} INFO - Setting next_dagrun for example_nested_branch_dag to 2024-02-02 00:00:00+00:00, run_after=2024-02-03 00:00:00+00:00
[2024-02-03T23:15:33.389+0000] {processor.py:183} INFO - Processing /home/airflow/.local/lib/python3.8/site-packages/airflow/example_dags/example_nested_branch_dag.py took 0.162 seconds
[2024-02-03T23:16:03.987+0000] {processor.py:161} INFO - Started process (PID=747) to work on /home/airflow/.local/lib/python3.8/site-packages/airflow/example_dags/example_nested_branch_dag.py
[2024-02-03T23:16:03.990+0000] {processor.py:830} INFO - Processing file /home/airflow/.local/lib/python3.8/site-packages/airflow/example_dags/example_nested_branch_dag.py for tasks to queue
[2024-02-03T23:16:03.994+0000] {logging_mixin.py:188} INFO - [2024-02-03T23:16:03.994+0000] {dagbag.py:538} INFO - Filling up the DagBag from /home/airflow/.local/lib/python3.8/site-packages/airflow/example_dags/example_nested_branch_dag.py
[2024-02-03T23:16:04.009+0000] {processor.py:840} INFO - DAG(s) 'example_nested_branch_dag' retrieved from /home/airflow/.local/lib/python3.8/site-packages/airflow/example_dags/example_nested_branch_dag.py
[2024-02-03T23:16:04.041+0000] {logging_mixin.py:188} INFO - [2024-02-03T23:16:04.041+0000] {dag.py:3036} INFO - Sync 1 DAGs
[2024-02-03T23:16:04.073+0000] {logging_mixin.py:188} INFO - [2024-02-03T23:16:04.072+0000] {dag.py:3823} INFO - Setting next_dagrun for example_nested_branch_dag to 2024-02-02 00:00:00+00:00, run_after=2024-02-03 00:00:00+00:00
[2024-02-03T23:16:04.102+0000] {processor.py:183} INFO - Processing /home/airflow/.local/lib/python3.8/site-packages/airflow/example_dags/example_nested_branch_dag.py took 0.120 seconds
[2024-02-03T23:16:34.732+0000] {processor.py:161} INFO - Started process (PID=802) to work on /home/airflow/.local/lib/python3.8/site-packages/airflow/example_dags/example_nested_branch_dag.py
[2024-02-03T23:16:34.736+0000] {processor.py:830} INFO - Processing file /home/airflow/.local/lib/python3.8/site-packages/airflow/example_dags/example_nested_branch_dag.py for tasks to queue
[2024-02-03T23:16:34.740+0000] {logging_mixin.py:188} INFO - [2024-02-03T23:16:34.739+0000] {dagbag.py:538} INFO - Filling up the DagBag from /home/airflow/.local/lib/python3.8/site-packages/airflow/example_dags/example_nested_branch_dag.py
[2024-02-03T23:16:34.757+0000] {processor.py:840} INFO - DAG(s) 'example_nested_branch_dag' retrieved from /home/airflow/.local/lib/python3.8/site-packages/airflow/example_dags/example_nested_branch_dag.py
[2024-02-03T23:16:34.789+0000] {logging_mixin.py:188} INFO - [2024-02-03T23:16:34.789+0000] {dag.py:3036} INFO - Sync 1 DAGs
[2024-02-03T23:16:34.820+0000] {logging_mixin.py:188} INFO - [2024-02-03T23:16:34.820+0000] {dag.py:3823} INFO - Setting next_dagrun for example_nested_branch_dag to 2024-02-02 00:00:00+00:00, run_after=2024-02-03 00:00:00+00:00
[2024-02-03T23:16:34.848+0000] {processor.py:183} INFO - Processing /home/airflow/.local/lib/python3.8/site-packages/airflow/example_dags/example_nested_branch_dag.py took 0.121 seconds
[2024-02-03T23:17:05.234+0000] {processor.py:161} INFO - Started process (PID=857) to work on /home/airflow/.local/lib/python3.8/site-packages/airflow/example_dags/example_nested_branch_dag.py
[2024-02-03T23:17:05.237+0000] {processor.py:830} INFO - Processing file /home/airflow/.local/lib/python3.8/site-packages/airflow/example_dags/example_nested_branch_dag.py for tasks to queue
[2024-02-03T23:17:05.241+0000] {logging_mixin.py:188} INFO - [2024-02-03T23:17:05.241+0000] {dagbag.py:538} INFO - Filling up the DagBag from /home/airflow/.local/lib/python3.8/site-packages/airflow/example_dags/example_nested_branch_dag.py
[2024-02-03T23:17:05.257+0000] {processor.py:840} INFO - DAG(s) 'example_nested_branch_dag' retrieved from /home/airflow/.local/lib/python3.8/site-packages/airflow/example_dags/example_nested_branch_dag.py
[2024-02-03T23:17:05.291+0000] {logging_mixin.py:188} INFO - [2024-02-03T23:17:05.290+0000] {dag.py:3036} INFO - Sync 1 DAGs
[2024-02-03T23:17:05.326+0000] {logging_mixin.py:188} INFO - [2024-02-03T23:17:05.325+0000] {dag.py:3823} INFO - Setting next_dagrun for example_nested_branch_dag to 2024-02-02 00:00:00+00:00, run_after=2024-02-03 00:00:00+00:00
[2024-02-03T23:17:05.354+0000] {processor.py:183} INFO - Processing /home/airflow/.local/lib/python3.8/site-packages/airflow/example_dags/example_nested_branch_dag.py took 0.125 seconds
