[2024-02-03T23:09:34.429+0000] {processor.py:161} INFO - Started process (PID=49) to work on /home/airflow/.local/lib/python3.8/site-packages/airflow/example_dags/example_branch_operator.py
[2024-02-03T23:09:34.441+0000] {processor.py:830} INFO - Processing file /home/airflow/.local/lib/python3.8/site-packages/airflow/example_dags/example_branch_operator.py for tasks to queue
[2024-02-03T23:09:34.468+0000] {logging_mixin.py:188} INFO - [2024-02-03T23:09:34.467+0000] {dagbag.py:538} INFO - Filling up the DagBag from /home/airflow/.local/lib/python3.8/site-packages/airflow/example_dags/example_branch_operator.py
[2024-02-03T23:09:34.627+0000] {processor.py:840} INFO - DAG(s) 'example_branch_operator' retrieved from /home/airflow/.local/lib/python3.8/site-packages/airflow/example_dags/example_branch_operator.py
[2024-02-03T23:09:35.305+0000] {logging_mixin.py:188} INFO - [2024-02-03T23:09:35.305+0000] {dag.py:3036} INFO - Sync 1 DAGs
[2024-02-03T23:09:35.391+0000] {logging_mixin.py:188} INFO - [2024-02-03T23:09:35.391+0000] {dag.py:3823} INFO - Setting next_dagrun for example_branch_operator to 2024-02-02 00:00:00+00:00, run_after=2024-02-03 00:00:00+00:00
[2024-02-03T23:09:35.496+0000] {processor.py:183} INFO - Processing /home/airflow/.local/lib/python3.8/site-packages/airflow/example_dags/example_branch_operator.py took 1.088 seconds
[2024-02-03T23:10:05.795+0000] {processor.py:161} INFO - Started process (PID=104) to work on /home/airflow/.local/lib/python3.8/site-packages/airflow/example_dags/example_branch_operator.py
[2024-02-03T23:10:05.798+0000] {processor.py:830} INFO - Processing file /home/airflow/.local/lib/python3.8/site-packages/airflow/example_dags/example_branch_operator.py for tasks to queue
[2024-02-03T23:10:05.804+0000] {logging_mixin.py:188} INFO - [2024-02-03T23:10:05.803+0000] {dagbag.py:538} INFO - Filling up the DagBag from /home/airflow/.local/lib/python3.8/site-packages/airflow/example_dags/example_branch_operator.py
[2024-02-03T23:10:05.836+0000] {processor.py:840} INFO - DAG(s) 'example_branch_operator' retrieved from /home/airflow/.local/lib/python3.8/site-packages/airflow/example_dags/example_branch_operator.py
[2024-02-03T23:10:05.882+0000] {logging_mixin.py:188} INFO - [2024-02-03T23:10:05.882+0000] {dag.py:3036} INFO - Sync 1 DAGs
[2024-02-03T23:10:05.921+0000] {logging_mixin.py:188} INFO - [2024-02-03T23:10:05.920+0000] {dag.py:3823} INFO - Setting next_dagrun for example_branch_operator to 2024-02-02 00:00:00+00:00, run_after=2024-02-03 00:00:00+00:00
[2024-02-03T23:10:05.959+0000] {processor.py:183} INFO - Processing /home/airflow/.local/lib/python3.8/site-packages/airflow/example_dags/example_branch_operator.py took 0.172 seconds
[2024-02-03T23:10:36.250+0000] {processor.py:161} INFO - Started process (PID=159) to work on /home/airflow/.local/lib/python3.8/site-packages/airflow/example_dags/example_branch_operator.py
[2024-02-03T23:10:36.256+0000] {processor.py:830} INFO - Processing file /home/airflow/.local/lib/python3.8/site-packages/airflow/example_dags/example_branch_operator.py for tasks to queue
[2024-02-03T23:10:36.263+0000] {logging_mixin.py:188} INFO - [2024-02-03T23:10:36.263+0000] {dagbag.py:538} INFO - Filling up the DagBag from /home/airflow/.local/lib/python3.8/site-packages/airflow/example_dags/example_branch_operator.py
[2024-02-03T23:10:36.310+0000] {processor.py:840} INFO - DAG(s) 'example_branch_operator' retrieved from /home/airflow/.local/lib/python3.8/site-packages/airflow/example_dags/example_branch_operator.py
[2024-02-03T23:10:36.354+0000] {logging_mixin.py:188} INFO - [2024-02-03T23:10:36.354+0000] {dag.py:3036} INFO - Sync 1 DAGs
[2024-02-03T23:10:36.396+0000] {logging_mixin.py:188} INFO - [2024-02-03T23:10:36.395+0000] {dag.py:3823} INFO - Setting next_dagrun for example_branch_operator to 2024-02-02 00:00:00+00:00, run_after=2024-02-03 00:00:00+00:00
[2024-02-03T23:10:36.429+0000] {processor.py:183} INFO - Processing /home/airflow/.local/lib/python3.8/site-packages/airflow/example_dags/example_branch_operator.py took 0.197 seconds
[2024-02-03T23:11:06.800+0000] {processor.py:161} INFO - Started process (PID=213) to work on /home/airflow/.local/lib/python3.8/site-packages/airflow/example_dags/example_branch_operator.py
[2024-02-03T23:11:06.805+0000] {processor.py:830} INFO - Processing file /home/airflow/.local/lib/python3.8/site-packages/airflow/example_dags/example_branch_operator.py for tasks to queue
[2024-02-03T23:11:06.811+0000] {logging_mixin.py:188} INFO - [2024-02-03T23:11:06.810+0000] {dagbag.py:538} INFO - Filling up the DagBag from /home/airflow/.local/lib/python3.8/site-packages/airflow/example_dags/example_branch_operator.py
[2024-02-03T23:11:06.855+0000] {processor.py:840} INFO - DAG(s) 'example_branch_operator' retrieved from /home/airflow/.local/lib/python3.8/site-packages/airflow/example_dags/example_branch_operator.py
[2024-02-03T23:11:06.936+0000] {logging_mixin.py:188} INFO - [2024-02-03T23:11:06.936+0000] {dag.py:3036} INFO - Sync 1 DAGs
[2024-02-03T23:11:06.986+0000] {logging_mixin.py:188} INFO - [2024-02-03T23:11:06.986+0000] {dag.py:3823} INFO - Setting next_dagrun for example_branch_operator to 2024-02-02 00:00:00+00:00, run_after=2024-02-03 00:00:00+00:00
[2024-02-03T23:11:07.028+0000] {processor.py:183} INFO - Processing /home/airflow/.local/lib/python3.8/site-packages/airflow/example_dags/example_branch_operator.py took 0.234 seconds
[2024-02-03T23:11:38.437+0000] {processor.py:161} INFO - Started process (PID=268) to work on /home/airflow/.local/lib/python3.8/site-packages/airflow/example_dags/example_branch_operator.py
[2024-02-03T23:11:38.455+0000] {processor.py:830} INFO - Processing file /home/airflow/.local/lib/python3.8/site-packages/airflow/example_dags/example_branch_operator.py for tasks to queue
[2024-02-03T23:11:38.470+0000] {logging_mixin.py:188} INFO - [2024-02-03T23:11:38.470+0000] {dagbag.py:538} INFO - Filling up the DagBag from /home/airflow/.local/lib/python3.8/site-packages/airflow/example_dags/example_branch_operator.py
[2024-02-03T23:11:38.558+0000] {processor.py:840} INFO - DAG(s) 'example_branch_operator' retrieved from /home/airflow/.local/lib/python3.8/site-packages/airflow/example_dags/example_branch_operator.py
[2024-02-03T23:11:38.797+0000] {logging_mixin.py:188} INFO - [2024-02-03T23:11:38.796+0000] {dag.py:3036} INFO - Sync 1 DAGs
[2024-02-03T23:11:39.112+0000] {logging_mixin.py:188} INFO - [2024-02-03T23:11:39.110+0000] {dag.py:3823} INFO - Setting next_dagrun for example_branch_operator to 2024-02-02 00:00:00+00:00, run_after=2024-02-03 00:00:00+00:00
[2024-02-03T23:11:39.259+0000] {processor.py:183} INFO - Processing /home/airflow/.local/lib/python3.8/site-packages/airflow/example_dags/example_branch_operator.py took 0.889 seconds
[2024-02-03T23:12:10.097+0000] {processor.py:161} INFO - Started process (PID=328) to work on /home/airflow/.local/lib/python3.8/site-packages/airflow/example_dags/example_branch_operator.py
[2024-02-03T23:12:10.101+0000] {processor.py:830} INFO - Processing file /home/airflow/.local/lib/python3.8/site-packages/airflow/example_dags/example_branch_operator.py for tasks to queue
[2024-02-03T23:12:10.121+0000] {logging_mixin.py:188} INFO - [2024-02-03T23:12:10.121+0000] {dagbag.py:538} INFO - Filling up the DagBag from /home/airflow/.local/lib/python3.8/site-packages/airflow/example_dags/example_branch_operator.py
[2024-02-03T23:12:10.201+0000] {processor.py:840} INFO - DAG(s) 'example_branch_operator' retrieved from /home/airflow/.local/lib/python3.8/site-packages/airflow/example_dags/example_branch_operator.py
[2024-02-03T23:12:10.381+0000] {logging_mixin.py:188} INFO - [2024-02-03T23:12:10.381+0000] {dag.py:3036} INFO - Sync 1 DAGs
[2024-02-03T23:12:10.621+0000] {logging_mixin.py:188} INFO - [2024-02-03T23:12:10.616+0000] {dag.py:3823} INFO - Setting next_dagrun for example_branch_operator to 2024-02-02 00:00:00+00:00, run_after=2024-02-03 00:00:00+00:00
[2024-02-03T23:12:10.900+0000] {processor.py:183} INFO - Processing /home/airflow/.local/lib/python3.8/site-packages/airflow/example_dags/example_branch_operator.py took 0.817 seconds
[2024-02-03T23:12:41.928+0000] {processor.py:161} INFO - Started process (PID=383) to work on /home/airflow/.local/lib/python3.8/site-packages/airflow/example_dags/example_branch_operator.py
[2024-02-03T23:12:41.933+0000] {processor.py:830} INFO - Processing file /home/airflow/.local/lib/python3.8/site-packages/airflow/example_dags/example_branch_operator.py for tasks to queue
[2024-02-03T23:12:41.969+0000] {logging_mixin.py:188} INFO - [2024-02-03T23:12:41.969+0000] {dagbag.py:538} INFO - Filling up the DagBag from /home/airflow/.local/lib/python3.8/site-packages/airflow/example_dags/example_branch_operator.py
[2024-02-03T23:12:42.012+0000] {processor.py:840} INFO - DAG(s) 'example_branch_operator' retrieved from /home/airflow/.local/lib/python3.8/site-packages/airflow/example_dags/example_branch_operator.py
[2024-02-03T23:12:42.187+0000] {logging_mixin.py:188} INFO - [2024-02-03T23:12:42.187+0000] {dag.py:3036} INFO - Sync 1 DAGs
[2024-02-03T23:12:42.365+0000] {logging_mixin.py:188} INFO - [2024-02-03T23:12:42.364+0000] {dag.py:3823} INFO - Setting next_dagrun for example_branch_operator to 2024-02-02 00:00:00+00:00, run_after=2024-02-03 00:00:00+00:00
[2024-02-03T23:12:42.466+0000] {processor.py:183} INFO - Processing /home/airflow/.local/lib/python3.8/site-packages/airflow/example_dags/example_branch_operator.py took 0.543 seconds
[2024-02-03T23:13:13.144+0000] {processor.py:161} INFO - Started process (PID=439) to work on /home/airflow/.local/lib/python3.8/site-packages/airflow/example_dags/example_branch_operator.py
[2024-02-03T23:13:13.147+0000] {processor.py:830} INFO - Processing file /home/airflow/.local/lib/python3.8/site-packages/airflow/example_dags/example_branch_operator.py for tasks to queue
[2024-02-03T23:13:13.154+0000] {logging_mixin.py:188} INFO - [2024-02-03T23:13:13.153+0000] {dagbag.py:538} INFO - Filling up the DagBag from /home/airflow/.local/lib/python3.8/site-packages/airflow/example_dags/example_branch_operator.py
[2024-02-03T23:13:13.202+0000] {processor.py:840} INFO - DAG(s) 'example_branch_operator' retrieved from /home/airflow/.local/lib/python3.8/site-packages/airflow/example_dags/example_branch_operator.py
[2024-02-03T23:13:13.279+0000] {logging_mixin.py:188} INFO - [2024-02-03T23:13:13.278+0000] {dag.py:3036} INFO - Sync 1 DAGs
[2024-02-03T23:13:13.321+0000] {logging_mixin.py:188} INFO - [2024-02-03T23:13:13.321+0000] {dag.py:3823} INFO - Setting next_dagrun for example_branch_operator to 2024-02-02 00:00:00+00:00, run_after=2024-02-03 00:00:00+00:00
[2024-02-03T23:13:13.355+0000] {processor.py:183} INFO - Processing /home/airflow/.local/lib/python3.8/site-packages/airflow/example_dags/example_branch_operator.py took 0.219 seconds
[2024-02-03T23:13:43.703+0000] {processor.py:161} INFO - Started process (PID=494) to work on /home/airflow/.local/lib/python3.8/site-packages/airflow/example_dags/example_branch_operator.py
[2024-02-03T23:13:43.706+0000] {processor.py:830} INFO - Processing file /home/airflow/.local/lib/python3.8/site-packages/airflow/example_dags/example_branch_operator.py for tasks to queue
[2024-02-03T23:13:43.710+0000] {logging_mixin.py:188} INFO - [2024-02-03T23:13:43.710+0000] {dagbag.py:538} INFO - Filling up the DagBag from /home/airflow/.local/lib/python3.8/site-packages/airflow/example_dags/example_branch_operator.py
[2024-02-03T23:13:43.743+0000] {processor.py:840} INFO - DAG(s) 'example_branch_operator' retrieved from /home/airflow/.local/lib/python3.8/site-packages/airflow/example_dags/example_branch_operator.py
[2024-02-03T23:13:43.787+0000] {logging_mixin.py:188} INFO - [2024-02-03T23:13:43.787+0000] {dag.py:3036} INFO - Sync 1 DAGs
[2024-02-03T23:13:43.828+0000] {logging_mixin.py:188} INFO - [2024-02-03T23:13:43.828+0000] {dag.py:3823} INFO - Setting next_dagrun for example_branch_operator to 2024-02-02 00:00:00+00:00, run_after=2024-02-03 00:00:00+00:00
[2024-02-03T23:13:43.881+0000] {processor.py:183} INFO - Processing /home/airflow/.local/lib/python3.8/site-packages/airflow/example_dags/example_branch_operator.py took 0.182 seconds
[2024-02-03T23:14:14.045+0000] {processor.py:161} INFO - Started process (PID=549) to work on /home/airflow/.local/lib/python3.8/site-packages/airflow/example_dags/example_branch_operator.py
[2024-02-03T23:14:14.050+0000] {processor.py:830} INFO - Processing file /home/airflow/.local/lib/python3.8/site-packages/airflow/example_dags/example_branch_operator.py for tasks to queue
[2024-02-03T23:14:14.055+0000] {logging_mixin.py:188} INFO - [2024-02-03T23:14:14.055+0000] {dagbag.py:538} INFO - Filling up the DagBag from /home/airflow/.local/lib/python3.8/site-packages/airflow/example_dags/example_branch_operator.py
[2024-02-03T23:14:14.098+0000] {processor.py:840} INFO - DAG(s) 'example_branch_operator' retrieved from /home/airflow/.local/lib/python3.8/site-packages/airflow/example_dags/example_branch_operator.py
[2024-02-03T23:14:14.182+0000] {logging_mixin.py:188} INFO - [2024-02-03T23:14:14.181+0000] {dag.py:3036} INFO - Sync 1 DAGs
[2024-02-03T23:14:14.232+0000] {logging_mixin.py:188} INFO - [2024-02-03T23:14:14.232+0000] {dag.py:3823} INFO - Setting next_dagrun for example_branch_operator to 2024-02-02 00:00:00+00:00, run_after=2024-02-03 00:00:00+00:00
[2024-02-03T23:14:14.271+0000] {processor.py:183} INFO - Processing /home/airflow/.local/lib/python3.8/site-packages/airflow/example_dags/example_branch_operator.py took 0.245 seconds
[2024-02-03T23:14:45.130+0000] {processor.py:161} INFO - Started process (PID=604) to work on /home/airflow/.local/lib/python3.8/site-packages/airflow/example_dags/example_branch_operator.py
[2024-02-03T23:14:45.138+0000] {processor.py:830} INFO - Processing file /home/airflow/.local/lib/python3.8/site-packages/airflow/example_dags/example_branch_operator.py for tasks to queue
[2024-02-03T23:14:45.156+0000] {logging_mixin.py:188} INFO - [2024-02-03T23:14:45.155+0000] {dagbag.py:538} INFO - Filling up the DagBag from /home/airflow/.local/lib/python3.8/site-packages/airflow/example_dags/example_branch_operator.py
[2024-02-03T23:14:45.269+0000] {processor.py:840} INFO - DAG(s) 'example_branch_operator' retrieved from /home/airflow/.local/lib/python3.8/site-packages/airflow/example_dags/example_branch_operator.py
[2024-02-03T23:14:45.404+0000] {logging_mixin.py:188} INFO - [2024-02-03T23:14:45.404+0000] {dag.py:3036} INFO - Sync 1 DAGs
[2024-02-03T23:14:45.522+0000] {logging_mixin.py:188} INFO - [2024-02-03T23:14:45.521+0000] {dag.py:3823} INFO - Setting next_dagrun for example_branch_operator to 2024-02-02 00:00:00+00:00, run_after=2024-02-03 00:00:00+00:00
[2024-02-03T23:14:45.709+0000] {processor.py:183} INFO - Processing /home/airflow/.local/lib/python3.8/site-packages/airflow/example_dags/example_branch_operator.py took 0.602 seconds
[2024-02-03T23:15:16.615+0000] {processor.py:161} INFO - Started process (PID=659) to work on /home/airflow/.local/lib/python3.8/site-packages/airflow/example_dags/example_branch_operator.py
[2024-02-03T23:15:16.618+0000] {processor.py:830} INFO - Processing file /home/airflow/.local/lib/python3.8/site-packages/airflow/example_dags/example_branch_operator.py for tasks to queue
[2024-02-03T23:15:16.625+0000] {logging_mixin.py:188} INFO - [2024-02-03T23:15:16.624+0000] {dagbag.py:538} INFO - Filling up the DagBag from /home/airflow/.local/lib/python3.8/site-packages/airflow/example_dags/example_branch_operator.py
[2024-02-03T23:15:16.663+0000] {processor.py:840} INFO - DAG(s) 'example_branch_operator' retrieved from /home/airflow/.local/lib/python3.8/site-packages/airflow/example_dags/example_branch_operator.py
[2024-02-03T23:15:16.707+0000] {logging_mixin.py:188} INFO - [2024-02-03T23:15:16.707+0000] {dag.py:3036} INFO - Sync 1 DAGs
[2024-02-03T23:15:16.747+0000] {logging_mixin.py:188} INFO - [2024-02-03T23:15:16.746+0000] {dag.py:3823} INFO - Setting next_dagrun for example_branch_operator to 2024-02-02 00:00:00+00:00, run_after=2024-02-03 00:00:00+00:00
[2024-02-03T23:15:16.781+0000] {processor.py:183} INFO - Processing /home/airflow/.local/lib/python3.8/site-packages/airflow/example_dags/example_branch_operator.py took 0.174 seconds
[2024-02-03T23:15:47.557+0000] {processor.py:161} INFO - Started process (PID=714) to work on /home/airflow/.local/lib/python3.8/site-packages/airflow/example_dags/example_branch_operator.py
[2024-02-03T23:15:47.568+0000] {processor.py:830} INFO - Processing file /home/airflow/.local/lib/python3.8/site-packages/airflow/example_dags/example_branch_operator.py for tasks to queue
[2024-02-03T23:15:47.573+0000] {logging_mixin.py:188} INFO - [2024-02-03T23:15:47.573+0000] {dagbag.py:538} INFO - Filling up the DagBag from /home/airflow/.local/lib/python3.8/site-packages/airflow/example_dags/example_branch_operator.py
[2024-02-03T23:15:47.647+0000] {processor.py:840} INFO - DAG(s) 'example_branch_operator' retrieved from /home/airflow/.local/lib/python3.8/site-packages/airflow/example_dags/example_branch_operator.py
[2024-02-03T23:15:47.781+0000] {logging_mixin.py:188} INFO - [2024-02-03T23:15:47.780+0000] {dag.py:3036} INFO - Sync 1 DAGs
[2024-02-03T23:15:47.898+0000] {logging_mixin.py:188} INFO - [2024-02-03T23:15:47.897+0000] {dag.py:3823} INFO - Setting next_dagrun for example_branch_operator to 2024-02-02 00:00:00+00:00, run_after=2024-02-03 00:00:00+00:00
[2024-02-03T23:15:47.992+0000] {processor.py:183} INFO - Processing /home/airflow/.local/lib/python3.8/site-packages/airflow/example_dags/example_branch_operator.py took 0.445 seconds
[2024-02-03T23:16:18.184+0000] {processor.py:161} INFO - Started process (PID=769) to work on /home/airflow/.local/lib/python3.8/site-packages/airflow/example_dags/example_branch_operator.py
[2024-02-03T23:16:18.197+0000] {processor.py:830} INFO - Processing file /home/airflow/.local/lib/python3.8/site-packages/airflow/example_dags/example_branch_operator.py for tasks to queue
[2024-02-03T23:16:18.205+0000] {logging_mixin.py:188} INFO - [2024-02-03T23:16:18.201+0000] {dagbag.py:538} INFO - Filling up the DagBag from /home/airflow/.local/lib/python3.8/site-packages/airflow/example_dags/example_branch_operator.py
[2024-02-03T23:16:18.280+0000] {processor.py:840} INFO - DAG(s) 'example_branch_operator' retrieved from /home/airflow/.local/lib/python3.8/site-packages/airflow/example_dags/example_branch_operator.py
[2024-02-03T23:16:18.418+0000] {logging_mixin.py:188} INFO - [2024-02-03T23:16:18.418+0000] {dag.py:3036} INFO - Sync 1 DAGs
[2024-02-03T23:16:18.521+0000] {logging_mixin.py:188} INFO - [2024-02-03T23:16:18.521+0000] {dag.py:3823} INFO - Setting next_dagrun for example_branch_operator to 2024-02-02 00:00:00+00:00, run_after=2024-02-03 00:00:00+00:00
[2024-02-03T23:16:18.556+0000] {processor.py:183} INFO - Processing /home/airflow/.local/lib/python3.8/site-packages/airflow/example_dags/example_branch_operator.py took 0.404 seconds
[2024-02-03T23:16:49.129+0000] {processor.py:161} INFO - Started process (PID=824) to work on /home/airflow/.local/lib/python3.8/site-packages/airflow/example_dags/example_branch_operator.py
[2024-02-03T23:16:49.139+0000] {processor.py:830} INFO - Processing file /home/airflow/.local/lib/python3.8/site-packages/airflow/example_dags/example_branch_operator.py for tasks to queue
[2024-02-03T23:16:49.143+0000] {logging_mixin.py:188} INFO - [2024-02-03T23:16:49.142+0000] {dagbag.py:538} INFO - Filling up the DagBag from /home/airflow/.local/lib/python3.8/site-packages/airflow/example_dags/example_branch_operator.py
[2024-02-03T23:16:49.176+0000] {processor.py:840} INFO - DAG(s) 'example_branch_operator' retrieved from /home/airflow/.local/lib/python3.8/site-packages/airflow/example_dags/example_branch_operator.py
[2024-02-03T23:16:49.222+0000] {logging_mixin.py:188} INFO - [2024-02-03T23:16:49.222+0000] {dag.py:3036} INFO - Sync 1 DAGs
[2024-02-03T23:16:49.285+0000] {logging_mixin.py:188} INFO - [2024-02-03T23:16:49.285+0000] {dag.py:3823} INFO - Setting next_dagrun for example_branch_operator to 2024-02-02 00:00:00+00:00, run_after=2024-02-03 00:00:00+00:00
[2024-02-03T23:16:49.334+0000] {processor.py:183} INFO - Processing /home/airflow/.local/lib/python3.8/site-packages/airflow/example_dags/example_branch_operator.py took 0.216 seconds
[2024-02-03T23:17:19.723+0000] {processor.py:161} INFO - Started process (PID=880) to work on /home/airflow/.local/lib/python3.8/site-packages/airflow/example_dags/example_branch_operator.py
[2024-02-03T23:17:19.746+0000] {processor.py:830} INFO - Processing file /home/airflow/.local/lib/python3.8/site-packages/airflow/example_dags/example_branch_operator.py for tasks to queue
[2024-02-03T23:17:19.753+0000] {logging_mixin.py:188} INFO - [2024-02-03T23:17:19.752+0000] {dagbag.py:538} INFO - Filling up the DagBag from /home/airflow/.local/lib/python3.8/site-packages/airflow/example_dags/example_branch_operator.py
[2024-02-03T23:17:19.830+0000] {processor.py:840} INFO - DAG(s) 'example_branch_operator' retrieved from /home/airflow/.local/lib/python3.8/site-packages/airflow/example_dags/example_branch_operator.py
[2024-02-03T23:17:19.943+0000] {logging_mixin.py:188} INFO - [2024-02-03T23:17:19.942+0000] {dag.py:3036} INFO - Sync 1 DAGs
[2024-02-03T23:17:19.981+0000] {logging_mixin.py:188} INFO - [2024-02-03T23:17:19.981+0000] {dag.py:3823} INFO - Setting next_dagrun for example_branch_operator to 2024-02-02 00:00:00+00:00, run_after=2024-02-03 00:00:00+00:00
[2024-02-03T23:17:20.018+0000] {processor.py:183} INFO - Processing /home/airflow/.local/lib/python3.8/site-packages/airflow/example_dags/example_branch_operator.py took 0.308 seconds
