[2024-02-03T23:09:31.805+0000] {processor.py:161} INFO - Started process (PID=44) to work on /home/airflow/.local/lib/python3.8/site-packages/airflow/example_dags/example_sla_dag.py
[2024-02-03T23:09:31.810+0000] {processor.py:830} INFO - Processing file /home/airflow/.local/lib/python3.8/site-packages/airflow/example_dags/example_sla_dag.py for tasks to queue
[2024-02-03T23:09:31.825+0000] {logging_mixin.py:188} INFO - [2024-02-03T23:09:31.819+0000] {dagbag.py:538} INFO - Filling up the DagBag from /home/airflow/.local/lib/python3.8/site-packages/airflow/example_dags/example_sla_dag.py
[2024-02-03T23:09:31.904+0000] {processor.py:840} INFO - DAG(s) 'example_sla_dag' retrieved from /home/airflow/.local/lib/python3.8/site-packages/airflow/example_dags/example_sla_dag.py
[2024-02-03T23:09:32.504+0000] {logging_mixin.py:188} INFO - [2024-02-03T23:09:32.504+0000] {dag.py:3036} INFO - Sync 1 DAGs
[2024-02-03T23:09:32.613+0000] {logging_mixin.py:188} INFO - [2024-02-03T23:09:32.613+0000] {dag.py:3823} INFO - Setting next_dagrun for example_sla_dag to 2024-02-03 23:06:00+00:00, run_after=2024-02-03 23:08:00+00:00
[2024-02-03T23:09:32.693+0000] {processor.py:183} INFO - Processing /home/airflow/.local/lib/python3.8/site-packages/airflow/example_dags/example_sla_dag.py took 0.905 seconds
[2024-02-03T23:10:03.315+0000] {processor.py:161} INFO - Started process (PID=99) to work on /home/airflow/.local/lib/python3.8/site-packages/airflow/example_dags/example_sla_dag.py
[2024-02-03T23:10:03.319+0000] {processor.py:830} INFO - Processing file /home/airflow/.local/lib/python3.8/site-packages/airflow/example_dags/example_sla_dag.py for tasks to queue
[2024-02-03T23:10:03.325+0000] {logging_mixin.py:188} INFO - [2024-02-03T23:10:03.324+0000] {dagbag.py:538} INFO - Filling up the DagBag from /home/airflow/.local/lib/python3.8/site-packages/airflow/example_dags/example_sla_dag.py
[2024-02-03T23:10:03.345+0000] {processor.py:840} INFO - DAG(s) 'example_sla_dag' retrieved from /home/airflow/.local/lib/python3.8/site-packages/airflow/example_dags/example_sla_dag.py
[2024-02-03T23:10:03.381+0000] {logging_mixin.py:188} INFO - [2024-02-03T23:10:03.380+0000] {dag.py:3036} INFO - Sync 1 DAGs
[2024-02-03T23:10:03.427+0000] {logging_mixin.py:188} INFO - [2024-02-03T23:10:03.427+0000] {dag.py:3823} INFO - Setting next_dagrun for example_sla_dag to 2024-02-03 23:08:00+00:00, run_after=2024-02-03 23:10:00+00:00
[2024-02-03T23:10:03.462+0000] {processor.py:183} INFO - Processing /home/airflow/.local/lib/python3.8/site-packages/airflow/example_dags/example_sla_dag.py took 0.154 seconds
[2024-02-03T23:10:33.721+0000] {processor.py:161} INFO - Started process (PID=154) to work on /home/airflow/.local/lib/python3.8/site-packages/airflow/example_dags/example_sla_dag.py
[2024-02-03T23:10:33.724+0000] {processor.py:830} INFO - Processing file /home/airflow/.local/lib/python3.8/site-packages/airflow/example_dags/example_sla_dag.py for tasks to queue
[2024-02-03T23:10:33.730+0000] {logging_mixin.py:188} INFO - [2024-02-03T23:10:33.729+0000] {dagbag.py:538} INFO - Filling up the DagBag from /home/airflow/.local/lib/python3.8/site-packages/airflow/example_dags/example_sla_dag.py
[2024-02-03T23:10:33.749+0000] {processor.py:840} INFO - DAG(s) 'example_sla_dag' retrieved from /home/airflow/.local/lib/python3.8/site-packages/airflow/example_dags/example_sla_dag.py
[2024-02-03T23:10:33.789+0000] {logging_mixin.py:188} INFO - [2024-02-03T23:10:33.789+0000] {dag.py:3036} INFO - Sync 1 DAGs
[2024-02-03T23:10:33.868+0000] {logging_mixin.py:188} INFO - [2024-02-03T23:10:33.861+0000] {dag.py:3823} INFO - Setting next_dagrun for example_sla_dag to 2024-02-03 23:08:00+00:00, run_after=2024-02-03 23:10:00+00:00
[2024-02-03T23:10:33.915+0000] {processor.py:183} INFO - Processing /home/airflow/.local/lib/python3.8/site-packages/airflow/example_dags/example_sla_dag.py took 0.201 seconds
[2024-02-03T23:11:04.442+0000] {processor.py:161} INFO - Started process (PID=208) to work on /home/airflow/.local/lib/python3.8/site-packages/airflow/example_dags/example_sla_dag.py
[2024-02-03T23:11:04.445+0000] {processor.py:830} INFO - Processing file /home/airflow/.local/lib/python3.8/site-packages/airflow/example_dags/example_sla_dag.py for tasks to queue
[2024-02-03T23:11:04.454+0000] {logging_mixin.py:188} INFO - [2024-02-03T23:11:04.453+0000] {dagbag.py:538} INFO - Filling up the DagBag from /home/airflow/.local/lib/python3.8/site-packages/airflow/example_dags/example_sla_dag.py
[2024-02-03T23:11:04.474+0000] {processor.py:840} INFO - DAG(s) 'example_sla_dag' retrieved from /home/airflow/.local/lib/python3.8/site-packages/airflow/example_dags/example_sla_dag.py
[2024-02-03T23:11:04.515+0000] {logging_mixin.py:188} INFO - [2024-02-03T23:11:04.514+0000] {dag.py:3036} INFO - Sync 1 DAGs
[2024-02-03T23:11:04.560+0000] {logging_mixin.py:188} INFO - [2024-02-03T23:11:04.560+0000] {dag.py:3823} INFO - Setting next_dagrun for example_sla_dag to 2024-02-03 23:08:00+00:00, run_after=2024-02-03 23:10:00+00:00
[2024-02-03T23:11:04.593+0000] {processor.py:183} INFO - Processing /home/airflow/.local/lib/python3.8/site-packages/airflow/example_dags/example_sla_dag.py took 0.160 seconds
[2024-02-03T23:11:34.813+0000] {processor.py:161} INFO - Started process (PID=263) to work on /home/airflow/.local/lib/python3.8/site-packages/airflow/example_dags/example_sla_dag.py
[2024-02-03T23:11:34.826+0000] {processor.py:830} INFO - Processing file /home/airflow/.local/lib/python3.8/site-packages/airflow/example_dags/example_sla_dag.py for tasks to queue
[2024-02-03T23:11:34.845+0000] {logging_mixin.py:188} INFO - [2024-02-03T23:11:34.845+0000] {dagbag.py:538} INFO - Filling up the DagBag from /home/airflow/.local/lib/python3.8/site-packages/airflow/example_dags/example_sla_dag.py
[2024-02-03T23:11:34.915+0000] {processor.py:840} INFO - DAG(s) 'example_sla_dag' retrieved from /home/airflow/.local/lib/python3.8/site-packages/airflow/example_dags/example_sla_dag.py
[2024-02-03T23:11:35.107+0000] {logging_mixin.py:188} INFO - [2024-02-03T23:11:35.106+0000] {dag.py:3036} INFO - Sync 1 DAGs
[2024-02-03T23:11:35.252+0000] {logging_mixin.py:188} INFO - [2024-02-03T23:11:35.251+0000] {dag.py:3823} INFO - Setting next_dagrun for example_sla_dag to 2024-02-03 23:08:00+00:00, run_after=2024-02-03 23:10:00+00:00
[2024-02-03T23:11:35.384+0000] {processor.py:183} INFO - Processing /home/airflow/.local/lib/python3.8/site-packages/airflow/example_dags/example_sla_dag.py took 0.604 seconds
[2024-02-03T23:12:05.856+0000] {processor.py:161} INFO - Started process (PID=317) to work on /home/airflow/.local/lib/python3.8/site-packages/airflow/example_dags/example_sla_dag.py
[2024-02-03T23:12:05.862+0000] {processor.py:830} INFO - Processing file /home/airflow/.local/lib/python3.8/site-packages/airflow/example_dags/example_sla_dag.py for tasks to queue
[2024-02-03T23:12:05.873+0000] {logging_mixin.py:188} INFO - [2024-02-03T23:12:05.871+0000] {dagbag.py:538} INFO - Filling up the DagBag from /home/airflow/.local/lib/python3.8/site-packages/airflow/example_dags/example_sla_dag.py
[2024-02-03T23:12:05.896+0000] {processor.py:840} INFO - DAG(s) 'example_sla_dag' retrieved from /home/airflow/.local/lib/python3.8/site-packages/airflow/example_dags/example_sla_dag.py
[2024-02-03T23:12:05.954+0000] {logging_mixin.py:188} INFO - [2024-02-03T23:12:05.954+0000] {dag.py:3036} INFO - Sync 1 DAGs
[2024-02-03T23:12:06.003+0000] {logging_mixin.py:188} INFO - [2024-02-03T23:12:06.003+0000] {dag.py:3823} INFO - Setting next_dagrun for example_sla_dag to 2024-02-03 23:10:00+00:00, run_after=2024-02-03 23:12:00+00:00
[2024-02-03T23:12:06.042+0000] {processor.py:183} INFO - Processing /home/airflow/.local/lib/python3.8/site-packages/airflow/example_dags/example_sla_dag.py took 0.202 seconds
[2024-02-03T23:12:36.316+0000] {processor.py:161} INFO - Started process (PID=372) to work on /home/airflow/.local/lib/python3.8/site-packages/airflow/example_dags/example_sla_dag.py
[2024-02-03T23:12:36.319+0000] {processor.py:830} INFO - Processing file /home/airflow/.local/lib/python3.8/site-packages/airflow/example_dags/example_sla_dag.py for tasks to queue
[2024-02-03T23:12:36.329+0000] {logging_mixin.py:188} INFO - [2024-02-03T23:12:36.328+0000] {dagbag.py:538} INFO - Filling up the DagBag from /home/airflow/.local/lib/python3.8/site-packages/airflow/example_dags/example_sla_dag.py
[2024-02-03T23:12:36.370+0000] {processor.py:840} INFO - DAG(s) 'example_sla_dag' retrieved from /home/airflow/.local/lib/python3.8/site-packages/airflow/example_dags/example_sla_dag.py
[2024-02-03T23:12:36.436+0000] {logging_mixin.py:188} INFO - [2024-02-03T23:12:36.436+0000] {dag.py:3036} INFO - Sync 1 DAGs
[2024-02-03T23:12:36.486+0000] {logging_mixin.py:188} INFO - [2024-02-03T23:12:36.486+0000] {dag.py:3823} INFO - Setting next_dagrun for example_sla_dag to 2024-02-03 23:10:00+00:00, run_after=2024-02-03 23:12:00+00:00
[2024-02-03T23:12:36.544+0000] {processor.py:183} INFO - Processing /home/airflow/.local/lib/python3.8/site-packages/airflow/example_dags/example_sla_dag.py took 0.235 seconds
[2024-02-03T23:13:07.097+0000] {processor.py:161} INFO - Started process (PID=427) to work on /home/airflow/.local/lib/python3.8/site-packages/airflow/example_dags/example_sla_dag.py
[2024-02-03T23:13:07.119+0000] {processor.py:830} INFO - Processing file /home/airflow/.local/lib/python3.8/site-packages/airflow/example_dags/example_sla_dag.py for tasks to queue
[2024-02-03T23:13:07.136+0000] {logging_mixin.py:188} INFO - [2024-02-03T23:13:07.135+0000] {dagbag.py:538} INFO - Filling up the DagBag from /home/airflow/.local/lib/python3.8/site-packages/airflow/example_dags/example_sla_dag.py
[2024-02-03T23:13:07.256+0000] {processor.py:840} INFO - DAG(s) 'example_sla_dag' retrieved from /home/airflow/.local/lib/python3.8/site-packages/airflow/example_dags/example_sla_dag.py
[2024-02-03T23:13:07.340+0000] {logging_mixin.py:188} INFO - [2024-02-03T23:13:07.340+0000] {dag.py:3036} INFO - Sync 1 DAGs
[2024-02-03T23:13:07.438+0000] {logging_mixin.py:188} INFO - [2024-02-03T23:13:07.438+0000] {dag.py:3823} INFO - Setting next_dagrun for example_sla_dag to 2024-02-03 23:10:00+00:00, run_after=2024-02-03 23:12:00+00:00
[2024-02-03T23:13:07.535+0000] {processor.py:183} INFO - Processing /home/airflow/.local/lib/python3.8/site-packages/airflow/example_dags/example_sla_dag.py took 0.444 seconds
[2024-02-03T23:13:38.088+0000] {processor.py:161} INFO - Started process (PID=483) to work on /home/airflow/.local/lib/python3.8/site-packages/airflow/example_dags/example_sla_dag.py
[2024-02-03T23:13:38.091+0000] {processor.py:830} INFO - Processing file /home/airflow/.local/lib/python3.8/site-packages/airflow/example_dags/example_sla_dag.py for tasks to queue
[2024-02-03T23:13:38.102+0000] {logging_mixin.py:188} INFO - [2024-02-03T23:13:38.102+0000] {dagbag.py:538} INFO - Filling up the DagBag from /home/airflow/.local/lib/python3.8/site-packages/airflow/example_dags/example_sla_dag.py
[2024-02-03T23:13:38.118+0000] {processor.py:840} INFO - DAG(s) 'example_sla_dag' retrieved from /home/airflow/.local/lib/python3.8/site-packages/airflow/example_dags/example_sla_dag.py
[2024-02-03T23:13:38.176+0000] {logging_mixin.py:188} INFO - [2024-02-03T23:13:38.176+0000] {dag.py:3036} INFO - Sync 1 DAGs
[2024-02-03T23:13:38.237+0000] {logging_mixin.py:188} INFO - [2024-02-03T23:13:38.237+0000] {dag.py:3823} INFO - Setting next_dagrun for example_sla_dag to 2024-02-03 23:10:00+00:00, run_after=2024-02-03 23:12:00+00:00
[2024-02-03T23:13:38.278+0000] {processor.py:183} INFO - Processing /home/airflow/.local/lib/python3.8/site-packages/airflow/example_dags/example_sla_dag.py took 0.200 seconds
[2024-02-03T23:14:08.494+0000] {processor.py:161} INFO - Started process (PID=538) to work on /home/airflow/.local/lib/python3.8/site-packages/airflow/example_dags/example_sla_dag.py
[2024-02-03T23:14:08.501+0000] {processor.py:830} INFO - Processing file /home/airflow/.local/lib/python3.8/site-packages/airflow/example_dags/example_sla_dag.py for tasks to queue
[2024-02-03T23:14:08.507+0000] {logging_mixin.py:188} INFO - [2024-02-03T23:14:08.507+0000] {dagbag.py:538} INFO - Filling up the DagBag from /home/airflow/.local/lib/python3.8/site-packages/airflow/example_dags/example_sla_dag.py
[2024-02-03T23:14:08.531+0000] {processor.py:840} INFO - DAG(s) 'example_sla_dag' retrieved from /home/airflow/.local/lib/python3.8/site-packages/airflow/example_dags/example_sla_dag.py
[2024-02-03T23:14:08.576+0000] {logging_mixin.py:188} INFO - [2024-02-03T23:14:08.576+0000] {dag.py:3036} INFO - Sync 1 DAGs
[2024-02-03T23:14:08.638+0000] {logging_mixin.py:188} INFO - [2024-02-03T23:14:08.638+0000] {dag.py:3823} INFO - Setting next_dagrun for example_sla_dag to 2024-02-03 23:12:00+00:00, run_after=2024-02-03 23:14:00+00:00
[2024-02-03T23:14:08.684+0000] {processor.py:183} INFO - Processing /home/airflow/.local/lib/python3.8/site-packages/airflow/example_dags/example_sla_dag.py took 0.200 seconds
[2024-02-03T23:14:38.792+0000] {processor.py:161} INFO - Started process (PID=593) to work on /home/airflow/.local/lib/python3.8/site-packages/airflow/example_dags/example_sla_dag.py
[2024-02-03T23:14:38.804+0000] {processor.py:830} INFO - Processing file /home/airflow/.local/lib/python3.8/site-packages/airflow/example_dags/example_sla_dag.py for tasks to queue
[2024-02-03T23:14:38.811+0000] {logging_mixin.py:188} INFO - [2024-02-03T23:14:38.811+0000] {dagbag.py:538} INFO - Filling up the DagBag from /home/airflow/.local/lib/python3.8/site-packages/airflow/example_dags/example_sla_dag.py
[2024-02-03T23:14:38.832+0000] {processor.py:840} INFO - DAG(s) 'example_sla_dag' retrieved from /home/airflow/.local/lib/python3.8/site-packages/airflow/example_dags/example_sla_dag.py
[2024-02-03T23:14:38.870+0000] {logging_mixin.py:188} INFO - [2024-02-03T23:14:38.869+0000] {dag.py:3036} INFO - Sync 1 DAGs
[2024-02-03T23:14:38.922+0000] {logging_mixin.py:188} INFO - [2024-02-03T23:14:38.922+0000] {dag.py:3823} INFO - Setting next_dagrun for example_sla_dag to 2024-02-03 23:12:00+00:00, run_after=2024-02-03 23:14:00+00:00
[2024-02-03T23:14:38.957+0000] {processor.py:183} INFO - Processing /home/airflow/.local/lib/python3.8/site-packages/airflow/example_dags/example_sla_dag.py took 0.175 seconds
[2024-02-03T23:15:10.222+0000] {processor.py:161} INFO - Started process (PID=648) to work on /home/airflow/.local/lib/python3.8/site-packages/airflow/example_dags/example_sla_dag.py
[2024-02-03T23:15:10.230+0000] {processor.py:830} INFO - Processing file /home/airflow/.local/lib/python3.8/site-packages/airflow/example_dags/example_sla_dag.py for tasks to queue
[2024-02-03T23:15:10.243+0000] {logging_mixin.py:188} INFO - [2024-02-03T23:15:10.242+0000] {dagbag.py:538} INFO - Filling up the DagBag from /home/airflow/.local/lib/python3.8/site-packages/airflow/example_dags/example_sla_dag.py
[2024-02-03T23:15:10.284+0000] {processor.py:840} INFO - DAG(s) 'example_sla_dag' retrieved from /home/airflow/.local/lib/python3.8/site-packages/airflow/example_dags/example_sla_dag.py
[2024-02-03T23:15:10.388+0000] {logging_mixin.py:188} INFO - [2024-02-03T23:15:10.388+0000] {dag.py:3036} INFO - Sync 1 DAGs
[2024-02-03T23:15:10.620+0000] {logging_mixin.py:188} INFO - [2024-02-03T23:15:10.620+0000] {dag.py:3823} INFO - Setting next_dagrun for example_sla_dag to 2024-02-03 23:12:00+00:00, run_after=2024-02-03 23:14:00+00:00
[2024-02-03T23:15:10.970+0000] {processor.py:183} INFO - Processing /home/airflow/.local/lib/python3.8/site-packages/airflow/example_dags/example_sla_dag.py took 0.759 seconds
[2024-02-03T23:15:41.915+0000] {processor.py:161} INFO - Started process (PID=709) to work on /home/airflow/.local/lib/python3.8/site-packages/airflow/example_dags/example_sla_dag.py
[2024-02-03T23:15:41.919+0000] {processor.py:830} INFO - Processing file /home/airflow/.local/lib/python3.8/site-packages/airflow/example_dags/example_sla_dag.py for tasks to queue
[2024-02-03T23:15:41.929+0000] {logging_mixin.py:188} INFO - [2024-02-03T23:15:41.928+0000] {dagbag.py:538} INFO - Filling up the DagBag from /home/airflow/.local/lib/python3.8/site-packages/airflow/example_dags/example_sla_dag.py
[2024-02-03T23:15:41.949+0000] {processor.py:840} INFO - DAG(s) 'example_sla_dag' retrieved from /home/airflow/.local/lib/python3.8/site-packages/airflow/example_dags/example_sla_dag.py
[2024-02-03T23:15:41.984+0000] {logging_mixin.py:188} INFO - [2024-02-03T23:15:41.984+0000] {dag.py:3036} INFO - Sync 1 DAGs
[2024-02-03T23:15:42.043+0000] {logging_mixin.py:188} INFO - [2024-02-03T23:15:42.042+0000] {dag.py:3823} INFO - Setting next_dagrun for example_sla_dag to 2024-02-03 23:12:00+00:00, run_after=2024-02-03 23:14:00+00:00
[2024-02-03T23:15:42.083+0000] {processor.py:183} INFO - Processing /home/airflow/.local/lib/python3.8/site-packages/airflow/example_dags/example_sla_dag.py took 0.176 seconds
[2024-02-03T23:16:12.558+0000] {processor.py:161} INFO - Started process (PID=764) to work on /home/airflow/.local/lib/python3.8/site-packages/airflow/example_dags/example_sla_dag.py
[2024-02-03T23:16:12.566+0000] {processor.py:830} INFO - Processing file /home/airflow/.local/lib/python3.8/site-packages/airflow/example_dags/example_sla_dag.py for tasks to queue
[2024-02-03T23:16:12.580+0000] {logging_mixin.py:188} INFO - [2024-02-03T23:16:12.575+0000] {dagbag.py:538} INFO - Filling up the DagBag from /home/airflow/.local/lib/python3.8/site-packages/airflow/example_dags/example_sla_dag.py
[2024-02-03T23:16:12.655+0000] {processor.py:840} INFO - DAG(s) 'example_sla_dag' retrieved from /home/airflow/.local/lib/python3.8/site-packages/airflow/example_dags/example_sla_dag.py
[2024-02-03T23:16:12.717+0000] {logging_mixin.py:188} INFO - [2024-02-03T23:16:12.716+0000] {dag.py:3036} INFO - Sync 1 DAGs
[2024-02-03T23:16:12.804+0000] {logging_mixin.py:188} INFO - [2024-02-03T23:16:12.803+0000] {dag.py:3823} INFO - Setting next_dagrun for example_sla_dag to 2024-02-03 23:14:00+00:00, run_after=2024-02-03 23:16:00+00:00
[2024-02-03T23:16:12.864+0000] {processor.py:183} INFO - Processing /home/airflow/.local/lib/python3.8/site-packages/airflow/example_dags/example_sla_dag.py took 0.320 seconds
[2024-02-03T23:16:43.460+0000] {processor.py:161} INFO - Started process (PID=819) to work on /home/airflow/.local/lib/python3.8/site-packages/airflow/example_dags/example_sla_dag.py
[2024-02-03T23:16:43.468+0000] {processor.py:830} INFO - Processing file /home/airflow/.local/lib/python3.8/site-packages/airflow/example_dags/example_sla_dag.py for tasks to queue
[2024-02-03T23:16:43.479+0000] {logging_mixin.py:188} INFO - [2024-02-03T23:16:43.477+0000] {dagbag.py:538} INFO - Filling up the DagBag from /home/airflow/.local/lib/python3.8/site-packages/airflow/example_dags/example_sla_dag.py
[2024-02-03T23:16:43.506+0000] {processor.py:840} INFO - DAG(s) 'example_sla_dag' retrieved from /home/airflow/.local/lib/python3.8/site-packages/airflow/example_dags/example_sla_dag.py
[2024-02-03T23:16:43.597+0000] {logging_mixin.py:188} INFO - [2024-02-03T23:16:43.597+0000] {dag.py:3036} INFO - Sync 1 DAGs
[2024-02-03T23:16:43.766+0000] {logging_mixin.py:188} INFO - [2024-02-03T23:16:43.766+0000] {dag.py:3823} INFO - Setting next_dagrun for example_sla_dag to 2024-02-03 23:14:00+00:00, run_after=2024-02-03 23:16:00+00:00
[2024-02-03T23:16:43.826+0000] {processor.py:183} INFO - Processing /home/airflow/.local/lib/python3.8/site-packages/airflow/example_dags/example_sla_dag.py took 0.378 seconds
[2024-02-03T23:17:14.449+0000] {processor.py:161} INFO - Started process (PID=875) to work on /home/airflow/.local/lib/python3.8/site-packages/airflow/example_dags/example_sla_dag.py
[2024-02-03T23:17:14.452+0000] {processor.py:830} INFO - Processing file /home/airflow/.local/lib/python3.8/site-packages/airflow/example_dags/example_sla_dag.py for tasks to queue
[2024-02-03T23:17:14.461+0000] {logging_mixin.py:188} INFO - [2024-02-03T23:17:14.459+0000] {dagbag.py:538} INFO - Filling up the DagBag from /home/airflow/.local/lib/python3.8/site-packages/airflow/example_dags/example_sla_dag.py
[2024-02-03T23:17:14.509+0000] {processor.py:840} INFO - DAG(s) 'example_sla_dag' retrieved from /home/airflow/.local/lib/python3.8/site-packages/airflow/example_dags/example_sla_dag.py
[2024-02-03T23:17:14.572+0000] {logging_mixin.py:188} INFO - [2024-02-03T23:17:14.572+0000] {dag.py:3036} INFO - Sync 1 DAGs
[2024-02-03T23:17:14.661+0000] {logging_mixin.py:188} INFO - [2024-02-03T23:17:14.661+0000] {dag.py:3823} INFO - Setting next_dagrun for example_sla_dag to 2024-02-03 23:14:00+00:00, run_after=2024-02-03 23:16:00+00:00
[2024-02-03T23:17:14.745+0000] {processor.py:183} INFO - Processing /home/airflow/.local/lib/python3.8/site-packages/airflow/example_dags/example_sla_dag.py took 0.320 seconds
