[2024-02-03T23:09:28.345+0000] {processor.py:161} INFO - Started process (PID=37) to work on /home/airflow/.local/lib/python3.8/site-packages/airflow/example_dags/example_external_task_marker_dag.py
[2024-02-03T23:09:28.352+0000] {processor.py:830} INFO - Processing file /home/airflow/.local/lib/python3.8/site-packages/airflow/example_dags/example_external_task_marker_dag.py for tasks to queue
[2024-02-03T23:09:28.366+0000] {logging_mixin.py:188} INFO - [2024-02-03T23:09:28.363+0000] {dagbag.py:538} INFO - Filling up the DagBag from /home/airflow/.local/lib/python3.8/site-packages/airflow/example_dags/example_external_task_marker_dag.py
[2024-02-03T23:09:28.405+0000] {processor.py:840} INFO - DAG(s) 'example_external_task_marker_child', 'example_external_task_marker_parent' retrieved from /home/airflow/.local/lib/python3.8/site-packages/airflow/example_dags/example_external_task_marker_dag.py
[2024-02-03T23:09:29.112+0000] {logging_mixin.py:188} INFO - [2024-02-03T23:09:29.112+0000] {dag.py:3036} INFO - Sync 2 DAGs
[2024-02-03T23:09:29.161+0000] {logging_mixin.py:188} INFO - [2024-02-03T23:09:29.161+0000] {dag.py:3823} INFO - Setting next_dagrun for example_external_task_marker_child to None, run_after=None
[2024-02-03T23:09:29.168+0000] {logging_mixin.py:188} INFO - [2024-02-03T23:09:29.168+0000] {dag.py:3823} INFO - Setting next_dagrun for example_external_task_marker_parent to None, run_after=None
[2024-02-03T23:09:29.257+0000] {processor.py:183} INFO - Processing /home/airflow/.local/lib/python3.8/site-packages/airflow/example_dags/example_external_task_marker_dag.py took 0.934 seconds
[2024-02-03T23:09:59.452+0000] {processor.py:161} INFO - Started process (PID=92) to work on /home/airflow/.local/lib/python3.8/site-packages/airflow/example_dags/example_external_task_marker_dag.py
[2024-02-03T23:09:59.454+0000] {processor.py:830} INFO - Processing file /home/airflow/.local/lib/python3.8/site-packages/airflow/example_dags/example_external_task_marker_dag.py for tasks to queue
[2024-02-03T23:09:59.461+0000] {logging_mixin.py:188} INFO - [2024-02-03T23:09:59.460+0000] {dagbag.py:538} INFO - Filling up the DagBag from /home/airflow/.local/lib/python3.8/site-packages/airflow/example_dags/example_external_task_marker_dag.py
[2024-02-03T23:09:59.474+0000] {processor.py:840} INFO - DAG(s) 'example_external_task_marker_child', 'example_external_task_marker_parent' retrieved from /home/airflow/.local/lib/python3.8/site-packages/airflow/example_dags/example_external_task_marker_dag.py
[2024-02-03T23:09:59.549+0000] {logging_mixin.py:188} INFO - [2024-02-03T23:09:59.549+0000] {dag.py:3036} INFO - Sync 2 DAGs
[2024-02-03T23:09:59.584+0000] {logging_mixin.py:188} INFO - [2024-02-03T23:09:59.584+0000] {dag.py:3823} INFO - Setting next_dagrun for example_external_task_marker_child to None, run_after=None
[2024-02-03T23:09:59.596+0000] {logging_mixin.py:188} INFO - [2024-02-03T23:09:59.596+0000] {dag.py:3823} INFO - Setting next_dagrun for example_external_task_marker_parent to None, run_after=None
[2024-02-03T23:09:59.630+0000] {processor.py:183} INFO - Processing /home/airflow/.local/lib/python3.8/site-packages/airflow/example_dags/example_external_task_marker_dag.py took 0.185 seconds
[2024-02-03T23:10:29.742+0000] {processor.py:161} INFO - Started process (PID=146) to work on /home/airflow/.local/lib/python3.8/site-packages/airflow/example_dags/example_external_task_marker_dag.py
[2024-02-03T23:10:29.745+0000] {processor.py:830} INFO - Processing file /home/airflow/.local/lib/python3.8/site-packages/airflow/example_dags/example_external_task_marker_dag.py for tasks to queue
[2024-02-03T23:10:29.749+0000] {logging_mixin.py:188} INFO - [2024-02-03T23:10:29.748+0000] {dagbag.py:538} INFO - Filling up the DagBag from /home/airflow/.local/lib/python3.8/site-packages/airflow/example_dags/example_external_task_marker_dag.py
[2024-02-03T23:10:29.759+0000] {processor.py:840} INFO - DAG(s) 'example_external_task_marker_parent', 'example_external_task_marker_child' retrieved from /home/airflow/.local/lib/python3.8/site-packages/airflow/example_dags/example_external_task_marker_dag.py
[2024-02-03T23:10:29.797+0000] {logging_mixin.py:188} INFO - [2024-02-03T23:10:29.797+0000] {dag.py:3036} INFO - Sync 2 DAGs
[2024-02-03T23:10:29.818+0000] {logging_mixin.py:188} INFO - [2024-02-03T23:10:29.818+0000] {dag.py:3823} INFO - Setting next_dagrun for example_external_task_marker_child to None, run_after=None
[2024-02-03T23:10:29.826+0000] {logging_mixin.py:188} INFO - [2024-02-03T23:10:29.825+0000] {dag.py:3823} INFO - Setting next_dagrun for example_external_task_marker_parent to None, run_after=None
[2024-02-03T23:10:29.856+0000] {processor.py:183} INFO - Processing /home/airflow/.local/lib/python3.8/site-packages/airflow/example_dags/example_external_task_marker_dag.py took 0.119 seconds
[2024-02-03T23:10:59.993+0000] {processor.py:161} INFO - Started process (PID=200) to work on /home/airflow/.local/lib/python3.8/site-packages/airflow/example_dags/example_external_task_marker_dag.py
[2024-02-03T23:11:00.003+0000] {processor.py:830} INFO - Processing file /home/airflow/.local/lib/python3.8/site-packages/airflow/example_dags/example_external_task_marker_dag.py for tasks to queue
[2024-02-03T23:11:00.014+0000] {logging_mixin.py:188} INFO - [2024-02-03T23:11:00.012+0000] {dagbag.py:538} INFO - Filling up the DagBag from /home/airflow/.local/lib/python3.8/site-packages/airflow/example_dags/example_external_task_marker_dag.py
[2024-02-03T23:11:00.041+0000] {processor.py:840} INFO - DAG(s) 'example_external_task_marker_parent', 'example_external_task_marker_child' retrieved from /home/airflow/.local/lib/python3.8/site-packages/airflow/example_dags/example_external_task_marker_dag.py
[2024-02-03T23:11:00.107+0000] {logging_mixin.py:188} INFO - [2024-02-03T23:11:00.107+0000] {dag.py:3036} INFO - Sync 2 DAGs
[2024-02-03T23:11:00.147+0000] {logging_mixin.py:188} INFO - [2024-02-03T23:11:00.147+0000] {dag.py:3823} INFO - Setting next_dagrun for example_external_task_marker_child to None, run_after=None
[2024-02-03T23:11:00.158+0000] {logging_mixin.py:188} INFO - [2024-02-03T23:11:00.158+0000] {dag.py:3823} INFO - Setting next_dagrun for example_external_task_marker_parent to None, run_after=None
[2024-02-03T23:11:00.240+0000] {processor.py:183} INFO - Processing /home/airflow/.local/lib/python3.8/site-packages/airflow/example_dags/example_external_task_marker_dag.py took 0.259 seconds
[2024-02-03T23:11:30.516+0000] {processor.py:161} INFO - Started process (PID=255) to work on /home/airflow/.local/lib/python3.8/site-packages/airflow/example_dags/example_external_task_marker_dag.py
[2024-02-03T23:11:30.519+0000] {processor.py:830} INFO - Processing file /home/airflow/.local/lib/python3.8/site-packages/airflow/example_dags/example_external_task_marker_dag.py for tasks to queue
[2024-02-03T23:11:30.523+0000] {logging_mixin.py:188} INFO - [2024-02-03T23:11:30.523+0000] {dagbag.py:538} INFO - Filling up the DagBag from /home/airflow/.local/lib/python3.8/site-packages/airflow/example_dags/example_external_task_marker_dag.py
[2024-02-03T23:11:30.535+0000] {processor.py:840} INFO - DAG(s) 'example_external_task_marker_child', 'example_external_task_marker_parent' retrieved from /home/airflow/.local/lib/python3.8/site-packages/airflow/example_dags/example_external_task_marker_dag.py
[2024-02-03T23:11:30.573+0000] {logging_mixin.py:188} INFO - [2024-02-03T23:11:30.573+0000] {dag.py:3036} INFO - Sync 2 DAGs
[2024-02-03T23:11:30.592+0000] {logging_mixin.py:188} INFO - [2024-02-03T23:11:30.592+0000] {dag.py:3823} INFO - Setting next_dagrun for example_external_task_marker_child to None, run_after=None
[2024-02-03T23:11:30.599+0000] {logging_mixin.py:188} INFO - [2024-02-03T23:11:30.599+0000] {dag.py:3823} INFO - Setting next_dagrun for example_external_task_marker_parent to None, run_after=None
[2024-02-03T23:11:30.626+0000] {processor.py:183} INFO - Processing /home/airflow/.local/lib/python3.8/site-packages/airflow/example_dags/example_external_task_marker_dag.py took 0.117 seconds
[2024-02-03T23:12:00.792+0000] {processor.py:161} INFO - Started process (PID=309) to work on /home/airflow/.local/lib/python3.8/site-packages/airflow/example_dags/example_external_task_marker_dag.py
[2024-02-03T23:12:00.797+0000] {processor.py:830} INFO - Processing file /home/airflow/.local/lib/python3.8/site-packages/airflow/example_dags/example_external_task_marker_dag.py for tasks to queue
[2024-02-03T23:12:00.802+0000] {logging_mixin.py:188} INFO - [2024-02-03T23:12:00.801+0000] {dagbag.py:538} INFO - Filling up the DagBag from /home/airflow/.local/lib/python3.8/site-packages/airflow/example_dags/example_external_task_marker_dag.py
[2024-02-03T23:12:00.814+0000] {processor.py:840} INFO - DAG(s) 'example_external_task_marker_child', 'example_external_task_marker_parent' retrieved from /home/airflow/.local/lib/python3.8/site-packages/airflow/example_dags/example_external_task_marker_dag.py
[2024-02-03T23:12:00.855+0000] {logging_mixin.py:188} INFO - [2024-02-03T23:12:00.854+0000] {dag.py:3036} INFO - Sync 2 DAGs
[2024-02-03T23:12:00.877+0000] {logging_mixin.py:188} INFO - [2024-02-03T23:12:00.876+0000] {dag.py:3823} INFO - Setting next_dagrun for example_external_task_marker_child to None, run_after=None
[2024-02-03T23:12:00.885+0000] {logging_mixin.py:188} INFO - [2024-02-03T23:12:00.885+0000] {dag.py:3823} INFO - Setting next_dagrun for example_external_task_marker_parent to None, run_after=None
[2024-02-03T23:12:00.915+0000] {processor.py:183} INFO - Processing /home/airflow/.local/lib/python3.8/site-packages/airflow/example_dags/example_external_task_marker_dag.py took 0.128 seconds
[2024-02-03T23:12:31.524+0000] {processor.py:161} INFO - Started process (PID=364) to work on /home/airflow/.local/lib/python3.8/site-packages/airflow/example_dags/example_external_task_marker_dag.py
[2024-02-03T23:12:31.527+0000] {processor.py:830} INFO - Processing file /home/airflow/.local/lib/python3.8/site-packages/airflow/example_dags/example_external_task_marker_dag.py for tasks to queue
[2024-02-03T23:12:31.531+0000] {logging_mixin.py:188} INFO - [2024-02-03T23:12:31.531+0000] {dagbag.py:538} INFO - Filling up the DagBag from /home/airflow/.local/lib/python3.8/site-packages/airflow/example_dags/example_external_task_marker_dag.py
[2024-02-03T23:12:31.542+0000] {processor.py:840} INFO - DAG(s) 'example_external_task_marker_parent', 'example_external_task_marker_child' retrieved from /home/airflow/.local/lib/python3.8/site-packages/airflow/example_dags/example_external_task_marker_dag.py
[2024-02-03T23:12:31.581+0000] {logging_mixin.py:188} INFO - [2024-02-03T23:12:31.581+0000] {dag.py:3036} INFO - Sync 2 DAGs
[2024-02-03T23:12:31.601+0000] {logging_mixin.py:188} INFO - [2024-02-03T23:12:31.601+0000] {dag.py:3823} INFO - Setting next_dagrun for example_external_task_marker_child to None, run_after=None
[2024-02-03T23:12:31.608+0000] {logging_mixin.py:188} INFO - [2024-02-03T23:12:31.608+0000] {dag.py:3823} INFO - Setting next_dagrun for example_external_task_marker_parent to None, run_after=None
[2024-02-03T23:12:31.635+0000] {processor.py:183} INFO - Processing /home/airflow/.local/lib/python3.8/site-packages/airflow/example_dags/example_external_task_marker_dag.py took 0.116 seconds
[2024-02-03T23:13:02.298+0000] {processor.py:161} INFO - Started process (PID=419) to work on /home/airflow/.local/lib/python3.8/site-packages/airflow/example_dags/example_external_task_marker_dag.py
[2024-02-03T23:13:02.305+0000] {processor.py:830} INFO - Processing file /home/airflow/.local/lib/python3.8/site-packages/airflow/example_dags/example_external_task_marker_dag.py for tasks to queue
[2024-02-03T23:13:02.310+0000] {logging_mixin.py:188} INFO - [2024-02-03T23:13:02.309+0000] {dagbag.py:538} INFO - Filling up the DagBag from /home/airflow/.local/lib/python3.8/site-packages/airflow/example_dags/example_external_task_marker_dag.py
[2024-02-03T23:13:02.332+0000] {processor.py:840} INFO - DAG(s) 'example_external_task_marker_child', 'example_external_task_marker_parent' retrieved from /home/airflow/.local/lib/python3.8/site-packages/airflow/example_dags/example_external_task_marker_dag.py
[2024-02-03T23:13:02.371+0000] {logging_mixin.py:188} INFO - [2024-02-03T23:13:02.371+0000] {dag.py:3036} INFO - Sync 2 DAGs
[2024-02-03T23:13:02.394+0000] {logging_mixin.py:188} INFO - [2024-02-03T23:13:02.394+0000] {dag.py:3823} INFO - Setting next_dagrun for example_external_task_marker_child to None, run_after=None
[2024-02-03T23:13:02.409+0000] {logging_mixin.py:188} INFO - [2024-02-03T23:13:02.409+0000] {dag.py:3823} INFO - Setting next_dagrun for example_external_task_marker_parent to None, run_after=None
[2024-02-03T23:13:02.441+0000] {processor.py:183} INFO - Processing /home/airflow/.local/lib/python3.8/site-packages/airflow/example_dags/example_external_task_marker_dag.py took 0.150 seconds
[2024-02-03T23:13:32.875+0000] {processor.py:161} INFO - Started process (PID=475) to work on /home/airflow/.local/lib/python3.8/site-packages/airflow/example_dags/example_external_task_marker_dag.py
[2024-02-03T23:13:32.879+0000] {processor.py:830} INFO - Processing file /home/airflow/.local/lib/python3.8/site-packages/airflow/example_dags/example_external_task_marker_dag.py for tasks to queue
[2024-02-03T23:13:32.890+0000] {logging_mixin.py:188} INFO - [2024-02-03T23:13:32.889+0000] {dagbag.py:538} INFO - Filling up the DagBag from /home/airflow/.local/lib/python3.8/site-packages/airflow/example_dags/example_external_task_marker_dag.py
[2024-02-03T23:13:32.905+0000] {processor.py:840} INFO - DAG(s) 'example_external_task_marker_parent', 'example_external_task_marker_child' retrieved from /home/airflow/.local/lib/python3.8/site-packages/airflow/example_dags/example_external_task_marker_dag.py
[2024-02-03T23:13:32.983+0000] {logging_mixin.py:188} INFO - [2024-02-03T23:13:32.983+0000] {dag.py:3036} INFO - Sync 2 DAGs
[2024-02-03T23:13:33.095+0000] {logging_mixin.py:188} INFO - [2024-02-03T23:13:33.088+0000] {dag.py:3823} INFO - Setting next_dagrun for example_external_task_marker_child to None, run_after=None
[2024-02-03T23:13:33.110+0000] {logging_mixin.py:188} INFO - [2024-02-03T23:13:33.110+0000] {dag.py:3823} INFO - Setting next_dagrun for example_external_task_marker_parent to None, run_after=None
[2024-02-03T23:13:33.895+0000] {processor.py:183} INFO - Processing /home/airflow/.local/lib/python3.8/site-packages/airflow/example_dags/example_external_task_marker_dag.py took 1.025 seconds
[2024-02-03T23:14:04.107+0000] {processor.py:161} INFO - Started process (PID=530) to work on /home/airflow/.local/lib/python3.8/site-packages/airflow/example_dags/example_external_task_marker_dag.py
[2024-02-03T23:14:04.118+0000] {processor.py:830} INFO - Processing file /home/airflow/.local/lib/python3.8/site-packages/airflow/example_dags/example_external_task_marker_dag.py for tasks to queue
[2024-02-03T23:14:04.125+0000] {logging_mixin.py:188} INFO - [2024-02-03T23:14:04.124+0000] {dagbag.py:538} INFO - Filling up the DagBag from /home/airflow/.local/lib/python3.8/site-packages/airflow/example_dags/example_external_task_marker_dag.py
[2024-02-03T23:14:04.138+0000] {processor.py:840} INFO - DAG(s) 'example_external_task_marker_parent', 'example_external_task_marker_child' retrieved from /home/airflow/.local/lib/python3.8/site-packages/airflow/example_dags/example_external_task_marker_dag.py
[2024-02-03T23:14:04.177+0000] {logging_mixin.py:188} INFO - [2024-02-03T23:14:04.177+0000] {dag.py:3036} INFO - Sync 2 DAGs
[2024-02-03T23:14:04.198+0000] {logging_mixin.py:188} INFO - [2024-02-03T23:14:04.197+0000] {dag.py:3823} INFO - Setting next_dagrun for example_external_task_marker_child to None, run_after=None
[2024-02-03T23:14:04.206+0000] {logging_mixin.py:188} INFO - [2024-02-03T23:14:04.205+0000] {dag.py:3823} INFO - Setting next_dagrun for example_external_task_marker_parent to None, run_after=None
[2024-02-03T23:14:04.244+0000] {processor.py:183} INFO - Processing /home/airflow/.local/lib/python3.8/site-packages/airflow/example_dags/example_external_task_marker_dag.py took 0.145 seconds
[2024-02-03T23:14:34.502+0000] {processor.py:161} INFO - Started process (PID=585) to work on /home/airflow/.local/lib/python3.8/site-packages/airflow/example_dags/example_external_task_marker_dag.py
[2024-02-03T23:14:34.507+0000] {processor.py:830} INFO - Processing file /home/airflow/.local/lib/python3.8/site-packages/airflow/example_dags/example_external_task_marker_dag.py for tasks to queue
[2024-02-03T23:14:34.575+0000] {logging_mixin.py:188} INFO - [2024-02-03T23:14:34.574+0000] {dagbag.py:538} INFO - Filling up the DagBag from /home/airflow/.local/lib/python3.8/site-packages/airflow/example_dags/example_external_task_marker_dag.py
[2024-02-03T23:14:34.594+0000] {processor.py:840} INFO - DAG(s) 'example_external_task_marker_parent', 'example_external_task_marker_child' retrieved from /home/airflow/.local/lib/python3.8/site-packages/airflow/example_dags/example_external_task_marker_dag.py
[2024-02-03T23:14:34.659+0000] {logging_mixin.py:188} INFO - [2024-02-03T23:14:34.658+0000] {dag.py:3036} INFO - Sync 2 DAGs
[2024-02-03T23:14:34.710+0000] {logging_mixin.py:188} INFO - [2024-02-03T23:14:34.710+0000] {dag.py:3823} INFO - Setting next_dagrun for example_external_task_marker_child to None, run_after=None
[2024-02-03T23:14:34.734+0000] {logging_mixin.py:188} INFO - [2024-02-03T23:14:34.733+0000] {dag.py:3823} INFO - Setting next_dagrun for example_external_task_marker_parent to None, run_after=None
[2024-02-03T23:14:34.789+0000] {processor.py:183} INFO - Processing /home/airflow/.local/lib/python3.8/site-packages/airflow/example_dags/example_external_task_marker_dag.py took 0.301 seconds
[2024-02-03T23:15:05.648+0000] {processor.py:161} INFO - Started process (PID=640) to work on /home/airflow/.local/lib/python3.8/site-packages/airflow/example_dags/example_external_task_marker_dag.py
[2024-02-03T23:15:05.693+0000] {processor.py:830} INFO - Processing file /home/airflow/.local/lib/python3.8/site-packages/airflow/example_dags/example_external_task_marker_dag.py for tasks to queue
[2024-02-03T23:15:05.708+0000] {logging_mixin.py:188} INFO - [2024-02-03T23:15:05.705+0000] {dagbag.py:538} INFO - Filling up the DagBag from /home/airflow/.local/lib/python3.8/site-packages/airflow/example_dags/example_external_task_marker_dag.py
[2024-02-03T23:15:05.753+0000] {processor.py:840} INFO - DAG(s) 'example_external_task_marker_child', 'example_external_task_marker_parent' retrieved from /home/airflow/.local/lib/python3.8/site-packages/airflow/example_dags/example_external_task_marker_dag.py
[2024-02-03T23:15:05.807+0000] {logging_mixin.py:188} INFO - [2024-02-03T23:15:05.807+0000] {dag.py:3036} INFO - Sync 2 DAGs
[2024-02-03T23:15:05.851+0000] {logging_mixin.py:188} INFO - [2024-02-03T23:15:05.851+0000] {dag.py:3823} INFO - Setting next_dagrun for example_external_task_marker_child to None, run_after=None
[2024-02-03T23:15:05.863+0000] {logging_mixin.py:188} INFO - [2024-02-03T23:15:05.863+0000] {dag.py:3823} INFO - Setting next_dagrun for example_external_task_marker_parent to None, run_after=None
[2024-02-03T23:15:05.897+0000] {processor.py:183} INFO - Processing /home/airflow/.local/lib/python3.8/site-packages/airflow/example_dags/example_external_task_marker_dag.py took 0.280 seconds
[2024-02-03T23:15:36.303+0000] {processor.py:161} INFO - Started process (PID=693) to work on /home/airflow/.local/lib/python3.8/site-packages/airflow/example_dags/example_external_task_marker_dag.py
[2024-02-03T23:15:36.308+0000] {processor.py:830} INFO - Processing file /home/airflow/.local/lib/python3.8/site-packages/airflow/example_dags/example_external_task_marker_dag.py for tasks to queue
[2024-02-03T23:15:36.314+0000] {logging_mixin.py:188} INFO - [2024-02-03T23:15:36.313+0000] {dagbag.py:538} INFO - Filling up the DagBag from /home/airflow/.local/lib/python3.8/site-packages/airflow/example_dags/example_external_task_marker_dag.py
[2024-02-03T23:15:36.324+0000] {processor.py:840} INFO - DAG(s) 'example_external_task_marker_child', 'example_external_task_marker_parent' retrieved from /home/airflow/.local/lib/python3.8/site-packages/airflow/example_dags/example_external_task_marker_dag.py
[2024-02-03T23:15:36.364+0000] {logging_mixin.py:188} INFO - [2024-02-03T23:15:36.364+0000] {dag.py:3036} INFO - Sync 2 DAGs
[2024-02-03T23:15:36.390+0000] {logging_mixin.py:188} INFO - [2024-02-03T23:15:36.389+0000] {dag.py:3823} INFO - Setting next_dagrun for example_external_task_marker_child to None, run_after=None
[2024-02-03T23:15:36.404+0000] {logging_mixin.py:188} INFO - [2024-02-03T23:15:36.403+0000] {dag.py:3823} INFO - Setting next_dagrun for example_external_task_marker_parent to None, run_after=None
[2024-02-03T23:15:36.442+0000] {processor.py:183} INFO - Processing /home/airflow/.local/lib/python3.8/site-packages/airflow/example_dags/example_external_task_marker_dag.py took 0.149 seconds
[2024-02-03T23:16:07.085+0000] {processor.py:161} INFO - Started process (PID=748) to work on /home/airflow/.local/lib/python3.8/site-packages/airflow/example_dags/example_external_task_marker_dag.py
[2024-02-03T23:16:07.104+0000] {processor.py:830} INFO - Processing file /home/airflow/.local/lib/python3.8/site-packages/airflow/example_dags/example_external_task_marker_dag.py for tasks to queue
[2024-02-03T23:16:07.116+0000] {logging_mixin.py:188} INFO - [2024-02-03T23:16:07.116+0000] {dagbag.py:538} INFO - Filling up the DagBag from /home/airflow/.local/lib/python3.8/site-packages/airflow/example_dags/example_external_task_marker_dag.py
[2024-02-03T23:16:07.155+0000] {processor.py:840} INFO - DAG(s) 'example_external_task_marker_child', 'example_external_task_marker_parent' retrieved from /home/airflow/.local/lib/python3.8/site-packages/airflow/example_dags/example_external_task_marker_dag.py
[2024-02-03T23:16:07.275+0000] {logging_mixin.py:188} INFO - [2024-02-03T23:16:07.275+0000] {dag.py:3036} INFO - Sync 2 DAGs
[2024-02-03T23:16:07.328+0000] {logging_mixin.py:188} INFO - [2024-02-03T23:16:07.327+0000] {dag.py:3823} INFO - Setting next_dagrun for example_external_task_marker_child to None, run_after=None
[2024-02-03T23:16:07.354+0000] {logging_mixin.py:188} INFO - [2024-02-03T23:16:07.353+0000] {dag.py:3823} INFO - Setting next_dagrun for example_external_task_marker_parent to None, run_after=None
[2024-02-03T23:16:07.533+0000] {processor.py:183} INFO - Processing /home/airflow/.local/lib/python3.8/site-packages/airflow/example_dags/example_external_task_marker_dag.py took 0.476 seconds
[2024-02-03T23:16:37.794+0000] {processor.py:161} INFO - Started process (PID=803) to work on /home/airflow/.local/lib/python3.8/site-packages/airflow/example_dags/example_external_task_marker_dag.py
[2024-02-03T23:16:37.801+0000] {processor.py:830} INFO - Processing file /home/airflow/.local/lib/python3.8/site-packages/airflow/example_dags/example_external_task_marker_dag.py for tasks to queue
[2024-02-03T23:16:37.807+0000] {logging_mixin.py:188} INFO - [2024-02-03T23:16:37.806+0000] {dagbag.py:538} INFO - Filling up the DagBag from /home/airflow/.local/lib/python3.8/site-packages/airflow/example_dags/example_external_task_marker_dag.py
[2024-02-03T23:16:37.819+0000] {processor.py:840} INFO - DAG(s) 'example_external_task_marker_child', 'example_external_task_marker_parent' retrieved from /home/airflow/.local/lib/python3.8/site-packages/airflow/example_dags/example_external_task_marker_dag.py
[2024-02-03T23:16:37.854+0000] {logging_mixin.py:188} INFO - [2024-02-03T23:16:37.854+0000] {dag.py:3036} INFO - Sync 2 DAGs
[2024-02-03T23:16:37.873+0000] {logging_mixin.py:188} INFO - [2024-02-03T23:16:37.873+0000] {dag.py:3823} INFO - Setting next_dagrun for example_external_task_marker_child to None, run_after=None
[2024-02-03T23:16:37.882+0000] {logging_mixin.py:188} INFO - [2024-02-03T23:16:37.882+0000] {dag.py:3823} INFO - Setting next_dagrun for example_external_task_marker_parent to None, run_after=None
[2024-02-03T23:16:37.910+0000] {processor.py:183} INFO - Processing /home/airflow/.local/lib/python3.8/site-packages/airflow/example_dags/example_external_task_marker_dag.py took 0.122 seconds
[2024-02-03T23:17:08.411+0000] {processor.py:161} INFO - Started process (PID=858) to work on /home/airflow/.local/lib/python3.8/site-packages/airflow/example_dags/example_external_task_marker_dag.py
[2024-02-03T23:17:08.415+0000] {processor.py:830} INFO - Processing file /home/airflow/.local/lib/python3.8/site-packages/airflow/example_dags/example_external_task_marker_dag.py for tasks to queue
[2024-02-03T23:17:08.425+0000] {logging_mixin.py:188} INFO - [2024-02-03T23:17:08.424+0000] {dagbag.py:538} INFO - Filling up the DagBag from /home/airflow/.local/lib/python3.8/site-packages/airflow/example_dags/example_external_task_marker_dag.py
[2024-02-03T23:17:08.437+0000] {processor.py:840} INFO - DAG(s) 'example_external_task_marker_child', 'example_external_task_marker_parent' retrieved from /home/airflow/.local/lib/python3.8/site-packages/airflow/example_dags/example_external_task_marker_dag.py
[2024-02-03T23:17:08.522+0000] {logging_mixin.py:188} INFO - [2024-02-03T23:17:08.521+0000] {dag.py:3036} INFO - Sync 2 DAGs
[2024-02-03T23:17:08.554+0000] {logging_mixin.py:188} INFO - [2024-02-03T23:17:08.553+0000] {dag.py:3823} INFO - Setting next_dagrun for example_external_task_marker_child to None, run_after=None
[2024-02-03T23:17:08.566+0000] {logging_mixin.py:188} INFO - [2024-02-03T23:17:08.566+0000] {dag.py:3823} INFO - Setting next_dagrun for example_external_task_marker_parent to None, run_after=None
[2024-02-03T23:17:08.596+0000] {processor.py:183} INFO - Processing /home/airflow/.local/lib/python3.8/site-packages/airflow/example_dags/example_external_task_marker_dag.py took 0.198 seconds
