[2024-02-03T23:09:44.990+0000] {processor.py:161} INFO - Started process (PID=77) to work on /home/airflow/.local/lib/python3.8/site-packages/airflow/example_dags/example_datasets.py
[2024-02-03T23:09:44.996+0000] {processor.py:830} INFO - Processing file /home/airflow/.local/lib/python3.8/site-packages/airflow/example_dags/example_datasets.py for tasks to queue
[2024-02-03T23:09:45.006+0000] {logging_mixin.py:188} INFO - [2024-02-03T23:09:45.005+0000] {dagbag.py:538} INFO - Filling up the DagBag from /home/airflow/.local/lib/python3.8/site-packages/airflow/example_dags/example_datasets.py
[2024-02-03T23:09:45.046+0000] {processor.py:840} INFO - DAG(s) 'dataset_consumes_1_and_2', 'dataset_produces_1', 'dataset_consumes_1', 'dataset_consumes_1_never_scheduled', 'dataset_consumes_unknown_never_scheduled', 'dataset_produces_2' retrieved from /home/airflow/.local/lib/python3.8/site-packages/airflow/example_dags/example_datasets.py
[2024-02-03T23:09:45.628+0000] {logging_mixin.py:188} INFO - [2024-02-03T23:09:45.628+0000] {dag.py:3036} INFO - Sync 6 DAGs
[2024-02-03T23:09:45.705+0000] {logging_mixin.py:188} INFO - [2024-02-03T23:09:45.704+0000] {dag.py:3823} INFO - Setting next_dagrun for dataset_consumes_1 to None, run_after=None
[2024-02-03T23:09:45.721+0000] {logging_mixin.py:188} INFO - [2024-02-03T23:09:45.721+0000] {dag.py:3823} INFO - Setting next_dagrun for dataset_consumes_1_and_2 to None, run_after=None
[2024-02-03T23:09:45.730+0000] {logging_mixin.py:188} INFO - [2024-02-03T23:09:45.729+0000] {dag.py:3823} INFO - Setting next_dagrun for dataset_consumes_1_never_scheduled to None, run_after=None
[2024-02-03T23:09:45.739+0000] {logging_mixin.py:188} INFO - [2024-02-03T23:09:45.737+0000] {dag.py:3823} INFO - Setting next_dagrun for dataset_consumes_unknown_never_scheduled to None, run_after=None
[2024-02-03T23:09:45.754+0000] {logging_mixin.py:188} INFO - [2024-02-03T23:09:45.754+0000] {dag.py:3823} INFO - Setting next_dagrun for dataset_produces_1 to 2024-02-02 00:00:00+00:00, run_after=2024-02-03 00:00:00+00:00
[2024-02-03T23:09:45.759+0000] {logging_mixin.py:188} INFO - [2024-02-03T23:09:45.759+0000] {dag.py:3823} INFO - Setting next_dagrun for dataset_produces_2 to None, run_after=None
[2024-02-03T23:09:45.931+0000] {processor.py:183} INFO - Processing /home/airflow/.local/lib/python3.8/site-packages/airflow/example_dags/example_datasets.py took 0.951 seconds
[2024-02-03T23:10:16.405+0000] {processor.py:161} INFO - Started process (PID=132) to work on /home/airflow/.local/lib/python3.8/site-packages/airflow/example_dags/example_datasets.py
[2024-02-03T23:10:16.410+0000] {processor.py:830} INFO - Processing file /home/airflow/.local/lib/python3.8/site-packages/airflow/example_dags/example_datasets.py for tasks to queue
[2024-02-03T23:10:16.414+0000] {logging_mixin.py:188} INFO - [2024-02-03T23:10:16.413+0000] {dagbag.py:538} INFO - Filling up the DagBag from /home/airflow/.local/lib/python3.8/site-packages/airflow/example_dags/example_datasets.py
[2024-02-03T23:10:16.434+0000] {processor.py:840} INFO - DAG(s) 'dataset_consumes_1_and_2', 'dataset_consumes_1_never_scheduled', 'dataset_consumes_unknown_never_scheduled', 'dataset_produces_1', 'dataset_produces_2', 'dataset_consumes_1' retrieved from /home/airflow/.local/lib/python3.8/site-packages/airflow/example_dags/example_datasets.py
[2024-02-03T23:10:16.525+0000] {logging_mixin.py:188} INFO - [2024-02-03T23:10:16.524+0000] {dag.py:3036} INFO - Sync 6 DAGs
[2024-02-03T23:10:16.579+0000] {logging_mixin.py:188} INFO - [2024-02-03T23:10:16.579+0000] {dag.py:3823} INFO - Setting next_dagrun for dataset_consumes_1 to None, run_after=None
[2024-02-03T23:10:16.595+0000] {logging_mixin.py:188} INFO - [2024-02-03T23:10:16.593+0000] {dag.py:3823} INFO - Setting next_dagrun for dataset_consumes_1_and_2 to None, run_after=None
[2024-02-03T23:10:16.607+0000] {logging_mixin.py:188} INFO - [2024-02-03T23:10:16.607+0000] {dag.py:3823} INFO - Setting next_dagrun for dataset_consumes_1_never_scheduled to None, run_after=None
[2024-02-03T23:10:16.616+0000] {logging_mixin.py:188} INFO - [2024-02-03T23:10:16.616+0000] {dag.py:3823} INFO - Setting next_dagrun for dataset_consumes_unknown_never_scheduled to None, run_after=None
[2024-02-03T23:10:16.631+0000] {logging_mixin.py:188} INFO - [2024-02-03T23:10:16.630+0000] {dag.py:3823} INFO - Setting next_dagrun for dataset_produces_1 to 2024-02-02 00:00:00+00:00, run_after=2024-02-03 00:00:00+00:00
[2024-02-03T23:10:16.641+0000] {logging_mixin.py:188} INFO - [2024-02-03T23:10:16.641+0000] {dag.py:3823} INFO - Setting next_dagrun for dataset_produces_2 to None, run_after=None
[2024-02-03T23:10:16.699+0000] {processor.py:183} INFO - Processing /home/airflow/.local/lib/python3.8/site-packages/airflow/example_dags/example_datasets.py took 0.304 seconds
[2024-02-03T23:10:46.854+0000] {processor.py:161} INFO - Started process (PID=187) to work on /home/airflow/.local/lib/python3.8/site-packages/airflow/example_dags/example_datasets.py
[2024-02-03T23:10:46.857+0000] {processor.py:830} INFO - Processing file /home/airflow/.local/lib/python3.8/site-packages/airflow/example_dags/example_datasets.py for tasks to queue
[2024-02-03T23:10:46.867+0000] {logging_mixin.py:188} INFO - [2024-02-03T23:10:46.867+0000] {dagbag.py:538} INFO - Filling up the DagBag from /home/airflow/.local/lib/python3.8/site-packages/airflow/example_dags/example_datasets.py
[2024-02-03T23:10:46.901+0000] {processor.py:840} INFO - DAG(s) 'dataset_produces_2', 'dataset_consumes_1_and_2', 'dataset_consumes_1', 'dataset_produces_1', 'dataset_consumes_unknown_never_scheduled', 'dataset_consumes_1_never_scheduled' retrieved from /home/airflow/.local/lib/python3.8/site-packages/airflow/example_dags/example_datasets.py
[2024-02-03T23:10:46.999+0000] {logging_mixin.py:188} INFO - [2024-02-03T23:10:46.998+0000] {dag.py:3036} INFO - Sync 6 DAGs
[2024-02-03T23:10:47.049+0000] {logging_mixin.py:188} INFO - [2024-02-03T23:10:47.049+0000] {dag.py:3823} INFO - Setting next_dagrun for dataset_consumes_1 to None, run_after=None
[2024-02-03T23:10:47.063+0000] {logging_mixin.py:188} INFO - [2024-02-03T23:10:47.062+0000] {dag.py:3823} INFO - Setting next_dagrun for dataset_consumes_1_and_2 to None, run_after=None
[2024-02-03T23:10:47.072+0000] {logging_mixin.py:188} INFO - [2024-02-03T23:10:47.071+0000] {dag.py:3823} INFO - Setting next_dagrun for dataset_consumes_1_never_scheduled to None, run_after=None
[2024-02-03T23:10:47.084+0000] {logging_mixin.py:188} INFO - [2024-02-03T23:10:47.083+0000] {dag.py:3823} INFO - Setting next_dagrun for dataset_consumes_unknown_never_scheduled to None, run_after=None
[2024-02-03T23:10:47.095+0000] {logging_mixin.py:188} INFO - [2024-02-03T23:10:47.095+0000] {dag.py:3823} INFO - Setting next_dagrun for dataset_produces_1 to 2024-02-02 00:00:00+00:00, run_after=2024-02-03 00:00:00+00:00
[2024-02-03T23:10:47.100+0000] {logging_mixin.py:188} INFO - [2024-02-03T23:10:47.099+0000] {dag.py:3823} INFO - Setting next_dagrun for dataset_produces_2 to None, run_after=None
[2024-02-03T23:10:47.169+0000] {processor.py:183} INFO - Processing /home/airflow/.local/lib/python3.8/site-packages/airflow/example_dags/example_datasets.py took 0.325 seconds
[2024-02-03T23:11:17.886+0000] {processor.py:161} INFO - Started process (PID=241) to work on /home/airflow/.local/lib/python3.8/site-packages/airflow/example_dags/example_datasets.py
[2024-02-03T23:11:17.892+0000] {processor.py:830} INFO - Processing file /home/airflow/.local/lib/python3.8/site-packages/airflow/example_dags/example_datasets.py for tasks to queue
[2024-02-03T23:11:17.900+0000] {logging_mixin.py:188} INFO - [2024-02-03T23:11:17.898+0000] {dagbag.py:538} INFO - Filling up the DagBag from /home/airflow/.local/lib/python3.8/site-packages/airflow/example_dags/example_datasets.py
[2024-02-03T23:11:17.932+0000] {processor.py:840} INFO - DAG(s) 'dataset_consumes_1_never_scheduled', 'dataset_consumes_1', 'dataset_produces_2', 'dataset_consumes_1_and_2', 'dataset_consumes_unknown_never_scheduled', 'dataset_produces_1' retrieved from /home/airflow/.local/lib/python3.8/site-packages/airflow/example_dags/example_datasets.py
[2024-02-03T23:11:18.009+0000] {logging_mixin.py:188} INFO - [2024-02-03T23:11:18.008+0000] {dag.py:3036} INFO - Sync 6 DAGs
[2024-02-03T23:11:18.058+0000] {logging_mixin.py:188} INFO - [2024-02-03T23:11:18.058+0000] {dag.py:3823} INFO - Setting next_dagrun for dataset_consumes_1 to None, run_after=None
[2024-02-03T23:11:18.067+0000] {logging_mixin.py:188} INFO - [2024-02-03T23:11:18.066+0000] {dag.py:3823} INFO - Setting next_dagrun for dataset_consumes_1_and_2 to None, run_after=None
[2024-02-03T23:11:18.071+0000] {logging_mixin.py:188} INFO - [2024-02-03T23:11:18.071+0000] {dag.py:3823} INFO - Setting next_dagrun for dataset_consumes_1_never_scheduled to None, run_after=None
[2024-02-03T23:11:18.075+0000] {logging_mixin.py:188} INFO - [2024-02-03T23:11:18.075+0000] {dag.py:3823} INFO - Setting next_dagrun for dataset_consumes_unknown_never_scheduled to None, run_after=None
[2024-02-03T23:11:18.081+0000] {logging_mixin.py:188} INFO - [2024-02-03T23:11:18.081+0000] {dag.py:3823} INFO - Setting next_dagrun for dataset_produces_1 to 2024-02-02 00:00:00+00:00, run_after=2024-02-03 00:00:00+00:00
[2024-02-03T23:11:18.086+0000] {logging_mixin.py:188} INFO - [2024-02-03T23:11:18.085+0000] {dag.py:3823} INFO - Setting next_dagrun for dataset_produces_2 to None, run_after=None
[2024-02-03T23:11:18.155+0000] {processor.py:183} INFO - Processing /home/airflow/.local/lib/python3.8/site-packages/airflow/example_dags/example_datasets.py took 0.282 seconds
[2024-02-03T23:11:48.286+0000] {processor.py:161} INFO - Started process (PID=295) to work on /home/airflow/.local/lib/python3.8/site-packages/airflow/example_dags/example_datasets.py
[2024-02-03T23:11:48.291+0000] {processor.py:830} INFO - Processing file /home/airflow/.local/lib/python3.8/site-packages/airflow/example_dags/example_datasets.py for tasks to queue
[2024-02-03T23:11:48.300+0000] {logging_mixin.py:188} INFO - [2024-02-03T23:11:48.299+0000] {dagbag.py:538} INFO - Filling up the DagBag from /home/airflow/.local/lib/python3.8/site-packages/airflow/example_dags/example_datasets.py
[2024-02-03T23:11:48.325+0000] {processor.py:840} INFO - DAG(s) 'dataset_consumes_1_never_scheduled', 'dataset_consumes_1_and_2', 'dataset_produces_1', 'dataset_consumes_1', 'dataset_produces_2', 'dataset_consumes_unknown_never_scheduled' retrieved from /home/airflow/.local/lib/python3.8/site-packages/airflow/example_dags/example_datasets.py
[2024-02-03T23:11:48.476+0000] {logging_mixin.py:188} INFO - [2024-02-03T23:11:48.476+0000] {dag.py:3036} INFO - Sync 6 DAGs
[2024-02-03T23:11:48.600+0000] {logging_mixin.py:188} INFO - [2024-02-03T23:11:48.600+0000] {dag.py:3823} INFO - Setting next_dagrun for dataset_consumes_1 to None, run_after=None
[2024-02-03T23:11:48.611+0000] {logging_mixin.py:188} INFO - [2024-02-03T23:11:48.610+0000] {dag.py:3823} INFO - Setting next_dagrun for dataset_consumes_1_and_2 to None, run_after=None
[2024-02-03T23:11:48.619+0000] {logging_mixin.py:188} INFO - [2024-02-03T23:11:48.618+0000] {dag.py:3823} INFO - Setting next_dagrun for dataset_consumes_1_never_scheduled to None, run_after=None
[2024-02-03T23:11:48.626+0000] {logging_mixin.py:188} INFO - [2024-02-03T23:11:48.625+0000] {dag.py:3823} INFO - Setting next_dagrun for dataset_consumes_unknown_never_scheduled to None, run_after=None
[2024-02-03T23:11:48.641+0000] {logging_mixin.py:188} INFO - [2024-02-03T23:11:48.640+0000] {dag.py:3823} INFO - Setting next_dagrun for dataset_produces_1 to 2024-02-02 00:00:00+00:00, run_after=2024-02-03 00:00:00+00:00
[2024-02-03T23:11:48.649+0000] {logging_mixin.py:188} INFO - [2024-02-03T23:11:48.648+0000] {dag.py:3823} INFO - Setting next_dagrun for dataset_produces_2 to None, run_after=None
[2024-02-03T23:11:48.748+0000] {processor.py:183} INFO - Processing /home/airflow/.local/lib/python3.8/site-packages/airflow/example_dags/example_datasets.py took 0.471 seconds
[2024-02-03T23:12:18.970+0000] {processor.py:161} INFO - Started process (PID=350) to work on /home/airflow/.local/lib/python3.8/site-packages/airflow/example_dags/example_datasets.py
[2024-02-03T23:12:18.978+0000] {processor.py:830} INFO - Processing file /home/airflow/.local/lib/python3.8/site-packages/airflow/example_dags/example_datasets.py for tasks to queue
[2024-02-03T23:12:18.987+0000] {logging_mixin.py:188} INFO - [2024-02-03T23:12:18.986+0000] {dagbag.py:538} INFO - Filling up the DagBag from /home/airflow/.local/lib/python3.8/site-packages/airflow/example_dags/example_datasets.py
[2024-02-03T23:12:19.026+0000] {processor.py:840} INFO - DAG(s) 'dataset_produces_1', 'dataset_produces_2', 'dataset_consumes_1_never_scheduled', 'dataset_consumes_unknown_never_scheduled', 'dataset_consumes_1_and_2', 'dataset_consumes_1' retrieved from /home/airflow/.local/lib/python3.8/site-packages/airflow/example_dags/example_datasets.py
[2024-02-03T23:12:19.166+0000] {logging_mixin.py:188} INFO - [2024-02-03T23:12:19.165+0000] {dag.py:3036} INFO - Sync 6 DAGs
[2024-02-03T23:12:19.373+0000] {logging_mixin.py:188} INFO - [2024-02-03T23:12:19.372+0000] {dag.py:3823} INFO - Setting next_dagrun for dataset_consumes_1 to None, run_after=None
[2024-02-03T23:12:19.386+0000] {logging_mixin.py:188} INFO - [2024-02-03T23:12:19.385+0000] {dag.py:3823} INFO - Setting next_dagrun for dataset_consumes_1_and_2 to None, run_after=None
[2024-02-03T23:12:19.391+0000] {logging_mixin.py:188} INFO - [2024-02-03T23:12:19.391+0000] {dag.py:3823} INFO - Setting next_dagrun for dataset_consumes_1_never_scheduled to None, run_after=None
[2024-02-03T23:12:19.404+0000] {logging_mixin.py:188} INFO - [2024-02-03T23:12:19.404+0000] {dag.py:3823} INFO - Setting next_dagrun for dataset_consumes_unknown_never_scheduled to None, run_after=None
[2024-02-03T23:12:19.426+0000] {logging_mixin.py:188} INFO - [2024-02-03T23:12:19.425+0000] {dag.py:3823} INFO - Setting next_dagrun for dataset_produces_1 to 2024-02-02 00:00:00+00:00, run_after=2024-02-03 00:00:00+00:00
[2024-02-03T23:12:19.441+0000] {logging_mixin.py:188} INFO - [2024-02-03T23:12:19.438+0000] {dag.py:3823} INFO - Setting next_dagrun for dataset_produces_2 to None, run_after=None
[2024-02-03T23:12:19.542+0000] {processor.py:183} INFO - Processing /home/airflow/.local/lib/python3.8/site-packages/airflow/example_dags/example_datasets.py took 0.584 seconds
[2024-02-03T23:12:50.705+0000] {processor.py:161} INFO - Started process (PID=405) to work on /home/airflow/.local/lib/python3.8/site-packages/airflow/example_dags/example_datasets.py
[2024-02-03T23:12:50.709+0000] {processor.py:830} INFO - Processing file /home/airflow/.local/lib/python3.8/site-packages/airflow/example_dags/example_datasets.py for tasks to queue
[2024-02-03T23:12:50.727+0000] {logging_mixin.py:188} INFO - [2024-02-03T23:12:50.726+0000] {dagbag.py:538} INFO - Filling up the DagBag from /home/airflow/.local/lib/python3.8/site-packages/airflow/example_dags/example_datasets.py
[2024-02-03T23:12:50.778+0000] {processor.py:840} INFO - DAG(s) 'dataset_consumes_1_never_scheduled', 'dataset_consumes_unknown_never_scheduled', 'dataset_consumes_1', 'dataset_produces_2', 'dataset_produces_1', 'dataset_consumes_1_and_2' retrieved from /home/airflow/.local/lib/python3.8/site-packages/airflow/example_dags/example_datasets.py
[2024-02-03T23:12:50.933+0000] {logging_mixin.py:188} INFO - [2024-02-03T23:12:50.932+0000] {dag.py:3036} INFO - Sync 6 DAGs
[2024-02-03T23:12:51.002+0000] {logging_mixin.py:188} INFO - [2024-02-03T23:12:51.002+0000] {dag.py:3823} INFO - Setting next_dagrun for dataset_consumes_1 to None, run_after=None
[2024-02-03T23:12:51.023+0000] {logging_mixin.py:188} INFO - [2024-02-03T23:12:51.023+0000] {dag.py:3823} INFO - Setting next_dagrun for dataset_consumes_1_and_2 to None, run_after=None
[2024-02-03T23:12:51.033+0000] {logging_mixin.py:188} INFO - [2024-02-03T23:12:51.032+0000] {dag.py:3823} INFO - Setting next_dagrun for dataset_consumes_1_never_scheduled to None, run_after=None
[2024-02-03T23:12:51.038+0000] {logging_mixin.py:188} INFO - [2024-02-03T23:12:51.037+0000] {dag.py:3823} INFO - Setting next_dagrun for dataset_consumes_unknown_never_scheduled to None, run_after=None
[2024-02-03T23:12:51.071+0000] {logging_mixin.py:188} INFO - [2024-02-03T23:12:51.058+0000] {dag.py:3823} INFO - Setting next_dagrun for dataset_produces_1 to 2024-02-02 00:00:00+00:00, run_after=2024-02-03 00:00:00+00:00
[2024-02-03T23:12:51.084+0000] {logging_mixin.py:188} INFO - [2024-02-03T23:12:51.084+0000] {dag.py:3823} INFO - Setting next_dagrun for dataset_produces_2 to None, run_after=None
[2024-02-03T23:12:51.227+0000] {processor.py:183} INFO - Processing /home/airflow/.local/lib/python3.8/site-packages/airflow/example_dags/example_datasets.py took 0.535 seconds
[2024-02-03T23:13:21.587+0000] {processor.py:161} INFO - Started process (PID=462) to work on /home/airflow/.local/lib/python3.8/site-packages/airflow/example_dags/example_datasets.py
[2024-02-03T23:13:21.600+0000] {processor.py:830} INFO - Processing file /home/airflow/.local/lib/python3.8/site-packages/airflow/example_dags/example_datasets.py for tasks to queue
[2024-02-03T23:13:21.637+0000] {logging_mixin.py:188} INFO - [2024-02-03T23:13:21.635+0000] {dagbag.py:538} INFO - Filling up the DagBag from /home/airflow/.local/lib/python3.8/site-packages/airflow/example_dags/example_datasets.py
[2024-02-03T23:13:21.674+0000] {processor.py:840} INFO - DAG(s) 'dataset_consumes_1_never_scheduled', 'dataset_produces_2', 'dataset_consumes_1', 'dataset_consumes_1_and_2', 'dataset_consumes_unknown_never_scheduled', 'dataset_produces_1' retrieved from /home/airflow/.local/lib/python3.8/site-packages/airflow/example_dags/example_datasets.py
[2024-02-03T23:13:21.757+0000] {logging_mixin.py:188} INFO - [2024-02-03T23:13:21.756+0000] {dag.py:3036} INFO - Sync 6 DAGs
[2024-02-03T23:13:21.812+0000] {logging_mixin.py:188} INFO - [2024-02-03T23:13:21.812+0000] {dag.py:3823} INFO - Setting next_dagrun for dataset_consumes_1 to None, run_after=None
[2024-02-03T23:13:21.824+0000] {logging_mixin.py:188} INFO - [2024-02-03T23:13:21.824+0000] {dag.py:3823} INFO - Setting next_dagrun for dataset_consumes_1_and_2 to None, run_after=None
[2024-02-03T23:13:21.830+0000] {logging_mixin.py:188} INFO - [2024-02-03T23:13:21.830+0000] {dag.py:3823} INFO - Setting next_dagrun for dataset_consumes_1_never_scheduled to None, run_after=None
[2024-02-03T23:13:21.837+0000] {logging_mixin.py:188} INFO - [2024-02-03T23:13:21.836+0000] {dag.py:3823} INFO - Setting next_dagrun for dataset_consumes_unknown_never_scheduled to None, run_after=None
[2024-02-03T23:13:21.848+0000] {logging_mixin.py:188} INFO - [2024-02-03T23:13:21.847+0000] {dag.py:3823} INFO - Setting next_dagrun for dataset_produces_1 to 2024-02-02 00:00:00+00:00, run_after=2024-02-03 00:00:00+00:00
[2024-02-03T23:13:21.855+0000] {logging_mixin.py:188} INFO - [2024-02-03T23:13:21.854+0000] {dag.py:3823} INFO - Setting next_dagrun for dataset_produces_2 to None, run_after=None
[2024-02-03T23:13:21.973+0000] {processor.py:183} INFO - Processing /home/airflow/.local/lib/python3.8/site-packages/airflow/example_dags/example_datasets.py took 0.401 seconds
[2024-02-03T23:13:52.951+0000] {processor.py:161} INFO - Started process (PID=517) to work on /home/airflow/.local/lib/python3.8/site-packages/airflow/example_dags/example_datasets.py
[2024-02-03T23:13:52.964+0000] {processor.py:830} INFO - Processing file /home/airflow/.local/lib/python3.8/site-packages/airflow/example_dags/example_datasets.py for tasks to queue
[2024-02-03T23:13:52.981+0000] {logging_mixin.py:188} INFO - [2024-02-03T23:13:52.980+0000] {dagbag.py:538} INFO - Filling up the DagBag from /home/airflow/.local/lib/python3.8/site-packages/airflow/example_dags/example_datasets.py
[2024-02-03T23:13:53.029+0000] {processor.py:840} INFO - DAG(s) 'dataset_consumes_1_and_2', 'dataset_produces_2', 'dataset_consumes_1', 'dataset_consumes_1_never_scheduled', 'dataset_produces_1', 'dataset_consumes_unknown_never_scheduled' retrieved from /home/airflow/.local/lib/python3.8/site-packages/airflow/example_dags/example_datasets.py
[2024-02-03T23:13:53.178+0000] {logging_mixin.py:188} INFO - [2024-02-03T23:13:53.178+0000] {dag.py:3036} INFO - Sync 6 DAGs
[2024-02-03T23:13:53.240+0000] {logging_mixin.py:188} INFO - [2024-02-03T23:13:53.240+0000] {dag.py:3823} INFO - Setting next_dagrun for dataset_consumes_1 to None, run_after=None
[2024-02-03T23:13:53.257+0000] {logging_mixin.py:188} INFO - [2024-02-03T23:13:53.257+0000] {dag.py:3823} INFO - Setting next_dagrun for dataset_consumes_1_and_2 to None, run_after=None
[2024-02-03T23:13:53.264+0000] {logging_mixin.py:188} INFO - [2024-02-03T23:13:53.264+0000] {dag.py:3823} INFO - Setting next_dagrun for dataset_consumes_1_never_scheduled to None, run_after=None
[2024-02-03T23:13:53.276+0000] {logging_mixin.py:188} INFO - [2024-02-03T23:13:53.274+0000] {dag.py:3823} INFO - Setting next_dagrun for dataset_consumes_unknown_never_scheduled to None, run_after=None
[2024-02-03T23:13:53.302+0000] {logging_mixin.py:188} INFO - [2024-02-03T23:13:53.302+0000] {dag.py:3823} INFO - Setting next_dagrun for dataset_produces_1 to 2024-02-02 00:00:00+00:00, run_after=2024-02-03 00:00:00+00:00
[2024-02-03T23:13:53.314+0000] {logging_mixin.py:188} INFO - [2024-02-03T23:13:53.314+0000] {dag.py:3823} INFO - Setting next_dagrun for dataset_produces_2 to None, run_after=None
[2024-02-03T23:13:53.404+0000] {processor.py:183} INFO - Processing /home/airflow/.local/lib/python3.8/site-packages/airflow/example_dags/example_datasets.py took 0.464 seconds
[2024-02-03T23:14:23.613+0000] {processor.py:161} INFO - Started process (PID=572) to work on /home/airflow/.local/lib/python3.8/site-packages/airflow/example_dags/example_datasets.py
[2024-02-03T23:14:23.617+0000] {processor.py:830} INFO - Processing file /home/airflow/.local/lib/python3.8/site-packages/airflow/example_dags/example_datasets.py for tasks to queue
[2024-02-03T23:14:23.623+0000] {logging_mixin.py:188} INFO - [2024-02-03T23:14:23.623+0000] {dagbag.py:538} INFO - Filling up the DagBag from /home/airflow/.local/lib/python3.8/site-packages/airflow/example_dags/example_datasets.py
[2024-02-03T23:14:23.644+0000] {processor.py:840} INFO - DAG(s) 'dataset_consumes_1_never_scheduled', 'dataset_produces_1', 'dataset_consumes_1_and_2', 'dataset_consumes_1', 'dataset_produces_2', 'dataset_consumes_unknown_never_scheduled' retrieved from /home/airflow/.local/lib/python3.8/site-packages/airflow/example_dags/example_datasets.py
[2024-02-03T23:14:23.701+0000] {logging_mixin.py:188} INFO - [2024-02-03T23:14:23.699+0000] {dag.py:3036} INFO - Sync 6 DAGs
[2024-02-03T23:14:23.749+0000] {logging_mixin.py:188} INFO - [2024-02-03T23:14:23.749+0000] {dag.py:3823} INFO - Setting next_dagrun for dataset_consumes_1 to None, run_after=None
[2024-02-03T23:14:23.761+0000] {logging_mixin.py:188} INFO - [2024-02-03T23:14:23.761+0000] {dag.py:3823} INFO - Setting next_dagrun for dataset_consumes_1_and_2 to None, run_after=None
[2024-02-03T23:14:23.765+0000] {logging_mixin.py:188} INFO - [2024-02-03T23:14:23.765+0000] {dag.py:3823} INFO - Setting next_dagrun for dataset_consumes_1_never_scheduled to None, run_after=None
[2024-02-03T23:14:23.776+0000] {logging_mixin.py:188} INFO - [2024-02-03T23:14:23.776+0000] {dag.py:3823} INFO - Setting next_dagrun for dataset_consumes_unknown_never_scheduled to None, run_after=None
[2024-02-03T23:14:23.783+0000] {logging_mixin.py:188} INFO - [2024-02-03T23:14:23.782+0000] {dag.py:3823} INFO - Setting next_dagrun for dataset_produces_1 to 2024-02-02 00:00:00+00:00, run_after=2024-02-03 00:00:00+00:00
[2024-02-03T23:14:23.788+0000] {logging_mixin.py:188} INFO - [2024-02-03T23:14:23.787+0000] {dag.py:3823} INFO - Setting next_dagrun for dataset_produces_2 to None, run_after=None
[2024-02-03T23:14:23.843+0000] {processor.py:183} INFO - Processing /home/airflow/.local/lib/python3.8/site-packages/airflow/example_dags/example_datasets.py took 0.241 seconds
[2024-02-03T23:14:54.767+0000] {processor.py:161} INFO - Started process (PID=626) to work on /home/airflow/.local/lib/python3.8/site-packages/airflow/example_dags/example_datasets.py
[2024-02-03T23:14:54.770+0000] {processor.py:830} INFO - Processing file /home/airflow/.local/lib/python3.8/site-packages/airflow/example_dags/example_datasets.py for tasks to queue
[2024-02-03T23:14:54.774+0000] {logging_mixin.py:188} INFO - [2024-02-03T23:14:54.773+0000] {dagbag.py:538} INFO - Filling up the DagBag from /home/airflow/.local/lib/python3.8/site-packages/airflow/example_dags/example_datasets.py
[2024-02-03T23:14:54.790+0000] {processor.py:840} INFO - DAG(s) 'dataset_produces_1', 'dataset_consumes_1', 'dataset_consumes_1_never_scheduled', 'dataset_consumes_unknown_never_scheduled', 'dataset_consumes_1_and_2', 'dataset_produces_2' retrieved from /home/airflow/.local/lib/python3.8/site-packages/airflow/example_dags/example_datasets.py
[2024-02-03T23:14:54.845+0000] {logging_mixin.py:188} INFO - [2024-02-03T23:14:54.844+0000] {dag.py:3036} INFO - Sync 6 DAGs
[2024-02-03T23:14:54.880+0000] {logging_mixin.py:188} INFO - [2024-02-03T23:14:54.880+0000] {dag.py:3823} INFO - Setting next_dagrun for dataset_consumes_1 to None, run_after=None
[2024-02-03T23:14:54.887+0000] {logging_mixin.py:188} INFO - [2024-02-03T23:14:54.887+0000] {dag.py:3823} INFO - Setting next_dagrun for dataset_consumes_1_and_2 to None, run_after=None
[2024-02-03T23:14:54.892+0000] {logging_mixin.py:188} INFO - [2024-02-03T23:14:54.892+0000] {dag.py:3823} INFO - Setting next_dagrun for dataset_consumes_1_never_scheduled to None, run_after=None
[2024-02-03T23:14:54.896+0000] {logging_mixin.py:188} INFO - [2024-02-03T23:14:54.896+0000] {dag.py:3823} INFO - Setting next_dagrun for dataset_consumes_unknown_never_scheduled to None, run_after=None
[2024-02-03T23:14:54.904+0000] {logging_mixin.py:188} INFO - [2024-02-03T23:14:54.904+0000] {dag.py:3823} INFO - Setting next_dagrun for dataset_produces_1 to 2024-02-02 00:00:00+00:00, run_after=2024-02-03 00:00:00+00:00
[2024-02-03T23:14:54.908+0000] {logging_mixin.py:188} INFO - [2024-02-03T23:14:54.908+0000] {dag.py:3823} INFO - Setting next_dagrun for dataset_produces_2 to None, run_after=None
[2024-02-03T23:14:54.959+0000] {processor.py:183} INFO - Processing /home/airflow/.local/lib/python3.8/site-packages/airflow/example_dags/example_datasets.py took 0.197 seconds
[2024-02-03T23:15:25.878+0000] {processor.py:161} INFO - Started process (PID=681) to work on /home/airflow/.local/lib/python3.8/site-packages/airflow/example_dags/example_datasets.py
[2024-02-03T23:15:25.888+0000] {processor.py:830} INFO - Processing file /home/airflow/.local/lib/python3.8/site-packages/airflow/example_dags/example_datasets.py for tasks to queue
[2024-02-03T23:15:25.900+0000] {logging_mixin.py:188} INFO - [2024-02-03T23:15:25.899+0000] {dagbag.py:538} INFO - Filling up the DagBag from /home/airflow/.local/lib/python3.8/site-packages/airflow/example_dags/example_datasets.py
[2024-02-03T23:15:25.955+0000] {processor.py:840} INFO - DAG(s) 'dataset_produces_2', 'dataset_consumes_1_never_scheduled', 'dataset_consumes_1', 'dataset_consumes_unknown_never_scheduled', 'dataset_consumes_1_and_2', 'dataset_produces_1' retrieved from /home/airflow/.local/lib/python3.8/site-packages/airflow/example_dags/example_datasets.py
[2024-02-03T23:15:26.176+0000] {logging_mixin.py:188} INFO - [2024-02-03T23:15:26.174+0000] {dag.py:3036} INFO - Sync 6 DAGs
[2024-02-03T23:15:26.568+0000] {logging_mixin.py:188} INFO - [2024-02-03T23:15:26.557+0000] {dag.py:3823} INFO - Setting next_dagrun for dataset_consumes_1 to None, run_after=None
[2024-02-03T23:15:26.656+0000] {logging_mixin.py:188} INFO - [2024-02-03T23:15:26.655+0000] {dag.py:3823} INFO - Setting next_dagrun for dataset_consumes_1_and_2 to None, run_after=None
[2024-02-03T23:15:26.667+0000] {logging_mixin.py:188} INFO - [2024-02-03T23:15:26.666+0000] {dag.py:3823} INFO - Setting next_dagrun for dataset_consumes_1_never_scheduled to None, run_after=None
[2024-02-03T23:15:26.688+0000] {logging_mixin.py:188} INFO - [2024-02-03T23:15:26.688+0000] {dag.py:3823} INFO - Setting next_dagrun for dataset_consumes_unknown_never_scheduled to None, run_after=None
[2024-02-03T23:15:26.716+0000] {logging_mixin.py:188} INFO - [2024-02-03T23:15:26.715+0000] {dag.py:3823} INFO - Setting next_dagrun for dataset_produces_1 to 2024-02-02 00:00:00+00:00, run_after=2024-02-03 00:00:00+00:00
[2024-02-03T23:15:26.732+0000] {logging_mixin.py:188} INFO - [2024-02-03T23:15:26.732+0000] {dag.py:3823} INFO - Setting next_dagrun for dataset_produces_2 to None, run_after=None
[2024-02-03T23:15:26.994+0000] {processor.py:183} INFO - Processing /home/airflow/.local/lib/python3.8/site-packages/airflow/example_dags/example_datasets.py took 1.131 seconds
[2024-02-03T23:15:57.817+0000] {processor.py:161} INFO - Started process (PID=737) to work on /home/airflow/.local/lib/python3.8/site-packages/airflow/example_dags/example_datasets.py
[2024-02-03T23:15:57.822+0000] {processor.py:830} INFO - Processing file /home/airflow/.local/lib/python3.8/site-packages/airflow/example_dags/example_datasets.py for tasks to queue
[2024-02-03T23:15:57.833+0000] {logging_mixin.py:188} INFO - [2024-02-03T23:15:57.831+0000] {dagbag.py:538} INFO - Filling up the DagBag from /home/airflow/.local/lib/python3.8/site-packages/airflow/example_dags/example_datasets.py
[2024-02-03T23:15:57.854+0000] {processor.py:840} INFO - DAG(s) 'dataset_produces_2', 'dataset_consumes_1', 'dataset_consumes_1_and_2', 'dataset_produces_1', 'dataset_consumes_1_never_scheduled', 'dataset_consumes_unknown_never_scheduled' retrieved from /home/airflow/.local/lib/python3.8/site-packages/airflow/example_dags/example_datasets.py
[2024-02-03T23:15:57.913+0000] {logging_mixin.py:188} INFO - [2024-02-03T23:15:57.912+0000] {dag.py:3036} INFO - Sync 6 DAGs
[2024-02-03T23:15:57.982+0000] {logging_mixin.py:188} INFO - [2024-02-03T23:15:57.982+0000] {dag.py:3823} INFO - Setting next_dagrun for dataset_consumes_1 to None, run_after=None
[2024-02-03T23:15:57.989+0000] {logging_mixin.py:188} INFO - [2024-02-03T23:15:57.989+0000] {dag.py:3823} INFO - Setting next_dagrun for dataset_consumes_1_and_2 to None, run_after=None
[2024-02-03T23:15:57.995+0000] {logging_mixin.py:188} INFO - [2024-02-03T23:15:57.994+0000] {dag.py:3823} INFO - Setting next_dagrun for dataset_consumes_1_never_scheduled to None, run_after=None
[2024-02-03T23:15:58.000+0000] {logging_mixin.py:188} INFO - [2024-02-03T23:15:57.999+0000] {dag.py:3823} INFO - Setting next_dagrun for dataset_consumes_unknown_never_scheduled to None, run_after=None
[2024-02-03T23:15:58.017+0000] {logging_mixin.py:188} INFO - [2024-02-03T23:15:58.016+0000] {dag.py:3823} INFO - Setting next_dagrun for dataset_produces_1 to 2024-02-02 00:00:00+00:00, run_after=2024-02-03 00:00:00+00:00
[2024-02-03T23:15:58.021+0000] {logging_mixin.py:188} INFO - [2024-02-03T23:15:58.021+0000] {dag.py:3823} INFO - Setting next_dagrun for dataset_produces_2 to None, run_after=None
[2024-02-03T23:15:58.097+0000] {processor.py:183} INFO - Processing /home/airflow/.local/lib/python3.8/site-packages/airflow/example_dags/example_datasets.py took 0.286 seconds
[2024-02-03T23:16:28.668+0000] {processor.py:161} INFO - Started process (PID=792) to work on /home/airflow/.local/lib/python3.8/site-packages/airflow/example_dags/example_datasets.py
[2024-02-03T23:16:28.673+0000] {processor.py:830} INFO - Processing file /home/airflow/.local/lib/python3.8/site-packages/airflow/example_dags/example_datasets.py for tasks to queue
[2024-02-03T23:16:28.682+0000] {logging_mixin.py:188} INFO - [2024-02-03T23:16:28.682+0000] {dagbag.py:538} INFO - Filling up the DagBag from /home/airflow/.local/lib/python3.8/site-packages/airflow/example_dags/example_datasets.py
[2024-02-03T23:16:28.699+0000] {processor.py:840} INFO - DAG(s) 'dataset_produces_2', 'dataset_consumes_unknown_never_scheduled', 'dataset_consumes_1_and_2', 'dataset_produces_1', 'dataset_consumes_1_never_scheduled', 'dataset_consumes_1' retrieved from /home/airflow/.local/lib/python3.8/site-packages/airflow/example_dags/example_datasets.py
[2024-02-03T23:16:28.794+0000] {logging_mixin.py:188} INFO - [2024-02-03T23:16:28.793+0000] {dag.py:3036} INFO - Sync 6 DAGs
[2024-02-03T23:16:28.834+0000] {logging_mixin.py:188} INFO - [2024-02-03T23:16:28.834+0000] {dag.py:3823} INFO - Setting next_dagrun for dataset_consumes_1 to None, run_after=None
[2024-02-03T23:16:28.847+0000] {logging_mixin.py:188} INFO - [2024-02-03T23:16:28.847+0000] {dag.py:3823} INFO - Setting next_dagrun for dataset_consumes_1_and_2 to None, run_after=None
[2024-02-03T23:16:28.852+0000] {logging_mixin.py:188} INFO - [2024-02-03T23:16:28.852+0000] {dag.py:3823} INFO - Setting next_dagrun for dataset_consumes_1_never_scheduled to None, run_after=None
[2024-02-03T23:16:28.860+0000] {logging_mixin.py:188} INFO - [2024-02-03T23:16:28.860+0000] {dag.py:3823} INFO - Setting next_dagrun for dataset_consumes_unknown_never_scheduled to None, run_after=None
[2024-02-03T23:16:28.874+0000] {logging_mixin.py:188} INFO - [2024-02-03T23:16:28.873+0000] {dag.py:3823} INFO - Setting next_dagrun for dataset_produces_1 to 2024-02-02 00:00:00+00:00, run_after=2024-02-03 00:00:00+00:00
[2024-02-03T23:16:28.878+0000] {logging_mixin.py:188} INFO - [2024-02-03T23:16:28.878+0000] {dag.py:3823} INFO - Setting next_dagrun for dataset_produces_2 to None, run_after=None
[2024-02-03T23:16:28.939+0000] {processor.py:183} INFO - Processing /home/airflow/.local/lib/python3.8/site-packages/airflow/example_dags/example_datasets.py took 0.280 seconds
[2024-02-03T23:16:59.160+0000] {processor.py:161} INFO - Started process (PID=847) to work on /home/airflow/.local/lib/python3.8/site-packages/airflow/example_dags/example_datasets.py
[2024-02-03T23:16:59.167+0000] {processor.py:830} INFO - Processing file /home/airflow/.local/lib/python3.8/site-packages/airflow/example_dags/example_datasets.py for tasks to queue
[2024-02-03T23:16:59.177+0000] {logging_mixin.py:188} INFO - [2024-02-03T23:16:59.176+0000] {dagbag.py:538} INFO - Filling up the DagBag from /home/airflow/.local/lib/python3.8/site-packages/airflow/example_dags/example_datasets.py
[2024-02-03T23:16:59.198+0000] {processor.py:840} INFO - DAG(s) 'dataset_produces_1', 'dataset_produces_2', 'dataset_consumes_1', 'dataset_consumes_1_and_2', 'dataset_consumes_unknown_never_scheduled', 'dataset_consumes_1_never_scheduled' retrieved from /home/airflow/.local/lib/python3.8/site-packages/airflow/example_dags/example_datasets.py
[2024-02-03T23:16:59.266+0000] {logging_mixin.py:188} INFO - [2024-02-03T23:16:59.266+0000] {dag.py:3036} INFO - Sync 6 DAGs
[2024-02-03T23:16:59.305+0000] {logging_mixin.py:188} INFO - [2024-02-03T23:16:59.305+0000] {dag.py:3823} INFO - Setting next_dagrun for dataset_consumes_1 to None, run_after=None
[2024-02-03T23:16:59.321+0000] {logging_mixin.py:188} INFO - [2024-02-03T23:16:59.320+0000] {dag.py:3823} INFO - Setting next_dagrun for dataset_consumes_1_and_2 to None, run_after=None
[2024-02-03T23:16:59.327+0000] {logging_mixin.py:188} INFO - [2024-02-03T23:16:59.327+0000] {dag.py:3823} INFO - Setting next_dagrun for dataset_consumes_1_never_scheduled to None, run_after=None
[2024-02-03T23:16:59.332+0000] {logging_mixin.py:188} INFO - [2024-02-03T23:16:59.332+0000] {dag.py:3823} INFO - Setting next_dagrun for dataset_consumes_unknown_never_scheduled to None, run_after=None
[2024-02-03T23:16:59.350+0000] {logging_mixin.py:188} INFO - [2024-02-03T23:16:59.349+0000] {dag.py:3823} INFO - Setting next_dagrun for dataset_produces_1 to 2024-02-02 00:00:00+00:00, run_after=2024-02-03 00:00:00+00:00
[2024-02-03T23:16:59.356+0000] {logging_mixin.py:188} INFO - [2024-02-03T23:16:59.356+0000] {dag.py:3823} INFO - Setting next_dagrun for dataset_produces_2 to None, run_after=None
[2024-02-03T23:16:59.440+0000] {processor.py:183} INFO - Processing /home/airflow/.local/lib/python3.8/site-packages/airflow/example_dags/example_datasets.py took 0.290 seconds
