[2024-02-03T23:09:43.749+0000] {processor.py:161} INFO - Started process (PID=74) to work on /home/airflow/.local/lib/python3.8/site-packages/airflow/example_dags/example_branch_day_of_week_operator.py
[2024-02-03T23:09:43.758+0000] {processor.py:830} INFO - Processing file /home/airflow/.local/lib/python3.8/site-packages/airflow/example_dags/example_branch_day_of_week_operator.py for tasks to queue
[2024-02-03T23:09:43.764+0000] {logging_mixin.py:188} INFO - [2024-02-03T23:09:43.763+0000] {dagbag.py:538} INFO - Filling up the DagBag from /home/airflow/.local/lib/python3.8/site-packages/airflow/example_dags/example_branch_day_of_week_operator.py
[2024-02-03T23:09:43.828+0000] {processor.py:840} INFO - DAG(s) 'example_weekday_branch_operator' retrieved from /home/airflow/.local/lib/python3.8/site-packages/airflow/example_dags/example_branch_day_of_week_operator.py
[2024-02-03T23:09:44.268+0000] {logging_mixin.py:188} INFO - [2024-02-03T23:09:44.267+0000] {dag.py:3036} INFO - Sync 1 DAGs
[2024-02-03T23:09:44.355+0000] {logging_mixin.py:188} INFO - [2024-02-03T23:09:44.354+0000] {dag.py:3823} INFO - Setting next_dagrun for example_weekday_branch_operator to 2024-02-02 00:00:00+00:00, run_after=2024-02-03 00:00:00+00:00
[2024-02-03T23:09:44.432+0000] {processor.py:183} INFO - Processing /home/airflow/.local/lib/python3.8/site-packages/airflow/example_dags/example_branch_day_of_week_operator.py took 0.703 seconds
[2024-02-03T23:10:15.116+0000] {processor.py:161} INFO - Started process (PID=129) to work on /home/airflow/.local/lib/python3.8/site-packages/airflow/example_dags/example_branch_day_of_week_operator.py
[2024-02-03T23:10:15.119+0000] {processor.py:830} INFO - Processing file /home/airflow/.local/lib/python3.8/site-packages/airflow/example_dags/example_branch_day_of_week_operator.py for tasks to queue
[2024-02-03T23:10:15.128+0000] {logging_mixin.py:188} INFO - [2024-02-03T23:10:15.127+0000] {dagbag.py:538} INFO - Filling up the DagBag from /home/airflow/.local/lib/python3.8/site-packages/airflow/example_dags/example_branch_day_of_week_operator.py
[2024-02-03T23:10:15.151+0000] {processor.py:840} INFO - DAG(s) 'example_weekday_branch_operator' retrieved from /home/airflow/.local/lib/python3.8/site-packages/airflow/example_dags/example_branch_day_of_week_operator.py
[2024-02-03T23:10:15.186+0000] {logging_mixin.py:188} INFO - [2024-02-03T23:10:15.185+0000] {dag.py:3036} INFO - Sync 1 DAGs
[2024-02-03T23:10:15.225+0000] {logging_mixin.py:188} INFO - [2024-02-03T23:10:15.224+0000] {dag.py:3823} INFO - Setting next_dagrun for example_weekday_branch_operator to 2024-02-02 00:00:00+00:00, run_after=2024-02-03 00:00:00+00:00
[2024-02-03T23:10:15.256+0000] {processor.py:183} INFO - Processing /home/airflow/.local/lib/python3.8/site-packages/airflow/example_dags/example_branch_day_of_week_operator.py took 0.145 seconds
[2024-02-03T23:10:45.430+0000] {processor.py:161} INFO - Started process (PID=183) to work on /home/airflow/.local/lib/python3.8/site-packages/airflow/example_dags/example_branch_day_of_week_operator.py
[2024-02-03T23:10:45.434+0000] {processor.py:830} INFO - Processing file /home/airflow/.local/lib/python3.8/site-packages/airflow/example_dags/example_branch_day_of_week_operator.py for tasks to queue
[2024-02-03T23:10:45.441+0000] {logging_mixin.py:188} INFO - [2024-02-03T23:10:45.440+0000] {dagbag.py:538} INFO - Filling up the DagBag from /home/airflow/.local/lib/python3.8/site-packages/airflow/example_dags/example_branch_day_of_week_operator.py
[2024-02-03T23:10:45.458+0000] {processor.py:840} INFO - DAG(s) 'example_weekday_branch_operator' retrieved from /home/airflow/.local/lib/python3.8/site-packages/airflow/example_dags/example_branch_day_of_week_operator.py
[2024-02-03T23:10:45.498+0000] {logging_mixin.py:188} INFO - [2024-02-03T23:10:45.497+0000] {dag.py:3036} INFO - Sync 1 DAGs
[2024-02-03T23:10:45.570+0000] {logging_mixin.py:188} INFO - [2024-02-03T23:10:45.570+0000] {dag.py:3823} INFO - Setting next_dagrun for example_weekday_branch_operator to 2024-02-02 00:00:00+00:00, run_after=2024-02-03 00:00:00+00:00
[2024-02-03T23:10:45.604+0000] {processor.py:183} INFO - Processing /home/airflow/.local/lib/python3.8/site-packages/airflow/example_dags/example_branch_day_of_week_operator.py took 0.190 seconds
[2024-02-03T23:11:17.248+0000] {processor.py:161} INFO - Started process (PID=238) to work on /home/airflow/.local/lib/python3.8/site-packages/airflow/example_dags/example_branch_day_of_week_operator.py
[2024-02-03T23:11:17.255+0000] {processor.py:830} INFO - Processing file /home/airflow/.local/lib/python3.8/site-packages/airflow/example_dags/example_branch_day_of_week_operator.py for tasks to queue
[2024-02-03T23:11:17.268+0000] {logging_mixin.py:188} INFO - [2024-02-03T23:11:17.264+0000] {dagbag.py:538} INFO - Filling up the DagBag from /home/airflow/.local/lib/python3.8/site-packages/airflow/example_dags/example_branch_day_of_week_operator.py
[2024-02-03T23:11:17.295+0000] {processor.py:840} INFO - DAG(s) 'example_weekday_branch_operator' retrieved from /home/airflow/.local/lib/python3.8/site-packages/airflow/example_dags/example_branch_day_of_week_operator.py
[2024-02-03T23:11:17.356+0000] {logging_mixin.py:188} INFO - [2024-02-03T23:11:17.356+0000] {dag.py:3036} INFO - Sync 1 DAGs
[2024-02-03T23:11:17.454+0000] {logging_mixin.py:188} INFO - [2024-02-03T23:11:17.454+0000] {dag.py:3823} INFO - Setting next_dagrun for example_weekday_branch_operator to 2024-02-02 00:00:00+00:00, run_after=2024-02-03 00:00:00+00:00
[2024-02-03T23:11:17.487+0000] {processor.py:183} INFO - Processing /home/airflow/.local/lib/python3.8/site-packages/airflow/example_dags/example_branch_day_of_week_operator.py took 0.250 seconds
[2024-02-03T23:11:47.645+0000] {processor.py:161} INFO - Started process (PID=292) to work on /home/airflow/.local/lib/python3.8/site-packages/airflow/example_dags/example_branch_day_of_week_operator.py
[2024-02-03T23:11:47.649+0000] {processor.py:830} INFO - Processing file /home/airflow/.local/lib/python3.8/site-packages/airflow/example_dags/example_branch_day_of_week_operator.py for tasks to queue
[2024-02-03T23:11:47.657+0000] {logging_mixin.py:188} INFO - [2024-02-03T23:11:47.656+0000] {dagbag.py:538} INFO - Filling up the DagBag from /home/airflow/.local/lib/python3.8/site-packages/airflow/example_dags/example_branch_day_of_week_operator.py
[2024-02-03T23:11:47.676+0000] {processor.py:840} INFO - DAG(s) 'example_weekday_branch_operator' retrieved from /home/airflow/.local/lib/python3.8/site-packages/airflow/example_dags/example_branch_day_of_week_operator.py
[2024-02-03T23:11:47.729+0000] {logging_mixin.py:188} INFO - [2024-02-03T23:11:47.728+0000] {dag.py:3036} INFO - Sync 1 DAGs
[2024-02-03T23:11:47.794+0000] {logging_mixin.py:188} INFO - [2024-02-03T23:11:47.794+0000] {dag.py:3823} INFO - Setting next_dagrun for example_weekday_branch_operator to 2024-02-02 00:00:00+00:00, run_after=2024-02-03 00:00:00+00:00
[2024-02-03T23:11:47.862+0000] {processor.py:183} INFO - Processing /home/airflow/.local/lib/python3.8/site-packages/airflow/example_dags/example_branch_day_of_week_operator.py took 0.224 seconds
[2024-02-03T23:12:18.393+0000] {processor.py:161} INFO - Started process (PID=347) to work on /home/airflow/.local/lib/python3.8/site-packages/airflow/example_dags/example_branch_day_of_week_operator.py
[2024-02-03T23:12:18.408+0000] {processor.py:830} INFO - Processing file /home/airflow/.local/lib/python3.8/site-packages/airflow/example_dags/example_branch_day_of_week_operator.py for tasks to queue
[2024-02-03T23:12:18.418+0000] {logging_mixin.py:188} INFO - [2024-02-03T23:12:18.417+0000] {dagbag.py:538} INFO - Filling up the DagBag from /home/airflow/.local/lib/python3.8/site-packages/airflow/example_dags/example_branch_day_of_week_operator.py
[2024-02-03T23:12:18.442+0000] {processor.py:840} INFO - DAG(s) 'example_weekday_branch_operator' retrieved from /home/airflow/.local/lib/python3.8/site-packages/airflow/example_dags/example_branch_day_of_week_operator.py
[2024-02-03T23:12:18.493+0000] {logging_mixin.py:188} INFO - [2024-02-03T23:12:18.493+0000] {dag.py:3036} INFO - Sync 1 DAGs
[2024-02-03T23:12:18.564+0000] {logging_mixin.py:188} INFO - [2024-02-03T23:12:18.563+0000] {dag.py:3823} INFO - Setting next_dagrun for example_weekday_branch_operator to 2024-02-02 00:00:00+00:00, run_after=2024-02-03 00:00:00+00:00
[2024-02-03T23:12:18.640+0000] {processor.py:183} INFO - Processing /home/airflow/.local/lib/python3.8/site-packages/airflow/example_dags/example_branch_day_of_week_operator.py took 0.270 seconds
[2024-02-03T23:12:49.781+0000] {processor.py:161} INFO - Started process (PID=402) to work on /home/airflow/.local/lib/python3.8/site-packages/airflow/example_dags/example_branch_day_of_week_operator.py
[2024-02-03T23:12:49.804+0000] {processor.py:830} INFO - Processing file /home/airflow/.local/lib/python3.8/site-packages/airflow/example_dags/example_branch_day_of_week_operator.py for tasks to queue
[2024-02-03T23:12:49.808+0000] {logging_mixin.py:188} INFO - [2024-02-03T23:12:49.808+0000] {dagbag.py:538} INFO - Filling up the DagBag from /home/airflow/.local/lib/python3.8/site-packages/airflow/example_dags/example_branch_day_of_week_operator.py
[2024-02-03T23:12:49.835+0000] {processor.py:840} INFO - DAG(s) 'example_weekday_branch_operator' retrieved from /home/airflow/.local/lib/python3.8/site-packages/airflow/example_dags/example_branch_day_of_week_operator.py
[2024-02-03T23:12:49.896+0000] {logging_mixin.py:188} INFO - [2024-02-03T23:12:49.895+0000] {dag.py:3036} INFO - Sync 1 DAGs
[2024-02-03T23:12:49.996+0000] {logging_mixin.py:188} INFO - [2024-02-03T23:12:49.990+0000] {dag.py:3823} INFO - Setting next_dagrun for example_weekday_branch_operator to 2024-02-02 00:00:00+00:00, run_after=2024-02-03 00:00:00+00:00
[2024-02-03T23:12:50.061+0000] {processor.py:183} INFO - Processing /home/airflow/.local/lib/python3.8/site-packages/airflow/example_dags/example_branch_day_of_week_operator.py took 0.288 seconds
[2024-02-03T23:13:20.787+0000] {processor.py:161} INFO - Started process (PID=458) to work on /home/airflow/.local/lib/python3.8/site-packages/airflow/example_dags/example_branch_day_of_week_operator.py
[2024-02-03T23:13:20.792+0000] {processor.py:830} INFO - Processing file /home/airflow/.local/lib/python3.8/site-packages/airflow/example_dags/example_branch_day_of_week_operator.py for tasks to queue
[2024-02-03T23:13:20.802+0000] {logging_mixin.py:188} INFO - [2024-02-03T23:13:20.802+0000] {dagbag.py:538} INFO - Filling up the DagBag from /home/airflow/.local/lib/python3.8/site-packages/airflow/example_dags/example_branch_day_of_week_operator.py
[2024-02-03T23:13:20.837+0000] {processor.py:840} INFO - DAG(s) 'example_weekday_branch_operator' retrieved from /home/airflow/.local/lib/python3.8/site-packages/airflow/example_dags/example_branch_day_of_week_operator.py
[2024-02-03T23:13:20.885+0000] {logging_mixin.py:188} INFO - [2024-02-03T23:13:20.885+0000] {dag.py:3036} INFO - Sync 1 DAGs
[2024-02-03T23:13:20.947+0000] {logging_mixin.py:188} INFO - [2024-02-03T23:13:20.945+0000] {dag.py:3823} INFO - Setting next_dagrun for example_weekday_branch_operator to 2024-02-02 00:00:00+00:00, run_after=2024-02-03 00:00:00+00:00
[2024-02-03T23:13:21.026+0000] {processor.py:183} INFO - Processing /home/airflow/.local/lib/python3.8/site-packages/airflow/example_dags/example_branch_day_of_week_operator.py took 0.252 seconds
[2024-02-03T23:13:51.931+0000] {processor.py:161} INFO - Started process (PID=513) to work on /home/airflow/.local/lib/python3.8/site-packages/airflow/example_dags/example_branch_day_of_week_operator.py
[2024-02-03T23:13:51.939+0000] {processor.py:830} INFO - Processing file /home/airflow/.local/lib/python3.8/site-packages/airflow/example_dags/example_branch_day_of_week_operator.py for tasks to queue
[2024-02-03T23:13:51.956+0000] {logging_mixin.py:188} INFO - [2024-02-03T23:13:51.953+0000] {dagbag.py:538} INFO - Filling up the DagBag from /home/airflow/.local/lib/python3.8/site-packages/airflow/example_dags/example_branch_day_of_week_operator.py
[2024-02-03T23:13:51.996+0000] {processor.py:840} INFO - DAG(s) 'example_weekday_branch_operator' retrieved from /home/airflow/.local/lib/python3.8/site-packages/airflow/example_dags/example_branch_day_of_week_operator.py
[2024-02-03T23:13:52.061+0000] {logging_mixin.py:188} INFO - [2024-02-03T23:13:52.056+0000] {dag.py:3036} INFO - Sync 1 DAGs
[2024-02-03T23:13:52.122+0000] {logging_mixin.py:188} INFO - [2024-02-03T23:13:52.122+0000] {dag.py:3823} INFO - Setting next_dagrun for example_weekday_branch_operator to 2024-02-02 00:00:00+00:00, run_after=2024-02-03 00:00:00+00:00
[2024-02-03T23:13:52.181+0000] {processor.py:183} INFO - Processing /home/airflow/.local/lib/python3.8/site-packages/airflow/example_dags/example_branch_day_of_week_operator.py took 0.259 seconds
[2024-02-03T23:14:22.765+0000] {processor.py:161} INFO - Started process (PID=568) to work on /home/airflow/.local/lib/python3.8/site-packages/airflow/example_dags/example_branch_day_of_week_operator.py
[2024-02-03T23:14:22.778+0000] {processor.py:830} INFO - Processing file /home/airflow/.local/lib/python3.8/site-packages/airflow/example_dags/example_branch_day_of_week_operator.py for tasks to queue
[2024-02-03T23:14:22.791+0000] {logging_mixin.py:188} INFO - [2024-02-03T23:14:22.791+0000] {dagbag.py:538} INFO - Filling up the DagBag from /home/airflow/.local/lib/python3.8/site-packages/airflow/example_dags/example_branch_day_of_week_operator.py
[2024-02-03T23:14:22.835+0000] {processor.py:840} INFO - DAG(s) 'example_weekday_branch_operator' retrieved from /home/airflow/.local/lib/python3.8/site-packages/airflow/example_dags/example_branch_day_of_week_operator.py
[2024-02-03T23:14:22.917+0000] {logging_mixin.py:188} INFO - [2024-02-03T23:14:22.916+0000] {dag.py:3036} INFO - Sync 1 DAGs
[2024-02-03T23:14:23.026+0000] {logging_mixin.py:188} INFO - [2024-02-03T23:14:23.025+0000] {dag.py:3823} INFO - Setting next_dagrun for example_weekday_branch_operator to 2024-02-02 00:00:00+00:00, run_after=2024-02-03 00:00:00+00:00
[2024-02-03T23:14:23.171+0000] {processor.py:183} INFO - Processing /home/airflow/.local/lib/python3.8/site-packages/airflow/example_dags/example_branch_day_of_week_operator.py took 0.485 seconds
[2024-02-03T23:14:53.328+0000] {processor.py:161} INFO - Started process (PID=623) to work on /home/airflow/.local/lib/python3.8/site-packages/airflow/example_dags/example_branch_day_of_week_operator.py
[2024-02-03T23:14:53.331+0000] {processor.py:830} INFO - Processing file /home/airflow/.local/lib/python3.8/site-packages/airflow/example_dags/example_branch_day_of_week_operator.py for tasks to queue
[2024-02-03T23:14:53.342+0000] {logging_mixin.py:188} INFO - [2024-02-03T23:14:53.342+0000] {dagbag.py:538} INFO - Filling up the DagBag from /home/airflow/.local/lib/python3.8/site-packages/airflow/example_dags/example_branch_day_of_week_operator.py
[2024-02-03T23:14:53.361+0000] {processor.py:840} INFO - DAG(s) 'example_weekday_branch_operator' retrieved from /home/airflow/.local/lib/python3.8/site-packages/airflow/example_dags/example_branch_day_of_week_operator.py
[2024-02-03T23:14:53.412+0000] {logging_mixin.py:188} INFO - [2024-02-03T23:14:53.412+0000] {dag.py:3036} INFO - Sync 1 DAGs
[2024-02-03T23:14:53.457+0000] {logging_mixin.py:188} INFO - [2024-02-03T23:14:53.457+0000] {dag.py:3823} INFO - Setting next_dagrun for example_weekday_branch_operator to 2024-02-02 00:00:00+00:00, run_after=2024-02-03 00:00:00+00:00
[2024-02-03T23:14:53.489+0000] {processor.py:183} INFO - Processing /home/airflow/.local/lib/python3.8/site-packages/airflow/example_dags/example_branch_day_of_week_operator.py took 0.167 seconds
[2024-02-03T23:15:23.644+0000] {processor.py:161} INFO - Started process (PID=678) to work on /home/airflow/.local/lib/python3.8/site-packages/airflow/example_dags/example_branch_day_of_week_operator.py
[2024-02-03T23:15:23.649+0000] {processor.py:830} INFO - Processing file /home/airflow/.local/lib/python3.8/site-packages/airflow/example_dags/example_branch_day_of_week_operator.py for tasks to queue
[2024-02-03T23:15:23.666+0000] {logging_mixin.py:188} INFO - [2024-02-03T23:15:23.666+0000] {dagbag.py:538} INFO - Filling up the DagBag from /home/airflow/.local/lib/python3.8/site-packages/airflow/example_dags/example_branch_day_of_week_operator.py
[2024-02-03T23:15:23.703+0000] {processor.py:840} INFO - DAG(s) 'example_weekday_branch_operator' retrieved from /home/airflow/.local/lib/python3.8/site-packages/airflow/example_dags/example_branch_day_of_week_operator.py
[2024-02-03T23:15:23.843+0000] {logging_mixin.py:188} INFO - [2024-02-03T23:15:23.843+0000] {dag.py:3036} INFO - Sync 1 DAGs
[2024-02-03T23:15:23.964+0000] {logging_mixin.py:188} INFO - [2024-02-03T23:15:23.963+0000] {dag.py:3823} INFO - Setting next_dagrun for example_weekday_branch_operator to 2024-02-02 00:00:00+00:00, run_after=2024-02-03 00:00:00+00:00
[2024-02-03T23:15:24.081+0000] {processor.py:183} INFO - Processing /home/airflow/.local/lib/python3.8/site-packages/airflow/example_dags/example_branch_day_of_week_operator.py took 0.459 seconds
[2024-02-03T23:15:54.251+0000] {processor.py:161} INFO - Started process (PID=733) to work on /home/airflow/.local/lib/python3.8/site-packages/airflow/example_dags/example_branch_day_of_week_operator.py
[2024-02-03T23:15:54.254+0000] {processor.py:830} INFO - Processing file /home/airflow/.local/lib/python3.8/site-packages/airflow/example_dags/example_branch_day_of_week_operator.py for tasks to queue
[2024-02-03T23:15:54.258+0000] {logging_mixin.py:188} INFO - [2024-02-03T23:15:54.258+0000] {dagbag.py:538} INFO - Filling up the DagBag from /home/airflow/.local/lib/python3.8/site-packages/airflow/example_dags/example_branch_day_of_week_operator.py
[2024-02-03T23:15:54.273+0000] {processor.py:840} INFO - DAG(s) 'example_weekday_branch_operator' retrieved from /home/airflow/.local/lib/python3.8/site-packages/airflow/example_dags/example_branch_day_of_week_operator.py
[2024-02-03T23:15:54.312+0000] {logging_mixin.py:188} INFO - [2024-02-03T23:15:54.312+0000] {dag.py:3036} INFO - Sync 1 DAGs
[2024-02-03T23:15:54.349+0000] {logging_mixin.py:188} INFO - [2024-02-03T23:15:54.348+0000] {dag.py:3823} INFO - Setting next_dagrun for example_weekday_branch_operator to 2024-02-02 00:00:00+00:00, run_after=2024-02-03 00:00:00+00:00
[2024-02-03T23:15:54.380+0000] {processor.py:183} INFO - Processing /home/airflow/.local/lib/python3.8/site-packages/airflow/example_dags/example_branch_day_of_week_operator.py took 0.139 seconds
[2024-02-03T23:16:25.180+0000] {processor.py:161} INFO - Started process (PID=788) to work on /home/airflow/.local/lib/python3.8/site-packages/airflow/example_dags/example_branch_day_of_week_operator.py
[2024-02-03T23:16:25.183+0000] {processor.py:830} INFO - Processing file /home/airflow/.local/lib/python3.8/site-packages/airflow/example_dags/example_branch_day_of_week_operator.py for tasks to queue
[2024-02-03T23:16:25.190+0000] {logging_mixin.py:188} INFO - [2024-02-03T23:16:25.189+0000] {dagbag.py:538} INFO - Filling up the DagBag from /home/airflow/.local/lib/python3.8/site-packages/airflow/example_dags/example_branch_day_of_week_operator.py
[2024-02-03T23:16:25.214+0000] {processor.py:840} INFO - DAG(s) 'example_weekday_branch_operator' retrieved from /home/airflow/.local/lib/python3.8/site-packages/airflow/example_dags/example_branch_day_of_week_operator.py
[2024-02-03T23:16:25.252+0000] {logging_mixin.py:188} INFO - [2024-02-03T23:16:25.252+0000] {dag.py:3036} INFO - Sync 1 DAGs
[2024-02-03T23:16:25.292+0000] {logging_mixin.py:188} INFO - [2024-02-03T23:16:25.292+0000] {dag.py:3823} INFO - Setting next_dagrun for example_weekday_branch_operator to 2024-02-02 00:00:00+00:00, run_after=2024-02-03 00:00:00+00:00
[2024-02-03T23:16:25.330+0000] {processor.py:183} INFO - Processing /home/airflow/.local/lib/python3.8/site-packages/airflow/example_dags/example_branch_day_of_week_operator.py took 0.156 seconds
[2024-02-03T23:16:55.485+0000] {processor.py:161} INFO - Started process (PID=843) to work on /home/airflow/.local/lib/python3.8/site-packages/airflow/example_dags/example_branch_day_of_week_operator.py
[2024-02-03T23:16:55.493+0000] {processor.py:830} INFO - Processing file /home/airflow/.local/lib/python3.8/site-packages/airflow/example_dags/example_branch_day_of_week_operator.py for tasks to queue
[2024-02-03T23:16:55.508+0000] {logging_mixin.py:188} INFO - [2024-02-03T23:16:55.507+0000] {dagbag.py:538} INFO - Filling up the DagBag from /home/airflow/.local/lib/python3.8/site-packages/airflow/example_dags/example_branch_day_of_week_operator.py
[2024-02-03T23:16:55.558+0000] {processor.py:840} INFO - DAG(s) 'example_weekday_branch_operator' retrieved from /home/airflow/.local/lib/python3.8/site-packages/airflow/example_dags/example_branch_day_of_week_operator.py
[2024-02-03T23:16:55.656+0000] {logging_mixin.py:188} INFO - [2024-02-03T23:16:55.655+0000] {dag.py:3036} INFO - Sync 1 DAGs
[2024-02-03T23:16:55.694+0000] {logging_mixin.py:188} INFO - [2024-02-03T23:16:55.693+0000] {dag.py:3823} INFO - Setting next_dagrun for example_weekday_branch_operator to 2024-02-02 00:00:00+00:00, run_after=2024-02-03 00:00:00+00:00
[2024-02-03T23:16:55.724+0000] {processor.py:183} INFO - Processing /home/airflow/.local/lib/python3.8/site-packages/airflow/example_dags/example_branch_day_of_week_operator.py took 0.261 seconds
[2024-02-03T23:17:27.031+0000] {processor.py:161} INFO - Started process (PID=899) to work on /home/airflow/.local/lib/python3.8/site-packages/airflow/example_dags/example_branch_day_of_week_operator.py
[2024-02-03T23:17:27.035+0000] {processor.py:830} INFO - Processing file /home/airflow/.local/lib/python3.8/site-packages/airflow/example_dags/example_branch_day_of_week_operator.py for tasks to queue
[2024-02-03T23:17:27.060+0000] {logging_mixin.py:188} INFO - [2024-02-03T23:17:27.059+0000] {dagbag.py:538} INFO - Filling up the DagBag from /home/airflow/.local/lib/python3.8/site-packages/airflow/example_dags/example_branch_day_of_week_operator.py
[2024-02-03T23:17:27.095+0000] {processor.py:840} INFO - DAG(s) 'example_weekday_branch_operator' retrieved from /home/airflow/.local/lib/python3.8/site-packages/airflow/example_dags/example_branch_day_of_week_operator.py
[2024-02-03T23:17:27.131+0000] {logging_mixin.py:188} INFO - [2024-02-03T23:17:27.130+0000] {dag.py:3036} INFO - Sync 1 DAGs
[2024-02-03T23:17:27.202+0000] {logging_mixin.py:188} INFO - [2024-02-03T23:17:27.200+0000] {dag.py:3823} INFO - Setting next_dagrun for example_weekday_branch_operator to 2024-02-02 00:00:00+00:00, run_after=2024-02-03 00:00:00+00:00
[2024-02-03T23:17:27.346+0000] {processor.py:183} INFO - Processing /home/airflow/.local/lib/python3.8/site-packages/airflow/example_dags/example_branch_day_of_week_operator.py took 0.330 seconds
