[2024-02-03T23:09:29.820+0000] {processor.py:161} INFO - Started process (PID=40) to work on /home/airflow/.local/lib/python3.8/site-packages/airflow/example_dags/example_branch_python_dop_operator_3.py
[2024-02-03T23:09:29.826+0000] {processor.py:830} INFO - Processing file /home/airflow/.local/lib/python3.8/site-packages/airflow/example_dags/example_branch_python_dop_operator_3.py for tasks to queue
[2024-02-03T23:09:29.839+0000] {logging_mixin.py:188} INFO - [2024-02-03T23:09:29.838+0000] {dagbag.py:538} INFO - Filling up the DagBag from /home/airflow/.local/lib/python3.8/site-packages/airflow/example_dags/example_branch_python_dop_operator_3.py
[2024-02-03T23:09:29.903+0000] {processor.py:840} INFO - DAG(s) 'example_branch_dop_operator_v3' retrieved from /home/airflow/.local/lib/python3.8/site-packages/airflow/example_dags/example_branch_python_dop_operator_3.py
[2024-02-03T23:09:30.541+0000] {logging_mixin.py:188} INFO - [2024-02-03T23:09:30.540+0000] {dag.py:3036} INFO - Sync 1 DAGs
[2024-02-03T23:09:30.703+0000] {logging_mixin.py:188} INFO - [2024-02-03T23:09:30.702+0000] {dag.py:3823} INFO - Setting next_dagrun for example_branch_dop_operator_v3 to 2024-02-03 23:08:00+00:00, run_after=2024-02-03 23:09:00+00:00
[2024-02-03T23:09:30.862+0000] {processor.py:183} INFO - Processing /home/airflow/.local/lib/python3.8/site-packages/airflow/example_dags/example_branch_python_dop_operator_3.py took 1.061 seconds
[2024-02-03T23:10:01.036+0000] {processor.py:161} INFO - Started process (PID=95) to work on /home/airflow/.local/lib/python3.8/site-packages/airflow/example_dags/example_branch_python_dop_operator_3.py
[2024-02-03T23:10:01.038+0000] {processor.py:830} INFO - Processing file /home/airflow/.local/lib/python3.8/site-packages/airflow/example_dags/example_branch_python_dop_operator_3.py for tasks to queue
[2024-02-03T23:10:01.042+0000] {logging_mixin.py:188} INFO - [2024-02-03T23:10:01.042+0000] {dagbag.py:538} INFO - Filling up the DagBag from /home/airflow/.local/lib/python3.8/site-packages/airflow/example_dags/example_branch_python_dop_operator_3.py
[2024-02-03T23:10:01.058+0000] {processor.py:840} INFO - DAG(s) 'example_branch_dop_operator_v3' retrieved from /home/airflow/.local/lib/python3.8/site-packages/airflow/example_dags/example_branch_python_dop_operator_3.py
[2024-02-03T23:10:01.094+0000] {logging_mixin.py:188} INFO - [2024-02-03T23:10:01.094+0000] {dag.py:3036} INFO - Sync 1 DAGs
[2024-02-03T23:10:01.141+0000] {logging_mixin.py:188} INFO - [2024-02-03T23:10:01.140+0000] {dag.py:3823} INFO - Setting next_dagrun for example_branch_dop_operator_v3 to 2024-02-03 23:09:00+00:00, run_after=2024-02-03 23:10:00+00:00
[2024-02-03T23:10:01.174+0000] {processor.py:183} INFO - Processing /home/airflow/.local/lib/python3.8/site-packages/airflow/example_dags/example_branch_python_dop_operator_3.py took 0.143 seconds
[2024-02-03T23:10:31.311+0000] {processor.py:161} INFO - Started process (PID=150) to work on /home/airflow/.local/lib/python3.8/site-packages/airflow/example_dags/example_branch_python_dop_operator_3.py
[2024-02-03T23:10:31.315+0000] {processor.py:830} INFO - Processing file /home/airflow/.local/lib/python3.8/site-packages/airflow/example_dags/example_branch_python_dop_operator_3.py for tasks to queue
[2024-02-03T23:10:31.323+0000] {logging_mixin.py:188} INFO - [2024-02-03T23:10:31.322+0000] {dagbag.py:538} INFO - Filling up the DagBag from /home/airflow/.local/lib/python3.8/site-packages/airflow/example_dags/example_branch_python_dop_operator_3.py
[2024-02-03T23:10:31.341+0000] {processor.py:840} INFO - DAG(s) 'example_branch_dop_operator_v3' retrieved from /home/airflow/.local/lib/python3.8/site-packages/airflow/example_dags/example_branch_python_dop_operator_3.py
[2024-02-03T23:10:31.386+0000] {logging_mixin.py:188} INFO - [2024-02-03T23:10:31.385+0000] {dag.py:3036} INFO - Sync 1 DAGs
[2024-02-03T23:10:31.440+0000] {logging_mixin.py:188} INFO - [2024-02-03T23:10:31.439+0000] {dag.py:3823} INFO - Setting next_dagrun for example_branch_dop_operator_v3 to 2024-02-03 23:09:00+00:00, run_after=2024-02-03 23:10:00+00:00
[2024-02-03T23:10:31.470+0000] {processor.py:183} INFO - Processing /home/airflow/.local/lib/python3.8/site-packages/airflow/example_dags/example_branch_python_dop_operator_3.py took 0.168 seconds
[2024-02-03T23:11:01.905+0000] {processor.py:161} INFO - Started process (PID=204) to work on /home/airflow/.local/lib/python3.8/site-packages/airflow/example_dags/example_branch_python_dop_operator_3.py
[2024-02-03T23:11:01.915+0000] {processor.py:830} INFO - Processing file /home/airflow/.local/lib/python3.8/site-packages/airflow/example_dags/example_branch_python_dop_operator_3.py for tasks to queue
[2024-02-03T23:11:01.934+0000] {logging_mixin.py:188} INFO - [2024-02-03T23:11:01.932+0000] {dagbag.py:538} INFO - Filling up the DagBag from /home/airflow/.local/lib/python3.8/site-packages/airflow/example_dags/example_branch_python_dop_operator_3.py
[2024-02-03T23:11:01.971+0000] {processor.py:840} INFO - DAG(s) 'example_branch_dop_operator_v3' retrieved from /home/airflow/.local/lib/python3.8/site-packages/airflow/example_dags/example_branch_python_dop_operator_3.py
[2024-02-03T23:11:02.048+0000] {logging_mixin.py:188} INFO - [2024-02-03T23:11:02.048+0000] {dag.py:3036} INFO - Sync 1 DAGs
[2024-02-03T23:11:02.103+0000] {logging_mixin.py:188} INFO - [2024-02-03T23:11:02.103+0000] {dag.py:3823} INFO - Setting next_dagrun for example_branch_dop_operator_v3 to 2024-02-03 23:10:00+00:00, run_after=2024-02-03 23:11:00+00:00
[2024-02-03T23:11:02.168+0000] {processor.py:183} INFO - Processing /home/airflow/.local/lib/python3.8/site-packages/airflow/example_dags/example_branch_python_dop_operator_3.py took 0.269 seconds
[2024-02-03T23:11:32.350+0000] {processor.py:161} INFO - Started process (PID=259) to work on /home/airflow/.local/lib/python3.8/site-packages/airflow/example_dags/example_branch_python_dop_operator_3.py
[2024-02-03T23:11:32.362+0000] {processor.py:830} INFO - Processing file /home/airflow/.local/lib/python3.8/site-packages/airflow/example_dags/example_branch_python_dop_operator_3.py for tasks to queue
[2024-02-03T23:11:32.376+0000] {logging_mixin.py:188} INFO - [2024-02-03T23:11:32.374+0000] {dagbag.py:538} INFO - Filling up the DagBag from /home/airflow/.local/lib/python3.8/site-packages/airflow/example_dags/example_branch_python_dop_operator_3.py
[2024-02-03T23:11:32.434+0000] {processor.py:840} INFO - DAG(s) 'example_branch_dop_operator_v3' retrieved from /home/airflow/.local/lib/python3.8/site-packages/airflow/example_dags/example_branch_python_dop_operator_3.py
[2024-02-03T23:11:32.550+0000] {logging_mixin.py:188} INFO - [2024-02-03T23:11:32.550+0000] {dag.py:3036} INFO - Sync 1 DAGs
[2024-02-03T23:11:32.670+0000] {logging_mixin.py:188} INFO - [2024-02-03T23:11:32.670+0000] {dag.py:3823} INFO - Setting next_dagrun for example_branch_dop_operator_v3 to 2024-02-03 23:10:00+00:00, run_after=2024-02-03 23:11:00+00:00
[2024-02-03T23:11:32.747+0000] {processor.py:183} INFO - Processing /home/airflow/.local/lib/python3.8/site-packages/airflow/example_dags/example_branch_python_dop_operator_3.py took 0.422 seconds
[2024-02-03T23:12:03.135+0000] {processor.py:161} INFO - Started process (PID=313) to work on /home/airflow/.local/lib/python3.8/site-packages/airflow/example_dags/example_branch_python_dop_operator_3.py
[2024-02-03T23:12:03.139+0000] {processor.py:830} INFO - Processing file /home/airflow/.local/lib/python3.8/site-packages/airflow/example_dags/example_branch_python_dop_operator_3.py for tasks to queue
[2024-02-03T23:12:03.145+0000] {logging_mixin.py:188} INFO - [2024-02-03T23:12:03.144+0000] {dagbag.py:538} INFO - Filling up the DagBag from /home/airflow/.local/lib/python3.8/site-packages/airflow/example_dags/example_branch_python_dop_operator_3.py
[2024-02-03T23:12:03.164+0000] {processor.py:840} INFO - DAG(s) 'example_branch_dop_operator_v3' retrieved from /home/airflow/.local/lib/python3.8/site-packages/airflow/example_dags/example_branch_python_dop_operator_3.py
[2024-02-03T23:12:03.204+0000] {logging_mixin.py:188} INFO - [2024-02-03T23:12:03.204+0000] {dag.py:3036} INFO - Sync 1 DAGs
[2024-02-03T23:12:03.252+0000] {logging_mixin.py:188} INFO - [2024-02-03T23:12:03.252+0000] {dag.py:3823} INFO - Setting next_dagrun for example_branch_dop_operator_v3 to 2024-02-03 23:11:00+00:00, run_after=2024-02-03 23:12:00+00:00
[2024-02-03T23:12:03.284+0000] {processor.py:183} INFO - Processing /home/airflow/.local/lib/python3.8/site-packages/airflow/example_dags/example_branch_python_dop_operator_3.py took 0.154 seconds
[2024-02-03T23:12:34.013+0000] {processor.py:161} INFO - Started process (PID=368) to work on /home/airflow/.local/lib/python3.8/site-packages/airflow/example_dags/example_branch_python_dop_operator_3.py
[2024-02-03T23:12:34.015+0000] {processor.py:830} INFO - Processing file /home/airflow/.local/lib/python3.8/site-packages/airflow/example_dags/example_branch_python_dop_operator_3.py for tasks to queue
[2024-02-03T23:12:34.019+0000] {logging_mixin.py:188} INFO - [2024-02-03T23:12:34.018+0000] {dagbag.py:538} INFO - Filling up the DagBag from /home/airflow/.local/lib/python3.8/site-packages/airflow/example_dags/example_branch_python_dop_operator_3.py
[2024-02-03T23:12:34.032+0000] {processor.py:840} INFO - DAG(s) 'example_branch_dop_operator_v3' retrieved from /home/airflow/.local/lib/python3.8/site-packages/airflow/example_dags/example_branch_python_dop_operator_3.py
[2024-02-03T23:12:34.063+0000] {logging_mixin.py:188} INFO - [2024-02-03T23:12:34.063+0000] {dag.py:3036} INFO - Sync 1 DAGs
[2024-02-03T23:12:34.102+0000] {logging_mixin.py:188} INFO - [2024-02-03T23:12:34.102+0000] {dag.py:3823} INFO - Setting next_dagrun for example_branch_dop_operator_v3 to 2024-02-03 23:11:00+00:00, run_after=2024-02-03 23:12:00+00:00
[2024-02-03T23:12:34.136+0000] {processor.py:183} INFO - Processing /home/airflow/.local/lib/python3.8/site-packages/airflow/example_dags/example_branch_python_dop_operator_3.py took 0.127 seconds
[2024-02-03T23:13:05.407+0000] {processor.py:161} INFO - Started process (PID=423) to work on /home/airflow/.local/lib/python3.8/site-packages/airflow/example_dags/example_branch_python_dop_operator_3.py
[2024-02-03T23:13:05.411+0000] {processor.py:830} INFO - Processing file /home/airflow/.local/lib/python3.8/site-packages/airflow/example_dags/example_branch_python_dop_operator_3.py for tasks to queue
[2024-02-03T23:13:05.420+0000] {logging_mixin.py:188} INFO - [2024-02-03T23:13:05.420+0000] {dagbag.py:538} INFO - Filling up the DagBag from /home/airflow/.local/lib/python3.8/site-packages/airflow/example_dags/example_branch_python_dop_operator_3.py
[2024-02-03T23:13:05.444+0000] {processor.py:840} INFO - DAG(s) 'example_branch_dop_operator_v3' retrieved from /home/airflow/.local/lib/python3.8/site-packages/airflow/example_dags/example_branch_python_dop_operator_3.py
[2024-02-03T23:13:05.507+0000] {logging_mixin.py:188} INFO - [2024-02-03T23:13:05.507+0000] {dag.py:3036} INFO - Sync 1 DAGs
[2024-02-03T23:13:05.594+0000] {logging_mixin.py:188} INFO - [2024-02-03T23:13:05.594+0000] {dag.py:3823} INFO - Setting next_dagrun for example_branch_dop_operator_v3 to 2024-02-03 23:12:00+00:00, run_after=2024-02-03 23:13:00+00:00
[2024-02-03T23:13:05.763+0000] {processor.py:183} INFO - Processing /home/airflow/.local/lib/python3.8/site-packages/airflow/example_dags/example_branch_python_dop_operator_3.py took 0.371 seconds
[2024-02-03T23:13:36.327+0000] {processor.py:161} INFO - Started process (PID=479) to work on /home/airflow/.local/lib/python3.8/site-packages/airflow/example_dags/example_branch_python_dop_operator_3.py
[2024-02-03T23:13:36.331+0000] {processor.py:830} INFO - Processing file /home/airflow/.local/lib/python3.8/site-packages/airflow/example_dags/example_branch_python_dop_operator_3.py for tasks to queue
[2024-02-03T23:13:36.342+0000] {logging_mixin.py:188} INFO - [2024-02-03T23:13:36.341+0000] {dagbag.py:538} INFO - Filling up the DagBag from /home/airflow/.local/lib/python3.8/site-packages/airflow/example_dags/example_branch_python_dop_operator_3.py
[2024-02-03T23:13:36.359+0000] {processor.py:840} INFO - DAG(s) 'example_branch_dop_operator_v3' retrieved from /home/airflow/.local/lib/python3.8/site-packages/airflow/example_dags/example_branch_python_dop_operator_3.py
[2024-02-03T23:13:36.410+0000] {logging_mixin.py:188} INFO - [2024-02-03T23:13:36.410+0000] {dag.py:3036} INFO - Sync 1 DAGs
[2024-02-03T23:13:36.474+0000] {logging_mixin.py:188} INFO - [2024-02-03T23:13:36.474+0000] {dag.py:3823} INFO - Setting next_dagrun for example_branch_dop_operator_v3 to 2024-02-03 23:12:00+00:00, run_after=2024-02-03 23:13:00+00:00
[2024-02-03T23:13:36.508+0000] {processor.py:183} INFO - Processing /home/airflow/.local/lib/python3.8/site-packages/airflow/example_dags/example_branch_python_dop_operator_3.py took 0.192 seconds
[2024-02-03T23:14:06.738+0000] {processor.py:161} INFO - Started process (PID=534) to work on /home/airflow/.local/lib/python3.8/site-packages/airflow/example_dags/example_branch_python_dop_operator_3.py
[2024-02-03T23:14:06.749+0000] {processor.py:830} INFO - Processing file /home/airflow/.local/lib/python3.8/site-packages/airflow/example_dags/example_branch_python_dop_operator_3.py for tasks to queue
[2024-02-03T23:14:06.755+0000] {logging_mixin.py:188} INFO - [2024-02-03T23:14:06.755+0000] {dagbag.py:538} INFO - Filling up the DagBag from /home/airflow/.local/lib/python3.8/site-packages/airflow/example_dags/example_branch_python_dop_operator_3.py
[2024-02-03T23:14:06.780+0000] {processor.py:840} INFO - DAG(s) 'example_branch_dop_operator_v3' retrieved from /home/airflow/.local/lib/python3.8/site-packages/airflow/example_dags/example_branch_python_dop_operator_3.py
[2024-02-03T23:14:06.821+0000] {logging_mixin.py:188} INFO - [2024-02-03T23:14:06.821+0000] {dag.py:3036} INFO - Sync 1 DAGs
[2024-02-03T23:14:06.885+0000] {logging_mixin.py:188} INFO - [2024-02-03T23:14:06.884+0000] {dag.py:3823} INFO - Setting next_dagrun for example_branch_dop_operator_v3 to 2024-02-03 23:13:00+00:00, run_after=2024-02-03 23:14:00+00:00
[2024-02-03T23:14:06.928+0000] {processor.py:183} INFO - Processing /home/airflow/.local/lib/python3.8/site-packages/airflow/example_dags/example_branch_python_dop_operator_3.py took 0.197 seconds
[2024-02-03T23:14:37.052+0000] {processor.py:161} INFO - Started process (PID=588) to work on /home/airflow/.local/lib/python3.8/site-packages/airflow/example_dags/example_branch_python_dop_operator_3.py
[2024-02-03T23:14:37.055+0000] {processor.py:830} INFO - Processing file /home/airflow/.local/lib/python3.8/site-packages/airflow/example_dags/example_branch_python_dop_operator_3.py for tasks to queue
[2024-02-03T23:14:37.063+0000] {logging_mixin.py:188} INFO - [2024-02-03T23:14:37.062+0000] {dagbag.py:538} INFO - Filling up the DagBag from /home/airflow/.local/lib/python3.8/site-packages/airflow/example_dags/example_branch_python_dop_operator_3.py
[2024-02-03T23:14:37.089+0000] {processor.py:840} INFO - DAG(s) 'example_branch_dop_operator_v3' retrieved from /home/airflow/.local/lib/python3.8/site-packages/airflow/example_dags/example_branch_python_dop_operator_3.py
[2024-02-03T23:14:37.127+0000] {logging_mixin.py:188} INFO - [2024-02-03T23:14:37.127+0000] {dag.py:3036} INFO - Sync 1 DAGs
[2024-02-03T23:14:37.181+0000] {logging_mixin.py:188} INFO - [2024-02-03T23:14:37.181+0000] {dag.py:3823} INFO - Setting next_dagrun for example_branch_dop_operator_v3 to 2024-02-03 23:13:00+00:00, run_after=2024-02-03 23:14:00+00:00
[2024-02-03T23:14:37.249+0000] {processor.py:183} INFO - Processing /home/airflow/.local/lib/python3.8/site-packages/airflow/example_dags/example_branch_python_dop_operator_3.py took 0.204 seconds
[2024-02-03T23:15:08.237+0000] {processor.py:161} INFO - Started process (PID=644) to work on /home/airflow/.local/lib/python3.8/site-packages/airflow/example_dags/example_branch_python_dop_operator_3.py
[2024-02-03T23:15:08.241+0000] {processor.py:830} INFO - Processing file /home/airflow/.local/lib/python3.8/site-packages/airflow/example_dags/example_branch_python_dop_operator_3.py for tasks to queue
[2024-02-03T23:15:08.257+0000] {logging_mixin.py:188} INFO - [2024-02-03T23:15:08.255+0000] {dagbag.py:538} INFO - Filling up the DagBag from /home/airflow/.local/lib/python3.8/site-packages/airflow/example_dags/example_branch_python_dop_operator_3.py
[2024-02-03T23:15:08.297+0000] {processor.py:840} INFO - DAG(s) 'example_branch_dop_operator_v3' retrieved from /home/airflow/.local/lib/python3.8/site-packages/airflow/example_dags/example_branch_python_dop_operator_3.py
[2024-02-03T23:15:08.345+0000] {logging_mixin.py:188} INFO - [2024-02-03T23:15:08.344+0000] {dag.py:3036} INFO - Sync 1 DAGs
[2024-02-03T23:15:09.237+0000] {logging_mixin.py:188} INFO - [2024-02-03T23:15:09.232+0000] {dag.py:3823} INFO - Setting next_dagrun for example_branch_dop_operator_v3 to 2024-02-03 23:14:00+00:00, run_after=2024-02-03 23:15:00+00:00
[2024-02-03T23:15:09.397+0000] {processor.py:183} INFO - Processing /home/airflow/.local/lib/python3.8/site-packages/airflow/example_dags/example_branch_python_dop_operator_3.py took 1.205 seconds
[2024-02-03T23:15:39.726+0000] {processor.py:161} INFO - Started process (PID=698) to work on /home/airflow/.local/lib/python3.8/site-packages/airflow/example_dags/example_branch_python_dop_operator_3.py
[2024-02-03T23:15:39.735+0000] {processor.py:830} INFO - Processing file /home/airflow/.local/lib/python3.8/site-packages/airflow/example_dags/example_branch_python_dop_operator_3.py for tasks to queue
[2024-02-03T23:15:39.753+0000] {logging_mixin.py:188} INFO - [2024-02-03T23:15:39.751+0000] {dagbag.py:538} INFO - Filling up the DagBag from /home/airflow/.local/lib/python3.8/site-packages/airflow/example_dags/example_branch_python_dop_operator_3.py
[2024-02-03T23:15:39.780+0000] {processor.py:840} INFO - DAG(s) 'example_branch_dop_operator_v3' retrieved from /home/airflow/.local/lib/python3.8/site-packages/airflow/example_dags/example_branch_python_dop_operator_3.py
[2024-02-03T23:15:39.836+0000] {logging_mixin.py:188} INFO - [2024-02-03T23:15:39.835+0000] {dag.py:3036} INFO - Sync 1 DAGs
[2024-02-03T23:15:39.924+0000] {logging_mixin.py:188} INFO - [2024-02-03T23:15:39.923+0000] {dag.py:3823} INFO - Setting next_dagrun for example_branch_dop_operator_v3 to 2024-02-03 23:14:00+00:00, run_after=2024-02-03 23:15:00+00:00
[2024-02-03T23:15:39.995+0000] {processor.py:183} INFO - Processing /home/airflow/.local/lib/python3.8/site-packages/airflow/example_dags/example_branch_python_dop_operator_3.py took 0.282 seconds
[2024-02-03T23:16:10.806+0000] {processor.py:161} INFO - Started process (PID=753) to work on /home/airflow/.local/lib/python3.8/site-packages/airflow/example_dags/example_branch_python_dop_operator_3.py
[2024-02-03T23:16:10.810+0000] {processor.py:830} INFO - Processing file /home/airflow/.local/lib/python3.8/site-packages/airflow/example_dags/example_branch_python_dop_operator_3.py for tasks to queue
[2024-02-03T23:16:10.821+0000] {logging_mixin.py:188} INFO - [2024-02-03T23:16:10.820+0000] {dagbag.py:538} INFO - Filling up the DagBag from /home/airflow/.local/lib/python3.8/site-packages/airflow/example_dags/example_branch_python_dop_operator_3.py
[2024-02-03T23:16:10.848+0000] {processor.py:840} INFO - DAG(s) 'example_branch_dop_operator_v3' retrieved from /home/airflow/.local/lib/python3.8/site-packages/airflow/example_dags/example_branch_python_dop_operator_3.py
[2024-02-03T23:16:10.900+0000] {logging_mixin.py:188} INFO - [2024-02-03T23:16:10.899+0000] {dag.py:3036} INFO - Sync 1 DAGs
[2024-02-03T23:16:10.950+0000] {logging_mixin.py:188} INFO - [2024-02-03T23:16:10.950+0000] {dag.py:3823} INFO - Setting next_dagrun for example_branch_dop_operator_v3 to 2024-02-03 23:15:00+00:00, run_after=2024-02-03 23:16:00+00:00
[2024-02-03T23:16:10.985+0000] {processor.py:183} INFO - Processing /home/airflow/.local/lib/python3.8/site-packages/airflow/example_dags/example_branch_python_dop_operator_3.py took 0.187 seconds
[2024-02-03T23:16:41.247+0000] {processor.py:161} INFO - Started process (PID=808) to work on /home/airflow/.local/lib/python3.8/site-packages/airflow/example_dags/example_branch_python_dop_operator_3.py
[2024-02-03T23:16:41.262+0000] {processor.py:830} INFO - Processing file /home/airflow/.local/lib/python3.8/site-packages/airflow/example_dags/example_branch_python_dop_operator_3.py for tasks to queue
[2024-02-03T23:16:41.278+0000] {logging_mixin.py:188} INFO - [2024-02-03T23:16:41.277+0000] {dagbag.py:538} INFO - Filling up the DagBag from /home/airflow/.local/lib/python3.8/site-packages/airflow/example_dags/example_branch_python_dop_operator_3.py
[2024-02-03T23:16:41.342+0000] {processor.py:840} INFO - DAG(s) 'example_branch_dop_operator_v3' retrieved from /home/airflow/.local/lib/python3.8/site-packages/airflow/example_dags/example_branch_python_dop_operator_3.py
[2024-02-03T23:16:41.426+0000] {logging_mixin.py:188} INFO - [2024-02-03T23:16:41.426+0000] {dag.py:3036} INFO - Sync 1 DAGs
[2024-02-03T23:16:41.525+0000] {logging_mixin.py:188} INFO - [2024-02-03T23:16:41.525+0000] {dag.py:3823} INFO - Setting next_dagrun for example_branch_dop_operator_v3 to 2024-02-03 23:15:00+00:00, run_after=2024-02-03 23:16:00+00:00
[2024-02-03T23:16:41.655+0000] {processor.py:183} INFO - Processing /home/airflow/.local/lib/python3.8/site-packages/airflow/example_dags/example_branch_python_dop_operator_3.py took 0.420 seconds
[2024-02-03T23:17:11.773+0000] {processor.py:161} INFO - Started process (PID=865) to work on /home/airflow/.local/lib/python3.8/site-packages/airflow/example_dags/example_branch_python_dop_operator_3.py
[2024-02-03T23:17:11.779+0000] {processor.py:830} INFO - Processing file /home/airflow/.local/lib/python3.8/site-packages/airflow/example_dags/example_branch_python_dop_operator_3.py for tasks to queue
[2024-02-03T23:17:11.791+0000] {logging_mixin.py:188} INFO - [2024-02-03T23:17:11.790+0000] {dagbag.py:538} INFO - Filling up the DagBag from /home/airflow/.local/lib/python3.8/site-packages/airflow/example_dags/example_branch_python_dop_operator_3.py
[2024-02-03T23:17:11.849+0000] {processor.py:840} INFO - DAG(s) 'example_branch_dop_operator_v3' retrieved from /home/airflow/.local/lib/python3.8/site-packages/airflow/example_dags/example_branch_python_dop_operator_3.py
[2024-02-03T23:17:11.942+0000] {logging_mixin.py:188} INFO - [2024-02-03T23:17:11.941+0000] {dag.py:3036} INFO - Sync 1 DAGs
[2024-02-03T23:17:12.014+0000] {logging_mixin.py:188} INFO - [2024-02-03T23:17:12.014+0000] {dag.py:3823} INFO - Setting next_dagrun for example_branch_dop_operator_v3 to 2024-02-03 23:16:00+00:00, run_after=2024-02-03 23:17:00+00:00
[2024-02-03T23:17:12.095+0000] {processor.py:183} INFO - Processing /home/airflow/.local/lib/python3.8/site-packages/airflow/example_dags/example_branch_python_dop_operator_3.py took 0.341 seconds
