[2024-02-03T23:09:46.033+0000] {processor.py:161} INFO - Started process (PID=80) to work on /home/airflow/.local/lib/python3.8/site-packages/airflow/example_dags/example_subdag_operator.py
[2024-02-03T23:09:46.041+0000] {processor.py:830} INFO - Processing file /home/airflow/.local/lib/python3.8/site-packages/airflow/example_dags/example_subdag_operator.py for tasks to queue
[2024-02-03T23:09:46.045+0000] {logging_mixin.py:188} INFO - [2024-02-03T23:09:46.045+0000] {dagbag.py:538} INFO - Filling up the DagBag from /home/airflow/.local/lib/python3.8/site-packages/airflow/example_dags/example_subdag_operator.py
[2024-02-03T23:09:46.209+0000] {processor.py:840} INFO - DAG(s) 'example_subdag_operator.section-1', 'example_subdag_operator.section-2', 'example_subdag_operator' retrieved from /home/airflow/.local/lib/python3.8/site-packages/airflow/example_dags/example_subdag_operator.py
[2024-02-03T23:09:46.541+0000] {logging_mixin.py:188} INFO - [2024-02-03T23:09:46.540+0000] {dag.py:3036} INFO - Sync 3 DAGs
[2024-02-03T23:09:46.578+0000] {logging_mixin.py:188} INFO - [2024-02-03T23:09:46.578+0000] {dag.py:3823} INFO - Setting next_dagrun for example_subdag_operator to 2022-01-01 00:00:00+00:00, run_after=2022-01-01 00:00:00+00:00
[2024-02-03T23:09:46.589+0000] {logging_mixin.py:188} INFO - [2024-02-03T23:09:46.589+0000] {dag.py:3823} INFO - Setting next_dagrun for example_subdag_operator.section-1 to None, run_after=None
[2024-02-03T23:09:46.594+0000] {logging_mixin.py:188} INFO - [2024-02-03T23:09:46.593+0000] {dag.py:3823} INFO - Setting next_dagrun for example_subdag_operator.section-2 to None, run_after=None
[2024-02-03T23:09:46.615+0000] {logging_mixin.py:188} INFO - [2024-02-03T23:09:46.614+0000] {dag.py:3036} INFO - Sync 2 DAGs
[2024-02-03T23:09:46.633+0000] {logging_mixin.py:188} INFO - [2024-02-03T23:09:46.633+0000] {dag.py:3823} INFO - Setting next_dagrun for example_subdag_operator.section-1 to None, run_after=None
[2024-02-03T23:09:46.636+0000] {logging_mixin.py:188} INFO - [2024-02-03T23:09:46.635+0000] {dag.py:3823} INFO - Setting next_dagrun for example_subdag_operator.section-2 to None, run_after=None
[2024-02-03T23:09:46.658+0000] {processor.py:183} INFO - Processing /home/airflow/.local/lib/python3.8/site-packages/airflow/example_dags/example_subdag_operator.py took 0.638 seconds
[2024-02-03T23:10:16.751+0000] {processor.py:161} INFO - Started process (PID=135) to work on /home/airflow/.local/lib/python3.8/site-packages/airflow/example_dags/example_subdag_operator.py
[2024-02-03T23:10:16.753+0000] {processor.py:830} INFO - Processing file /home/airflow/.local/lib/python3.8/site-packages/airflow/example_dags/example_subdag_operator.py for tasks to queue
[2024-02-03T23:10:16.759+0000] {logging_mixin.py:188} INFO - [2024-02-03T23:10:16.758+0000] {dagbag.py:538} INFO - Filling up the DagBag from /home/airflow/.local/lib/python3.8/site-packages/airflow/example_dags/example_subdag_operator.py
[2024-02-03T23:10:16.830+0000] {processor.py:840} INFO - DAG(s) 'example_subdag_operator.section-1', 'example_subdag_operator.section-2', 'example_subdag_operator' retrieved from /home/airflow/.local/lib/python3.8/site-packages/airflow/example_dags/example_subdag_operator.py
[2024-02-03T23:10:16.855+0000] {logging_mixin.py:188} INFO - [2024-02-03T23:10:16.854+0000] {dag.py:3036} INFO - Sync 3 DAGs
[2024-02-03T23:10:16.887+0000] {logging_mixin.py:188} INFO - [2024-02-03T23:10:16.886+0000] {dag.py:3823} INFO - Setting next_dagrun for example_subdag_operator to 2022-01-01 00:00:00+00:00, run_after=2022-01-01 00:00:00+00:00
[2024-02-03T23:10:16.893+0000] {logging_mixin.py:188} INFO - [2024-02-03T23:10:16.893+0000] {dag.py:3823} INFO - Setting next_dagrun for example_subdag_operator.section-1 to None, run_after=None
[2024-02-03T23:10:16.898+0000] {logging_mixin.py:188} INFO - [2024-02-03T23:10:16.898+0000] {dag.py:3823} INFO - Setting next_dagrun for example_subdag_operator.section-2 to None, run_after=None
[2024-02-03T23:10:16.910+0000] {logging_mixin.py:188} INFO - [2024-02-03T23:10:16.909+0000] {dag.py:3036} INFO - Sync 2 DAGs
[2024-02-03T23:10:16.921+0000] {logging_mixin.py:188} INFO - [2024-02-03T23:10:16.920+0000] {dag.py:3823} INFO - Setting next_dagrun for example_subdag_operator.section-1 to None, run_after=None
[2024-02-03T23:10:16.923+0000] {logging_mixin.py:188} INFO - [2024-02-03T23:10:16.923+0000] {dag.py:3823} INFO - Setting next_dagrun for example_subdag_operator.section-2 to None, run_after=None
[2024-02-03T23:10:16.942+0000] {processor.py:183} INFO - Processing /home/airflow/.local/lib/python3.8/site-packages/airflow/example_dags/example_subdag_operator.py took 0.196 seconds
[2024-02-03T23:10:47.130+0000] {processor.py:161} INFO - Started process (PID=189) to work on /home/airflow/.local/lib/python3.8/site-packages/airflow/example_dags/example_subdag_operator.py
[2024-02-03T23:10:47.133+0000] {processor.py:830} INFO - Processing file /home/airflow/.local/lib/python3.8/site-packages/airflow/example_dags/example_subdag_operator.py for tasks to queue
[2024-02-03T23:10:47.139+0000] {logging_mixin.py:188} INFO - [2024-02-03T23:10:47.139+0000] {dagbag.py:538} INFO - Filling up the DagBag from /home/airflow/.local/lib/python3.8/site-packages/airflow/example_dags/example_subdag_operator.py
[2024-02-03T23:10:47.184+0000] {processor.py:840} INFO - DAG(s) 'example_subdag_operator.section-1', 'example_subdag_operator.section-2', 'example_subdag_operator' retrieved from /home/airflow/.local/lib/python3.8/site-packages/airflow/example_dags/example_subdag_operator.py
[2024-02-03T23:10:47.227+0000] {logging_mixin.py:188} INFO - [2024-02-03T23:10:47.226+0000] {dag.py:3036} INFO - Sync 3 DAGs
[2024-02-03T23:10:47.258+0000] {logging_mixin.py:188} INFO - [2024-02-03T23:10:47.257+0000] {dag.py:3823} INFO - Setting next_dagrun for example_subdag_operator to 2022-01-01 00:00:00+00:00, run_after=2022-01-01 00:00:00+00:00
[2024-02-03T23:10:47.273+0000] {logging_mixin.py:188} INFO - [2024-02-03T23:10:47.273+0000] {dag.py:3823} INFO - Setting next_dagrun for example_subdag_operator.section-1 to None, run_after=None
[2024-02-03T23:10:47.278+0000] {logging_mixin.py:188} INFO - [2024-02-03T23:10:47.278+0000] {dag.py:3823} INFO - Setting next_dagrun for example_subdag_operator.section-2 to None, run_after=None
[2024-02-03T23:10:47.290+0000] {logging_mixin.py:188} INFO - [2024-02-03T23:10:47.290+0000] {dag.py:3036} INFO - Sync 2 DAGs
[2024-02-03T23:10:47.299+0000] {logging_mixin.py:188} INFO - [2024-02-03T23:10:47.299+0000] {dag.py:3823} INFO - Setting next_dagrun for example_subdag_operator.section-1 to None, run_after=None
[2024-02-03T23:10:47.302+0000] {logging_mixin.py:188} INFO - [2024-02-03T23:10:47.301+0000] {dag.py:3823} INFO - Setting next_dagrun for example_subdag_operator.section-2 to None, run_after=None
[2024-02-03T23:10:47.324+0000] {processor.py:183} INFO - Processing /home/airflow/.local/lib/python3.8/site-packages/airflow/example_dags/example_subdag_operator.py took 0.201 seconds
[2024-02-03T23:11:18.259+0000] {processor.py:161} INFO - Started process (PID=244) to work on /home/airflow/.local/lib/python3.8/site-packages/airflow/example_dags/example_subdag_operator.py
[2024-02-03T23:11:18.270+0000] {processor.py:830} INFO - Processing file /home/airflow/.local/lib/python3.8/site-packages/airflow/example_dags/example_subdag_operator.py for tasks to queue
[2024-02-03T23:11:18.279+0000] {logging_mixin.py:188} INFO - [2024-02-03T23:11:18.278+0000] {dagbag.py:538} INFO - Filling up the DagBag from /home/airflow/.local/lib/python3.8/site-packages/airflow/example_dags/example_subdag_operator.py
[2024-02-03T23:11:18.338+0000] {processor.py:840} INFO - DAG(s) 'example_subdag_operator.section-1', 'example_subdag_operator.section-2', 'example_subdag_operator' retrieved from /home/airflow/.local/lib/python3.8/site-packages/airflow/example_dags/example_subdag_operator.py
[2024-02-03T23:11:18.368+0000] {logging_mixin.py:188} INFO - [2024-02-03T23:11:18.367+0000] {dag.py:3036} INFO - Sync 3 DAGs
[2024-02-03T23:11:18.424+0000] {logging_mixin.py:188} INFO - [2024-02-03T23:11:18.423+0000] {dag.py:3823} INFO - Setting next_dagrun for example_subdag_operator to 2022-01-01 00:00:00+00:00, run_after=2022-01-01 00:00:00+00:00
[2024-02-03T23:11:18.435+0000] {logging_mixin.py:188} INFO - [2024-02-03T23:11:18.434+0000] {dag.py:3823} INFO - Setting next_dagrun for example_subdag_operator.section-1 to None, run_after=None
[2024-02-03T23:11:18.440+0000] {logging_mixin.py:188} INFO - [2024-02-03T23:11:18.439+0000] {dag.py:3823} INFO - Setting next_dagrun for example_subdag_operator.section-2 to None, run_after=None
[2024-02-03T23:11:18.469+0000] {logging_mixin.py:188} INFO - [2024-02-03T23:11:18.467+0000] {dag.py:3036} INFO - Sync 2 DAGs
[2024-02-03T23:11:18.484+0000] {logging_mixin.py:188} INFO - [2024-02-03T23:11:18.484+0000] {dag.py:3823} INFO - Setting next_dagrun for example_subdag_operator.section-1 to None, run_after=None
[2024-02-03T23:11:18.487+0000] {logging_mixin.py:188} INFO - [2024-02-03T23:11:18.487+0000] {dag.py:3823} INFO - Setting next_dagrun for example_subdag_operator.section-2 to None, run_after=None
[2024-02-03T23:11:18.514+0000] {processor.py:183} INFO - Processing /home/airflow/.local/lib/python3.8/site-packages/airflow/example_dags/example_subdag_operator.py took 0.266 seconds
[2024-02-03T23:11:49.007+0000] {processor.py:161} INFO - Started process (PID=298) to work on /home/airflow/.local/lib/python3.8/site-packages/airflow/example_dags/example_subdag_operator.py
[2024-02-03T23:11:49.012+0000] {processor.py:830} INFO - Processing file /home/airflow/.local/lib/python3.8/site-packages/airflow/example_dags/example_subdag_operator.py for tasks to queue
[2024-02-03T23:11:49.023+0000] {logging_mixin.py:188} INFO - [2024-02-03T23:11:49.022+0000] {dagbag.py:538} INFO - Filling up the DagBag from /home/airflow/.local/lib/python3.8/site-packages/airflow/example_dags/example_subdag_operator.py
[2024-02-03T23:11:49.091+0000] {processor.py:840} INFO - DAG(s) 'example_subdag_operator.section-1', 'example_subdag_operator.section-2', 'example_subdag_operator' retrieved from /home/airflow/.local/lib/python3.8/site-packages/airflow/example_dags/example_subdag_operator.py
[2024-02-03T23:11:49.142+0000] {logging_mixin.py:188} INFO - [2024-02-03T23:11:49.142+0000] {dag.py:3036} INFO - Sync 3 DAGs
[2024-02-03T23:11:49.194+0000] {logging_mixin.py:188} INFO - [2024-02-03T23:11:49.194+0000] {dag.py:3823} INFO - Setting next_dagrun for example_subdag_operator to 2022-01-01 00:00:00+00:00, run_after=2022-01-01 00:00:00+00:00
[2024-02-03T23:11:49.204+0000] {logging_mixin.py:188} INFO - [2024-02-03T23:11:49.204+0000] {dag.py:3823} INFO - Setting next_dagrun for example_subdag_operator.section-1 to None, run_after=None
[2024-02-03T23:11:49.211+0000] {logging_mixin.py:188} INFO - [2024-02-03T23:11:49.211+0000] {dag.py:3823} INFO - Setting next_dagrun for example_subdag_operator.section-2 to None, run_after=None
[2024-02-03T23:11:49.239+0000] {logging_mixin.py:188} INFO - [2024-02-03T23:11:49.238+0000] {dag.py:3036} INFO - Sync 2 DAGs
[2024-02-03T23:11:49.255+0000] {logging_mixin.py:188} INFO - [2024-02-03T23:11:49.254+0000] {dag.py:3823} INFO - Setting next_dagrun for example_subdag_operator.section-1 to None, run_after=None
[2024-02-03T23:11:49.257+0000] {logging_mixin.py:188} INFO - [2024-02-03T23:11:49.257+0000] {dag.py:3823} INFO - Setting next_dagrun for example_subdag_operator.section-2 to None, run_after=None
[2024-02-03T23:11:49.291+0000] {processor.py:183} INFO - Processing /home/airflow/.local/lib/python3.8/site-packages/airflow/example_dags/example_subdag_operator.py took 0.297 seconds
[2024-02-03T23:12:19.623+0000] {processor.py:161} INFO - Started process (PID=353) to work on /home/airflow/.local/lib/python3.8/site-packages/airflow/example_dags/example_subdag_operator.py
[2024-02-03T23:12:19.629+0000] {processor.py:830} INFO - Processing file /home/airflow/.local/lib/python3.8/site-packages/airflow/example_dags/example_subdag_operator.py for tasks to queue
[2024-02-03T23:12:19.646+0000] {logging_mixin.py:188} INFO - [2024-02-03T23:12:19.646+0000] {dagbag.py:538} INFO - Filling up the DagBag from /home/airflow/.local/lib/python3.8/site-packages/airflow/example_dags/example_subdag_operator.py
[2024-02-03T23:12:19.723+0000] {processor.py:840} INFO - DAG(s) 'example_subdag_operator.section-1', 'example_subdag_operator.section-2', 'example_subdag_operator' retrieved from /home/airflow/.local/lib/python3.8/site-packages/airflow/example_dags/example_subdag_operator.py
[2024-02-03T23:12:19.787+0000] {logging_mixin.py:188} INFO - [2024-02-03T23:12:19.787+0000] {dag.py:3036} INFO - Sync 3 DAGs
[2024-02-03T23:12:19.874+0000] {logging_mixin.py:188} INFO - [2024-02-03T23:12:19.868+0000] {dag.py:3823} INFO - Setting next_dagrun for example_subdag_operator to 2022-01-01 00:00:00+00:00, run_after=2022-01-01 00:00:00+00:00
[2024-02-03T23:12:19.885+0000] {logging_mixin.py:188} INFO - [2024-02-03T23:12:19.885+0000] {dag.py:3823} INFO - Setting next_dagrun for example_subdag_operator.section-1 to None, run_after=None
[2024-02-03T23:12:19.892+0000] {logging_mixin.py:188} INFO - [2024-02-03T23:12:19.892+0000] {dag.py:3823} INFO - Setting next_dagrun for example_subdag_operator.section-2 to None, run_after=None
[2024-02-03T23:12:19.923+0000] {logging_mixin.py:188} INFO - [2024-02-03T23:12:19.919+0000] {dag.py:3036} INFO - Sync 2 DAGs
[2024-02-03T23:12:19.941+0000] {logging_mixin.py:188} INFO - [2024-02-03T23:12:19.940+0000] {dag.py:3823} INFO - Setting next_dagrun for example_subdag_operator.section-1 to None, run_after=None
[2024-02-03T23:12:19.944+0000] {logging_mixin.py:188} INFO - [2024-02-03T23:12:19.943+0000] {dag.py:3823} INFO - Setting next_dagrun for example_subdag_operator.section-2 to None, run_after=None
[2024-02-03T23:12:19.972+0000] {processor.py:183} INFO - Processing /home/airflow/.local/lib/python3.8/site-packages/airflow/example_dags/example_subdag_operator.py took 0.362 seconds
[2024-02-03T23:12:51.322+0000] {processor.py:161} INFO - Started process (PID=408) to work on /home/airflow/.local/lib/python3.8/site-packages/airflow/example_dags/example_subdag_operator.py
[2024-02-03T23:12:51.333+0000] {processor.py:830} INFO - Processing file /home/airflow/.local/lib/python3.8/site-packages/airflow/example_dags/example_subdag_operator.py for tasks to queue
[2024-02-03T23:12:51.342+0000] {logging_mixin.py:188} INFO - [2024-02-03T23:12:51.340+0000] {dagbag.py:538} INFO - Filling up the DagBag from /home/airflow/.local/lib/python3.8/site-packages/airflow/example_dags/example_subdag_operator.py
[2024-02-03T23:12:51.438+0000] {processor.py:840} INFO - DAG(s) 'example_subdag_operator.section-1', 'example_subdag_operator.section-2', 'example_subdag_operator' retrieved from /home/airflow/.local/lib/python3.8/site-packages/airflow/example_dags/example_subdag_operator.py
[2024-02-03T23:12:51.505+0000] {logging_mixin.py:188} INFO - [2024-02-03T23:12:51.505+0000] {dag.py:3036} INFO - Sync 3 DAGs
[2024-02-03T23:12:51.575+0000] {logging_mixin.py:188} INFO - [2024-02-03T23:12:51.574+0000] {dag.py:3823} INFO - Setting next_dagrun for example_subdag_operator to 2022-01-01 00:00:00+00:00, run_after=2022-01-01 00:00:00+00:00
[2024-02-03T23:12:51.596+0000] {logging_mixin.py:188} INFO - [2024-02-03T23:12:51.596+0000] {dag.py:3823} INFO - Setting next_dagrun for example_subdag_operator.section-1 to None, run_after=None
[2024-02-03T23:12:51.605+0000] {logging_mixin.py:188} INFO - [2024-02-03T23:12:51.605+0000] {dag.py:3823} INFO - Setting next_dagrun for example_subdag_operator.section-2 to None, run_after=None
[2024-02-03T23:12:51.651+0000] {logging_mixin.py:188} INFO - [2024-02-03T23:12:51.650+0000] {dag.py:3036} INFO - Sync 2 DAGs
[2024-02-03T23:12:51.692+0000] {logging_mixin.py:188} INFO - [2024-02-03T23:12:51.691+0000] {dag.py:3823} INFO - Setting next_dagrun for example_subdag_operator.section-1 to None, run_after=None
[2024-02-03T23:12:51.695+0000] {logging_mixin.py:188} INFO - [2024-02-03T23:12:51.695+0000] {dag.py:3823} INFO - Setting next_dagrun for example_subdag_operator.section-2 to None, run_after=None
[2024-02-03T23:12:51.823+0000] {processor.py:183} INFO - Processing /home/airflow/.local/lib/python3.8/site-packages/airflow/example_dags/example_subdag_operator.py took 0.512 seconds
[2024-02-03T23:13:22.033+0000] {processor.py:161} INFO - Started process (PID=464) to work on /home/airflow/.local/lib/python3.8/site-packages/airflow/example_dags/example_subdag_operator.py
[2024-02-03T23:13:22.037+0000] {processor.py:830} INFO - Processing file /home/airflow/.local/lib/python3.8/site-packages/airflow/example_dags/example_subdag_operator.py for tasks to queue
[2024-02-03T23:13:22.041+0000] {logging_mixin.py:188} INFO - [2024-02-03T23:13:22.041+0000] {dagbag.py:538} INFO - Filling up the DagBag from /home/airflow/.local/lib/python3.8/site-packages/airflow/example_dags/example_subdag_operator.py
[2024-02-03T23:13:22.080+0000] {processor.py:840} INFO - DAG(s) 'example_subdag_operator.section-1', 'example_subdag_operator.section-2', 'example_subdag_operator' retrieved from /home/airflow/.local/lib/python3.8/site-packages/airflow/example_dags/example_subdag_operator.py
[2024-02-03T23:13:22.105+0000] {logging_mixin.py:188} INFO - [2024-02-03T23:13:22.105+0000] {dag.py:3036} INFO - Sync 3 DAGs
[2024-02-03T23:13:22.137+0000] {logging_mixin.py:188} INFO - [2024-02-03T23:13:22.136+0000] {dag.py:3823} INFO - Setting next_dagrun for example_subdag_operator to 2022-01-01 00:00:00+00:00, run_after=2022-01-01 00:00:00+00:00
[2024-02-03T23:13:22.145+0000] {logging_mixin.py:188} INFO - [2024-02-03T23:13:22.144+0000] {dag.py:3823} INFO - Setting next_dagrun for example_subdag_operator.section-1 to None, run_after=None
[2024-02-03T23:13:22.149+0000] {logging_mixin.py:188} INFO - [2024-02-03T23:13:22.149+0000] {dag.py:3823} INFO - Setting next_dagrun for example_subdag_operator.section-2 to None, run_after=None
[2024-02-03T23:13:22.164+0000] {logging_mixin.py:188} INFO - [2024-02-03T23:13:22.163+0000] {dag.py:3036} INFO - Sync 2 DAGs
[2024-02-03T23:13:22.176+0000] {logging_mixin.py:188} INFO - [2024-02-03T23:13:22.175+0000] {dag.py:3823} INFO - Setting next_dagrun for example_subdag_operator.section-1 to None, run_after=None
[2024-02-03T23:13:22.179+0000] {logging_mixin.py:188} INFO - [2024-02-03T23:13:22.179+0000] {dag.py:3823} INFO - Setting next_dagrun for example_subdag_operator.section-2 to None, run_after=None
[2024-02-03T23:13:22.215+0000] {processor.py:183} INFO - Processing /home/airflow/.local/lib/python3.8/site-packages/airflow/example_dags/example_subdag_operator.py took 0.187 seconds
[2024-02-03T23:13:53.499+0000] {processor.py:161} INFO - Started process (PID=519) to work on /home/airflow/.local/lib/python3.8/site-packages/airflow/example_dags/example_subdag_operator.py
[2024-02-03T23:13:53.506+0000] {processor.py:830} INFO - Processing file /home/airflow/.local/lib/python3.8/site-packages/airflow/example_dags/example_subdag_operator.py for tasks to queue
[2024-02-03T23:13:53.517+0000] {logging_mixin.py:188} INFO - [2024-02-03T23:13:53.516+0000] {dagbag.py:538} INFO - Filling up the DagBag from /home/airflow/.local/lib/python3.8/site-packages/airflow/example_dags/example_subdag_operator.py
[2024-02-03T23:13:53.622+0000] {processor.py:840} INFO - DAG(s) 'example_subdag_operator.section-1', 'example_subdag_operator.section-2', 'example_subdag_operator' retrieved from /home/airflow/.local/lib/python3.8/site-packages/airflow/example_dags/example_subdag_operator.py
[2024-02-03T23:13:53.714+0000] {logging_mixin.py:188} INFO - [2024-02-03T23:13:53.714+0000] {dag.py:3036} INFO - Sync 3 DAGs
[2024-02-03T23:13:53.786+0000] {logging_mixin.py:188} INFO - [2024-02-03T23:13:53.786+0000] {dag.py:3823} INFO - Setting next_dagrun for example_subdag_operator to 2022-01-01 00:00:00+00:00, run_after=2022-01-01 00:00:00+00:00
[2024-02-03T23:13:53.809+0000] {logging_mixin.py:188} INFO - [2024-02-03T23:13:53.809+0000] {dag.py:3823} INFO - Setting next_dagrun for example_subdag_operator.section-1 to None, run_after=None
[2024-02-03T23:13:53.834+0000] {logging_mixin.py:188} INFO - [2024-02-03T23:13:53.833+0000] {dag.py:3823} INFO - Setting next_dagrun for example_subdag_operator.section-2 to None, run_after=None
[2024-02-03T23:13:53.870+0000] {logging_mixin.py:188} INFO - [2024-02-03T23:13:53.869+0000] {dag.py:3036} INFO - Sync 2 DAGs
[2024-02-03T23:13:53.886+0000] {logging_mixin.py:188} INFO - [2024-02-03T23:13:53.886+0000] {dag.py:3823} INFO - Setting next_dagrun for example_subdag_operator.section-1 to None, run_after=None
[2024-02-03T23:13:53.902+0000] {logging_mixin.py:188} INFO - [2024-02-03T23:13:53.901+0000] {dag.py:3823} INFO - Setting next_dagrun for example_subdag_operator.section-2 to None, run_after=None
[2024-02-03T23:13:53.950+0000] {processor.py:183} INFO - Processing /home/airflow/.local/lib/python3.8/site-packages/airflow/example_dags/example_subdag_operator.py took 0.474 seconds
[2024-02-03T23:14:24.076+0000] {processor.py:161} INFO - Started process (PID=575) to work on /home/airflow/.local/lib/python3.8/site-packages/airflow/example_dags/example_subdag_operator.py
[2024-02-03T23:14:24.081+0000] {processor.py:830} INFO - Processing file /home/airflow/.local/lib/python3.8/site-packages/airflow/example_dags/example_subdag_operator.py for tasks to queue
[2024-02-03T23:14:24.087+0000] {logging_mixin.py:188} INFO - [2024-02-03T23:14:24.087+0000] {dagbag.py:538} INFO - Filling up the DagBag from /home/airflow/.local/lib/python3.8/site-packages/airflow/example_dags/example_subdag_operator.py
[2024-02-03T23:14:24.129+0000] {processor.py:840} INFO - DAG(s) 'example_subdag_operator.section-1', 'example_subdag_operator.section-2', 'example_subdag_operator' retrieved from /home/airflow/.local/lib/python3.8/site-packages/airflow/example_dags/example_subdag_operator.py
[2024-02-03T23:14:24.154+0000] {logging_mixin.py:188} INFO - [2024-02-03T23:14:24.154+0000] {dag.py:3036} INFO - Sync 3 DAGs
[2024-02-03T23:14:24.189+0000] {logging_mixin.py:188} INFO - [2024-02-03T23:14:24.189+0000] {dag.py:3823} INFO - Setting next_dagrun for example_subdag_operator to 2022-01-01 00:00:00+00:00, run_after=2022-01-01 00:00:00+00:00
[2024-02-03T23:14:24.196+0000] {logging_mixin.py:188} INFO - [2024-02-03T23:14:24.196+0000] {dag.py:3823} INFO - Setting next_dagrun for example_subdag_operator.section-1 to None, run_after=None
[2024-02-03T23:14:24.200+0000] {logging_mixin.py:188} INFO - [2024-02-03T23:14:24.199+0000] {dag.py:3823} INFO - Setting next_dagrun for example_subdag_operator.section-2 to None, run_after=None
[2024-02-03T23:14:24.251+0000] {logging_mixin.py:188} INFO - [2024-02-03T23:14:24.251+0000] {dag.py:3036} INFO - Sync 2 DAGs
[2024-02-03T23:14:24.647+0000] {logging_mixin.py:188} INFO - [2024-02-03T23:14:24.647+0000] {dag.py:3823} INFO - Setting next_dagrun for example_subdag_operator.section-1 to None, run_after=None
[2024-02-03T23:14:24.650+0000] {logging_mixin.py:188} INFO - [2024-02-03T23:14:24.650+0000] {dag.py:3823} INFO - Setting next_dagrun for example_subdag_operator.section-2 to None, run_after=None
[2024-02-03T23:14:24.687+0000] {processor.py:183} INFO - Processing /home/airflow/.local/lib/python3.8/site-packages/airflow/example_dags/example_subdag_operator.py took 0.618 seconds
[2024-02-03T23:14:55.287+0000] {processor.py:161} INFO - Started process (PID=630) to work on /home/airflow/.local/lib/python3.8/site-packages/airflow/example_dags/example_subdag_operator.py
[2024-02-03T23:14:55.292+0000] {processor.py:830} INFO - Processing file /home/airflow/.local/lib/python3.8/site-packages/airflow/example_dags/example_subdag_operator.py for tasks to queue
[2024-02-03T23:14:55.302+0000] {logging_mixin.py:188} INFO - [2024-02-03T23:14:55.302+0000] {dagbag.py:538} INFO - Filling up the DagBag from /home/airflow/.local/lib/python3.8/site-packages/airflow/example_dags/example_subdag_operator.py
[2024-02-03T23:14:55.354+0000] {processor.py:840} INFO - DAG(s) 'example_subdag_operator.section-1', 'example_subdag_operator.section-2', 'example_subdag_operator' retrieved from /home/airflow/.local/lib/python3.8/site-packages/airflow/example_dags/example_subdag_operator.py
[2024-02-03T23:14:55.390+0000] {logging_mixin.py:188} INFO - [2024-02-03T23:14:55.390+0000] {dag.py:3036} INFO - Sync 3 DAGs
[2024-02-03T23:14:55.430+0000] {logging_mixin.py:188} INFO - [2024-02-03T23:14:55.429+0000] {dag.py:3823} INFO - Setting next_dagrun for example_subdag_operator to 2022-01-01 00:00:00+00:00, run_after=2022-01-01 00:00:00+00:00
[2024-02-03T23:14:55.446+0000] {logging_mixin.py:188} INFO - [2024-02-03T23:14:55.445+0000] {dag.py:3823} INFO - Setting next_dagrun for example_subdag_operator.section-1 to None, run_after=None
[2024-02-03T23:14:55.451+0000] {logging_mixin.py:188} INFO - [2024-02-03T23:14:55.450+0000] {dag.py:3823} INFO - Setting next_dagrun for example_subdag_operator.section-2 to None, run_after=None
[2024-02-03T23:14:55.483+0000] {logging_mixin.py:188} INFO - [2024-02-03T23:14:55.482+0000] {dag.py:3036} INFO - Sync 2 DAGs
[2024-02-03T23:14:55.500+0000] {logging_mixin.py:188} INFO - [2024-02-03T23:14:55.500+0000] {dag.py:3823} INFO - Setting next_dagrun for example_subdag_operator.section-1 to None, run_after=None
[2024-02-03T23:14:55.505+0000] {logging_mixin.py:188} INFO - [2024-02-03T23:14:55.504+0000] {dag.py:3823} INFO - Setting next_dagrun for example_subdag_operator.section-2 to None, run_after=None
[2024-02-03T23:14:55.533+0000] {processor.py:183} INFO - Processing /home/airflow/.local/lib/python3.8/site-packages/airflow/example_dags/example_subdag_operator.py took 0.254 seconds
[2024-02-03T23:15:27.110+0000] {processor.py:161} INFO - Started process (PID=684) to work on /home/airflow/.local/lib/python3.8/site-packages/airflow/example_dags/example_subdag_operator.py
[2024-02-03T23:15:27.116+0000] {processor.py:830} INFO - Processing file /home/airflow/.local/lib/python3.8/site-packages/airflow/example_dags/example_subdag_operator.py for tasks to queue
[2024-02-03T23:15:27.133+0000] {logging_mixin.py:188} INFO - [2024-02-03T23:15:27.132+0000] {dagbag.py:538} INFO - Filling up the DagBag from /home/airflow/.local/lib/python3.8/site-packages/airflow/example_dags/example_subdag_operator.py
[2024-02-03T23:15:27.315+0000] {processor.py:840} INFO - DAG(s) 'example_subdag_operator.section-1', 'example_subdag_operator.section-2', 'example_subdag_operator' retrieved from /home/airflow/.local/lib/python3.8/site-packages/airflow/example_dags/example_subdag_operator.py
[2024-02-03T23:15:27.388+0000] {logging_mixin.py:188} INFO - [2024-02-03T23:15:27.387+0000] {dag.py:3036} INFO - Sync 3 DAGs
[2024-02-03T23:15:27.445+0000] {logging_mixin.py:188} INFO - [2024-02-03T23:15:27.445+0000] {dag.py:3823} INFO - Setting next_dagrun for example_subdag_operator to 2022-01-01 00:00:00+00:00, run_after=2022-01-01 00:00:00+00:00
[2024-02-03T23:15:27.455+0000] {logging_mixin.py:188} INFO - [2024-02-03T23:15:27.455+0000] {dag.py:3823} INFO - Setting next_dagrun for example_subdag_operator.section-1 to None, run_after=None
[2024-02-03T23:15:27.459+0000] {logging_mixin.py:188} INFO - [2024-02-03T23:15:27.459+0000] {dag.py:3823} INFO - Setting next_dagrun for example_subdag_operator.section-2 to None, run_after=None
[2024-02-03T23:15:27.486+0000] {logging_mixin.py:188} INFO - [2024-02-03T23:15:27.486+0000] {dag.py:3036} INFO - Sync 2 DAGs
[2024-02-03T23:15:27.503+0000] {logging_mixin.py:188} INFO - [2024-02-03T23:15:27.503+0000] {dag.py:3823} INFO - Setting next_dagrun for example_subdag_operator.section-1 to None, run_after=None
[2024-02-03T23:15:27.506+0000] {logging_mixin.py:188} INFO - [2024-02-03T23:15:27.505+0000] {dag.py:3823} INFO - Setting next_dagrun for example_subdag_operator.section-2 to None, run_after=None
[2024-02-03T23:15:27.528+0000] {processor.py:183} INFO - Processing /home/airflow/.local/lib/python3.8/site-packages/airflow/example_dags/example_subdag_operator.py took 0.432 seconds
[2024-02-03T23:15:58.039+0000] {processor.py:161} INFO - Started process (PID=739) to work on /home/airflow/.local/lib/python3.8/site-packages/airflow/example_dags/example_subdag_operator.py
[2024-02-03T23:15:58.044+0000] {processor.py:830} INFO - Processing file /home/airflow/.local/lib/python3.8/site-packages/airflow/example_dags/example_subdag_operator.py for tasks to queue
[2024-02-03T23:15:58.049+0000] {logging_mixin.py:188} INFO - [2024-02-03T23:15:58.048+0000] {dagbag.py:538} INFO - Filling up the DagBag from /home/airflow/.local/lib/python3.8/site-packages/airflow/example_dags/example_subdag_operator.py
[2024-02-03T23:15:58.102+0000] {processor.py:840} INFO - DAG(s) 'example_subdag_operator.section-1', 'example_subdag_operator.section-2', 'example_subdag_operator' retrieved from /home/airflow/.local/lib/python3.8/site-packages/airflow/example_dags/example_subdag_operator.py
[2024-02-03T23:15:58.168+0000] {logging_mixin.py:188} INFO - [2024-02-03T23:15:58.168+0000] {dag.py:3036} INFO - Sync 3 DAGs
[2024-02-03T23:15:58.228+0000] {logging_mixin.py:188} INFO - [2024-02-03T23:15:58.228+0000] {dag.py:3823} INFO - Setting next_dagrun for example_subdag_operator to 2022-01-01 00:00:00+00:00, run_after=2022-01-01 00:00:00+00:00
[2024-02-03T23:15:58.243+0000] {logging_mixin.py:188} INFO - [2024-02-03T23:15:58.243+0000] {dag.py:3823} INFO - Setting next_dagrun for example_subdag_operator.section-1 to None, run_after=None
[2024-02-03T23:15:58.248+0000] {logging_mixin.py:188} INFO - [2024-02-03T23:15:58.247+0000] {dag.py:3823} INFO - Setting next_dagrun for example_subdag_operator.section-2 to None, run_after=None
[2024-02-03T23:15:58.273+0000] {logging_mixin.py:188} INFO - [2024-02-03T23:15:58.273+0000] {dag.py:3036} INFO - Sync 2 DAGs
[2024-02-03T23:15:58.289+0000] {logging_mixin.py:188} INFO - [2024-02-03T23:15:58.289+0000] {dag.py:3823} INFO - Setting next_dagrun for example_subdag_operator.section-1 to None, run_after=None
[2024-02-03T23:15:58.291+0000] {logging_mixin.py:188} INFO - [2024-02-03T23:15:58.291+0000] {dag.py:3823} INFO - Setting next_dagrun for example_subdag_operator.section-2 to None, run_after=None
[2024-02-03T23:15:58.320+0000] {processor.py:183} INFO - Processing /home/airflow/.local/lib/python3.8/site-packages/airflow/example_dags/example_subdag_operator.py took 0.286 seconds
[2024-02-03T23:16:28.881+0000] {processor.py:161} INFO - Started process (PID=794) to work on /home/airflow/.local/lib/python3.8/site-packages/airflow/example_dags/example_subdag_operator.py
[2024-02-03T23:16:28.885+0000] {processor.py:830} INFO - Processing file /home/airflow/.local/lib/python3.8/site-packages/airflow/example_dags/example_subdag_operator.py for tasks to queue
[2024-02-03T23:16:28.891+0000] {logging_mixin.py:188} INFO - [2024-02-03T23:16:28.890+0000] {dagbag.py:538} INFO - Filling up the DagBag from /home/airflow/.local/lib/python3.8/site-packages/airflow/example_dags/example_subdag_operator.py
[2024-02-03T23:16:28.961+0000] {processor.py:840} INFO - DAG(s) 'example_subdag_operator.section-1', 'example_subdag_operator.section-2', 'example_subdag_operator' retrieved from /home/airflow/.local/lib/python3.8/site-packages/airflow/example_dags/example_subdag_operator.py
[2024-02-03T23:16:28.998+0000] {logging_mixin.py:188} INFO - [2024-02-03T23:16:28.997+0000] {dag.py:3036} INFO - Sync 3 DAGs
[2024-02-03T23:16:29.049+0000] {logging_mixin.py:188} INFO - [2024-02-03T23:16:29.049+0000] {dag.py:3823} INFO - Setting next_dagrun for example_subdag_operator to 2022-01-01 00:00:00+00:00, run_after=2022-01-01 00:00:00+00:00
[2024-02-03T23:16:29.064+0000] {logging_mixin.py:188} INFO - [2024-02-03T23:16:29.063+0000] {dag.py:3823} INFO - Setting next_dagrun for example_subdag_operator.section-1 to None, run_after=None
[2024-02-03T23:16:29.069+0000] {logging_mixin.py:188} INFO - [2024-02-03T23:16:29.069+0000] {dag.py:3823} INFO - Setting next_dagrun for example_subdag_operator.section-2 to None, run_after=None
[2024-02-03T23:16:29.090+0000] {logging_mixin.py:188} INFO - [2024-02-03T23:16:29.089+0000] {dag.py:3036} INFO - Sync 2 DAGs
[2024-02-03T23:16:29.103+0000] {logging_mixin.py:188} INFO - [2024-02-03T23:16:29.103+0000] {dag.py:3823} INFO - Setting next_dagrun for example_subdag_operator.section-1 to None, run_after=None
[2024-02-03T23:16:29.106+0000] {logging_mixin.py:188} INFO - [2024-02-03T23:16:29.105+0000] {dag.py:3823} INFO - Setting next_dagrun for example_subdag_operator.section-2 to None, run_after=None
[2024-02-03T23:16:29.125+0000] {processor.py:183} INFO - Processing /home/airflow/.local/lib/python3.8/site-packages/airflow/example_dags/example_subdag_operator.py took 0.250 seconds
[2024-02-03T23:16:59.363+0000] {processor.py:161} INFO - Started process (PID=849) to work on /home/airflow/.local/lib/python3.8/site-packages/airflow/example_dags/example_subdag_operator.py
[2024-02-03T23:16:59.366+0000] {processor.py:830} INFO - Processing file /home/airflow/.local/lib/python3.8/site-packages/airflow/example_dags/example_subdag_operator.py for tasks to queue
[2024-02-03T23:16:59.372+0000] {logging_mixin.py:188} INFO - [2024-02-03T23:16:59.371+0000] {dagbag.py:538} INFO - Filling up the DagBag from /home/airflow/.local/lib/python3.8/site-packages/airflow/example_dags/example_subdag_operator.py
[2024-02-03T23:16:59.416+0000] {processor.py:840} INFO - DAG(s) 'example_subdag_operator.section-1', 'example_subdag_operator.section-2', 'example_subdag_operator' retrieved from /home/airflow/.local/lib/python3.8/site-packages/airflow/example_dags/example_subdag_operator.py
[2024-02-03T23:16:59.459+0000] {logging_mixin.py:188} INFO - [2024-02-03T23:16:59.459+0000] {dag.py:3036} INFO - Sync 3 DAGs
[2024-02-03T23:16:59.511+0000] {logging_mixin.py:188} INFO - [2024-02-03T23:16:59.510+0000] {dag.py:3823} INFO - Setting next_dagrun for example_subdag_operator to 2022-01-01 00:00:00+00:00, run_after=2022-01-01 00:00:00+00:00
[2024-02-03T23:16:59.517+0000] {logging_mixin.py:188} INFO - [2024-02-03T23:16:59.517+0000] {dag.py:3823} INFO - Setting next_dagrun for example_subdag_operator.section-1 to None, run_after=None
[2024-02-03T23:16:59.522+0000] {logging_mixin.py:188} INFO - [2024-02-03T23:16:59.522+0000] {dag.py:3823} INFO - Setting next_dagrun for example_subdag_operator.section-2 to None, run_after=None
[2024-02-03T23:16:59.536+0000] {logging_mixin.py:188} INFO - [2024-02-03T23:16:59.536+0000] {dag.py:3036} INFO - Sync 2 DAGs
[2024-02-03T23:16:59.548+0000] {logging_mixin.py:188} INFO - [2024-02-03T23:16:59.548+0000] {dag.py:3823} INFO - Setting next_dagrun for example_subdag_operator.section-1 to None, run_after=None
[2024-02-03T23:16:59.551+0000] {logging_mixin.py:188} INFO - [2024-02-03T23:16:59.551+0000] {dag.py:3823} INFO - Setting next_dagrun for example_subdag_operator.section-2 to None, run_after=None
[2024-02-03T23:16:59.571+0000] {processor.py:183} INFO - Processing /home/airflow/.local/lib/python3.8/site-packages/airflow/example_dags/example_subdag_operator.py took 0.213 seconds
