[2024-02-03T23:09:47.274+0000] {processor.py:161} INFO - Started process (PID=83) to work on /home/airflow/.local/lib/python3.8/site-packages/airflow/example_dags/example_short_circuit_operator.py
[2024-02-03T23:09:47.285+0000] {processor.py:830} INFO - Processing file /home/airflow/.local/lib/python3.8/site-packages/airflow/example_dags/example_short_circuit_operator.py for tasks to queue
[2024-02-03T23:09:47.289+0000] {logging_mixin.py:188} INFO - [2024-02-03T23:09:47.288+0000] {dagbag.py:538} INFO - Filling up the DagBag from /home/airflow/.local/lib/python3.8/site-packages/airflow/example_dags/example_short_circuit_operator.py
[2024-02-03T23:09:47.364+0000] {processor.py:840} INFO - DAG(s) 'example_short_circuit_operator' retrieved from /home/airflow/.local/lib/python3.8/site-packages/airflow/example_dags/example_short_circuit_operator.py
[2024-02-03T23:09:47.745+0000] {logging_mixin.py:188} INFO - [2024-02-03T23:09:47.745+0000] {dag.py:3036} INFO - Sync 1 DAGs
[2024-02-03T23:09:47.800+0000] {logging_mixin.py:188} INFO - [2024-02-03T23:09:47.799+0000] {dag.py:3823} INFO - Setting next_dagrun for example_short_circuit_operator to 2024-02-02 00:00:00+00:00, run_after=2024-02-03 00:00:00+00:00
[2024-02-03T23:09:47.920+0000] {processor.py:183} INFO - Processing /home/airflow/.local/lib/python3.8/site-packages/airflow/example_dags/example_short_circuit_operator.py took 0.662 seconds
[2024-02-03T23:10:18.093+0000] {processor.py:161} INFO - Started process (PID=139) to work on /home/airflow/.local/lib/python3.8/site-packages/airflow/example_dags/example_short_circuit_operator.py
[2024-02-03T23:10:18.097+0000] {processor.py:830} INFO - Processing file /home/airflow/.local/lib/python3.8/site-packages/airflow/example_dags/example_short_circuit_operator.py for tasks to queue
[2024-02-03T23:10:18.105+0000] {logging_mixin.py:188} INFO - [2024-02-03T23:10:18.104+0000] {dagbag.py:538} INFO - Filling up the DagBag from /home/airflow/.local/lib/python3.8/site-packages/airflow/example_dags/example_short_circuit_operator.py
[2024-02-03T23:10:18.134+0000] {processor.py:840} INFO - DAG(s) 'example_short_circuit_operator' retrieved from /home/airflow/.local/lib/python3.8/site-packages/airflow/example_dags/example_short_circuit_operator.py
[2024-02-03T23:10:18.185+0000] {logging_mixin.py:188} INFO - [2024-02-03T23:10:18.185+0000] {dag.py:3036} INFO - Sync 1 DAGs
[2024-02-03T23:10:18.238+0000] {logging_mixin.py:188} INFO - [2024-02-03T23:10:18.237+0000] {dag.py:3823} INFO - Setting next_dagrun for example_short_circuit_operator to 2024-02-02 00:00:00+00:00, run_after=2024-02-03 00:00:00+00:00
[2024-02-03T23:10:18.280+0000] {processor.py:183} INFO - Processing /home/airflow/.local/lib/python3.8/site-packages/airflow/example_dags/example_short_circuit_operator.py took 0.194 seconds
[2024-02-03T23:10:48.437+0000] {processor.py:161} INFO - Started process (PID=192) to work on /home/airflow/.local/lib/python3.8/site-packages/airflow/example_dags/example_short_circuit_operator.py
[2024-02-03T23:10:48.441+0000] {processor.py:830} INFO - Processing file /home/airflow/.local/lib/python3.8/site-packages/airflow/example_dags/example_short_circuit_operator.py for tasks to queue
[2024-02-03T23:10:48.448+0000] {logging_mixin.py:188} INFO - [2024-02-03T23:10:48.447+0000] {dagbag.py:538} INFO - Filling up the DagBag from /home/airflow/.local/lib/python3.8/site-packages/airflow/example_dags/example_short_circuit_operator.py
[2024-02-03T23:10:48.476+0000] {processor.py:840} INFO - DAG(s) 'example_short_circuit_operator' retrieved from /home/airflow/.local/lib/python3.8/site-packages/airflow/example_dags/example_short_circuit_operator.py
[2024-02-03T23:10:48.531+0000] {logging_mixin.py:188} INFO - [2024-02-03T23:10:48.530+0000] {dag.py:3036} INFO - Sync 1 DAGs
[2024-02-03T23:10:48.587+0000] {logging_mixin.py:188} INFO - [2024-02-03T23:10:48.586+0000] {dag.py:3823} INFO - Setting next_dagrun for example_short_circuit_operator to 2024-02-02 00:00:00+00:00, run_after=2024-02-03 00:00:00+00:00
[2024-02-03T23:10:48.621+0000] {processor.py:183} INFO - Processing /home/airflow/.local/lib/python3.8/site-packages/airflow/example_dags/example_short_circuit_operator.py took 0.192 seconds
[2024-02-03T23:11:18.699+0000] {processor.py:161} INFO - Started process (PID=247) to work on /home/airflow/.local/lib/python3.8/site-packages/airflow/example_dags/example_short_circuit_operator.py
[2024-02-03T23:11:18.703+0000] {processor.py:830} INFO - Processing file /home/airflow/.local/lib/python3.8/site-packages/airflow/example_dags/example_short_circuit_operator.py for tasks to queue
[2024-02-03T23:11:18.710+0000] {logging_mixin.py:188} INFO - [2024-02-03T23:11:18.710+0000] {dagbag.py:538} INFO - Filling up the DagBag from /home/airflow/.local/lib/python3.8/site-packages/airflow/example_dags/example_short_circuit_operator.py
[2024-02-03T23:11:18.728+0000] {processor.py:840} INFO - DAG(s) 'example_short_circuit_operator' retrieved from /home/airflow/.local/lib/python3.8/site-packages/airflow/example_dags/example_short_circuit_operator.py
[2024-02-03T23:11:18.783+0000] {logging_mixin.py:188} INFO - [2024-02-03T23:11:18.783+0000] {dag.py:3036} INFO - Sync 1 DAGs
[2024-02-03T23:11:18.848+0000] {logging_mixin.py:188} INFO - [2024-02-03T23:11:18.847+0000] {dag.py:3823} INFO - Setting next_dagrun for example_short_circuit_operator to 2024-02-02 00:00:00+00:00, run_after=2024-02-03 00:00:00+00:00
[2024-02-03T23:11:18.916+0000] {processor.py:183} INFO - Processing /home/airflow/.local/lib/python3.8/site-packages/airflow/example_dags/example_short_circuit_operator.py took 0.224 seconds
[2024-02-03T23:11:49.388+0000] {processor.py:161} INFO - Started process (PID=301) to work on /home/airflow/.local/lib/python3.8/site-packages/airflow/example_dags/example_short_circuit_operator.py
[2024-02-03T23:11:49.392+0000] {processor.py:830} INFO - Processing file /home/airflow/.local/lib/python3.8/site-packages/airflow/example_dags/example_short_circuit_operator.py for tasks to queue
[2024-02-03T23:11:49.401+0000] {logging_mixin.py:188} INFO - [2024-02-03T23:11:49.400+0000] {dagbag.py:538} INFO - Filling up the DagBag from /home/airflow/.local/lib/python3.8/site-packages/airflow/example_dags/example_short_circuit_operator.py
[2024-02-03T23:11:49.415+0000] {processor.py:840} INFO - DAG(s) 'example_short_circuit_operator' retrieved from /home/airflow/.local/lib/python3.8/site-packages/airflow/example_dags/example_short_circuit_operator.py
[2024-02-03T23:11:49.472+0000] {logging_mixin.py:188} INFO - [2024-02-03T23:11:49.472+0000] {dag.py:3036} INFO - Sync 1 DAGs
[2024-02-03T23:11:49.543+0000] {logging_mixin.py:188} INFO - [2024-02-03T23:11:49.542+0000] {dag.py:3823} INFO - Setting next_dagrun for example_short_circuit_operator to 2024-02-02 00:00:00+00:00, run_after=2024-02-03 00:00:00+00:00
[2024-02-03T23:11:49.591+0000] {processor.py:183} INFO - Processing /home/airflow/.local/lib/python3.8/site-packages/airflow/example_dags/example_short_circuit_operator.py took 0.212 seconds
[2024-02-03T23:12:20.281+0000] {processor.py:161} INFO - Started process (PID=356) to work on /home/airflow/.local/lib/python3.8/site-packages/airflow/example_dags/example_short_circuit_operator.py
[2024-02-03T23:12:20.286+0000] {processor.py:830} INFO - Processing file /home/airflow/.local/lib/python3.8/site-packages/airflow/example_dags/example_short_circuit_operator.py for tasks to queue
[2024-02-03T23:12:20.291+0000] {logging_mixin.py:188} INFO - [2024-02-03T23:12:20.291+0000] {dagbag.py:538} INFO - Filling up the DagBag from /home/airflow/.local/lib/python3.8/site-packages/airflow/example_dags/example_short_circuit_operator.py
[2024-02-03T23:12:20.311+0000] {processor.py:840} INFO - DAG(s) 'example_short_circuit_operator' retrieved from /home/airflow/.local/lib/python3.8/site-packages/airflow/example_dags/example_short_circuit_operator.py
[2024-02-03T23:12:20.374+0000] {logging_mixin.py:188} INFO - [2024-02-03T23:12:20.374+0000] {dag.py:3036} INFO - Sync 1 DAGs
[2024-02-03T23:12:20.422+0000] {logging_mixin.py:188} INFO - [2024-02-03T23:12:20.422+0000] {dag.py:3823} INFO - Setting next_dagrun for example_short_circuit_operator to 2024-02-02 00:00:00+00:00, run_after=2024-02-03 00:00:00+00:00
[2024-02-03T23:12:20.525+0000] {processor.py:183} INFO - Processing /home/airflow/.local/lib/python3.8/site-packages/airflow/example_dags/example_short_circuit_operator.py took 0.257 seconds
[2024-02-03T23:12:52.025+0000] {processor.py:161} INFO - Started process (PID=411) to work on /home/airflow/.local/lib/python3.8/site-packages/airflow/example_dags/example_short_circuit_operator.py
[2024-02-03T23:12:52.032+0000] {processor.py:830} INFO - Processing file /home/airflow/.local/lib/python3.8/site-packages/airflow/example_dags/example_short_circuit_operator.py for tasks to queue
[2024-02-03T23:12:52.057+0000] {logging_mixin.py:188} INFO - [2024-02-03T23:12:52.057+0000] {dagbag.py:538} INFO - Filling up the DagBag from /home/airflow/.local/lib/python3.8/site-packages/airflow/example_dags/example_short_circuit_operator.py
[2024-02-03T23:12:52.127+0000] {processor.py:840} INFO - DAG(s) 'example_short_circuit_operator' retrieved from /home/airflow/.local/lib/python3.8/site-packages/airflow/example_dags/example_short_circuit_operator.py
[2024-02-03T23:12:52.195+0000] {logging_mixin.py:188} INFO - [2024-02-03T23:12:52.195+0000] {dag.py:3036} INFO - Sync 1 DAGs
[2024-02-03T23:12:52.265+0000] {logging_mixin.py:188} INFO - [2024-02-03T23:12:52.263+0000] {dag.py:3823} INFO - Setting next_dagrun for example_short_circuit_operator to 2024-02-02 00:00:00+00:00, run_after=2024-02-03 00:00:00+00:00
[2024-02-03T23:12:52.331+0000] {processor.py:183} INFO - Processing /home/airflow/.local/lib/python3.8/site-packages/airflow/example_dags/example_short_circuit_operator.py took 0.322 seconds
[2024-02-03T23:13:22.513+0000] {processor.py:161} INFO - Started process (PID=466) to work on /home/airflow/.local/lib/python3.8/site-packages/airflow/example_dags/example_short_circuit_operator.py
[2024-02-03T23:13:22.518+0000] {processor.py:830} INFO - Processing file /home/airflow/.local/lib/python3.8/site-packages/airflow/example_dags/example_short_circuit_operator.py for tasks to queue
[2024-02-03T23:13:22.523+0000] {logging_mixin.py:188} INFO - [2024-02-03T23:13:22.523+0000] {dagbag.py:538} INFO - Filling up the DagBag from /home/airflow/.local/lib/python3.8/site-packages/airflow/example_dags/example_short_circuit_operator.py
[2024-02-03T23:13:22.539+0000] {processor.py:840} INFO - DAG(s) 'example_short_circuit_operator' retrieved from /home/airflow/.local/lib/python3.8/site-packages/airflow/example_dags/example_short_circuit_operator.py
[2024-02-03T23:13:22.644+0000] {logging_mixin.py:188} INFO - [2024-02-03T23:13:22.644+0000] {dag.py:3036} INFO - Sync 1 DAGs
[2024-02-03T23:13:22.685+0000] {logging_mixin.py:188} INFO - [2024-02-03T23:13:22.684+0000] {dag.py:3823} INFO - Setting next_dagrun for example_short_circuit_operator to 2024-02-02 00:00:00+00:00, run_after=2024-02-03 00:00:00+00:00
[2024-02-03T23:13:22.735+0000] {processor.py:183} INFO - Processing /home/airflow/.local/lib/python3.8/site-packages/airflow/example_dags/example_short_circuit_operator.py took 0.229 seconds
[2024-02-03T23:13:53.847+0000] {processor.py:161} INFO - Started process (PID=521) to work on /home/airflow/.local/lib/python3.8/site-packages/airflow/example_dags/example_short_circuit_operator.py
[2024-02-03T23:13:53.852+0000] {processor.py:830} INFO - Processing file /home/airflow/.local/lib/python3.8/site-packages/airflow/example_dags/example_short_circuit_operator.py for tasks to queue
[2024-02-03T23:13:53.861+0000] {logging_mixin.py:188} INFO - [2024-02-03T23:13:53.860+0000] {dagbag.py:538} INFO - Filling up the DagBag from /home/airflow/.local/lib/python3.8/site-packages/airflow/example_dags/example_short_circuit_operator.py
[2024-02-03T23:13:53.905+0000] {processor.py:840} INFO - DAG(s) 'example_short_circuit_operator' retrieved from /home/airflow/.local/lib/python3.8/site-packages/airflow/example_dags/example_short_circuit_operator.py
[2024-02-03T23:13:53.989+0000] {logging_mixin.py:188} INFO - [2024-02-03T23:13:53.988+0000] {dag.py:3036} INFO - Sync 1 DAGs
[2024-02-03T23:13:54.093+0000] {logging_mixin.py:188} INFO - [2024-02-03T23:13:54.093+0000] {dag.py:3823} INFO - Setting next_dagrun for example_short_circuit_operator to 2024-02-02 00:00:00+00:00, run_after=2024-02-03 00:00:00+00:00
[2024-02-03T23:13:54.192+0000] {processor.py:183} INFO - Processing /home/airflow/.local/lib/python3.8/site-packages/airflow/example_dags/example_short_circuit_operator.py took 0.372 seconds
[2024-02-03T23:14:24.778+0000] {processor.py:161} INFO - Started process (PID=577) to work on /home/airflow/.local/lib/python3.8/site-packages/airflow/example_dags/example_short_circuit_operator.py
[2024-02-03T23:14:24.782+0000] {processor.py:830} INFO - Processing file /home/airflow/.local/lib/python3.8/site-packages/airflow/example_dags/example_short_circuit_operator.py for tasks to queue
[2024-02-03T23:14:24.790+0000] {logging_mixin.py:188} INFO - [2024-02-03T23:14:24.789+0000] {dagbag.py:538} INFO - Filling up the DagBag from /home/airflow/.local/lib/python3.8/site-packages/airflow/example_dags/example_short_circuit_operator.py
[2024-02-03T23:14:24.815+0000] {processor.py:840} INFO - DAG(s) 'example_short_circuit_operator' retrieved from /home/airflow/.local/lib/python3.8/site-packages/airflow/example_dags/example_short_circuit_operator.py
[2024-02-03T23:14:24.903+0000] {logging_mixin.py:188} INFO - [2024-02-03T23:14:24.900+0000] {dag.py:3036} INFO - Sync 1 DAGs
[2024-02-03T23:14:25.125+0000] {logging_mixin.py:188} INFO - [2024-02-03T23:14:25.125+0000] {dag.py:3823} INFO - Setting next_dagrun for example_short_circuit_operator to 2024-02-02 00:00:00+00:00, run_after=2024-02-03 00:00:00+00:00
[2024-02-03T23:14:25.196+0000] {processor.py:183} INFO - Processing /home/airflow/.local/lib/python3.8/site-packages/airflow/example_dags/example_short_circuit_operator.py took 0.430 seconds
[2024-02-03T23:14:55.603+0000] {processor.py:161} INFO - Started process (PID=632) to work on /home/airflow/.local/lib/python3.8/site-packages/airflow/example_dags/example_short_circuit_operator.py
[2024-02-03T23:14:55.611+0000] {processor.py:830} INFO - Processing file /home/airflow/.local/lib/python3.8/site-packages/airflow/example_dags/example_short_circuit_operator.py for tasks to queue
[2024-02-03T23:14:55.619+0000] {logging_mixin.py:188} INFO - [2024-02-03T23:14:55.618+0000] {dagbag.py:538} INFO - Filling up the DagBag from /home/airflow/.local/lib/python3.8/site-packages/airflow/example_dags/example_short_circuit_operator.py
[2024-02-03T23:14:55.636+0000] {processor.py:840} INFO - DAG(s) 'example_short_circuit_operator' retrieved from /home/airflow/.local/lib/python3.8/site-packages/airflow/example_dags/example_short_circuit_operator.py
[2024-02-03T23:14:55.696+0000] {logging_mixin.py:188} INFO - [2024-02-03T23:14:55.696+0000] {dag.py:3036} INFO - Sync 1 DAGs
[2024-02-03T23:14:55.739+0000] {logging_mixin.py:188} INFO - [2024-02-03T23:14:55.739+0000] {dag.py:3823} INFO - Setting next_dagrun for example_short_circuit_operator to 2024-02-02 00:00:00+00:00, run_after=2024-02-03 00:00:00+00:00
[2024-02-03T23:14:55.770+0000] {processor.py:183} INFO - Processing /home/airflow/.local/lib/python3.8/site-packages/airflow/example_dags/example_short_circuit_operator.py took 0.172 seconds
[2024-02-03T23:15:27.740+0000] {processor.py:161} INFO - Started process (PID=687) to work on /home/airflow/.local/lib/python3.8/site-packages/airflow/example_dags/example_short_circuit_operator.py
[2024-02-03T23:15:27.743+0000] {processor.py:830} INFO - Processing file /home/airflow/.local/lib/python3.8/site-packages/airflow/example_dags/example_short_circuit_operator.py for tasks to queue
[2024-02-03T23:15:27.750+0000] {logging_mixin.py:188} INFO - [2024-02-03T23:15:27.749+0000] {dagbag.py:538} INFO - Filling up the DagBag from /home/airflow/.local/lib/python3.8/site-packages/airflow/example_dags/example_short_circuit_operator.py
[2024-02-03T23:15:27.764+0000] {processor.py:840} INFO - DAG(s) 'example_short_circuit_operator' retrieved from /home/airflow/.local/lib/python3.8/site-packages/airflow/example_dags/example_short_circuit_operator.py
[2024-02-03T23:15:27.804+0000] {logging_mixin.py:188} INFO - [2024-02-03T23:15:27.804+0000] {dag.py:3036} INFO - Sync 1 DAGs
[2024-02-03T23:15:27.843+0000] {logging_mixin.py:188} INFO - [2024-02-03T23:15:27.843+0000] {dag.py:3823} INFO - Setting next_dagrun for example_short_circuit_operator to 2024-02-02 00:00:00+00:00, run_after=2024-02-03 00:00:00+00:00
[2024-02-03T23:15:27.877+0000] {processor.py:183} INFO - Processing /home/airflow/.local/lib/python3.8/site-packages/airflow/example_dags/example_short_circuit_operator.py took 0.143 seconds
[2024-02-03T23:15:58.446+0000] {processor.py:161} INFO - Started process (PID=742) to work on /home/airflow/.local/lib/python3.8/site-packages/airflow/example_dags/example_short_circuit_operator.py
[2024-02-03T23:15:58.449+0000] {processor.py:830} INFO - Processing file /home/airflow/.local/lib/python3.8/site-packages/airflow/example_dags/example_short_circuit_operator.py for tasks to queue
[2024-02-03T23:15:58.456+0000] {logging_mixin.py:188} INFO - [2024-02-03T23:15:58.455+0000] {dagbag.py:538} INFO - Filling up the DagBag from /home/airflow/.local/lib/python3.8/site-packages/airflow/example_dags/example_short_circuit_operator.py
[2024-02-03T23:15:58.473+0000] {processor.py:840} INFO - DAG(s) 'example_short_circuit_operator' retrieved from /home/airflow/.local/lib/python3.8/site-packages/airflow/example_dags/example_short_circuit_operator.py
[2024-02-03T23:15:58.518+0000] {logging_mixin.py:188} INFO - [2024-02-03T23:15:58.518+0000] {dag.py:3036} INFO - Sync 1 DAGs
[2024-02-03T23:15:58.579+0000] {logging_mixin.py:188} INFO - [2024-02-03T23:15:58.579+0000] {dag.py:3823} INFO - Setting next_dagrun for example_short_circuit_operator to 2024-02-02 00:00:00+00:00, run_after=2024-02-03 00:00:00+00:00
[2024-02-03T23:15:58.629+0000] {processor.py:183} INFO - Processing /home/airflow/.local/lib/python3.8/site-packages/airflow/example_dags/example_short_circuit_operator.py took 0.190 seconds
[2024-02-03T23:16:29.229+0000] {processor.py:161} INFO - Started process (PID=797) to work on /home/airflow/.local/lib/python3.8/site-packages/airflow/example_dags/example_short_circuit_operator.py
[2024-02-03T23:16:29.233+0000] {processor.py:830} INFO - Processing file /home/airflow/.local/lib/python3.8/site-packages/airflow/example_dags/example_short_circuit_operator.py for tasks to queue
[2024-02-03T23:16:29.239+0000] {logging_mixin.py:188} INFO - [2024-02-03T23:16:29.238+0000] {dagbag.py:538} INFO - Filling up the DagBag from /home/airflow/.local/lib/python3.8/site-packages/airflow/example_dags/example_short_circuit_operator.py
[2024-02-03T23:16:29.252+0000] {processor.py:840} INFO - DAG(s) 'example_short_circuit_operator' retrieved from /home/airflow/.local/lib/python3.8/site-packages/airflow/example_dags/example_short_circuit_operator.py
[2024-02-03T23:16:29.294+0000] {logging_mixin.py:188} INFO - [2024-02-03T23:16:29.294+0000] {dag.py:3036} INFO - Sync 1 DAGs
[2024-02-03T23:16:29.338+0000] {logging_mixin.py:188} INFO - [2024-02-03T23:16:29.337+0000] {dag.py:3823} INFO - Setting next_dagrun for example_short_circuit_operator to 2024-02-02 00:00:00+00:00, run_after=2024-02-03 00:00:00+00:00
[2024-02-03T23:16:29.378+0000] {processor.py:183} INFO - Processing /home/airflow/.local/lib/python3.8/site-packages/airflow/example_dags/example_short_circuit_operator.py took 0.159 seconds
[2024-02-03T23:16:59.686+0000] {processor.py:161} INFO - Started process (PID=852) to work on /home/airflow/.local/lib/python3.8/site-packages/airflow/example_dags/example_short_circuit_operator.py
[2024-02-03T23:16:59.690+0000] {processor.py:830} INFO - Processing file /home/airflow/.local/lib/python3.8/site-packages/airflow/example_dags/example_short_circuit_operator.py for tasks to queue
[2024-02-03T23:16:59.697+0000] {logging_mixin.py:188} INFO - [2024-02-03T23:16:59.696+0000] {dagbag.py:538} INFO - Filling up the DagBag from /home/airflow/.local/lib/python3.8/site-packages/airflow/example_dags/example_short_circuit_operator.py
[2024-02-03T23:16:59.719+0000] {processor.py:840} INFO - DAG(s) 'example_short_circuit_operator' retrieved from /home/airflow/.local/lib/python3.8/site-packages/airflow/example_dags/example_short_circuit_operator.py
[2024-02-03T23:16:59.772+0000] {logging_mixin.py:188} INFO - [2024-02-03T23:16:59.772+0000] {dag.py:3036} INFO - Sync 1 DAGs
[2024-02-03T23:16:59.817+0000] {logging_mixin.py:188} INFO - [2024-02-03T23:16:59.817+0000] {dag.py:3823} INFO - Setting next_dagrun for example_short_circuit_operator to 2024-02-02 00:00:00+00:00, run_after=2024-02-03 00:00:00+00:00
[2024-02-03T23:16:59.858+0000] {processor.py:183} INFO - Processing /home/airflow/.local/lib/python3.8/site-packages/airflow/example_dags/example_short_circuit_operator.py took 0.185 seconds
