[2024-02-03T23:09:32.446+0000] {processor.py:161} INFO - Started process (PID=45) to work on /home/airflow/.local/lib/python3.8/site-packages/airflow/example_dags/example_sensors.py
[2024-02-03T23:09:32.453+0000] {processor.py:830} INFO - Processing file /home/airflow/.local/lib/python3.8/site-packages/airflow/example_dags/example_sensors.py for tasks to queue
[2024-02-03T23:09:32.463+0000] {logging_mixin.py:188} INFO - [2024-02-03T23:09:32.463+0000] {dagbag.py:538} INFO - Filling up the DagBag from /home/airflow/.local/lib/python3.8/site-packages/airflow/example_dags/example_sensors.py
[2024-02-03T23:09:32.532+0000] {processor.py:840} INFO - DAG(s) 'example_sensors' retrieved from /home/airflow/.local/lib/python3.8/site-packages/airflow/example_dags/example_sensors.py
[2024-02-03T23:09:33.113+0000] {logging_mixin.py:188} INFO - [2024-02-03T23:09:33.113+0000] {dag.py:3036} INFO - Sync 1 DAGs
[2024-02-03T23:09:33.173+0000] {logging_mixin.py:188} INFO - [2024-02-03T23:09:33.173+0000] {dag.py:3823} INFO - Setting next_dagrun for example_sensors to None, run_after=None
[2024-02-03T23:09:33.259+0000] {processor.py:183} INFO - Processing /home/airflow/.local/lib/python3.8/site-packages/airflow/example_dags/example_sensors.py took 0.830 seconds
[2024-02-03T23:10:03.500+0000] {processor.py:161} INFO - Started process (PID=100) to work on /home/airflow/.local/lib/python3.8/site-packages/airflow/example_dags/example_sensors.py
[2024-02-03T23:10:03.504+0000] {processor.py:830} INFO - Processing file /home/airflow/.local/lib/python3.8/site-packages/airflow/example_dags/example_sensors.py for tasks to queue
[2024-02-03T23:10:03.510+0000] {logging_mixin.py:188} INFO - [2024-02-03T23:10:03.510+0000] {dagbag.py:538} INFO - Filling up the DagBag from /home/airflow/.local/lib/python3.8/site-packages/airflow/example_dags/example_sensors.py
[2024-02-03T23:10:03.534+0000] {processor.py:840} INFO - DAG(s) 'example_sensors' retrieved from /home/airflow/.local/lib/python3.8/site-packages/airflow/example_dags/example_sensors.py
[2024-02-03T23:10:03.581+0000] {logging_mixin.py:188} INFO - [2024-02-03T23:10:03.581+0000] {dag.py:3036} INFO - Sync 1 DAGs
[2024-02-03T23:10:03.600+0000] {logging_mixin.py:188} INFO - [2024-02-03T23:10:03.599+0000] {dag.py:3823} INFO - Setting next_dagrun for example_sensors to None, run_after=None
[2024-02-03T23:10:03.629+0000] {processor.py:183} INFO - Processing /home/airflow/.local/lib/python3.8/site-packages/airflow/example_dags/example_sensors.py took 0.135 seconds
[2024-02-03T23:10:33.897+0000] {processor.py:161} INFO - Started process (PID=155) to work on /home/airflow/.local/lib/python3.8/site-packages/airflow/example_dags/example_sensors.py
[2024-02-03T23:10:33.902+0000] {processor.py:830} INFO - Processing file /home/airflow/.local/lib/python3.8/site-packages/airflow/example_dags/example_sensors.py for tasks to queue
[2024-02-03T23:10:33.906+0000] {logging_mixin.py:188} INFO - [2024-02-03T23:10:33.906+0000] {dagbag.py:538} INFO - Filling up the DagBag from /home/airflow/.local/lib/python3.8/site-packages/airflow/example_dags/example_sensors.py
[2024-02-03T23:10:33.931+0000] {processor.py:840} INFO - DAG(s) 'example_sensors' retrieved from /home/airflow/.local/lib/python3.8/site-packages/airflow/example_dags/example_sensors.py
[2024-02-03T23:10:33.978+0000] {logging_mixin.py:188} INFO - [2024-02-03T23:10:33.978+0000] {dag.py:3036} INFO - Sync 1 DAGs
[2024-02-03T23:10:33.998+0000] {logging_mixin.py:188} INFO - [2024-02-03T23:10:33.997+0000] {dag.py:3823} INFO - Setting next_dagrun for example_sensors to None, run_after=None
[2024-02-03T23:10:34.034+0000] {processor.py:183} INFO - Processing /home/airflow/.local/lib/python3.8/site-packages/airflow/example_dags/example_sensors.py took 0.144 seconds
[2024-02-03T23:11:04.612+0000] {processor.py:161} INFO - Started process (PID=209) to work on /home/airflow/.local/lib/python3.8/site-packages/airflow/example_dags/example_sensors.py
[2024-02-03T23:11:04.620+0000] {processor.py:830} INFO - Processing file /home/airflow/.local/lib/python3.8/site-packages/airflow/example_dags/example_sensors.py for tasks to queue
[2024-02-03T23:11:04.628+0000] {logging_mixin.py:188} INFO - [2024-02-03T23:11:04.627+0000] {dagbag.py:538} INFO - Filling up the DagBag from /home/airflow/.local/lib/python3.8/site-packages/airflow/example_dags/example_sensors.py
[2024-02-03T23:11:04.643+0000] {processor.py:840} INFO - DAG(s) 'example_sensors' retrieved from /home/airflow/.local/lib/python3.8/site-packages/airflow/example_dags/example_sensors.py
[2024-02-03T23:11:04.680+0000] {logging_mixin.py:188} INFO - [2024-02-03T23:11:04.680+0000] {dag.py:3036} INFO - Sync 1 DAGs
[2024-02-03T23:11:04.698+0000] {logging_mixin.py:188} INFO - [2024-02-03T23:11:04.698+0000] {dag.py:3823} INFO - Setting next_dagrun for example_sensors to None, run_after=None
[2024-02-03T23:11:04.726+0000] {processor.py:183} INFO - Processing /home/airflow/.local/lib/python3.8/site-packages/airflow/example_dags/example_sensors.py took 0.123 seconds
[2024-02-03T23:11:35.252+0000] {processor.py:161} INFO - Started process (PID=264) to work on /home/airflow/.local/lib/python3.8/site-packages/airflow/example_dags/example_sensors.py
[2024-02-03T23:11:35.267+0000] {processor.py:830} INFO - Processing file /home/airflow/.local/lib/python3.8/site-packages/airflow/example_dags/example_sensors.py for tasks to queue
[2024-02-03T23:11:35.290+0000] {logging_mixin.py:188} INFO - [2024-02-03T23:11:35.284+0000] {dagbag.py:538} INFO - Filling up the DagBag from /home/airflow/.local/lib/python3.8/site-packages/airflow/example_dags/example_sensors.py
[2024-02-03T23:11:35.391+0000] {processor.py:840} INFO - DAG(s) 'example_sensors' retrieved from /home/airflow/.local/lib/python3.8/site-packages/airflow/example_dags/example_sensors.py
[2024-02-03T23:11:35.600+0000] {logging_mixin.py:188} INFO - [2024-02-03T23:11:35.599+0000] {dag.py:3036} INFO - Sync 1 DAGs
[2024-02-03T23:11:35.642+0000] {logging_mixin.py:188} INFO - [2024-02-03T23:11:35.641+0000] {dag.py:3823} INFO - Setting next_dagrun for example_sensors to None, run_after=None
[2024-02-03T23:11:35.708+0000] {processor.py:183} INFO - Processing /home/airflow/.local/lib/python3.8/site-packages/airflow/example_dags/example_sensors.py took 0.470 seconds
[2024-02-03T23:12:05.870+0000] {processor.py:161} INFO - Started process (PID=318) to work on /home/airflow/.local/lib/python3.8/site-packages/airflow/example_dags/example_sensors.py
[2024-02-03T23:12:05.875+0000] {processor.py:830} INFO - Processing file /home/airflow/.local/lib/python3.8/site-packages/airflow/example_dags/example_sensors.py for tasks to queue
[2024-02-03T23:12:05.882+0000] {logging_mixin.py:188} INFO - [2024-02-03T23:12:05.881+0000] {dagbag.py:538} INFO - Filling up the DagBag from /home/airflow/.local/lib/python3.8/site-packages/airflow/example_dags/example_sensors.py
[2024-02-03T23:12:05.906+0000] {processor.py:840} INFO - DAG(s) 'example_sensors' retrieved from /home/airflow/.local/lib/python3.8/site-packages/airflow/example_dags/example_sensors.py
[2024-02-03T23:12:05.970+0000] {logging_mixin.py:188} INFO - [2024-02-03T23:12:05.969+0000] {dag.py:3036} INFO - Sync 1 DAGs
[2024-02-03T23:12:05.995+0000] {logging_mixin.py:188} INFO - [2024-02-03T23:12:05.995+0000] {dag.py:3823} INFO - Setting next_dagrun for example_sensors to None, run_after=None
[2024-02-03T23:12:06.034+0000] {processor.py:183} INFO - Processing /home/airflow/.local/lib/python3.8/site-packages/airflow/example_dags/example_sensors.py took 0.173 seconds
[2024-02-03T23:12:36.537+0000] {processor.py:161} INFO - Started process (PID=373) to work on /home/airflow/.local/lib/python3.8/site-packages/airflow/example_dags/example_sensors.py
[2024-02-03T23:12:36.542+0000] {processor.py:830} INFO - Processing file /home/airflow/.local/lib/python3.8/site-packages/airflow/example_dags/example_sensors.py for tasks to queue
[2024-02-03T23:12:36.553+0000] {logging_mixin.py:188} INFO - [2024-02-03T23:12:36.552+0000] {dagbag.py:538} INFO - Filling up the DagBag from /home/airflow/.local/lib/python3.8/site-packages/airflow/example_dags/example_sensors.py
[2024-02-03T23:12:36.578+0000] {processor.py:840} INFO - DAG(s) 'example_sensors' retrieved from /home/airflow/.local/lib/python3.8/site-packages/airflow/example_dags/example_sensors.py
[2024-02-03T23:12:36.624+0000] {logging_mixin.py:188} INFO - [2024-02-03T23:12:36.624+0000] {dag.py:3036} INFO - Sync 1 DAGs
[2024-02-03T23:12:36.644+0000] {logging_mixin.py:188} INFO - [2024-02-03T23:12:36.644+0000] {dag.py:3823} INFO - Setting next_dagrun for example_sensors to None, run_after=None
[2024-02-03T23:12:36.676+0000] {processor.py:183} INFO - Processing /home/airflow/.local/lib/python3.8/site-packages/airflow/example_dags/example_sensors.py took 0.144 seconds
[2024-02-03T23:13:07.149+0000] {processor.py:161} INFO - Started process (PID=428) to work on /home/airflow/.local/lib/python3.8/site-packages/airflow/example_dags/example_sensors.py
[2024-02-03T23:13:07.160+0000] {processor.py:830} INFO - Processing file /home/airflow/.local/lib/python3.8/site-packages/airflow/example_dags/example_sensors.py for tasks to queue
[2024-02-03T23:13:07.246+0000] {logging_mixin.py:188} INFO - [2024-02-03T23:13:07.245+0000] {dagbag.py:538} INFO - Filling up the DagBag from /home/airflow/.local/lib/python3.8/site-packages/airflow/example_dags/example_sensors.py
[2024-02-03T23:13:07.300+0000] {processor.py:840} INFO - DAG(s) 'example_sensors' retrieved from /home/airflow/.local/lib/python3.8/site-packages/airflow/example_dags/example_sensors.py
[2024-02-03T23:13:07.412+0000] {logging_mixin.py:188} INFO - [2024-02-03T23:13:07.412+0000] {dag.py:3036} INFO - Sync 1 DAGs
[2024-02-03T23:13:07.445+0000] {logging_mixin.py:188} INFO - [2024-02-03T23:13:07.444+0000] {dag.py:3823} INFO - Setting next_dagrun for example_sensors to None, run_after=None
[2024-02-03T23:13:07.544+0000] {processor.py:183} INFO - Processing /home/airflow/.local/lib/python3.8/site-packages/airflow/example_dags/example_sensors.py took 0.415 seconds
[2024-02-03T23:13:38.100+0000] {processor.py:161} INFO - Started process (PID=484) to work on /home/airflow/.local/lib/python3.8/site-packages/airflow/example_dags/example_sensors.py
[2024-02-03T23:13:38.103+0000] {processor.py:830} INFO - Processing file /home/airflow/.local/lib/python3.8/site-packages/airflow/example_dags/example_sensors.py for tasks to queue
[2024-02-03T23:13:38.110+0000] {logging_mixin.py:188} INFO - [2024-02-03T23:13:38.109+0000] {dagbag.py:538} INFO - Filling up the DagBag from /home/airflow/.local/lib/python3.8/site-packages/airflow/example_dags/example_sensors.py
[2024-02-03T23:13:38.133+0000] {processor.py:840} INFO - DAG(s) 'example_sensors' retrieved from /home/airflow/.local/lib/python3.8/site-packages/airflow/example_dags/example_sensors.py
[2024-02-03T23:13:38.195+0000] {logging_mixin.py:188} INFO - [2024-02-03T23:13:38.194+0000] {dag.py:3036} INFO - Sync 1 DAGs
[2024-02-03T23:13:38.220+0000] {logging_mixin.py:188} INFO - [2024-02-03T23:13:38.220+0000] {dag.py:3823} INFO - Setting next_dagrun for example_sensors to None, run_after=None
[2024-02-03T23:13:38.264+0000] {processor.py:183} INFO - Processing /home/airflow/.local/lib/python3.8/site-packages/airflow/example_dags/example_sensors.py took 0.169 seconds
[2024-02-03T23:14:08.513+0000] {processor.py:161} INFO - Started process (PID=539) to work on /home/airflow/.local/lib/python3.8/site-packages/airflow/example_dags/example_sensors.py
[2024-02-03T23:14:08.518+0000] {processor.py:830} INFO - Processing file /home/airflow/.local/lib/python3.8/site-packages/airflow/example_dags/example_sensors.py for tasks to queue
[2024-02-03T23:14:08.526+0000] {logging_mixin.py:188} INFO - [2024-02-03T23:14:08.525+0000] {dagbag.py:538} INFO - Filling up the DagBag from /home/airflow/.local/lib/python3.8/site-packages/airflow/example_dags/example_sensors.py
[2024-02-03T23:14:08.551+0000] {processor.py:840} INFO - DAG(s) 'example_sensors' retrieved from /home/airflow/.local/lib/python3.8/site-packages/airflow/example_dags/example_sensors.py
[2024-02-03T23:14:08.597+0000] {logging_mixin.py:188} INFO - [2024-02-03T23:14:08.596+0000] {dag.py:3036} INFO - Sync 1 DAGs
[2024-02-03T23:14:08.642+0000] {logging_mixin.py:188} INFO - [2024-02-03T23:14:08.641+0000] {dag.py:3823} INFO - Setting next_dagrun for example_sensors to None, run_after=None
[2024-02-03T23:14:08.682+0000] {processor.py:183} INFO - Processing /home/airflow/.local/lib/python3.8/site-packages/airflow/example_dags/example_sensors.py took 0.179 seconds
[2024-02-03T23:14:38.820+0000] {processor.py:161} INFO - Started process (PID=594) to work on /home/airflow/.local/lib/python3.8/site-packages/airflow/example_dags/example_sensors.py
[2024-02-03T23:14:38.824+0000] {processor.py:830} INFO - Processing file /home/airflow/.local/lib/python3.8/site-packages/airflow/example_dags/example_sensors.py for tasks to queue
[2024-02-03T23:14:38.830+0000] {logging_mixin.py:188} INFO - [2024-02-03T23:14:38.829+0000] {dagbag.py:538} INFO - Filling up the DagBag from /home/airflow/.local/lib/python3.8/site-packages/airflow/example_dags/example_sensors.py
[2024-02-03T23:14:38.857+0000] {processor.py:840} INFO - DAG(s) 'example_sensors' retrieved from /home/airflow/.local/lib/python3.8/site-packages/airflow/example_dags/example_sensors.py
[2024-02-03T23:14:38.904+0000] {logging_mixin.py:188} INFO - [2024-02-03T23:14:38.904+0000] {dag.py:3036} INFO - Sync 1 DAGs
[2024-02-03T23:14:38.928+0000] {logging_mixin.py:188} INFO - [2024-02-03T23:14:38.928+0000] {dag.py:3823} INFO - Setting next_dagrun for example_sensors to None, run_after=None
[2024-02-03T23:14:38.960+0000] {processor.py:183} INFO - Processing /home/airflow/.local/lib/python3.8/site-packages/airflow/example_dags/example_sensors.py took 0.151 seconds
[2024-02-03T23:15:11.031+0000] {processor.py:161} INFO - Started process (PID=649) to work on /home/airflow/.local/lib/python3.8/site-packages/airflow/example_dags/example_sensors.py
[2024-02-03T23:15:11.043+0000] {processor.py:830} INFO - Processing file /home/airflow/.local/lib/python3.8/site-packages/airflow/example_dags/example_sensors.py for tasks to queue
[2024-02-03T23:15:11.087+0000] {logging_mixin.py:188} INFO - [2024-02-03T23:15:11.085+0000] {dagbag.py:538} INFO - Filling up the DagBag from /home/airflow/.local/lib/python3.8/site-packages/airflow/example_dags/example_sensors.py
[2024-02-03T23:15:11.160+0000] {processor.py:840} INFO - DAG(s) 'example_sensors' retrieved from /home/airflow/.local/lib/python3.8/site-packages/airflow/example_dags/example_sensors.py
[2024-02-03T23:15:11.270+0000] {logging_mixin.py:188} INFO - [2024-02-03T23:15:11.270+0000] {dag.py:3036} INFO - Sync 1 DAGs
[2024-02-03T23:15:11.300+0000] {logging_mixin.py:188} INFO - [2024-02-03T23:15:11.300+0000] {dag.py:3823} INFO - Setting next_dagrun for example_sensors to None, run_after=None
[2024-02-03T23:15:11.350+0000] {processor.py:183} INFO - Processing /home/airflow/.local/lib/python3.8/site-packages/airflow/example_dags/example_sensors.py took 0.394 seconds
[2024-02-03T23:15:41.940+0000] {processor.py:161} INFO - Started process (PID=710) to work on /home/airflow/.local/lib/python3.8/site-packages/airflow/example_dags/example_sensors.py
[2024-02-03T23:15:41.943+0000] {processor.py:830} INFO - Processing file /home/airflow/.local/lib/python3.8/site-packages/airflow/example_dags/example_sensors.py for tasks to queue
[2024-02-03T23:15:41.951+0000] {logging_mixin.py:188} INFO - [2024-02-03T23:15:41.950+0000] {dagbag.py:538} INFO - Filling up the DagBag from /home/airflow/.local/lib/python3.8/site-packages/airflow/example_dags/example_sensors.py
[2024-02-03T23:15:41.972+0000] {processor.py:840} INFO - DAG(s) 'example_sensors' retrieved from /home/airflow/.local/lib/python3.8/site-packages/airflow/example_dags/example_sensors.py
[2024-02-03T23:15:42.058+0000] {logging_mixin.py:188} INFO - [2024-02-03T23:15:42.058+0000] {dag.py:3036} INFO - Sync 1 DAGs
[2024-02-03T23:15:42.088+0000] {logging_mixin.py:188} INFO - [2024-02-03T23:15:42.088+0000] {dag.py:3823} INFO - Setting next_dagrun for example_sensors to None, run_after=None
[2024-02-03T23:15:42.130+0000] {processor.py:183} INFO - Processing /home/airflow/.local/lib/python3.8/site-packages/airflow/example_dags/example_sensors.py took 0.199 seconds
[2024-02-03T23:16:12.609+0000] {processor.py:161} INFO - Started process (PID=765) to work on /home/airflow/.local/lib/python3.8/site-packages/airflow/example_dags/example_sensors.py
[2024-02-03T23:16:12.616+0000] {processor.py:830} INFO - Processing file /home/airflow/.local/lib/python3.8/site-packages/airflow/example_dags/example_sensors.py for tasks to queue
[2024-02-03T23:16:12.624+0000] {logging_mixin.py:188} INFO - [2024-02-03T23:16:12.623+0000] {dagbag.py:538} INFO - Filling up the DagBag from /home/airflow/.local/lib/python3.8/site-packages/airflow/example_dags/example_sensors.py
[2024-02-03T23:16:12.648+0000] {processor.py:840} INFO - DAG(s) 'example_sensors' retrieved from /home/airflow/.local/lib/python3.8/site-packages/airflow/example_dags/example_sensors.py
[2024-02-03T23:16:12.754+0000] {logging_mixin.py:188} INFO - [2024-02-03T23:16:12.754+0000] {dag.py:3036} INFO - Sync 1 DAGs
[2024-02-03T23:16:12.803+0000] {logging_mixin.py:188} INFO - [2024-02-03T23:16:12.803+0000] {dag.py:3823} INFO - Setting next_dagrun for example_sensors to None, run_after=None
[2024-02-03T23:16:12.871+0000] {processor.py:183} INFO - Processing /home/airflow/.local/lib/python3.8/site-packages/airflow/example_dags/example_sensors.py took 0.272 seconds
[2024-02-03T23:16:43.487+0000] {processor.py:161} INFO - Started process (PID=820) to work on /home/airflow/.local/lib/python3.8/site-packages/airflow/example_dags/example_sensors.py
[2024-02-03T23:16:43.492+0000] {processor.py:830} INFO - Processing file /home/airflow/.local/lib/python3.8/site-packages/airflow/example_dags/example_sensors.py for tasks to queue
[2024-02-03T23:16:43.501+0000] {logging_mixin.py:188} INFO - [2024-02-03T23:16:43.499+0000] {dagbag.py:538} INFO - Filling up the DagBag from /home/airflow/.local/lib/python3.8/site-packages/airflow/example_dags/example_sensors.py
[2024-02-03T23:16:43.530+0000] {processor.py:840} INFO - DAG(s) 'example_sensors' retrieved from /home/airflow/.local/lib/python3.8/site-packages/airflow/example_dags/example_sensors.py
[2024-02-03T23:16:43.668+0000] {logging_mixin.py:188} INFO - [2024-02-03T23:16:43.667+0000] {dag.py:3036} INFO - Sync 1 DAGs
[2024-02-03T23:16:43.694+0000] {logging_mixin.py:188} INFO - [2024-02-03T23:16:43.694+0000] {dag.py:3823} INFO - Setting next_dagrun for example_sensors to None, run_after=None
[2024-02-03T23:16:43.778+0000] {processor.py:183} INFO - Processing /home/airflow/.local/lib/python3.8/site-packages/airflow/example_dags/example_sensors.py took 0.305 seconds
[2024-02-03T23:17:14.466+0000] {processor.py:161} INFO - Started process (PID=876) to work on /home/airflow/.local/lib/python3.8/site-packages/airflow/example_dags/example_sensors.py
[2024-02-03T23:17:14.473+0000] {processor.py:830} INFO - Processing file /home/airflow/.local/lib/python3.8/site-packages/airflow/example_dags/example_sensors.py for tasks to queue
[2024-02-03T23:17:14.479+0000] {logging_mixin.py:188} INFO - [2024-02-03T23:17:14.478+0000] {dagbag.py:538} INFO - Filling up the DagBag from /home/airflow/.local/lib/python3.8/site-packages/airflow/example_dags/example_sensors.py
[2024-02-03T23:17:14.513+0000] {processor.py:840} INFO - DAG(s) 'example_sensors' retrieved from /home/airflow/.local/lib/python3.8/site-packages/airflow/example_dags/example_sensors.py
[2024-02-03T23:17:14.602+0000] {logging_mixin.py:188} INFO - [2024-02-03T23:17:14.601+0000] {dag.py:3036} INFO - Sync 1 DAGs
[2024-02-03T23:17:14.639+0000] {logging_mixin.py:188} INFO - [2024-02-03T23:17:14.639+0000] {dag.py:3823} INFO - Setting next_dagrun for example_sensors to None, run_after=None
[2024-02-03T23:17:14.714+0000] {processor.py:183} INFO - Processing /home/airflow/.local/lib/python3.8/site-packages/airflow/example_dags/example_sensors.py took 0.270 seconds
