[2024-02-03T23:09:42.136+0000] {processor.py:161} INFO - Started process (PID=69) to work on /home/airflow/.local/lib/python3.8/site-packages/airflow/example_dags/example_complex.py
[2024-02-03T23:09:42.150+0000] {processor.py:830} INFO - Processing file /home/airflow/.local/lib/python3.8/site-packages/airflow/example_dags/example_complex.py for tasks to queue
[2024-02-03T23:09:42.168+0000] {logging_mixin.py:188} INFO - [2024-02-03T23:09:42.167+0000] {dagbag.py:538} INFO - Filling up the DagBag from /home/airflow/.local/lib/python3.8/site-packages/airflow/example_dags/example_complex.py
[2024-02-03T23:09:42.214+0000] {processor.py:840} INFO - DAG(s) 'example_complex' retrieved from /home/airflow/.local/lib/python3.8/site-packages/airflow/example_dags/example_complex.py
[2024-02-03T23:09:42.478+0000] {logging_mixin.py:188} INFO - [2024-02-03T23:09:42.478+0000] {dag.py:3036} INFO - Sync 1 DAGs
[2024-02-03T23:09:42.520+0000] {logging_mixin.py:188} INFO - [2024-02-03T23:09:42.520+0000] {dag.py:3823} INFO - Setting next_dagrun for example_complex to None, run_after=None
[2024-02-03T23:09:42.578+0000] {processor.py:183} INFO - Processing /home/airflow/.local/lib/python3.8/site-packages/airflow/example_dags/example_complex.py took 0.480 seconds
[2024-02-03T23:10:13.486+0000] {processor.py:161} INFO - Started process (PID=124) to work on /home/airflow/.local/lib/python3.8/site-packages/airflow/example_dags/example_complex.py
[2024-02-03T23:10:13.489+0000] {processor.py:830} INFO - Processing file /home/airflow/.local/lib/python3.8/site-packages/airflow/example_dags/example_complex.py for tasks to queue
[2024-02-03T23:10:13.496+0000] {logging_mixin.py:188} INFO - [2024-02-03T23:10:13.495+0000] {dagbag.py:538} INFO - Filling up the DagBag from /home/airflow/.local/lib/python3.8/site-packages/airflow/example_dags/example_complex.py
[2024-02-03T23:10:13.522+0000] {processor.py:840} INFO - DAG(s) 'example_complex' retrieved from /home/airflow/.local/lib/python3.8/site-packages/airflow/example_dags/example_complex.py
[2024-02-03T23:10:13.586+0000] {logging_mixin.py:188} INFO - [2024-02-03T23:10:13.586+0000] {dag.py:3036} INFO - Sync 1 DAGs
[2024-02-03T23:10:13.610+0000] {logging_mixin.py:188} INFO - [2024-02-03T23:10:13.610+0000] {dag.py:3823} INFO - Setting next_dagrun for example_complex to None, run_after=None
[2024-02-03T23:10:13.672+0000] {processor.py:183} INFO - Processing /home/airflow/.local/lib/python3.8/site-packages/airflow/example_dags/example_complex.py took 0.195 seconds
[2024-02-03T23:10:43.781+0000] {processor.py:161} INFO - Started process (PID=178) to work on /home/airflow/.local/lib/python3.8/site-packages/airflow/example_dags/example_complex.py
[2024-02-03T23:10:43.786+0000] {processor.py:830} INFO - Processing file /home/airflow/.local/lib/python3.8/site-packages/airflow/example_dags/example_complex.py for tasks to queue
[2024-02-03T23:10:43.793+0000] {logging_mixin.py:188} INFO - [2024-02-03T23:10:43.792+0000] {dagbag.py:538} INFO - Filling up the DagBag from /home/airflow/.local/lib/python3.8/site-packages/airflow/example_dags/example_complex.py
[2024-02-03T23:10:43.815+0000] {processor.py:840} INFO - DAG(s) 'example_complex' retrieved from /home/airflow/.local/lib/python3.8/site-packages/airflow/example_dags/example_complex.py
[2024-02-03T23:10:43.880+0000] {logging_mixin.py:188} INFO - [2024-02-03T23:10:43.876+0000] {dag.py:3036} INFO - Sync 1 DAGs
[2024-02-03T23:10:43.903+0000] {logging_mixin.py:188} INFO - [2024-02-03T23:10:43.903+0000] {dag.py:3823} INFO - Setting next_dagrun for example_complex to None, run_after=None
[2024-02-03T23:10:43.965+0000] {processor.py:183} INFO - Processing /home/airflow/.local/lib/python3.8/site-packages/airflow/example_dags/example_complex.py took 0.190 seconds
[2024-02-03T23:11:15.498+0000] {processor.py:161} INFO - Started process (PID=233) to work on /home/airflow/.local/lib/python3.8/site-packages/airflow/example_dags/example_complex.py
[2024-02-03T23:11:15.517+0000] {processor.py:830} INFO - Processing file /home/airflow/.local/lib/python3.8/site-packages/airflow/example_dags/example_complex.py for tasks to queue
[2024-02-03T23:11:15.604+0000] {logging_mixin.py:188} INFO - [2024-02-03T23:11:15.569+0000] {dagbag.py:538} INFO - Filling up the DagBag from /home/airflow/.local/lib/python3.8/site-packages/airflow/example_dags/example_complex.py
[2024-02-03T23:11:15.692+0000] {processor.py:840} INFO - DAG(s) 'example_complex' retrieved from /home/airflow/.local/lib/python3.8/site-packages/airflow/example_dags/example_complex.py
[2024-02-03T23:11:15.963+0000] {logging_mixin.py:188} INFO - [2024-02-03T23:11:15.962+0000] {dag.py:3036} INFO - Sync 1 DAGs
[2024-02-03T23:11:16.023+0000] {logging_mixin.py:188} INFO - [2024-02-03T23:11:16.023+0000] {dag.py:3823} INFO - Setting next_dagrun for example_complex to None, run_after=None
[2024-02-03T23:11:16.077+0000] {processor.py:183} INFO - Processing /home/airflow/.local/lib/python3.8/site-packages/airflow/example_dags/example_complex.py took 0.611 seconds
[2024-02-03T23:11:46.711+0000] {processor.py:161} INFO - Started process (PID=287) to work on /home/airflow/.local/lib/python3.8/site-packages/airflow/example_dags/example_complex.py
[2024-02-03T23:11:46.720+0000] {processor.py:830} INFO - Processing file /home/airflow/.local/lib/python3.8/site-packages/airflow/example_dags/example_complex.py for tasks to queue
[2024-02-03T23:11:46.728+0000] {logging_mixin.py:188} INFO - [2024-02-03T23:11:46.728+0000] {dagbag.py:538} INFO - Filling up the DagBag from /home/airflow/.local/lib/python3.8/site-packages/airflow/example_dags/example_complex.py
[2024-02-03T23:11:46.760+0000] {processor.py:840} INFO - DAG(s) 'example_complex' retrieved from /home/airflow/.local/lib/python3.8/site-packages/airflow/example_dags/example_complex.py
[2024-02-03T23:11:46.840+0000] {logging_mixin.py:188} INFO - [2024-02-03T23:11:46.839+0000] {dag.py:3036} INFO - Sync 1 DAGs
[2024-02-03T23:11:46.895+0000] {logging_mixin.py:188} INFO - [2024-02-03T23:11:46.894+0000] {dag.py:3823} INFO - Setting next_dagrun for example_complex to None, run_after=None
[2024-02-03T23:11:46.954+0000] {processor.py:183} INFO - Processing /home/airflow/.local/lib/python3.8/site-packages/airflow/example_dags/example_complex.py took 0.255 seconds
[2024-02-03T23:12:17.633+0000] {processor.py:161} INFO - Started process (PID=342) to work on /home/airflow/.local/lib/python3.8/site-packages/airflow/example_dags/example_complex.py
[2024-02-03T23:12:17.647+0000] {processor.py:830} INFO - Processing file /home/airflow/.local/lib/python3.8/site-packages/airflow/example_dags/example_complex.py for tasks to queue
[2024-02-03T23:12:17.658+0000] {logging_mixin.py:188} INFO - [2024-02-03T23:12:17.657+0000] {dagbag.py:538} INFO - Filling up the DagBag from /home/airflow/.local/lib/python3.8/site-packages/airflow/example_dags/example_complex.py
[2024-02-03T23:12:17.715+0000] {processor.py:840} INFO - DAG(s) 'example_complex' retrieved from /home/airflow/.local/lib/python3.8/site-packages/airflow/example_dags/example_complex.py
[2024-02-03T23:12:17.778+0000] {logging_mixin.py:188} INFO - [2024-02-03T23:12:17.777+0000] {dag.py:3036} INFO - Sync 1 DAGs
[2024-02-03T23:12:17.807+0000] {logging_mixin.py:188} INFO - [2024-02-03T23:12:17.807+0000] {dag.py:3823} INFO - Setting next_dagrun for example_complex to None, run_after=None
[2024-02-03T23:12:17.846+0000] {processor.py:183} INFO - Processing /home/airflow/.local/lib/python3.8/site-packages/airflow/example_dags/example_complex.py took 0.226 seconds
[2024-02-03T23:12:48.471+0000] {processor.py:161} INFO - Started process (PID=397) to work on /home/airflow/.local/lib/python3.8/site-packages/airflow/example_dags/example_complex.py
[2024-02-03T23:12:48.483+0000] {processor.py:830} INFO - Processing file /home/airflow/.local/lib/python3.8/site-packages/airflow/example_dags/example_complex.py for tasks to queue
[2024-02-03T23:12:48.490+0000] {logging_mixin.py:188} INFO - [2024-02-03T23:12:48.489+0000] {dagbag.py:538} INFO - Filling up the DagBag from /home/airflow/.local/lib/python3.8/site-packages/airflow/example_dags/example_complex.py
[2024-02-03T23:12:48.576+0000] {processor.py:840} INFO - DAG(s) 'example_complex' retrieved from /home/airflow/.local/lib/python3.8/site-packages/airflow/example_dags/example_complex.py
[2024-02-03T23:12:48.713+0000] {logging_mixin.py:188} INFO - [2024-02-03T23:12:48.712+0000] {dag.py:3036} INFO - Sync 1 DAGs
[2024-02-03T23:12:48.791+0000] {logging_mixin.py:188} INFO - [2024-02-03T23:12:48.787+0000] {dag.py:3823} INFO - Setting next_dagrun for example_complex to None, run_after=None
[2024-02-03T23:12:48.902+0000] {processor.py:183} INFO - Processing /home/airflow/.local/lib/python3.8/site-packages/airflow/example_dags/example_complex.py took 0.436 seconds
[2024-02-03T23:13:19.047+0000] {processor.py:161} INFO - Started process (PID=453) to work on /home/airflow/.local/lib/python3.8/site-packages/airflow/example_dags/example_complex.py
[2024-02-03T23:13:19.050+0000] {processor.py:830} INFO - Processing file /home/airflow/.local/lib/python3.8/site-packages/airflow/example_dags/example_complex.py for tasks to queue
[2024-02-03T23:13:19.056+0000] {logging_mixin.py:188} INFO - [2024-02-03T23:13:19.055+0000] {dagbag.py:538} INFO - Filling up the DagBag from /home/airflow/.local/lib/python3.8/site-packages/airflow/example_dags/example_complex.py
[2024-02-03T23:13:19.079+0000] {processor.py:840} INFO - DAG(s) 'example_complex' retrieved from /home/airflow/.local/lib/python3.8/site-packages/airflow/example_dags/example_complex.py
[2024-02-03T23:13:19.134+0000] {logging_mixin.py:188} INFO - [2024-02-03T23:13:19.133+0000] {dag.py:3036} INFO - Sync 1 DAGs
[2024-02-03T23:13:19.157+0000] {logging_mixin.py:188} INFO - [2024-02-03T23:13:19.156+0000] {dag.py:3823} INFO - Setting next_dagrun for example_complex to None, run_after=None
[2024-02-03T23:13:19.186+0000] {processor.py:183} INFO - Processing /home/airflow/.local/lib/python3.8/site-packages/airflow/example_dags/example_complex.py took 0.147 seconds
[2024-02-03T23:13:49.387+0000] {processor.py:161} INFO - Started process (PID=508) to work on /home/airflow/.local/lib/python3.8/site-packages/airflow/example_dags/example_complex.py
[2024-02-03T23:13:49.390+0000] {processor.py:830} INFO - Processing file /home/airflow/.local/lib/python3.8/site-packages/airflow/example_dags/example_complex.py for tasks to queue
[2024-02-03T23:13:49.394+0000] {logging_mixin.py:188} INFO - [2024-02-03T23:13:49.394+0000] {dagbag.py:538} INFO - Filling up the DagBag from /home/airflow/.local/lib/python3.8/site-packages/airflow/example_dags/example_complex.py
[2024-02-03T23:13:49.412+0000] {processor.py:840} INFO - DAG(s) 'example_complex' retrieved from /home/airflow/.local/lib/python3.8/site-packages/airflow/example_dags/example_complex.py
[2024-02-03T23:13:49.461+0000] {logging_mixin.py:188} INFO - [2024-02-03T23:13:49.460+0000] {dag.py:3036} INFO - Sync 1 DAGs
[2024-02-03T23:13:49.481+0000] {logging_mixin.py:188} INFO - [2024-02-03T23:13:49.481+0000] {dag.py:3823} INFO - Setting next_dagrun for example_complex to None, run_after=None
[2024-02-03T23:13:49.512+0000] {processor.py:183} INFO - Processing /home/airflow/.local/lib/python3.8/site-packages/airflow/example_dags/example_complex.py took 0.130 seconds
[2024-02-03T23:14:20.057+0000] {processor.py:161} INFO - Started process (PID=563) to work on /home/airflow/.local/lib/python3.8/site-packages/airflow/example_dags/example_complex.py
[2024-02-03T23:14:20.061+0000] {processor.py:830} INFO - Processing file /home/airflow/.local/lib/python3.8/site-packages/airflow/example_dags/example_complex.py for tasks to queue
[2024-02-03T23:14:20.069+0000] {logging_mixin.py:188} INFO - [2024-02-03T23:14:20.068+0000] {dagbag.py:538} INFO - Filling up the DagBag from /home/airflow/.local/lib/python3.8/site-packages/airflow/example_dags/example_complex.py
[2024-02-03T23:14:20.096+0000] {processor.py:840} INFO - DAG(s) 'example_complex' retrieved from /home/airflow/.local/lib/python3.8/site-packages/airflow/example_dags/example_complex.py
[2024-02-03T23:14:20.165+0000] {logging_mixin.py:188} INFO - [2024-02-03T23:14:20.164+0000] {dag.py:3036} INFO - Sync 1 DAGs
[2024-02-03T23:14:20.187+0000] {logging_mixin.py:188} INFO - [2024-02-03T23:14:20.186+0000] {dag.py:3823} INFO - Setting next_dagrun for example_complex to None, run_after=None
[2024-02-03T23:14:20.234+0000] {processor.py:183} INFO - Processing /home/airflow/.local/lib/python3.8/site-packages/airflow/example_dags/example_complex.py took 0.185 seconds
[2024-02-03T23:14:50.549+0000] {processor.py:161} INFO - Started process (PID=618) to work on /home/airflow/.local/lib/python3.8/site-packages/airflow/example_dags/example_complex.py
[2024-02-03T23:14:50.552+0000] {processor.py:830} INFO - Processing file /home/airflow/.local/lib/python3.8/site-packages/airflow/example_dags/example_complex.py for tasks to queue
[2024-02-03T23:14:50.558+0000] {logging_mixin.py:188} INFO - [2024-02-03T23:14:50.558+0000] {dagbag.py:538} INFO - Filling up the DagBag from /home/airflow/.local/lib/python3.8/site-packages/airflow/example_dags/example_complex.py
[2024-02-03T23:14:50.580+0000] {processor.py:840} INFO - DAG(s) 'example_complex' retrieved from /home/airflow/.local/lib/python3.8/site-packages/airflow/example_dags/example_complex.py
[2024-02-03T23:14:50.672+0000] {logging_mixin.py:188} INFO - [2024-02-03T23:14:50.672+0000] {dag.py:3036} INFO - Sync 1 DAGs
[2024-02-03T23:14:50.704+0000] {logging_mixin.py:188} INFO - [2024-02-03T23:14:50.704+0000] {dag.py:3823} INFO - Setting next_dagrun for example_complex to None, run_after=None
[2024-02-03T23:14:50.793+0000] {processor.py:183} INFO - Processing /home/airflow/.local/lib/python3.8/site-packages/airflow/example_dags/example_complex.py took 0.252 seconds
[2024-02-03T23:15:21.513+0000] {processor.py:161} INFO - Started process (PID=673) to work on /home/airflow/.local/lib/python3.8/site-packages/airflow/example_dags/example_complex.py
[2024-02-03T23:15:21.517+0000] {processor.py:830} INFO - Processing file /home/airflow/.local/lib/python3.8/site-packages/airflow/example_dags/example_complex.py for tasks to queue
[2024-02-03T23:15:21.523+0000] {logging_mixin.py:188} INFO - [2024-02-03T23:15:21.523+0000] {dagbag.py:538} INFO - Filling up the DagBag from /home/airflow/.local/lib/python3.8/site-packages/airflow/example_dags/example_complex.py
[2024-02-03T23:15:21.592+0000] {processor.py:840} INFO - DAG(s) 'example_complex' retrieved from /home/airflow/.local/lib/python3.8/site-packages/airflow/example_dags/example_complex.py
[2024-02-03T23:15:21.726+0000] {logging_mixin.py:188} INFO - [2024-02-03T23:15:21.725+0000] {dag.py:3036} INFO - Sync 1 DAGs
[2024-02-03T23:15:21.795+0000] {logging_mixin.py:188} INFO - [2024-02-03T23:15:21.794+0000] {dag.py:3823} INFO - Setting next_dagrun for example_complex to None, run_after=None
[2024-02-03T23:15:21.912+0000] {processor.py:183} INFO - Processing /home/airflow/.local/lib/python3.8/site-packages/airflow/example_dags/example_complex.py took 0.405 seconds
[2024-02-03T23:15:52.471+0000] {processor.py:161} INFO - Started process (PID=728) to work on /home/airflow/.local/lib/python3.8/site-packages/airflow/example_dags/example_complex.py
[2024-02-03T23:15:52.475+0000] {processor.py:830} INFO - Processing file /home/airflow/.local/lib/python3.8/site-packages/airflow/example_dags/example_complex.py for tasks to queue
[2024-02-03T23:15:52.480+0000] {logging_mixin.py:188} INFO - [2024-02-03T23:15:52.479+0000] {dagbag.py:538} INFO - Filling up the DagBag from /home/airflow/.local/lib/python3.8/site-packages/airflow/example_dags/example_complex.py
[2024-02-03T23:15:52.503+0000] {processor.py:840} INFO - DAG(s) 'example_complex' retrieved from /home/airflow/.local/lib/python3.8/site-packages/airflow/example_dags/example_complex.py
[2024-02-03T23:15:52.605+0000] {logging_mixin.py:188} INFO - [2024-02-03T23:15:52.605+0000] {dag.py:3036} INFO - Sync 1 DAGs
[2024-02-03T23:15:52.630+0000] {logging_mixin.py:188} INFO - [2024-02-03T23:15:52.630+0000] {dag.py:3823} INFO - Setting next_dagrun for example_complex to None, run_after=None
[2024-02-03T23:15:52.678+0000] {processor.py:183} INFO - Processing /home/airflow/.local/lib/python3.8/site-packages/airflow/example_dags/example_complex.py took 0.216 seconds
[2024-02-03T23:16:23.347+0000] {processor.py:161} INFO - Started process (PID=783) to work on /home/airflow/.local/lib/python3.8/site-packages/airflow/example_dags/example_complex.py
[2024-02-03T23:16:23.369+0000] {processor.py:830} INFO - Processing file /home/airflow/.local/lib/python3.8/site-packages/airflow/example_dags/example_complex.py for tasks to queue
[2024-02-03T23:16:23.395+0000] {logging_mixin.py:188} INFO - [2024-02-03T23:16:23.392+0000] {dagbag.py:538} INFO - Filling up the DagBag from /home/airflow/.local/lib/python3.8/site-packages/airflow/example_dags/example_complex.py
[2024-02-03T23:16:23.496+0000] {processor.py:840} INFO - DAG(s) 'example_complex' retrieved from /home/airflow/.local/lib/python3.8/site-packages/airflow/example_dags/example_complex.py
[2024-02-03T23:16:23.606+0000] {logging_mixin.py:188} INFO - [2024-02-03T23:16:23.606+0000] {dag.py:3036} INFO - Sync 1 DAGs
[2024-02-03T23:16:23.691+0000] {logging_mixin.py:188} INFO - [2024-02-03T23:16:23.691+0000] {dag.py:3823} INFO - Setting next_dagrun for example_complex to None, run_after=None
[2024-02-03T23:16:23.788+0000] {processor.py:183} INFO - Processing /home/airflow/.local/lib/python3.8/site-packages/airflow/example_dags/example_complex.py took 0.477 seconds
[2024-02-03T23:16:53.872+0000] {processor.py:161} INFO - Started process (PID=838) to work on /home/airflow/.local/lib/python3.8/site-packages/airflow/example_dags/example_complex.py
[2024-02-03T23:16:53.875+0000] {processor.py:830} INFO - Processing file /home/airflow/.local/lib/python3.8/site-packages/airflow/example_dags/example_complex.py for tasks to queue
[2024-02-03T23:16:53.880+0000] {logging_mixin.py:188} INFO - [2024-02-03T23:16:53.879+0000] {dagbag.py:538} INFO - Filling up the DagBag from /home/airflow/.local/lib/python3.8/site-packages/airflow/example_dags/example_complex.py
[2024-02-03T23:16:53.897+0000] {processor.py:840} INFO - DAG(s) 'example_complex' retrieved from /home/airflow/.local/lib/python3.8/site-packages/airflow/example_dags/example_complex.py
[2024-02-03T23:16:53.943+0000] {logging_mixin.py:188} INFO - [2024-02-03T23:16:53.943+0000] {dag.py:3036} INFO - Sync 1 DAGs
[2024-02-03T23:16:53.962+0000] {logging_mixin.py:188} INFO - [2024-02-03T23:16:53.962+0000] {dag.py:3823} INFO - Setting next_dagrun for example_complex to None, run_after=None
[2024-02-03T23:16:53.996+0000] {processor.py:183} INFO - Processing /home/airflow/.local/lib/python3.8/site-packages/airflow/example_dags/example_complex.py took 0.129 seconds
[2024-02-03T23:17:24.635+0000] {processor.py:161} INFO - Started process (PID=894) to work on /home/airflow/.local/lib/python3.8/site-packages/airflow/example_dags/example_complex.py
[2024-02-03T23:17:24.642+0000] {processor.py:830} INFO - Processing file /home/airflow/.local/lib/python3.8/site-packages/airflow/example_dags/example_complex.py for tasks to queue
[2024-02-03T23:17:24.653+0000] {logging_mixin.py:188} INFO - [2024-02-03T23:17:24.652+0000] {dagbag.py:538} INFO - Filling up the DagBag from /home/airflow/.local/lib/python3.8/site-packages/airflow/example_dags/example_complex.py
[2024-02-03T23:17:24.693+0000] {processor.py:840} INFO - DAG(s) 'example_complex' retrieved from /home/airflow/.local/lib/python3.8/site-packages/airflow/example_dags/example_complex.py
[2024-02-03T23:17:24.864+0000] {logging_mixin.py:188} INFO - [2024-02-03T23:17:24.863+0000] {dag.py:3036} INFO - Sync 1 DAGs
[2024-02-03T23:17:24.934+0000] {logging_mixin.py:188} INFO - [2024-02-03T23:17:24.933+0000] {dag.py:3823} INFO - Setting next_dagrun for example_complex to None, run_after=None
[2024-02-03T23:17:25.017+0000] {processor.py:183} INFO - Processing /home/airflow/.local/lib/python3.8/site-packages/airflow/example_dags/example_complex.py took 0.397 seconds
