[2024-02-03T23:09:31.033+0000] {processor.py:161} INFO - Started process (PID=42) to work on /home/airflow/.local/lib/python3.8/site-packages/airflow/example_dags/example_latest_only_with_trigger.py
[2024-02-03T23:09:31.039+0000] {processor.py:830} INFO - Processing file /home/airflow/.local/lib/python3.8/site-packages/airflow/example_dags/example_latest_only_with_trigger.py for tasks to queue
[2024-02-03T23:09:31.047+0000] {logging_mixin.py:188} INFO - [2024-02-03T23:09:31.047+0000] {dagbag.py:538} INFO - Filling up the DagBag from /home/airflow/.local/lib/python3.8/site-packages/airflow/example_dags/example_latest_only_with_trigger.py
[2024-02-03T23:09:31.085+0000] {processor.py:840} INFO - DAG(s) 'latest_only_with_trigger' retrieved from /home/airflow/.local/lib/python3.8/site-packages/airflow/example_dags/example_latest_only_with_trigger.py
[2024-02-03T23:09:31.509+0000] {logging_mixin.py:188} INFO - [2024-02-03T23:09:31.508+0000] {dag.py:3036} INFO - Sync 1 DAGs
[2024-02-03T23:09:31.605+0000] {logging_mixin.py:188} INFO - [2024-02-03T23:09:31.605+0000] {dag.py:3823} INFO - Setting next_dagrun for latest_only_with_trigger to 2024-02-03 16:00:00+00:00, run_after=2024-02-03 20:00:00+00:00
[2024-02-03T23:09:31.679+0000] {processor.py:183} INFO - Processing /home/airflow/.local/lib/python3.8/site-packages/airflow/example_dags/example_latest_only_with_trigger.py took 0.672 seconds
[2024-02-03T23:10:02.063+0000] {processor.py:161} INFO - Started process (PID=97) to work on /home/airflow/.local/lib/python3.8/site-packages/airflow/example_dags/example_latest_only_with_trigger.py
[2024-02-03T23:10:02.066+0000] {processor.py:830} INFO - Processing file /home/airflow/.local/lib/python3.8/site-packages/airflow/example_dags/example_latest_only_with_trigger.py for tasks to queue
[2024-02-03T23:10:02.072+0000] {logging_mixin.py:188} INFO - [2024-02-03T23:10:02.072+0000] {dagbag.py:538} INFO - Filling up the DagBag from /home/airflow/.local/lib/python3.8/site-packages/airflow/example_dags/example_latest_only_with_trigger.py
[2024-02-03T23:10:02.086+0000] {processor.py:840} INFO - DAG(s) 'latest_only_with_trigger' retrieved from /home/airflow/.local/lib/python3.8/site-packages/airflow/example_dags/example_latest_only_with_trigger.py
[2024-02-03T23:10:02.143+0000] {logging_mixin.py:188} INFO - [2024-02-03T23:10:02.143+0000] {dag.py:3036} INFO - Sync 1 DAGs
[2024-02-03T23:10:02.188+0000] {logging_mixin.py:188} INFO - [2024-02-03T23:10:02.187+0000] {dag.py:3823} INFO - Setting next_dagrun for latest_only_with_trigger to 2024-02-03 16:00:00+00:00, run_after=2024-02-03 20:00:00+00:00
[2024-02-03T23:10:02.230+0000] {processor.py:183} INFO - Processing /home/airflow/.local/lib/python3.8/site-packages/airflow/example_dags/example_latest_only_with_trigger.py took 0.173 seconds
[2024-02-03T23:10:32.490+0000] {processor.py:161} INFO - Started process (PID=152) to work on /home/airflow/.local/lib/python3.8/site-packages/airflow/example_dags/example_latest_only_with_trigger.py
[2024-02-03T23:10:32.501+0000] {processor.py:830} INFO - Processing file /home/airflow/.local/lib/python3.8/site-packages/airflow/example_dags/example_latest_only_with_trigger.py for tasks to queue
[2024-02-03T23:10:32.507+0000] {logging_mixin.py:188} INFO - [2024-02-03T23:10:32.507+0000] {dagbag.py:538} INFO - Filling up the DagBag from /home/airflow/.local/lib/python3.8/site-packages/airflow/example_dags/example_latest_only_with_trigger.py
[2024-02-03T23:10:32.527+0000] {processor.py:840} INFO - DAG(s) 'latest_only_with_trigger' retrieved from /home/airflow/.local/lib/python3.8/site-packages/airflow/example_dags/example_latest_only_with_trigger.py
[2024-02-03T23:10:32.571+0000] {logging_mixin.py:188} INFO - [2024-02-03T23:10:32.571+0000] {dag.py:3036} INFO - Sync 1 DAGs
[2024-02-03T23:10:32.617+0000] {logging_mixin.py:188} INFO - [2024-02-03T23:10:32.616+0000] {dag.py:3823} INFO - Setting next_dagrun for latest_only_with_trigger to 2024-02-03 16:00:00+00:00, run_after=2024-02-03 20:00:00+00:00
[2024-02-03T23:10:32.673+0000] {processor.py:183} INFO - Processing /home/airflow/.local/lib/python3.8/site-packages/airflow/example_dags/example_latest_only_with_trigger.py took 0.192 seconds
[2024-02-03T23:11:03.233+0000] {processor.py:161} INFO - Started process (PID=206) to work on /home/airflow/.local/lib/python3.8/site-packages/airflow/example_dags/example_latest_only_with_trigger.py
[2024-02-03T23:11:03.238+0000] {processor.py:830} INFO - Processing file /home/airflow/.local/lib/python3.8/site-packages/airflow/example_dags/example_latest_only_with_trigger.py for tasks to queue
[2024-02-03T23:11:03.243+0000] {logging_mixin.py:188} INFO - [2024-02-03T23:11:03.243+0000] {dagbag.py:538} INFO - Filling up the DagBag from /home/airflow/.local/lib/python3.8/site-packages/airflow/example_dags/example_latest_only_with_trigger.py
[2024-02-03T23:11:03.259+0000] {processor.py:840} INFO - DAG(s) 'latest_only_with_trigger' retrieved from /home/airflow/.local/lib/python3.8/site-packages/airflow/example_dags/example_latest_only_with_trigger.py
[2024-02-03T23:11:03.294+0000] {logging_mixin.py:188} INFO - [2024-02-03T23:11:03.294+0000] {dag.py:3036} INFO - Sync 1 DAGs
[2024-02-03T23:11:03.332+0000] {logging_mixin.py:188} INFO - [2024-02-03T23:11:03.331+0000] {dag.py:3823} INFO - Setting next_dagrun for latest_only_with_trigger to 2024-02-03 16:00:00+00:00, run_after=2024-02-03 20:00:00+00:00
[2024-02-03T23:11:03.369+0000] {processor.py:183} INFO - Processing /home/airflow/.local/lib/python3.8/site-packages/airflow/example_dags/example_latest_only_with_trigger.py took 0.146 seconds
[2024-02-03T23:11:33.873+0000] {processor.py:161} INFO - Started process (PID=261) to work on /home/airflow/.local/lib/python3.8/site-packages/airflow/example_dags/example_latest_only_with_trigger.py
[2024-02-03T23:11:33.881+0000] {processor.py:830} INFO - Processing file /home/airflow/.local/lib/python3.8/site-packages/airflow/example_dags/example_latest_only_with_trigger.py for tasks to queue
[2024-02-03T23:11:33.893+0000] {logging_mixin.py:188} INFO - [2024-02-03T23:11:33.892+0000] {dagbag.py:538} INFO - Filling up the DagBag from /home/airflow/.local/lib/python3.8/site-packages/airflow/example_dags/example_latest_only_with_trigger.py
[2024-02-03T23:11:33.941+0000] {processor.py:840} INFO - DAG(s) 'latest_only_with_trigger' retrieved from /home/airflow/.local/lib/python3.8/site-packages/airflow/example_dags/example_latest_only_with_trigger.py
[2024-02-03T23:11:34.126+0000] {logging_mixin.py:188} INFO - [2024-02-03T23:11:34.126+0000] {dag.py:3036} INFO - Sync 1 DAGs
[2024-02-03T23:11:34.415+0000] {logging_mixin.py:188} INFO - [2024-02-03T23:11:34.414+0000] {dag.py:3823} INFO - Setting next_dagrun for latest_only_with_trigger to 2024-02-03 16:00:00+00:00, run_after=2024-02-03 20:00:00+00:00
[2024-02-03T23:11:34.600+0000] {processor.py:183} INFO - Processing /home/airflow/.local/lib/python3.8/site-packages/airflow/example_dags/example_latest_only_with_trigger.py took 0.755 seconds
[2024-02-03T23:12:05.329+0000] {processor.py:161} INFO - Started process (PID=315) to work on /home/airflow/.local/lib/python3.8/site-packages/airflow/example_dags/example_latest_only_with_trigger.py
[2024-02-03T23:12:05.338+0000] {processor.py:830} INFO - Processing file /home/airflow/.local/lib/python3.8/site-packages/airflow/example_dags/example_latest_only_with_trigger.py for tasks to queue
[2024-02-03T23:12:05.345+0000] {logging_mixin.py:188} INFO - [2024-02-03T23:12:05.344+0000] {dagbag.py:538} INFO - Filling up the DagBag from /home/airflow/.local/lib/python3.8/site-packages/airflow/example_dags/example_latest_only_with_trigger.py
[2024-02-03T23:12:05.377+0000] {processor.py:840} INFO - DAG(s) 'latest_only_with_trigger' retrieved from /home/airflow/.local/lib/python3.8/site-packages/airflow/example_dags/example_latest_only_with_trigger.py
[2024-02-03T23:12:05.443+0000] {logging_mixin.py:188} INFO - [2024-02-03T23:12:05.442+0000] {dag.py:3036} INFO - Sync 1 DAGs
[2024-02-03T23:12:05.506+0000] {logging_mixin.py:188} INFO - [2024-02-03T23:12:05.506+0000] {dag.py:3823} INFO - Setting next_dagrun for latest_only_with_trigger to 2024-02-03 16:00:00+00:00, run_after=2024-02-03 20:00:00+00:00
[2024-02-03T23:12:05.567+0000] {processor.py:183} INFO - Processing /home/airflow/.local/lib/python3.8/site-packages/airflow/example_dags/example_latest_only_with_trigger.py took 0.248 seconds
[2024-02-03T23:12:36.053+0000] {processor.py:161} INFO - Started process (PID=370) to work on /home/airflow/.local/lib/python3.8/site-packages/airflow/example_dags/example_latest_only_with_trigger.py
[2024-02-03T23:12:36.056+0000] {processor.py:830} INFO - Processing file /home/airflow/.local/lib/python3.8/site-packages/airflow/example_dags/example_latest_only_with_trigger.py for tasks to queue
[2024-02-03T23:12:36.063+0000] {logging_mixin.py:188} INFO - [2024-02-03T23:12:36.063+0000] {dagbag.py:538} INFO - Filling up the DagBag from /home/airflow/.local/lib/python3.8/site-packages/airflow/example_dags/example_latest_only_with_trigger.py
[2024-02-03T23:12:36.080+0000] {processor.py:840} INFO - DAG(s) 'latest_only_with_trigger' retrieved from /home/airflow/.local/lib/python3.8/site-packages/airflow/example_dags/example_latest_only_with_trigger.py
[2024-02-03T23:12:36.131+0000] {logging_mixin.py:188} INFO - [2024-02-03T23:12:36.130+0000] {dag.py:3036} INFO - Sync 1 DAGs
[2024-02-03T23:12:36.189+0000] {logging_mixin.py:188} INFO - [2024-02-03T23:12:36.189+0000] {dag.py:3823} INFO - Setting next_dagrun for latest_only_with_trigger to 2024-02-03 16:00:00+00:00, run_after=2024-02-03 20:00:00+00:00
[2024-02-03T23:12:36.238+0000] {processor.py:183} INFO - Processing /home/airflow/.local/lib/python3.8/site-packages/airflow/example_dags/example_latest_only_with_trigger.py took 0.190 seconds
[2024-02-03T23:13:06.478+0000] {processor.py:161} INFO - Started process (PID=425) to work on /home/airflow/.local/lib/python3.8/site-packages/airflow/example_dags/example_latest_only_with_trigger.py
[2024-02-03T23:13:06.493+0000] {processor.py:830} INFO - Processing file /home/airflow/.local/lib/python3.8/site-packages/airflow/example_dags/example_latest_only_with_trigger.py for tasks to queue
[2024-02-03T23:13:06.508+0000] {logging_mixin.py:188} INFO - [2024-02-03T23:13:06.507+0000] {dagbag.py:538} INFO - Filling up the DagBag from /home/airflow/.local/lib/python3.8/site-packages/airflow/example_dags/example_latest_only_with_trigger.py
[2024-02-03T23:13:06.536+0000] {processor.py:840} INFO - DAG(s) 'latest_only_with_trigger' retrieved from /home/airflow/.local/lib/python3.8/site-packages/airflow/example_dags/example_latest_only_with_trigger.py
[2024-02-03T23:13:06.581+0000] {logging_mixin.py:188} INFO - [2024-02-03T23:13:06.581+0000] {dag.py:3036} INFO - Sync 1 DAGs
[2024-02-03T23:13:06.628+0000] {logging_mixin.py:188} INFO - [2024-02-03T23:13:06.628+0000] {dag.py:3823} INFO - Setting next_dagrun for latest_only_with_trigger to 2024-02-03 16:00:00+00:00, run_after=2024-02-03 20:00:00+00:00
[2024-02-03T23:13:06.670+0000] {processor.py:183} INFO - Processing /home/airflow/.local/lib/python3.8/site-packages/airflow/example_dags/example_latest_only_with_trigger.py took 0.209 seconds
[2024-02-03T23:13:37.582+0000] {processor.py:161} INFO - Started process (PID=481) to work on /home/airflow/.local/lib/python3.8/site-packages/airflow/example_dags/example_latest_only_with_trigger.py
[2024-02-03T23:13:37.591+0000] {processor.py:830} INFO - Processing file /home/airflow/.local/lib/python3.8/site-packages/airflow/example_dags/example_latest_only_with_trigger.py for tasks to queue
[2024-02-03T23:13:37.596+0000] {logging_mixin.py:188} INFO - [2024-02-03T23:13:37.595+0000] {dagbag.py:538} INFO - Filling up the DagBag from /home/airflow/.local/lib/python3.8/site-packages/airflow/example_dags/example_latest_only_with_trigger.py
[2024-02-03T23:13:37.619+0000] {processor.py:840} INFO - DAG(s) 'latest_only_with_trigger' retrieved from /home/airflow/.local/lib/python3.8/site-packages/airflow/example_dags/example_latest_only_with_trigger.py
[2024-02-03T23:13:37.708+0000] {logging_mixin.py:188} INFO - [2024-02-03T23:13:37.708+0000] {dag.py:3036} INFO - Sync 1 DAGs
[2024-02-03T23:13:37.768+0000] {logging_mixin.py:188} INFO - [2024-02-03T23:13:37.767+0000] {dag.py:3823} INFO - Setting next_dagrun for latest_only_with_trigger to 2024-02-03 16:00:00+00:00, run_after=2024-02-03 20:00:00+00:00
[2024-02-03T23:13:37.820+0000] {processor.py:183} INFO - Processing /home/airflow/.local/lib/python3.8/site-packages/airflow/example_dags/example_latest_only_with_trigger.py took 0.261 seconds
[2024-02-03T23:14:08.028+0000] {processor.py:161} INFO - Started process (PID=536) to work on /home/airflow/.local/lib/python3.8/site-packages/airflow/example_dags/example_latest_only_with_trigger.py
[2024-02-03T23:14:08.036+0000] {processor.py:830} INFO - Processing file /home/airflow/.local/lib/python3.8/site-packages/airflow/example_dags/example_latest_only_with_trigger.py for tasks to queue
[2024-02-03T23:14:08.040+0000] {logging_mixin.py:188} INFO - [2024-02-03T23:14:08.039+0000] {dagbag.py:538} INFO - Filling up the DagBag from /home/airflow/.local/lib/python3.8/site-packages/airflow/example_dags/example_latest_only_with_trigger.py
[2024-02-03T23:14:08.056+0000] {processor.py:840} INFO - DAG(s) 'latest_only_with_trigger' retrieved from /home/airflow/.local/lib/python3.8/site-packages/airflow/example_dags/example_latest_only_with_trigger.py
[2024-02-03T23:14:08.109+0000] {logging_mixin.py:188} INFO - [2024-02-03T23:14:08.109+0000] {dag.py:3036} INFO - Sync 1 DAGs
[2024-02-03T23:14:08.155+0000] {logging_mixin.py:188} INFO - [2024-02-03T23:14:08.155+0000] {dag.py:3823} INFO - Setting next_dagrun for latest_only_with_trigger to 2024-02-03 16:00:00+00:00, run_after=2024-02-03 20:00:00+00:00
[2024-02-03T23:14:08.207+0000] {processor.py:183} INFO - Processing /home/airflow/.local/lib/python3.8/site-packages/airflow/example_dags/example_latest_only_with_trigger.py took 0.195 seconds
[2024-02-03T23:14:38.345+0000] {processor.py:161} INFO - Started process (PID=591) to work on /home/airflow/.local/lib/python3.8/site-packages/airflow/example_dags/example_latest_only_with_trigger.py
[2024-02-03T23:14:38.352+0000] {processor.py:830} INFO - Processing file /home/airflow/.local/lib/python3.8/site-packages/airflow/example_dags/example_latest_only_with_trigger.py for tasks to queue
[2024-02-03T23:14:38.362+0000] {logging_mixin.py:188} INFO - [2024-02-03T23:14:38.361+0000] {dagbag.py:538} INFO - Filling up the DagBag from /home/airflow/.local/lib/python3.8/site-packages/airflow/example_dags/example_latest_only_with_trigger.py
[2024-02-03T23:14:38.378+0000] {processor.py:840} INFO - DAG(s) 'latest_only_with_trigger' retrieved from /home/airflow/.local/lib/python3.8/site-packages/airflow/example_dags/example_latest_only_with_trigger.py
[2024-02-03T23:14:38.452+0000] {logging_mixin.py:188} INFO - [2024-02-03T23:14:38.451+0000] {dag.py:3036} INFO - Sync 1 DAGs
[2024-02-03T23:14:38.529+0000] {logging_mixin.py:188} INFO - [2024-02-03T23:14:38.528+0000] {dag.py:3823} INFO - Setting next_dagrun for latest_only_with_trigger to 2024-02-03 16:00:00+00:00, run_after=2024-02-03 20:00:00+00:00
[2024-02-03T23:14:38.598+0000] {processor.py:183} INFO - Processing /home/airflow/.local/lib/python3.8/site-packages/airflow/example_dags/example_latest_only_with_trigger.py took 0.264 seconds
[2024-02-03T23:15:09.974+0000] {processor.py:161} INFO - Started process (PID=646) to work on /home/airflow/.local/lib/python3.8/site-packages/airflow/example_dags/example_latest_only_with_trigger.py
[2024-02-03T23:15:09.977+0000] {processor.py:830} INFO - Processing file /home/airflow/.local/lib/python3.8/site-packages/airflow/example_dags/example_latest_only_with_trigger.py for tasks to queue
[2024-02-03T23:15:09.984+0000] {logging_mixin.py:188} INFO - [2024-02-03T23:15:09.983+0000] {dagbag.py:538} INFO - Filling up the DagBag from /home/airflow/.local/lib/python3.8/site-packages/airflow/example_dags/example_latest_only_with_trigger.py
[2024-02-03T23:15:09.996+0000] {processor.py:840} INFO - DAG(s) 'latest_only_with_trigger' retrieved from /home/airflow/.local/lib/python3.8/site-packages/airflow/example_dags/example_latest_only_with_trigger.py
[2024-02-03T23:15:10.035+0000] {logging_mixin.py:188} INFO - [2024-02-03T23:15:10.035+0000] {dag.py:3036} INFO - Sync 1 DAGs
[2024-02-03T23:15:10.086+0000] {logging_mixin.py:188} INFO - [2024-02-03T23:15:10.085+0000] {dag.py:3823} INFO - Setting next_dagrun for latest_only_with_trigger to 2024-02-03 16:00:00+00:00, run_after=2024-02-03 20:00:00+00:00
[2024-02-03T23:15:10.127+0000] {processor.py:183} INFO - Processing /home/airflow/.local/lib/python3.8/site-packages/airflow/example_dags/example_latest_only_with_trigger.py took 0.164 seconds
[2024-02-03T23:15:40.615+0000] {processor.py:161} INFO - Started process (PID=701) to work on /home/airflow/.local/lib/python3.8/site-packages/airflow/example_dags/example_latest_only_with_trigger.py
[2024-02-03T23:15:40.618+0000] {processor.py:830} INFO - Processing file /home/airflow/.local/lib/python3.8/site-packages/airflow/example_dags/example_latest_only_with_trigger.py for tasks to queue
[2024-02-03T23:15:40.625+0000] {logging_mixin.py:188} INFO - [2024-02-03T23:15:40.624+0000] {dagbag.py:538} INFO - Filling up the DagBag from /home/airflow/.local/lib/python3.8/site-packages/airflow/example_dags/example_latest_only_with_trigger.py
[2024-02-03T23:15:40.640+0000] {processor.py:840} INFO - DAG(s) 'latest_only_with_trigger' retrieved from /home/airflow/.local/lib/python3.8/site-packages/airflow/example_dags/example_latest_only_with_trigger.py
[2024-02-03T23:15:40.684+0000] {logging_mixin.py:188} INFO - [2024-02-03T23:15:40.684+0000] {dag.py:3036} INFO - Sync 1 DAGs
[2024-02-03T23:15:40.723+0000] {logging_mixin.py:188} INFO - [2024-02-03T23:15:40.723+0000] {dag.py:3823} INFO - Setting next_dagrun for latest_only_with_trigger to 2024-02-03 16:00:00+00:00, run_after=2024-02-03 20:00:00+00:00
[2024-02-03T23:15:40.756+0000] {processor.py:183} INFO - Processing /home/airflow/.local/lib/python3.8/site-packages/airflow/example_dags/example_latest_only_with_trigger.py took 0.152 seconds
[2024-02-03T23:16:11.044+0000] {processor.py:161} INFO - Started process (PID=755) to work on /home/airflow/.local/lib/python3.8/site-packages/airflow/example_dags/example_latest_only_with_trigger.py
[2024-02-03T23:16:11.047+0000] {processor.py:830} INFO - Processing file /home/airflow/.local/lib/python3.8/site-packages/airflow/example_dags/example_latest_only_with_trigger.py for tasks to queue
[2024-02-03T23:16:11.051+0000] {logging_mixin.py:188} INFO - [2024-02-03T23:16:11.051+0000] {dagbag.py:538} INFO - Filling up the DagBag from /home/airflow/.local/lib/python3.8/site-packages/airflow/example_dags/example_latest_only_with_trigger.py
[2024-02-03T23:16:11.064+0000] {processor.py:840} INFO - DAG(s) 'latest_only_with_trigger' retrieved from /home/airflow/.local/lib/python3.8/site-packages/airflow/example_dags/example_latest_only_with_trigger.py
[2024-02-03T23:16:11.104+0000] {logging_mixin.py:188} INFO - [2024-02-03T23:16:11.103+0000] {dag.py:3036} INFO - Sync 1 DAGs
[2024-02-03T23:16:11.135+0000] {logging_mixin.py:188} INFO - [2024-02-03T23:16:11.135+0000] {dag.py:3823} INFO - Setting next_dagrun for latest_only_with_trigger to 2024-02-03 16:00:00+00:00, run_after=2024-02-03 20:00:00+00:00
[2024-02-03T23:16:11.165+0000] {processor.py:183} INFO - Processing /home/airflow/.local/lib/python3.8/site-packages/airflow/example_dags/example_latest_only_with_trigger.py took 0.127 seconds
[2024-02-03T23:16:41.714+0000] {processor.py:161} INFO - Started process (PID=816) to work on /home/airflow/.local/lib/python3.8/site-packages/airflow/example_dags/example_latest_only_with_trigger.py
[2024-02-03T23:16:41.717+0000] {processor.py:830} INFO - Processing file /home/airflow/.local/lib/python3.8/site-packages/airflow/example_dags/example_latest_only_with_trigger.py for tasks to queue
[2024-02-03T23:16:41.723+0000] {logging_mixin.py:188} INFO - [2024-02-03T23:16:41.722+0000] {dagbag.py:538} INFO - Filling up the DagBag from /home/airflow/.local/lib/python3.8/site-packages/airflow/example_dags/example_latest_only_with_trigger.py
[2024-02-03T23:16:41.737+0000] {processor.py:840} INFO - DAG(s) 'latest_only_with_trigger' retrieved from /home/airflow/.local/lib/python3.8/site-packages/airflow/example_dags/example_latest_only_with_trigger.py
[2024-02-03T23:16:41.774+0000] {logging_mixin.py:188} INFO - [2024-02-03T23:16:41.774+0000] {dag.py:3036} INFO - Sync 1 DAGs
[2024-02-03T23:16:41.808+0000] {logging_mixin.py:188} INFO - [2024-02-03T23:16:41.808+0000] {dag.py:3823} INFO - Setting next_dagrun for latest_only_with_trigger to 2024-02-03 16:00:00+00:00, run_after=2024-02-03 20:00:00+00:00
[2024-02-03T23:16:41.834+0000] {processor.py:183} INFO - Processing /home/airflow/.local/lib/python3.8/site-packages/airflow/example_dags/example_latest_only_with_trigger.py took 0.129 seconds
[2024-02-03T23:17:12.080+0000] {processor.py:161} INFO - Started process (PID=872) to work on /home/airflow/.local/lib/python3.8/site-packages/airflow/example_dags/example_latest_only_with_trigger.py
[2024-02-03T23:17:12.089+0000] {processor.py:830} INFO - Processing file /home/airflow/.local/lib/python3.8/site-packages/airflow/example_dags/example_latest_only_with_trigger.py for tasks to queue
[2024-02-03T23:17:12.095+0000] {logging_mixin.py:188} INFO - [2024-02-03T23:17:12.094+0000] {dagbag.py:538} INFO - Filling up the DagBag from /home/airflow/.local/lib/python3.8/site-packages/airflow/example_dags/example_latest_only_with_trigger.py
[2024-02-03T23:17:12.115+0000] {processor.py:840} INFO - DAG(s) 'latest_only_with_trigger' retrieved from /home/airflow/.local/lib/python3.8/site-packages/airflow/example_dags/example_latest_only_with_trigger.py
[2024-02-03T23:17:12.151+0000] {logging_mixin.py:188} INFO - [2024-02-03T23:17:12.151+0000] {dag.py:3036} INFO - Sync 1 DAGs
[2024-02-03T23:17:12.187+0000] {logging_mixin.py:188} INFO - [2024-02-03T23:17:12.187+0000] {dag.py:3823} INFO - Setting next_dagrun for latest_only_with_trigger to 2024-02-03 16:00:00+00:00, run_after=2024-02-03 20:00:00+00:00
[2024-02-03T23:17:12.231+0000] {processor.py:183} INFO - Processing /home/airflow/.local/lib/python3.8/site-packages/airflow/example_dags/example_latest_only_with_trigger.py took 0.165 seconds
