[2024-02-03T23:09:37.151+0000] {processor.py:161} INFO - Started process (PID=54) to work on /home/airflow/.local/lib/python3.8/site-packages/airflow/example_dags/example_setup_teardown.py
[2024-02-03T23:09:37.161+0000] {processor.py:830} INFO - Processing file /home/airflow/.local/lib/python3.8/site-packages/airflow/example_dags/example_setup_teardown.py for tasks to queue
[2024-02-03T23:09:37.180+0000] {logging_mixin.py:188} INFO - [2024-02-03T23:09:37.175+0000] {dagbag.py:538} INFO - Filling up the DagBag from /home/airflow/.local/lib/python3.8/site-packages/airflow/example_dags/example_setup_teardown.py
[2024-02-03T23:09:37.232+0000] {processor.py:840} INFO - DAG(s) 'example_setup_teardown' retrieved from /home/airflow/.local/lib/python3.8/site-packages/airflow/example_dags/example_setup_teardown.py
[2024-02-03T23:09:37.997+0000] {logging_mixin.py:188} INFO - [2024-02-03T23:09:37.996+0000] {dag.py:3036} INFO - Sync 1 DAGs
[2024-02-03T23:09:38.172+0000] {logging_mixin.py:188} INFO - [2024-02-03T23:09:38.172+0000] {dag.py:3823} INFO - Setting next_dagrun for example_setup_teardown to 2024-02-02 00:00:00+00:00, run_after=2024-02-03 00:00:00+00:00
[2024-02-03T23:09:38.347+0000] {processor.py:183} INFO - Processing /home/airflow/.local/lib/python3.8/site-packages/airflow/example_dags/example_setup_teardown.py took 1.214 seconds
[2024-02-03T23:10:08.562+0000] {processor.py:161} INFO - Started process (PID=115) to work on /home/airflow/.local/lib/python3.8/site-packages/airflow/example_dags/example_setup_teardown.py
[2024-02-03T23:10:08.574+0000] {processor.py:830} INFO - Processing file /home/airflow/.local/lib/python3.8/site-packages/airflow/example_dags/example_setup_teardown.py for tasks to queue
[2024-02-03T23:10:08.587+0000] {logging_mixin.py:188} INFO - [2024-02-03T23:10:08.586+0000] {dagbag.py:538} INFO - Filling up the DagBag from /home/airflow/.local/lib/python3.8/site-packages/airflow/example_dags/example_setup_teardown.py
[2024-02-03T23:10:08.657+0000] {processor.py:840} INFO - DAG(s) 'example_setup_teardown' retrieved from /home/airflow/.local/lib/python3.8/site-packages/airflow/example_dags/example_setup_teardown.py
[2024-02-03T23:10:08.710+0000] {logging_mixin.py:188} INFO - [2024-02-03T23:10:08.710+0000] {dag.py:3036} INFO - Sync 1 DAGs
[2024-02-03T23:10:08.748+0000] {logging_mixin.py:188} INFO - [2024-02-03T23:10:08.748+0000] {dag.py:3823} INFO - Setting next_dagrun for example_setup_teardown to 2024-02-02 00:00:00+00:00, run_after=2024-02-03 00:00:00+00:00
[2024-02-03T23:10:08.779+0000] {processor.py:183} INFO - Processing /home/airflow/.local/lib/python3.8/site-packages/airflow/example_dags/example_setup_teardown.py took 0.239 seconds
[2024-02-03T23:10:38.895+0000] {processor.py:161} INFO - Started process (PID=169) to work on /home/airflow/.local/lib/python3.8/site-packages/airflow/example_dags/example_setup_teardown.py
[2024-02-03T23:10:38.902+0000] {processor.py:830} INFO - Processing file /home/airflow/.local/lib/python3.8/site-packages/airflow/example_dags/example_setup_teardown.py for tasks to queue
[2024-02-03T23:10:38.909+0000] {logging_mixin.py:188} INFO - [2024-02-03T23:10:38.907+0000] {dagbag.py:538} INFO - Filling up the DagBag from /home/airflow/.local/lib/python3.8/site-packages/airflow/example_dags/example_setup_teardown.py
[2024-02-03T23:10:38.921+0000] {processor.py:840} INFO - DAG(s) 'example_setup_teardown' retrieved from /home/airflow/.local/lib/python3.8/site-packages/airflow/example_dags/example_setup_teardown.py
[2024-02-03T23:10:39.002+0000] {logging_mixin.py:188} INFO - [2024-02-03T23:10:39.001+0000] {dag.py:3036} INFO - Sync 1 DAGs
[2024-02-03T23:10:39.095+0000] {logging_mixin.py:188} INFO - [2024-02-03T23:10:39.094+0000] {dag.py:3823} INFO - Setting next_dagrun for example_setup_teardown to 2024-02-02 00:00:00+00:00, run_after=2024-02-03 00:00:00+00:00
[2024-02-03T23:10:39.134+0000] {processor.py:183} INFO - Processing /home/airflow/.local/lib/python3.8/site-packages/airflow/example_dags/example_setup_teardown.py took 0.252 seconds
[2024-02-03T23:11:09.214+0000] {processor.py:161} INFO - Started process (PID=224) to work on /home/airflow/.local/lib/python3.8/site-packages/airflow/example_dags/example_setup_teardown.py
[2024-02-03T23:11:09.219+0000] {processor.py:830} INFO - Processing file /home/airflow/.local/lib/python3.8/site-packages/airflow/example_dags/example_setup_teardown.py for tasks to queue
[2024-02-03T23:11:09.226+0000] {logging_mixin.py:188} INFO - [2024-02-03T23:11:09.225+0000] {dagbag.py:538} INFO - Filling up the DagBag from /home/airflow/.local/lib/python3.8/site-packages/airflow/example_dags/example_setup_teardown.py
[2024-02-03T23:11:09.244+0000] {processor.py:840} INFO - DAG(s) 'example_setup_teardown' retrieved from /home/airflow/.local/lib/python3.8/site-packages/airflow/example_dags/example_setup_teardown.py
[2024-02-03T23:11:09.303+0000] {logging_mixin.py:188} INFO - [2024-02-03T23:11:09.303+0000] {dag.py:3036} INFO - Sync 1 DAGs
[2024-02-03T23:11:09.356+0000] {logging_mixin.py:188} INFO - [2024-02-03T23:11:09.355+0000] {dag.py:3823} INFO - Setting next_dagrun for example_setup_teardown to 2024-02-02 00:00:00+00:00, run_after=2024-02-03 00:00:00+00:00
[2024-02-03T23:11:09.405+0000] {processor.py:183} INFO - Processing /home/airflow/.local/lib/python3.8/site-packages/airflow/example_dags/example_setup_teardown.py took 0.203 seconds
[2024-02-03T23:11:42.823+0000] {processor.py:161} INFO - Started process (PID=278) to work on /home/airflow/.local/lib/python3.8/site-packages/airflow/example_dags/example_setup_teardown.py
[2024-02-03T23:11:42.827+0000] {processor.py:830} INFO - Processing file /home/airflow/.local/lib/python3.8/site-packages/airflow/example_dags/example_setup_teardown.py for tasks to queue
[2024-02-03T23:11:42.841+0000] {logging_mixin.py:188} INFO - [2024-02-03T23:11:42.840+0000] {dagbag.py:538} INFO - Filling up the DagBag from /home/airflow/.local/lib/python3.8/site-packages/airflow/example_dags/example_setup_teardown.py
[2024-02-03T23:11:42.893+0000] {processor.py:840} INFO - DAG(s) 'example_setup_teardown' retrieved from /home/airflow/.local/lib/python3.8/site-packages/airflow/example_dags/example_setup_teardown.py
[2024-02-03T23:11:43.089+0000] {logging_mixin.py:188} INFO - [2024-02-03T23:11:43.089+0000] {dag.py:3036} INFO - Sync 1 DAGs
[2024-02-03T23:11:43.392+0000] {logging_mixin.py:188} INFO - [2024-02-03T23:11:43.391+0000] {dag.py:3823} INFO - Setting next_dagrun for example_setup_teardown to 2024-02-02 00:00:00+00:00, run_after=2024-02-03 00:00:00+00:00
[2024-02-03T23:11:43.529+0000] {processor.py:183} INFO - Processing /home/airflow/.local/lib/python3.8/site-packages/airflow/example_dags/example_setup_teardown.py took 0.718 seconds
[2024-02-03T23:12:13.940+0000] {processor.py:161} INFO - Started process (PID=333) to work on /home/airflow/.local/lib/python3.8/site-packages/airflow/example_dags/example_setup_teardown.py
[2024-02-03T23:12:13.961+0000] {processor.py:830} INFO - Processing file /home/airflow/.local/lib/python3.8/site-packages/airflow/example_dags/example_setup_teardown.py for tasks to queue
[2024-02-03T23:12:13.990+0000] {logging_mixin.py:188} INFO - [2024-02-03T23:12:13.989+0000] {dagbag.py:538} INFO - Filling up the DagBag from /home/airflow/.local/lib/python3.8/site-packages/airflow/example_dags/example_setup_teardown.py
[2024-02-03T23:12:14.015+0000] {processor.py:840} INFO - DAG(s) 'example_setup_teardown' retrieved from /home/airflow/.local/lib/python3.8/site-packages/airflow/example_dags/example_setup_teardown.py
[2024-02-03T23:12:14.270+0000] {logging_mixin.py:188} INFO - [2024-02-03T23:12:14.259+0000] {dag.py:3036} INFO - Sync 1 DAGs
[2024-02-03T23:12:14.408+0000] {logging_mixin.py:188} INFO - [2024-02-03T23:12:14.407+0000] {dag.py:3823} INFO - Setting next_dagrun for example_setup_teardown to 2024-02-02 00:00:00+00:00, run_after=2024-02-03 00:00:00+00:00
[2024-02-03T23:12:14.525+0000] {processor.py:183} INFO - Processing /home/airflow/.local/lib/python3.8/site-packages/airflow/example_dags/example_setup_teardown.py took 0.624 seconds
[2024-02-03T23:12:45.085+0000] {processor.py:161} INFO - Started process (PID=388) to work on /home/airflow/.local/lib/python3.8/site-packages/airflow/example_dags/example_setup_teardown.py
[2024-02-03T23:12:45.089+0000] {processor.py:830} INFO - Processing file /home/airflow/.local/lib/python3.8/site-packages/airflow/example_dags/example_setup_teardown.py for tasks to queue
[2024-02-03T23:12:45.129+0000] {logging_mixin.py:188} INFO - [2024-02-03T23:12:45.108+0000] {dagbag.py:538} INFO - Filling up the DagBag from /home/airflow/.local/lib/python3.8/site-packages/airflow/example_dags/example_setup_teardown.py
[2024-02-03T23:12:45.141+0000] {processor.py:840} INFO - DAG(s) 'example_setup_teardown' retrieved from /home/airflow/.local/lib/python3.8/site-packages/airflow/example_dags/example_setup_teardown.py
[2024-02-03T23:12:45.216+0000] {logging_mixin.py:188} INFO - [2024-02-03T23:12:45.216+0000] {dag.py:3036} INFO - Sync 1 DAGs
[2024-02-03T23:12:45.294+0000] {logging_mixin.py:188} INFO - [2024-02-03T23:12:45.294+0000] {dag.py:3823} INFO - Setting next_dagrun for example_setup_teardown to 2024-02-02 00:00:00+00:00, run_after=2024-02-03 00:00:00+00:00
[2024-02-03T23:12:45.348+0000] {processor.py:183} INFO - Processing /home/airflow/.local/lib/python3.8/site-packages/airflow/example_dags/example_setup_teardown.py took 0.279 seconds
[2024-02-03T23:13:15.825+0000] {processor.py:161} INFO - Started process (PID=444) to work on /home/airflow/.local/lib/python3.8/site-packages/airflow/example_dags/example_setup_teardown.py
[2024-02-03T23:13:15.828+0000] {processor.py:830} INFO - Processing file /home/airflow/.local/lib/python3.8/site-packages/airflow/example_dags/example_setup_teardown.py for tasks to queue
[2024-02-03T23:13:15.832+0000] {logging_mixin.py:188} INFO - [2024-02-03T23:13:15.831+0000] {dagbag.py:538} INFO - Filling up the DagBag from /home/airflow/.local/lib/python3.8/site-packages/airflow/example_dags/example_setup_teardown.py
[2024-02-03T23:13:15.843+0000] {processor.py:840} INFO - DAG(s) 'example_setup_teardown' retrieved from /home/airflow/.local/lib/python3.8/site-packages/airflow/example_dags/example_setup_teardown.py
[2024-02-03T23:13:15.878+0000] {logging_mixin.py:188} INFO - [2024-02-03T23:13:15.878+0000] {dag.py:3036} INFO - Sync 1 DAGs
[2024-02-03T23:13:15.911+0000] {logging_mixin.py:188} INFO - [2024-02-03T23:13:15.910+0000] {dag.py:3823} INFO - Setting next_dagrun for example_setup_teardown to 2024-02-02 00:00:00+00:00, run_after=2024-02-03 00:00:00+00:00
[2024-02-03T23:13:15.940+0000] {processor.py:183} INFO - Processing /home/airflow/.local/lib/python3.8/site-packages/airflow/example_dags/example_setup_teardown.py took 0.119 seconds
[2024-02-03T23:13:46.498+0000] {processor.py:161} INFO - Started process (PID=499) to work on /home/airflow/.local/lib/python3.8/site-packages/airflow/example_dags/example_setup_teardown.py
[2024-02-03T23:13:46.500+0000] {processor.py:830} INFO - Processing file /home/airflow/.local/lib/python3.8/site-packages/airflow/example_dags/example_setup_teardown.py for tasks to queue
[2024-02-03T23:13:46.505+0000] {logging_mixin.py:188} INFO - [2024-02-03T23:13:46.504+0000] {dagbag.py:538} INFO - Filling up the DagBag from /home/airflow/.local/lib/python3.8/site-packages/airflow/example_dags/example_setup_teardown.py
[2024-02-03T23:13:46.532+0000] {processor.py:840} INFO - DAG(s) 'example_setup_teardown' retrieved from /home/airflow/.local/lib/python3.8/site-packages/airflow/example_dags/example_setup_teardown.py
[2024-02-03T23:13:46.578+0000] {logging_mixin.py:188} INFO - [2024-02-03T23:13:46.577+0000] {dag.py:3036} INFO - Sync 1 DAGs
[2024-02-03T23:13:46.619+0000] {logging_mixin.py:188} INFO - [2024-02-03T23:13:46.618+0000] {dag.py:3823} INFO - Setting next_dagrun for example_setup_teardown to 2024-02-02 00:00:00+00:00, run_after=2024-02-03 00:00:00+00:00
[2024-02-03T23:13:46.653+0000] {processor.py:183} INFO - Processing /home/airflow/.local/lib/python3.8/site-packages/airflow/example_dags/example_setup_teardown.py took 0.160 seconds
[2024-02-03T23:14:16.867+0000] {processor.py:161} INFO - Started process (PID=554) to work on /home/airflow/.local/lib/python3.8/site-packages/airflow/example_dags/example_setup_teardown.py
[2024-02-03T23:14:16.873+0000] {processor.py:830} INFO - Processing file /home/airflow/.local/lib/python3.8/site-packages/airflow/example_dags/example_setup_teardown.py for tasks to queue
[2024-02-03T23:14:16.881+0000] {logging_mixin.py:188} INFO - [2024-02-03T23:14:16.880+0000] {dagbag.py:538} INFO - Filling up the DagBag from /home/airflow/.local/lib/python3.8/site-packages/airflow/example_dags/example_setup_teardown.py
[2024-02-03T23:14:16.901+0000] {processor.py:840} INFO - DAG(s) 'example_setup_teardown' retrieved from /home/airflow/.local/lib/python3.8/site-packages/airflow/example_dags/example_setup_teardown.py
[2024-02-03T23:14:16.966+0000] {logging_mixin.py:188} INFO - [2024-02-03T23:14:16.966+0000] {dag.py:3036} INFO - Sync 1 DAGs
[2024-02-03T23:14:17.025+0000] {logging_mixin.py:188} INFO - [2024-02-03T23:14:17.025+0000] {dag.py:3823} INFO - Setting next_dagrun for example_setup_teardown to 2024-02-02 00:00:00+00:00, run_after=2024-02-03 00:00:00+00:00
[2024-02-03T23:14:17.080+0000] {processor.py:183} INFO - Processing /home/airflow/.local/lib/python3.8/site-packages/airflow/example_dags/example_setup_teardown.py took 0.220 seconds
[2024-02-03T23:14:47.609+0000] {processor.py:161} INFO - Started process (PID=609) to work on /home/airflow/.local/lib/python3.8/site-packages/airflow/example_dags/example_setup_teardown.py
[2024-02-03T23:14:47.612+0000] {processor.py:830} INFO - Processing file /home/airflow/.local/lib/python3.8/site-packages/airflow/example_dags/example_setup_teardown.py for tasks to queue
[2024-02-03T23:14:47.620+0000] {logging_mixin.py:188} INFO - [2024-02-03T23:14:47.619+0000] {dagbag.py:538} INFO - Filling up the DagBag from /home/airflow/.local/lib/python3.8/site-packages/airflow/example_dags/example_setup_teardown.py
[2024-02-03T23:14:47.646+0000] {processor.py:840} INFO - DAG(s) 'example_setup_teardown' retrieved from /home/airflow/.local/lib/python3.8/site-packages/airflow/example_dags/example_setup_teardown.py
[2024-02-03T23:14:47.686+0000] {logging_mixin.py:188} INFO - [2024-02-03T23:14:47.685+0000] {dag.py:3036} INFO - Sync 1 DAGs
[2024-02-03T23:14:47.739+0000] {logging_mixin.py:188} INFO - [2024-02-03T23:14:47.739+0000] {dag.py:3823} INFO - Setting next_dagrun for example_setup_teardown to 2024-02-02 00:00:00+00:00, run_after=2024-02-03 00:00:00+00:00
[2024-02-03T23:14:47.778+0000] {processor.py:183} INFO - Processing /home/airflow/.local/lib/python3.8/site-packages/airflow/example_dags/example_setup_teardown.py took 0.181 seconds
[2024-02-03T23:15:18.180+0000] {processor.py:161} INFO - Started process (PID=664) to work on /home/airflow/.local/lib/python3.8/site-packages/airflow/example_dags/example_setup_teardown.py
[2024-02-03T23:15:18.184+0000] {processor.py:830} INFO - Processing file /home/airflow/.local/lib/python3.8/site-packages/airflow/example_dags/example_setup_teardown.py for tasks to queue
[2024-02-03T23:15:18.191+0000] {logging_mixin.py:188} INFO - [2024-02-03T23:15:18.190+0000] {dagbag.py:538} INFO - Filling up the DagBag from /home/airflow/.local/lib/python3.8/site-packages/airflow/example_dags/example_setup_teardown.py
[2024-02-03T23:15:18.211+0000] {processor.py:840} INFO - DAG(s) 'example_setup_teardown' retrieved from /home/airflow/.local/lib/python3.8/site-packages/airflow/example_dags/example_setup_teardown.py
[2024-02-03T23:15:18.255+0000] {logging_mixin.py:188} INFO - [2024-02-03T23:15:18.255+0000] {dag.py:3036} INFO - Sync 1 DAGs
[2024-02-03T23:15:18.317+0000] {logging_mixin.py:188} INFO - [2024-02-03T23:15:18.316+0000] {dag.py:3823} INFO - Setting next_dagrun for example_setup_teardown to 2024-02-02 00:00:00+00:00, run_after=2024-02-03 00:00:00+00:00
[2024-02-03T23:15:18.367+0000] {processor.py:183} INFO - Processing /home/airflow/.local/lib/python3.8/site-packages/airflow/example_dags/example_setup_teardown.py took 0.201 seconds
[2024-02-03T23:15:48.426+0000] {processor.py:161} INFO - Started process (PID=719) to work on /home/airflow/.local/lib/python3.8/site-packages/airflow/example_dags/example_setup_teardown.py
[2024-02-03T23:15:48.442+0000] {processor.py:830} INFO - Processing file /home/airflow/.local/lib/python3.8/site-packages/airflow/example_dags/example_setup_teardown.py for tasks to queue
[2024-02-03T23:15:48.448+0000] {logging_mixin.py:188} INFO - [2024-02-03T23:15:48.447+0000] {dagbag.py:538} INFO - Filling up the DagBag from /home/airflow/.local/lib/python3.8/site-packages/airflow/example_dags/example_setup_teardown.py
[2024-02-03T23:15:48.476+0000] {processor.py:840} INFO - DAG(s) 'example_setup_teardown' retrieved from /home/airflow/.local/lib/python3.8/site-packages/airflow/example_dags/example_setup_teardown.py
[2024-02-03T23:15:48.524+0000] {logging_mixin.py:188} INFO - [2024-02-03T23:15:48.523+0000] {dag.py:3036} INFO - Sync 1 DAGs
[2024-02-03T23:15:48.568+0000] {logging_mixin.py:188} INFO - [2024-02-03T23:15:48.568+0000] {dag.py:3823} INFO - Setting next_dagrun for example_setup_teardown to 2024-02-02 00:00:00+00:00, run_after=2024-02-03 00:00:00+00:00
[2024-02-03T23:15:48.612+0000] {processor.py:183} INFO - Processing /home/airflow/.local/lib/python3.8/site-packages/airflow/example_dags/example_setup_teardown.py took 0.190 seconds
[2024-02-03T23:16:19.161+0000] {processor.py:161} INFO - Started process (PID=774) to work on /home/airflow/.local/lib/python3.8/site-packages/airflow/example_dags/example_setup_teardown.py
[2024-02-03T23:16:19.178+0000] {processor.py:830} INFO - Processing file /home/airflow/.local/lib/python3.8/site-packages/airflow/example_dags/example_setup_teardown.py for tasks to queue
[2024-02-03T23:16:19.183+0000] {logging_mixin.py:188} INFO - [2024-02-03T23:16:19.183+0000] {dagbag.py:538} INFO - Filling up the DagBag from /home/airflow/.local/lib/python3.8/site-packages/airflow/example_dags/example_setup_teardown.py
[2024-02-03T23:16:19.200+0000] {processor.py:840} INFO - DAG(s) 'example_setup_teardown' retrieved from /home/airflow/.local/lib/python3.8/site-packages/airflow/example_dags/example_setup_teardown.py
[2024-02-03T23:16:19.850+0000] {logging_mixin.py:188} INFO - [2024-02-03T23:16:19.849+0000] {dag.py:3036} INFO - Sync 1 DAGs
[2024-02-03T23:16:20.067+0000] {logging_mixin.py:188} INFO - [2024-02-03T23:16:20.067+0000] {dag.py:3823} INFO - Setting next_dagrun for example_setup_teardown to 2024-02-02 00:00:00+00:00, run_after=2024-02-03 00:00:00+00:00
[2024-02-03T23:16:20.115+0000] {processor.py:183} INFO - Processing /home/airflow/.local/lib/python3.8/site-packages/airflow/example_dags/example_setup_teardown.py took 0.959 seconds
[2024-02-03T23:16:50.681+0000] {processor.py:161} INFO - Started process (PID=829) to work on /home/airflow/.local/lib/python3.8/site-packages/airflow/example_dags/example_setup_teardown.py
[2024-02-03T23:16:50.684+0000] {processor.py:830} INFO - Processing file /home/airflow/.local/lib/python3.8/site-packages/airflow/example_dags/example_setup_teardown.py for tasks to queue
[2024-02-03T23:16:50.691+0000] {logging_mixin.py:188} INFO - [2024-02-03T23:16:50.690+0000] {dagbag.py:538} INFO - Filling up the DagBag from /home/airflow/.local/lib/python3.8/site-packages/airflow/example_dags/example_setup_teardown.py
[2024-02-03T23:16:50.707+0000] {processor.py:840} INFO - DAG(s) 'example_setup_teardown' retrieved from /home/airflow/.local/lib/python3.8/site-packages/airflow/example_dags/example_setup_teardown.py
[2024-02-03T23:16:50.748+0000] {logging_mixin.py:188} INFO - [2024-02-03T23:16:50.747+0000] {dag.py:3036} INFO - Sync 1 DAGs
[2024-02-03T23:16:50.792+0000] {logging_mixin.py:188} INFO - [2024-02-03T23:16:50.791+0000] {dag.py:3823} INFO - Setting next_dagrun for example_setup_teardown to 2024-02-02 00:00:00+00:00, run_after=2024-02-03 00:00:00+00:00
[2024-02-03T23:16:50.821+0000] {processor.py:183} INFO - Processing /home/airflow/.local/lib/python3.8/site-packages/airflow/example_dags/example_setup_teardown.py took 0.148 seconds
[2024-02-03T23:17:21.513+0000] {processor.py:161} INFO - Started process (PID=885) to work on /home/airflow/.local/lib/python3.8/site-packages/airflow/example_dags/example_setup_teardown.py
[2024-02-03T23:17:21.520+0000] {processor.py:830} INFO - Processing file /home/airflow/.local/lib/python3.8/site-packages/airflow/example_dags/example_setup_teardown.py for tasks to queue
[2024-02-03T23:17:21.531+0000] {logging_mixin.py:188} INFO - [2024-02-03T23:17:21.530+0000] {dagbag.py:538} INFO - Filling up the DagBag from /home/airflow/.local/lib/python3.8/site-packages/airflow/example_dags/example_setup_teardown.py
[2024-02-03T23:17:21.554+0000] {processor.py:840} INFO - DAG(s) 'example_setup_teardown' retrieved from /home/airflow/.local/lib/python3.8/site-packages/airflow/example_dags/example_setup_teardown.py
[2024-02-03T23:17:21.604+0000] {logging_mixin.py:188} INFO - [2024-02-03T23:17:21.604+0000] {dag.py:3036} INFO - Sync 1 DAGs
[2024-02-03T23:17:21.651+0000] {logging_mixin.py:188} INFO - [2024-02-03T23:17:21.650+0000] {dag.py:3823} INFO - Setting next_dagrun for example_setup_teardown to 2024-02-02 00:00:00+00:00, run_after=2024-02-03 00:00:00+00:00
[2024-02-03T23:17:21.691+0000] {processor.py:183} INFO - Processing /home/airflow/.local/lib/python3.8/site-packages/airflow/example_dags/example_setup_teardown.py took 0.186 seconds
