[2024-02-03T23:09:40.122+0000] {processor.py:161} INFO - Started process (PID=64) to work on /home/airflow/.local/lib/python3.8/site-packages/airflow/example_dags/example_sensor_decorator.py
[2024-02-03T23:09:40.137+0000] {processor.py:830} INFO - Processing file /home/airflow/.local/lib/python3.8/site-packages/airflow/example_dags/example_sensor_decorator.py for tasks to queue
[2024-02-03T23:09:40.153+0000] {logging_mixin.py:188} INFO - [2024-02-03T23:09:40.152+0000] {dagbag.py:538} INFO - Filling up the DagBag from /home/airflow/.local/lib/python3.8/site-packages/airflow/example_dags/example_sensor_decorator.py
[2024-02-03T23:09:40.194+0000] {processor.py:840} INFO - DAG(s) 'example_sensor_decorator' retrieved from /home/airflow/.local/lib/python3.8/site-packages/airflow/example_dags/example_sensor_decorator.py
[2024-02-03T23:09:40.549+0000] {logging_mixin.py:188} INFO - [2024-02-03T23:09:40.549+0000] {dag.py:3036} INFO - Sync 1 DAGs
[2024-02-03T23:09:40.603+0000] {logging_mixin.py:188} INFO - [2024-02-03T23:09:40.602+0000] {dag.py:3823} INFO - Setting next_dagrun for example_sensor_decorator to None, run_after=None
[2024-02-03T23:09:40.717+0000] {processor.py:183} INFO - Processing /home/airflow/.local/lib/python3.8/site-packages/airflow/example_dags/example_sensor_decorator.py took 0.629 seconds
[2024-02-03T23:10:11.064+0000] {processor.py:161} INFO - Started process (PID=119) to work on /home/airflow/.local/lib/python3.8/site-packages/airflow/example_dags/example_sensor_decorator.py
[2024-02-03T23:10:11.068+0000] {processor.py:830} INFO - Processing file /home/airflow/.local/lib/python3.8/site-packages/airflow/example_dags/example_sensor_decorator.py for tasks to queue
[2024-02-03T23:10:11.073+0000] {logging_mixin.py:188} INFO - [2024-02-03T23:10:11.072+0000] {dagbag.py:538} INFO - Filling up the DagBag from /home/airflow/.local/lib/python3.8/site-packages/airflow/example_dags/example_sensor_decorator.py
[2024-02-03T23:10:11.082+0000] {processor.py:840} INFO - DAG(s) 'example_sensor_decorator' retrieved from /home/airflow/.local/lib/python3.8/site-packages/airflow/example_dags/example_sensor_decorator.py
[2024-02-03T23:10:11.112+0000] {logging_mixin.py:188} INFO - [2024-02-03T23:10:11.111+0000] {dag.py:3036} INFO - Sync 1 DAGs
[2024-02-03T23:10:11.131+0000] {logging_mixin.py:188} INFO - [2024-02-03T23:10:11.130+0000] {dag.py:3823} INFO - Setting next_dagrun for example_sensor_decorator to None, run_after=None
[2024-02-03T23:10:11.159+0000] {processor.py:183} INFO - Processing /home/airflow/.local/lib/python3.8/site-packages/airflow/example_dags/example_sensor_decorator.py took 0.107 seconds
[2024-02-03T23:10:41.434+0000] {processor.py:161} INFO - Started process (PID=173) to work on /home/airflow/.local/lib/python3.8/site-packages/airflow/example_dags/example_sensor_decorator.py
[2024-02-03T23:10:41.444+0000] {processor.py:830} INFO - Processing file /home/airflow/.local/lib/python3.8/site-packages/airflow/example_dags/example_sensor_decorator.py for tasks to queue
[2024-02-03T23:10:41.450+0000] {logging_mixin.py:188} INFO - [2024-02-03T23:10:41.449+0000] {dagbag.py:538} INFO - Filling up the DagBag from /home/airflow/.local/lib/python3.8/site-packages/airflow/example_dags/example_sensor_decorator.py
[2024-02-03T23:10:41.464+0000] {processor.py:840} INFO - DAG(s) 'example_sensor_decorator' retrieved from /home/airflow/.local/lib/python3.8/site-packages/airflow/example_dags/example_sensor_decorator.py
[2024-02-03T23:10:41.497+0000] {logging_mixin.py:188} INFO - [2024-02-03T23:10:41.496+0000] {dag.py:3036} INFO - Sync 1 DAGs
[2024-02-03T23:10:41.516+0000] {logging_mixin.py:188} INFO - [2024-02-03T23:10:41.515+0000] {dag.py:3823} INFO - Setting next_dagrun for example_sensor_decorator to None, run_after=None
[2024-02-03T23:10:41.546+0000] {processor.py:183} INFO - Processing /home/airflow/.local/lib/python3.8/site-packages/airflow/example_dags/example_sensor_decorator.py took 0.120 seconds
[2024-02-03T23:11:11.741+0000] {processor.py:161} INFO - Started process (PID=228) to work on /home/airflow/.local/lib/python3.8/site-packages/airflow/example_dags/example_sensor_decorator.py
[2024-02-03T23:11:11.748+0000] {processor.py:830} INFO - Processing file /home/airflow/.local/lib/python3.8/site-packages/airflow/example_dags/example_sensor_decorator.py for tasks to queue
[2024-02-03T23:11:11.753+0000] {logging_mixin.py:188} INFO - [2024-02-03T23:11:11.753+0000] {dagbag.py:538} INFO - Filling up the DagBag from /home/airflow/.local/lib/python3.8/site-packages/airflow/example_dags/example_sensor_decorator.py
[2024-02-03T23:11:11.767+0000] {processor.py:840} INFO - DAG(s) 'example_sensor_decorator' retrieved from /home/airflow/.local/lib/python3.8/site-packages/airflow/example_dags/example_sensor_decorator.py
[2024-02-03T23:11:11.803+0000] {logging_mixin.py:188} INFO - [2024-02-03T23:11:11.803+0000] {dag.py:3036} INFO - Sync 1 DAGs
[2024-02-03T23:11:11.826+0000] {logging_mixin.py:188} INFO - [2024-02-03T23:11:11.826+0000] {dag.py:3823} INFO - Setting next_dagrun for example_sensor_decorator to None, run_after=None
[2024-02-03T23:11:11.858+0000] {processor.py:183} INFO - Processing /home/airflow/.local/lib/python3.8/site-packages/airflow/example_dags/example_sensor_decorator.py took 0.129 seconds
[2024-02-03T23:11:44.182+0000] {processor.py:161} INFO - Started process (PID=282) to work on /home/airflow/.local/lib/python3.8/site-packages/airflow/example_dags/example_sensor_decorator.py
[2024-02-03T23:11:44.186+0000] {processor.py:830} INFO - Processing file /home/airflow/.local/lib/python3.8/site-packages/airflow/example_dags/example_sensor_decorator.py for tasks to queue
[2024-02-03T23:11:44.191+0000] {logging_mixin.py:188} INFO - [2024-02-03T23:11:44.190+0000] {dagbag.py:538} INFO - Filling up the DagBag from /home/airflow/.local/lib/python3.8/site-packages/airflow/example_dags/example_sensor_decorator.py
[2024-02-03T23:11:44.202+0000] {processor.py:840} INFO - DAG(s) 'example_sensor_decorator' retrieved from /home/airflow/.local/lib/python3.8/site-packages/airflow/example_dags/example_sensor_decorator.py
[2024-02-03T23:11:44.238+0000] {logging_mixin.py:188} INFO - [2024-02-03T23:11:44.237+0000] {dag.py:3036} INFO - Sync 1 DAGs
[2024-02-03T23:11:44.258+0000] {logging_mixin.py:188} INFO - [2024-02-03T23:11:44.258+0000] {dag.py:3823} INFO - Setting next_dagrun for example_sensor_decorator to None, run_after=None
[2024-02-03T23:11:44.296+0000] {processor.py:183} INFO - Processing /home/airflow/.local/lib/python3.8/site-packages/airflow/example_dags/example_sensor_decorator.py took 0.123 seconds
[2024-02-03T23:12:15.136+0000] {processor.py:161} INFO - Started process (PID=337) to work on /home/airflow/.local/lib/python3.8/site-packages/airflow/example_dags/example_sensor_decorator.py
[2024-02-03T23:12:15.147+0000] {processor.py:830} INFO - Processing file /home/airflow/.local/lib/python3.8/site-packages/airflow/example_dags/example_sensor_decorator.py for tasks to queue
[2024-02-03T23:12:15.159+0000] {logging_mixin.py:188} INFO - [2024-02-03T23:12:15.158+0000] {dagbag.py:538} INFO - Filling up the DagBag from /home/airflow/.local/lib/python3.8/site-packages/airflow/example_dags/example_sensor_decorator.py
[2024-02-03T23:12:15.218+0000] {processor.py:840} INFO - DAG(s) 'example_sensor_decorator' retrieved from /home/airflow/.local/lib/python3.8/site-packages/airflow/example_dags/example_sensor_decorator.py
[2024-02-03T23:12:15.323+0000] {logging_mixin.py:188} INFO - [2024-02-03T23:12:15.323+0000] {dag.py:3036} INFO - Sync 1 DAGs
[2024-02-03T23:12:15.391+0000] {logging_mixin.py:188} INFO - [2024-02-03T23:12:15.391+0000] {dag.py:3823} INFO - Setting next_dagrun for example_sensor_decorator to None, run_after=None
[2024-02-03T23:12:15.468+0000] {processor.py:183} INFO - Processing /home/airflow/.local/lib/python3.8/site-packages/airflow/example_dags/example_sensor_decorator.py took 0.359 seconds
[2024-02-03T23:12:45.792+0000] {processor.py:161} INFO - Started process (PID=392) to work on /home/airflow/.local/lib/python3.8/site-packages/airflow/example_dags/example_sensor_decorator.py
[2024-02-03T23:12:45.794+0000] {processor.py:830} INFO - Processing file /home/airflow/.local/lib/python3.8/site-packages/airflow/example_dags/example_sensor_decorator.py for tasks to queue
[2024-02-03T23:12:45.800+0000] {logging_mixin.py:188} INFO - [2024-02-03T23:12:45.799+0000] {dagbag.py:538} INFO - Filling up the DagBag from /home/airflow/.local/lib/python3.8/site-packages/airflow/example_dags/example_sensor_decorator.py
[2024-02-03T23:12:45.822+0000] {processor.py:840} INFO - DAG(s) 'example_sensor_decorator' retrieved from /home/airflow/.local/lib/python3.8/site-packages/airflow/example_dags/example_sensor_decorator.py
[2024-02-03T23:12:45.901+0000] {logging_mixin.py:188} INFO - [2024-02-03T23:12:45.901+0000] {dag.py:3036} INFO - Sync 1 DAGs
[2024-02-03T23:12:45.955+0000] {logging_mixin.py:188} INFO - [2024-02-03T23:12:45.955+0000] {dag.py:3823} INFO - Setting next_dagrun for example_sensor_decorator to None, run_after=None
[2024-02-03T23:12:46.034+0000] {processor.py:183} INFO - Processing /home/airflow/.local/lib/python3.8/site-packages/airflow/example_dags/example_sensor_decorator.py took 0.254 seconds
[2024-02-03T23:13:16.349+0000] {processor.py:161} INFO - Started process (PID=448) to work on /home/airflow/.local/lib/python3.8/site-packages/airflow/example_dags/example_sensor_decorator.py
[2024-02-03T23:13:16.353+0000] {processor.py:830} INFO - Processing file /home/airflow/.local/lib/python3.8/site-packages/airflow/example_dags/example_sensor_decorator.py for tasks to queue
[2024-02-03T23:13:16.365+0000] {logging_mixin.py:188} INFO - [2024-02-03T23:13:16.365+0000] {dagbag.py:538} INFO - Filling up the DagBag from /home/airflow/.local/lib/python3.8/site-packages/airflow/example_dags/example_sensor_decorator.py
[2024-02-03T23:13:16.380+0000] {processor.py:840} INFO - DAG(s) 'example_sensor_decorator' retrieved from /home/airflow/.local/lib/python3.8/site-packages/airflow/example_dags/example_sensor_decorator.py
[2024-02-03T23:13:16.418+0000] {logging_mixin.py:188} INFO - [2024-02-03T23:13:16.417+0000] {dag.py:3036} INFO - Sync 1 DAGs
[2024-02-03T23:13:16.437+0000] {logging_mixin.py:188} INFO - [2024-02-03T23:13:16.436+0000] {dag.py:3823} INFO - Setting next_dagrun for example_sensor_decorator to None, run_after=None
[2024-02-03T23:13:16.468+0000] {processor.py:183} INFO - Processing /home/airflow/.local/lib/python3.8/site-packages/airflow/example_dags/example_sensor_decorator.py took 0.124 seconds
[2024-02-03T23:13:46.913+0000] {processor.py:161} INFO - Started process (PID=503) to work on /home/airflow/.local/lib/python3.8/site-packages/airflow/example_dags/example_sensor_decorator.py
[2024-02-03T23:13:46.917+0000] {processor.py:830} INFO - Processing file /home/airflow/.local/lib/python3.8/site-packages/airflow/example_dags/example_sensor_decorator.py for tasks to queue
[2024-02-03T23:13:46.924+0000] {logging_mixin.py:188} INFO - [2024-02-03T23:13:46.923+0000] {dagbag.py:538} INFO - Filling up the DagBag from /home/airflow/.local/lib/python3.8/site-packages/airflow/example_dags/example_sensor_decorator.py
[2024-02-03T23:13:46.941+0000] {processor.py:840} INFO - DAG(s) 'example_sensor_decorator' retrieved from /home/airflow/.local/lib/python3.8/site-packages/airflow/example_dags/example_sensor_decorator.py
[2024-02-03T23:13:46.982+0000] {logging_mixin.py:188} INFO - [2024-02-03T23:13:46.981+0000] {dag.py:3036} INFO - Sync 1 DAGs
[2024-02-03T23:13:47.003+0000] {logging_mixin.py:188} INFO - [2024-02-03T23:13:47.002+0000] {dag.py:3823} INFO - Setting next_dagrun for example_sensor_decorator to None, run_after=None
[2024-02-03T23:13:47.040+0000] {processor.py:183} INFO - Processing /home/airflow/.local/lib/python3.8/site-packages/airflow/example_dags/example_sensor_decorator.py took 0.139 seconds
[2024-02-03T23:14:17.190+0000] {processor.py:161} INFO - Started process (PID=557) to work on /home/airflow/.local/lib/python3.8/site-packages/airflow/example_dags/example_sensor_decorator.py
[2024-02-03T23:14:17.194+0000] {processor.py:830} INFO - Processing file /home/airflow/.local/lib/python3.8/site-packages/airflow/example_dags/example_sensor_decorator.py for tasks to queue
[2024-02-03T23:14:17.198+0000] {logging_mixin.py:188} INFO - [2024-02-03T23:14:17.198+0000] {dagbag.py:538} INFO - Filling up the DagBag from /home/airflow/.local/lib/python3.8/site-packages/airflow/example_dags/example_sensor_decorator.py
[2024-02-03T23:14:17.221+0000] {processor.py:840} INFO - DAG(s) 'example_sensor_decorator' retrieved from /home/airflow/.local/lib/python3.8/site-packages/airflow/example_dags/example_sensor_decorator.py
[2024-02-03T23:14:17.267+0000] {logging_mixin.py:188} INFO - [2024-02-03T23:14:17.266+0000] {dag.py:3036} INFO - Sync 1 DAGs
[2024-02-03T23:14:17.311+0000] {logging_mixin.py:188} INFO - [2024-02-03T23:14:17.311+0000] {dag.py:3823} INFO - Setting next_dagrun for example_sensor_decorator to None, run_after=None
[2024-02-03T23:14:17.432+0000] {processor.py:183} INFO - Processing /home/airflow/.local/lib/python3.8/site-packages/airflow/example_dags/example_sensor_decorator.py took 0.250 seconds
[2024-02-03T23:14:48.106+0000] {processor.py:161} INFO - Started process (PID=613) to work on /home/airflow/.local/lib/python3.8/site-packages/airflow/example_dags/example_sensor_decorator.py
[2024-02-03T23:14:48.109+0000] {processor.py:830} INFO - Processing file /home/airflow/.local/lib/python3.8/site-packages/airflow/example_dags/example_sensor_decorator.py for tasks to queue
[2024-02-03T23:14:48.115+0000] {logging_mixin.py:188} INFO - [2024-02-03T23:14:48.115+0000] {dagbag.py:538} INFO - Filling up the DagBag from /home/airflow/.local/lib/python3.8/site-packages/airflow/example_dags/example_sensor_decorator.py
[2024-02-03T23:14:48.141+0000] {processor.py:840} INFO - DAG(s) 'example_sensor_decorator' retrieved from /home/airflow/.local/lib/python3.8/site-packages/airflow/example_dags/example_sensor_decorator.py
[2024-02-03T23:14:48.197+0000] {logging_mixin.py:188} INFO - [2024-02-03T23:14:48.197+0000] {dag.py:3036} INFO - Sync 1 DAGs
[2024-02-03T23:14:48.235+0000] {logging_mixin.py:188} INFO - [2024-02-03T23:14:48.235+0000] {dag.py:3823} INFO - Setting next_dagrun for example_sensor_decorator to None, run_after=None
[2024-02-03T23:14:48.269+0000] {processor.py:183} INFO - Processing /home/airflow/.local/lib/python3.8/site-packages/airflow/example_dags/example_sensor_decorator.py took 0.171 seconds
[2024-02-03T23:15:18.747+0000] {processor.py:161} INFO - Started process (PID=668) to work on /home/airflow/.local/lib/python3.8/site-packages/airflow/example_dags/example_sensor_decorator.py
[2024-02-03T23:15:18.752+0000] {processor.py:830} INFO - Processing file /home/airflow/.local/lib/python3.8/site-packages/airflow/example_dags/example_sensor_decorator.py for tasks to queue
[2024-02-03T23:15:18.757+0000] {logging_mixin.py:188} INFO - [2024-02-03T23:15:18.757+0000] {dagbag.py:538} INFO - Filling up the DagBag from /home/airflow/.local/lib/python3.8/site-packages/airflow/example_dags/example_sensor_decorator.py
[2024-02-03T23:15:18.802+0000] {processor.py:840} INFO - DAG(s) 'example_sensor_decorator' retrieved from /home/airflow/.local/lib/python3.8/site-packages/airflow/example_dags/example_sensor_decorator.py
[2024-02-03T23:15:18.939+0000] {logging_mixin.py:188} INFO - [2024-02-03T23:15:18.939+0000] {dag.py:3036} INFO - Sync 1 DAGs
[2024-02-03T23:15:18.997+0000] {logging_mixin.py:188} INFO - [2024-02-03T23:15:18.997+0000] {dag.py:3823} INFO - Setting next_dagrun for example_sensor_decorator to None, run_after=None
[2024-02-03T23:15:19.053+0000] {processor.py:183} INFO - Processing /home/airflow/.local/lib/python3.8/site-packages/airflow/example_dags/example_sensor_decorator.py took 0.315 seconds
[2024-02-03T23:15:49.154+0000] {processor.py:161} INFO - Started process (PID=723) to work on /home/airflow/.local/lib/python3.8/site-packages/airflow/example_dags/example_sensor_decorator.py
[2024-02-03T23:15:49.157+0000] {processor.py:830} INFO - Processing file /home/airflow/.local/lib/python3.8/site-packages/airflow/example_dags/example_sensor_decorator.py for tasks to queue
[2024-02-03T23:15:49.163+0000] {logging_mixin.py:188} INFO - [2024-02-03T23:15:49.162+0000] {dagbag.py:538} INFO - Filling up the DagBag from /home/airflow/.local/lib/python3.8/site-packages/airflow/example_dags/example_sensor_decorator.py
[2024-02-03T23:15:49.174+0000] {processor.py:840} INFO - DAG(s) 'example_sensor_decorator' retrieved from /home/airflow/.local/lib/python3.8/site-packages/airflow/example_dags/example_sensor_decorator.py
[2024-02-03T23:15:49.207+0000] {logging_mixin.py:188} INFO - [2024-02-03T23:15:49.206+0000] {dag.py:3036} INFO - Sync 1 DAGs
[2024-02-03T23:15:49.227+0000] {logging_mixin.py:188} INFO - [2024-02-03T23:15:49.227+0000] {dag.py:3823} INFO - Setting next_dagrun for example_sensor_decorator to None, run_after=None
[2024-02-03T23:15:49.258+0000] {processor.py:183} INFO - Processing /home/airflow/.local/lib/python3.8/site-packages/airflow/example_dags/example_sensor_decorator.py took 0.111 seconds
[2024-02-03T23:16:21.435+0000] {processor.py:161} INFO - Started process (PID=778) to work on /home/airflow/.local/lib/python3.8/site-packages/airflow/example_dags/example_sensor_decorator.py
[2024-02-03T23:16:21.443+0000] {processor.py:830} INFO - Processing file /home/airflow/.local/lib/python3.8/site-packages/airflow/example_dags/example_sensor_decorator.py for tasks to queue
[2024-02-03T23:16:21.453+0000] {logging_mixin.py:188} INFO - [2024-02-03T23:16:21.452+0000] {dagbag.py:538} INFO - Filling up the DagBag from /home/airflow/.local/lib/python3.8/site-packages/airflow/example_dags/example_sensor_decorator.py
[2024-02-03T23:16:21.479+0000] {processor.py:840} INFO - DAG(s) 'example_sensor_decorator' retrieved from /home/airflow/.local/lib/python3.8/site-packages/airflow/example_dags/example_sensor_decorator.py
[2024-02-03T23:16:21.554+0000] {logging_mixin.py:188} INFO - [2024-02-03T23:16:21.554+0000] {dag.py:3036} INFO - Sync 1 DAGs
[2024-02-03T23:16:21.614+0000] {logging_mixin.py:188} INFO - [2024-02-03T23:16:21.614+0000] {dag.py:3823} INFO - Setting next_dagrun for example_sensor_decorator to None, run_after=None
[2024-02-03T23:16:21.729+0000] {processor.py:183} INFO - Processing /home/airflow/.local/lib/python3.8/site-packages/airflow/example_dags/example_sensor_decorator.py took 0.310 seconds
[2024-02-03T23:16:52.184+0000] {processor.py:161} INFO - Started process (PID=833) to work on /home/airflow/.local/lib/python3.8/site-packages/airflow/example_dags/example_sensor_decorator.py
[2024-02-03T23:16:52.188+0000] {processor.py:830} INFO - Processing file /home/airflow/.local/lib/python3.8/site-packages/airflow/example_dags/example_sensor_decorator.py for tasks to queue
[2024-02-03T23:16:52.196+0000] {logging_mixin.py:188} INFO - [2024-02-03T23:16:52.195+0000] {dagbag.py:538} INFO - Filling up the DagBag from /home/airflow/.local/lib/python3.8/site-packages/airflow/example_dags/example_sensor_decorator.py
[2024-02-03T23:16:52.213+0000] {processor.py:840} INFO - DAG(s) 'example_sensor_decorator' retrieved from /home/airflow/.local/lib/python3.8/site-packages/airflow/example_dags/example_sensor_decorator.py
[2024-02-03T23:16:52.246+0000] {logging_mixin.py:188} INFO - [2024-02-03T23:16:52.246+0000] {dag.py:3036} INFO - Sync 1 DAGs
[2024-02-03T23:16:52.270+0000] {logging_mixin.py:188} INFO - [2024-02-03T23:16:52.269+0000] {dag.py:3823} INFO - Setting next_dagrun for example_sensor_decorator to None, run_after=None
[2024-02-03T23:16:52.302+0000] {processor.py:183} INFO - Processing /home/airflow/.local/lib/python3.8/site-packages/airflow/example_dags/example_sensor_decorator.py took 0.123 seconds
[2024-02-03T23:17:23.055+0000] {processor.py:161} INFO - Started process (PID=889) to work on /home/airflow/.local/lib/python3.8/site-packages/airflow/example_dags/example_sensor_decorator.py
[2024-02-03T23:17:23.070+0000] {processor.py:830} INFO - Processing file /home/airflow/.local/lib/python3.8/site-packages/airflow/example_dags/example_sensor_decorator.py for tasks to queue
[2024-02-03T23:17:23.074+0000] {logging_mixin.py:188} INFO - [2024-02-03T23:17:23.074+0000] {dagbag.py:538} INFO - Filling up the DagBag from /home/airflow/.local/lib/python3.8/site-packages/airflow/example_dags/example_sensor_decorator.py
[2024-02-03T23:17:23.089+0000] {processor.py:840} INFO - DAG(s) 'example_sensor_decorator' retrieved from /home/airflow/.local/lib/python3.8/site-packages/airflow/example_dags/example_sensor_decorator.py
[2024-02-03T23:17:23.123+0000] {logging_mixin.py:188} INFO - [2024-02-03T23:17:23.122+0000] {dag.py:3036} INFO - Sync 1 DAGs
[2024-02-03T23:17:23.155+0000] {logging_mixin.py:188} INFO - [2024-02-03T23:17:23.154+0000] {dag.py:3823} INFO - Setting next_dagrun for example_sensor_decorator to None, run_after=None
[2024-02-03T23:17:23.218+0000] {processor.py:183} INFO - Processing /home/airflow/.local/lib/python3.8/site-packages/airflow/example_dags/example_sensor_decorator.py took 0.167 seconds
