[2024-02-03T23:09:35.636+0000] {processor.py:161} INFO - Started process (PID=51) to work on /home/airflow/.local/lib/python3.8/site-packages/airflow/example_dags/example_python_decorator.py
[2024-02-03T23:09:35.654+0000] {processor.py:830} INFO - Processing file /home/airflow/.local/lib/python3.8/site-packages/airflow/example_dags/example_python_decorator.py for tasks to queue
[2024-02-03T23:09:35.672+0000] {logging_mixin.py:188} INFO - [2024-02-03T23:09:35.672+0000] {dagbag.py:538} INFO - Filling up the DagBag from /home/airflow/.local/lib/python3.8/site-packages/airflow/example_dags/example_python_decorator.py
[2024-02-03T23:09:35.771+0000] {processor.py:840} INFO - DAG(s) 'example_python_decorator' retrieved from /home/airflow/.local/lib/python3.8/site-packages/airflow/example_dags/example_python_decorator.py
[2024-02-03T23:09:36.468+0000] {logging_mixin.py:188} INFO - [2024-02-03T23:09:36.467+0000] {dag.py:3036} INFO - Sync 1 DAGs
[2024-02-03T23:09:36.554+0000] {logging_mixin.py:188} INFO - [2024-02-03T23:09:36.553+0000] {dag.py:3823} INFO - Setting next_dagrun for example_python_decorator to None, run_after=None
[2024-02-03T23:09:36.653+0000] {processor.py:183} INFO - Processing /home/airflow/.local/lib/python3.8/site-packages/airflow/example_dags/example_python_decorator.py took 1.033 seconds
[2024-02-03T23:10:07.058+0000] {processor.py:161} INFO - Started process (PID=106) to work on /home/airflow/.local/lib/python3.8/site-packages/airflow/example_dags/example_python_decorator.py
[2024-02-03T23:10:07.068+0000] {processor.py:830} INFO - Processing file /home/airflow/.local/lib/python3.8/site-packages/airflow/example_dags/example_python_decorator.py for tasks to queue
[2024-02-03T23:10:07.101+0000] {logging_mixin.py:188} INFO - [2024-02-03T23:10:07.101+0000] {dagbag.py:538} INFO - Filling up the DagBag from /home/airflow/.local/lib/python3.8/site-packages/airflow/example_dags/example_python_decorator.py
[2024-02-03T23:10:07.126+0000] {processor.py:840} INFO - DAG(s) 'example_python_decorator' retrieved from /home/airflow/.local/lib/python3.8/site-packages/airflow/example_dags/example_python_decorator.py
[2024-02-03T23:10:07.162+0000] {logging_mixin.py:188} INFO - [2024-02-03T23:10:07.161+0000] {dag.py:3036} INFO - Sync 1 DAGs
[2024-02-03T23:10:07.184+0000] {logging_mixin.py:188} INFO - [2024-02-03T23:10:07.183+0000] {dag.py:3823} INFO - Setting next_dagrun for example_python_decorator to None, run_after=None
[2024-02-03T23:10:07.220+0000] {processor.py:183} INFO - Processing /home/airflow/.local/lib/python3.8/site-packages/airflow/example_dags/example_python_decorator.py took 0.177 seconds
[2024-02-03T23:10:37.505+0000] {processor.py:161} INFO - Started process (PID=161) to work on /home/airflow/.local/lib/python3.8/site-packages/airflow/example_dags/example_python_decorator.py
[2024-02-03T23:10:37.508+0000] {processor.py:830} INFO - Processing file /home/airflow/.local/lib/python3.8/site-packages/airflow/example_dags/example_python_decorator.py for tasks to queue
[2024-02-03T23:10:37.516+0000] {logging_mixin.py:188} INFO - [2024-02-03T23:10:37.515+0000] {dagbag.py:538} INFO - Filling up the DagBag from /home/airflow/.local/lib/python3.8/site-packages/airflow/example_dags/example_python_decorator.py
[2024-02-03T23:10:37.544+0000] {processor.py:840} INFO - DAG(s) 'example_python_decorator' retrieved from /home/airflow/.local/lib/python3.8/site-packages/airflow/example_dags/example_python_decorator.py
[2024-02-03T23:10:37.588+0000] {logging_mixin.py:188} INFO - [2024-02-03T23:10:37.587+0000] {dag.py:3036} INFO - Sync 1 DAGs
[2024-02-03T23:10:37.612+0000] {logging_mixin.py:188} INFO - [2024-02-03T23:10:37.611+0000] {dag.py:3823} INFO - Setting next_dagrun for example_python_decorator to None, run_after=None
[2024-02-03T23:10:37.648+0000] {processor.py:183} INFO - Processing /home/airflow/.local/lib/python3.8/site-packages/airflow/example_dags/example_python_decorator.py took 0.148 seconds
[2024-02-03T23:11:07.934+0000] {processor.py:161} INFO - Started process (PID=215) to work on /home/airflow/.local/lib/python3.8/site-packages/airflow/example_dags/example_python_decorator.py
[2024-02-03T23:11:07.938+0000] {processor.py:830} INFO - Processing file /home/airflow/.local/lib/python3.8/site-packages/airflow/example_dags/example_python_decorator.py for tasks to queue
[2024-02-03T23:11:07.946+0000] {logging_mixin.py:188} INFO - [2024-02-03T23:11:07.945+0000] {dagbag.py:538} INFO - Filling up the DagBag from /home/airflow/.local/lib/python3.8/site-packages/airflow/example_dags/example_python_decorator.py
[2024-02-03T23:11:07.981+0000] {processor.py:840} INFO - DAG(s) 'example_python_decorator' retrieved from /home/airflow/.local/lib/python3.8/site-packages/airflow/example_dags/example_python_decorator.py
[2024-02-03T23:11:08.020+0000] {logging_mixin.py:188} INFO - [2024-02-03T23:11:08.019+0000] {dag.py:3036} INFO - Sync 1 DAGs
[2024-02-03T23:11:08.045+0000] {logging_mixin.py:188} INFO - [2024-02-03T23:11:08.045+0000] {dag.py:3823} INFO - Setting next_dagrun for example_python_decorator to None, run_after=None
[2024-02-03T23:11:08.086+0000] {processor.py:183} INFO - Processing /home/airflow/.local/lib/python3.8/site-packages/airflow/example_dags/example_python_decorator.py took 0.158 seconds
[2024-02-03T23:11:39.719+0000] {processor.py:161} INFO - Started process (PID=275) to work on /home/airflow/.local/lib/python3.8/site-packages/airflow/example_dags/example_python_decorator.py
[2024-02-03T23:11:39.741+0000] {processor.py:830} INFO - Processing file /home/airflow/.local/lib/python3.8/site-packages/airflow/example_dags/example_python_decorator.py for tasks to queue
[2024-02-03T23:11:39.759+0000] {logging_mixin.py:188} INFO - [2024-02-03T23:11:39.758+0000] {dagbag.py:538} INFO - Filling up the DagBag from /home/airflow/.local/lib/python3.8/site-packages/airflow/example_dags/example_python_decorator.py
[2024-02-03T23:11:40.174+0000] {processor.py:840} INFO - DAG(s) 'example_python_decorator' retrieved from /home/airflow/.local/lib/python3.8/site-packages/airflow/example_dags/example_python_decorator.py
[2024-02-03T23:11:40.605+0000] {logging_mixin.py:188} INFO - [2024-02-03T23:11:40.605+0000] {dag.py:3036} INFO - Sync 1 DAGs
[2024-02-03T23:11:40.721+0000] {logging_mixin.py:188} INFO - [2024-02-03T23:11:40.718+0000] {dag.py:3823} INFO - Setting next_dagrun for example_python_decorator to None, run_after=None
[2024-02-03T23:11:40.892+0000] {processor.py:183} INFO - Processing /home/airflow/.local/lib/python3.8/site-packages/airflow/example_dags/example_python_decorator.py took 1.205 seconds
[2024-02-03T23:12:11.338+0000] {processor.py:161} INFO - Started process (PID=330) to work on /home/airflow/.local/lib/python3.8/site-packages/airflow/example_dags/example_python_decorator.py
[2024-02-03T23:12:11.372+0000] {processor.py:830} INFO - Processing file /home/airflow/.local/lib/python3.8/site-packages/airflow/example_dags/example_python_decorator.py for tasks to queue
[2024-02-03T23:12:11.420+0000] {logging_mixin.py:188} INFO - [2024-02-03T23:12:11.420+0000] {dagbag.py:538} INFO - Filling up the DagBag from /home/airflow/.local/lib/python3.8/site-packages/airflow/example_dags/example_python_decorator.py
[2024-02-03T23:12:11.650+0000] {processor.py:840} INFO - DAG(s) 'example_python_decorator' retrieved from /home/airflow/.local/lib/python3.8/site-packages/airflow/example_dags/example_python_decorator.py
[2024-02-03T23:12:12.095+0000] {logging_mixin.py:188} INFO - [2024-02-03T23:12:12.094+0000] {dag.py:3036} INFO - Sync 1 DAGs
[2024-02-03T23:12:12.171+0000] {logging_mixin.py:188} INFO - [2024-02-03T23:12:12.171+0000] {dag.py:3823} INFO - Setting next_dagrun for example_python_decorator to None, run_after=None
[2024-02-03T23:12:12.311+0000] {processor.py:183} INFO - Processing /home/airflow/.local/lib/python3.8/site-packages/airflow/example_dags/example_python_decorator.py took 1.003 seconds
[2024-02-03T23:12:42.588+0000] {processor.py:161} INFO - Started process (PID=385) to work on /home/airflow/.local/lib/python3.8/site-packages/airflow/example_dags/example_python_decorator.py
[2024-02-03T23:12:42.594+0000] {processor.py:830} INFO - Processing file /home/airflow/.local/lib/python3.8/site-packages/airflow/example_dags/example_python_decorator.py for tasks to queue
[2024-02-03T23:12:42.602+0000] {logging_mixin.py:188} INFO - [2024-02-03T23:12:42.601+0000] {dagbag.py:538} INFO - Filling up the DagBag from /home/airflow/.local/lib/python3.8/site-packages/airflow/example_dags/example_python_decorator.py
[2024-02-03T23:12:42.629+0000] {processor.py:840} INFO - DAG(s) 'example_python_decorator' retrieved from /home/airflow/.local/lib/python3.8/site-packages/airflow/example_dags/example_python_decorator.py
[2024-02-03T23:12:42.677+0000] {logging_mixin.py:188} INFO - [2024-02-03T23:12:42.677+0000] {dag.py:3036} INFO - Sync 1 DAGs
[2024-02-03T23:12:42.705+0000] {logging_mixin.py:188} INFO - [2024-02-03T23:12:42.704+0000] {dag.py:3823} INFO - Setting next_dagrun for example_python_decorator to None, run_after=None
[2024-02-03T23:12:42.752+0000] {processor.py:183} INFO - Processing /home/airflow/.local/lib/python3.8/site-packages/airflow/example_dags/example_python_decorator.py took 0.173 seconds
[2024-02-03T23:13:13.617+0000] {processor.py:161} INFO - Started process (PID=441) to work on /home/airflow/.local/lib/python3.8/site-packages/airflow/example_dags/example_python_decorator.py
[2024-02-03T23:13:13.620+0000] {processor.py:830} INFO - Processing file /home/airflow/.local/lib/python3.8/site-packages/airflow/example_dags/example_python_decorator.py for tasks to queue
[2024-02-03T23:13:13.625+0000] {logging_mixin.py:188} INFO - [2024-02-03T23:13:13.624+0000] {dagbag.py:538} INFO - Filling up the DagBag from /home/airflow/.local/lib/python3.8/site-packages/airflow/example_dags/example_python_decorator.py
[2024-02-03T23:13:13.645+0000] {processor.py:840} INFO - DAG(s) 'example_python_decorator' retrieved from /home/airflow/.local/lib/python3.8/site-packages/airflow/example_dags/example_python_decorator.py
[2024-02-03T23:13:13.679+0000] {logging_mixin.py:188} INFO - [2024-02-03T23:13:13.679+0000] {dag.py:3036} INFO - Sync 1 DAGs
[2024-02-03T23:13:13.698+0000] {logging_mixin.py:188} INFO - [2024-02-03T23:13:13.698+0000] {dag.py:3823} INFO - Setting next_dagrun for example_python_decorator to None, run_after=None
[2024-02-03T23:13:13.730+0000] {processor.py:183} INFO - Processing /home/airflow/.local/lib/python3.8/site-packages/airflow/example_dags/example_python_decorator.py took 0.119 seconds
[2024-02-03T23:13:43.977+0000] {processor.py:161} INFO - Started process (PID=496) to work on /home/airflow/.local/lib/python3.8/site-packages/airflow/example_dags/example_python_decorator.py
[2024-02-03T23:13:43.981+0000] {processor.py:830} INFO - Processing file /home/airflow/.local/lib/python3.8/site-packages/airflow/example_dags/example_python_decorator.py for tasks to queue
[2024-02-03T23:13:43.986+0000] {logging_mixin.py:188} INFO - [2024-02-03T23:13:43.986+0000] {dagbag.py:538} INFO - Filling up the DagBag from /home/airflow/.local/lib/python3.8/site-packages/airflow/example_dags/example_python_decorator.py
[2024-02-03T23:13:44.012+0000] {processor.py:840} INFO - DAG(s) 'example_python_decorator' retrieved from /home/airflow/.local/lib/python3.8/site-packages/airflow/example_dags/example_python_decorator.py
[2024-02-03T23:13:44.077+0000] {logging_mixin.py:188} INFO - [2024-02-03T23:13:44.077+0000] {dag.py:3036} INFO - Sync 1 DAGs
[2024-02-03T23:13:44.129+0000] {logging_mixin.py:188} INFO - [2024-02-03T23:13:44.127+0000] {dag.py:3823} INFO - Setting next_dagrun for example_python_decorator to None, run_after=None
[2024-02-03T23:13:44.262+0000] {processor.py:183} INFO - Processing /home/airflow/.local/lib/python3.8/site-packages/airflow/example_dags/example_python_decorator.py took 0.290 seconds
[2024-02-03T23:14:14.374+0000] {processor.py:161} INFO - Started process (PID=551) to work on /home/airflow/.local/lib/python3.8/site-packages/airflow/example_dags/example_python_decorator.py
[2024-02-03T23:14:14.378+0000] {processor.py:830} INFO - Processing file /home/airflow/.local/lib/python3.8/site-packages/airflow/example_dags/example_python_decorator.py for tasks to queue
[2024-02-03T23:14:14.382+0000] {logging_mixin.py:188} INFO - [2024-02-03T23:14:14.382+0000] {dagbag.py:538} INFO - Filling up the DagBag from /home/airflow/.local/lib/python3.8/site-packages/airflow/example_dags/example_python_decorator.py
[2024-02-03T23:14:14.419+0000] {processor.py:840} INFO - DAG(s) 'example_python_decorator' retrieved from /home/airflow/.local/lib/python3.8/site-packages/airflow/example_dags/example_python_decorator.py
[2024-02-03T23:14:14.462+0000] {logging_mixin.py:188} INFO - [2024-02-03T23:14:14.462+0000] {dag.py:3036} INFO - Sync 1 DAGs
[2024-02-03T23:14:14.493+0000] {logging_mixin.py:188} INFO - [2024-02-03T23:14:14.492+0000] {dag.py:3823} INFO - Setting next_dagrun for example_python_decorator to None, run_after=None
[2024-02-03T23:14:14.533+0000] {processor.py:183} INFO - Processing /home/airflow/.local/lib/python3.8/site-packages/airflow/example_dags/example_python_decorator.py took 0.164 seconds
[2024-02-03T23:14:46.055+0000] {processor.py:161} INFO - Started process (PID=606) to work on /home/airflow/.local/lib/python3.8/site-packages/airflow/example_dags/example_python_decorator.py
[2024-02-03T23:14:46.060+0000] {processor.py:830} INFO - Processing file /home/airflow/.local/lib/python3.8/site-packages/airflow/example_dags/example_python_decorator.py for tasks to queue
[2024-02-03T23:14:46.066+0000] {logging_mixin.py:188} INFO - [2024-02-03T23:14:46.064+0000] {dagbag.py:538} INFO - Filling up the DagBag from /home/airflow/.local/lib/python3.8/site-packages/airflow/example_dags/example_python_decorator.py
[2024-02-03T23:14:46.101+0000] {processor.py:840} INFO - DAG(s) 'example_python_decorator' retrieved from /home/airflow/.local/lib/python3.8/site-packages/airflow/example_dags/example_python_decorator.py
[2024-02-03T23:14:46.201+0000] {logging_mixin.py:188} INFO - [2024-02-03T23:14:46.200+0000] {dag.py:3036} INFO - Sync 1 DAGs
[2024-02-03T23:14:46.251+0000] {logging_mixin.py:188} INFO - [2024-02-03T23:14:46.251+0000] {dag.py:3823} INFO - Setting next_dagrun for example_python_decorator to None, run_after=None
[2024-02-03T23:14:46.329+0000] {processor.py:183} INFO - Processing /home/airflow/.local/lib/python3.8/site-packages/airflow/example_dags/example_python_decorator.py took 0.300 seconds
[2024-02-03T23:15:16.907+0000] {processor.py:161} INFO - Started process (PID=661) to work on /home/airflow/.local/lib/python3.8/site-packages/airflow/example_dags/example_python_decorator.py
[2024-02-03T23:15:16.913+0000] {processor.py:830} INFO - Processing file /home/airflow/.local/lib/python3.8/site-packages/airflow/example_dags/example_python_decorator.py for tasks to queue
[2024-02-03T23:15:16.921+0000] {logging_mixin.py:188} INFO - [2024-02-03T23:15:16.919+0000] {dagbag.py:538} INFO - Filling up the DagBag from /home/airflow/.local/lib/python3.8/site-packages/airflow/example_dags/example_python_decorator.py
[2024-02-03T23:15:16.962+0000] {processor.py:840} INFO - DAG(s) 'example_python_decorator' retrieved from /home/airflow/.local/lib/python3.8/site-packages/airflow/example_dags/example_python_decorator.py
[2024-02-03T23:15:17.022+0000] {logging_mixin.py:188} INFO - [2024-02-03T23:15:17.022+0000] {dag.py:3036} INFO - Sync 1 DAGs
[2024-02-03T23:15:17.074+0000] {logging_mixin.py:188} INFO - [2024-02-03T23:15:17.074+0000] {dag.py:3823} INFO - Setting next_dagrun for example_python_decorator to None, run_after=None
[2024-02-03T23:15:17.137+0000] {processor.py:183} INFO - Processing /home/airflow/.local/lib/python3.8/site-packages/airflow/example_dags/example_python_decorator.py took 0.241 seconds
[2024-02-03T23:15:48.131+0000] {processor.py:161} INFO - Started process (PID=716) to work on /home/airflow/.local/lib/python3.8/site-packages/airflow/example_dags/example_python_decorator.py
[2024-02-03T23:15:48.141+0000] {processor.py:830} INFO - Processing file /home/airflow/.local/lib/python3.8/site-packages/airflow/example_dags/example_python_decorator.py for tasks to queue
[2024-02-03T23:15:48.145+0000] {logging_mixin.py:188} INFO - [2024-02-03T23:15:48.145+0000] {dagbag.py:538} INFO - Filling up the DagBag from /home/airflow/.local/lib/python3.8/site-packages/airflow/example_dags/example_python_decorator.py
[2024-02-03T23:15:48.180+0000] {processor.py:840} INFO - DAG(s) 'example_python_decorator' retrieved from /home/airflow/.local/lib/python3.8/site-packages/airflow/example_dags/example_python_decorator.py
[2024-02-03T23:15:48.228+0000] {logging_mixin.py:188} INFO - [2024-02-03T23:15:48.228+0000] {dag.py:3036} INFO - Sync 1 DAGs
[2024-02-03T23:15:48.254+0000] {logging_mixin.py:188} INFO - [2024-02-03T23:15:48.254+0000] {dag.py:3823} INFO - Setting next_dagrun for example_python_decorator to None, run_after=None
[2024-02-03T23:15:48.295+0000] {processor.py:183} INFO - Processing /home/airflow/.local/lib/python3.8/site-packages/airflow/example_dags/example_python_decorator.py took 0.173 seconds
[2024-02-03T23:16:18.654+0000] {processor.py:161} INFO - Started process (PID=771) to work on /home/airflow/.local/lib/python3.8/site-packages/airflow/example_dags/example_python_decorator.py
[2024-02-03T23:16:18.662+0000] {processor.py:830} INFO - Processing file /home/airflow/.local/lib/python3.8/site-packages/airflow/example_dags/example_python_decorator.py for tasks to queue
[2024-02-03T23:16:18.673+0000] {logging_mixin.py:188} INFO - [2024-02-03T23:16:18.672+0000] {dagbag.py:538} INFO - Filling up the DagBag from /home/airflow/.local/lib/python3.8/site-packages/airflow/example_dags/example_python_decorator.py
[2024-02-03T23:16:18.734+0000] {processor.py:840} INFO - DAG(s) 'example_python_decorator' retrieved from /home/airflow/.local/lib/python3.8/site-packages/airflow/example_dags/example_python_decorator.py
[2024-02-03T23:16:18.807+0000] {logging_mixin.py:188} INFO - [2024-02-03T23:16:18.807+0000] {dag.py:3036} INFO - Sync 1 DAGs
[2024-02-03T23:16:18.863+0000] {logging_mixin.py:188} INFO - [2024-02-03T23:16:18.861+0000] {dag.py:3823} INFO - Setting next_dagrun for example_python_decorator to None, run_after=None
[2024-02-03T23:16:18.944+0000] {processor.py:183} INFO - Processing /home/airflow/.local/lib/python3.8/site-packages/airflow/example_dags/example_python_decorator.py took 0.309 seconds
[2024-02-03T23:16:49.438+0000] {processor.py:161} INFO - Started process (PID=826) to work on /home/airflow/.local/lib/python3.8/site-packages/airflow/example_dags/example_python_decorator.py
[2024-02-03T23:16:49.442+0000] {processor.py:830} INFO - Processing file /home/airflow/.local/lib/python3.8/site-packages/airflow/example_dags/example_python_decorator.py for tasks to queue
[2024-02-03T23:16:49.448+0000] {logging_mixin.py:188} INFO - [2024-02-03T23:16:49.447+0000] {dagbag.py:538} INFO - Filling up the DagBag from /home/airflow/.local/lib/python3.8/site-packages/airflow/example_dags/example_python_decorator.py
[2024-02-03T23:16:49.480+0000] {processor.py:840} INFO - DAG(s) 'example_python_decorator' retrieved from /home/airflow/.local/lib/python3.8/site-packages/airflow/example_dags/example_python_decorator.py
[2024-02-03T23:16:49.528+0000] {logging_mixin.py:188} INFO - [2024-02-03T23:16:49.528+0000] {dag.py:3036} INFO - Sync 1 DAGs
[2024-02-03T23:16:49.552+0000] {logging_mixin.py:188} INFO - [2024-02-03T23:16:49.552+0000] {dag.py:3823} INFO - Setting next_dagrun for example_python_decorator to None, run_after=None
[2024-02-03T23:16:49.585+0000] {processor.py:183} INFO - Processing /home/airflow/.local/lib/python3.8/site-packages/airflow/example_dags/example_python_decorator.py took 0.155 seconds
[2024-02-03T23:17:20.196+0000] {processor.py:161} INFO - Started process (PID=882) to work on /home/airflow/.local/lib/python3.8/site-packages/airflow/example_dags/example_python_decorator.py
[2024-02-03T23:17:20.201+0000] {processor.py:830} INFO - Processing file /home/airflow/.local/lib/python3.8/site-packages/airflow/example_dags/example_python_decorator.py for tasks to queue
[2024-02-03T23:17:20.213+0000] {logging_mixin.py:188} INFO - [2024-02-03T23:17:20.213+0000] {dagbag.py:538} INFO - Filling up the DagBag from /home/airflow/.local/lib/python3.8/site-packages/airflow/example_dags/example_python_decorator.py
[2024-02-03T23:17:20.263+0000] {processor.py:840} INFO - DAG(s) 'example_python_decorator' retrieved from /home/airflow/.local/lib/python3.8/site-packages/airflow/example_dags/example_python_decorator.py
[2024-02-03T23:17:20.329+0000] {logging_mixin.py:188} INFO - [2024-02-03T23:17:20.328+0000] {dag.py:3036} INFO - Sync 1 DAGs
[2024-02-03T23:17:20.354+0000] {logging_mixin.py:188} INFO - [2024-02-03T23:17:20.354+0000] {dag.py:3823} INFO - Setting next_dagrun for example_python_decorator to None, run_after=None
[2024-02-03T23:17:20.401+0000] {processor.py:183} INFO - Processing /home/airflow/.local/lib/python3.8/site-packages/airflow/example_dags/example_python_decorator.py took 0.218 seconds
